/* Converted from PWscf output file */ 
#L_UNITS ang 
#E_UNITS eV 
#S_UNITS GPA 
#F_UNITS EV/ANG 
#ALAT 	   8.07566     // a0 
#X 	   1.00000     0.00000     0.00000     // X 
#Y 	   0.00000     1.00000     0.00000     // Y 
#Z 	   0.00000     0.00000     1.00000     // Z 
#SX 	   0.00146     0.00000    -0.00015     // SX 
#SY 	   0.00000     0.00131    -0.00000     // SY 
#SZ 	  -0.00015    -0.00000     0.00131     // SZ 
#EPA 	  -3.36942     // Energy per Atom 
#RCUT 	6.5        // Rcut 
AL      0.00026      0.99959      0.00014     -0.00820      0.01849     -0.01381
AL      0.25060      0.24972      0.99986     -0.03350      0.01907      0.00534
AL      0.24973      0.99993      0.24986     -0.00268      0.00246      0.00997
AL      0.99938      0.25036      0.25018      0.02179     -0.00669     -0.01385
AL      0.00010      0.99998      0.49989     -0.01218     -0.00650      0.00242
AL      0.24965      0.24999      0.50019      0.00941     -0.00427     -0.01611
AL      0.25035      0.99953      0.74952     -0.01433      0.01242      0.00569
AL      0.00005      0.25002      0.74955     -0.00442     -0.01253      0.02841
AL      0.99974      0.50006      0.00005      0.01896     -0.00446     -0.00098
AL      0.25056      0.74995      0.99960     -0.01580     -0.01263      0.01135
AL      0.24990      0.50028      0.24994      0.00011     -0.01387     -0.00642
AL      0.99951      0.75006      0.25033      0.00800     -0.00382     -0.01534
AL      0.99999      0.49977      0.50024     -0.01012      0.00559     -0.01012
AL      0.24954      0.74948      0.50006      0.01205      0.01619     -0.00774
AL      0.24990      0.49989      0.74941      0.00846      0.00137      0.03275
AL      0.99997      0.75000      0.75007     -0.00499      0.00399     -0.00174
AL      0.49940      0.00037      0.00012      0.02605     -0.01798     -0.00309
AL      0.74964      0.25023      0.99995      0.01653     -0.01497     -0.00296
AL      0.75004      0.00036      0.24959     -0.00490     -0.01971      0.00287
AL      0.49981      0.24984      0.25063     -0.00436      0.01107     -0.01698
AL      0.50029      0.00030      0.49973     -0.01692     -0.01504      0.00593
AL      0.74967      0.24969      0.49989      0.01094      0.01099      0.00848
AL      0.74968      0.00015      0.74976      0.01072     -0.00287      0.01137
AL      0.49962      0.25012      0.75012      0.01101      0.00065     -0.00521
AL      0.50083      0.49987      0.00041     -0.03464      0.00796     -0.01080
AL      0.74965      0.74987      0.99948      0.00151      0.01743      0.01876
AL      0.74984      0.50028      0.25018      0.00226     -0.00484     -0.00219
AL      0.49956      0.75017      0.25060      0.01084      0.00244     -0.01966
AL      0.50034      0.49975      0.50006     -0.01700      0.00083      0.00051
AL      0.74954      0.74950      0.50007      0.01764      0.02298     -0.00212
AL      0.75012      0.50002      0.75010     -0.00323     -0.00827     -0.00781
AL      0.49991      0.75004      0.74952      0.00099     -0.00547      0.01309
