/* Converted from PWscf output file */ 
#L_UNITS ang 
#E_UNITS eV 
#S_UNITS GPA 
#F_UNITS EV/ANG 
#ALAT 	   8.07566     // a0 
#X 	   1.00000     0.00000     0.00000     // X 
#Y 	   0.00000     1.00000     0.00000     // Y 
#Z 	   0.00000     0.00000     1.00000     // Z 
#SX 	   0.72889    -0.02231    -0.08313     // SX 
#SY 	  -0.02231     0.72160     0.16275     // SY 
#SZ 	  -0.08313     0.16275     0.75018     // SZ 
#EPA 	  -3.34735     // Energy per Atom 
#RCUT 	6.5        // Rcut 
AL      0.00403      0.00493      0.99783     -0.27864     -0.43430      0.08495
AL      0.24097      0.23502      0.00676      0.27275      0.80117     -0.38360
AL      0.25305      0.99440      0.24879     -0.36640      0.02340      0.21223
AL      0.99780      0.24728      0.24568     -0.07406      0.04734      0.34763
AL      0.00150      0.00715      0.51423     -0.03892     -0.20567     -0.88838
AL      0.25987      0.26801      0.50001     -0.44433     -0.75363      0.10499
AL      0.25751      0.98904      0.73529     -0.09146      0.55701      0.38598
AL      0.00400      0.23920      0.74387      0.12658      0.55445      0.35846
AL      0.97611      0.49986      0.99439      0.78052     -0.16607      0.15155
AL      0.24122      0.74374      0.99023      0.09684      0.10095      0.40022
AL      0.24434      0.49816      0.25801      0.01132      0.09957     -0.61970
AL      0.99515      0.74163      0.25520      0.41287      0.37935     -0.35058
AL      0.00085      0.50633      0.50865      0.07919     -0.37410     -0.11883
AL      0.24745      0.75296      0.49621      0.04148     -0.13477     -0.00617
AL      0.25273      0.50048      0.75432     -0.10525     -0.24051      0.07126
AL      0.00183      0.75286      0.74669     -0.19440     -0.07989      0.11321
AL      0.48791      0.00774      0.99435      0.36754     -0.35945     -0.03356
AL      0.74544      0.24865      0.99457     -0.04713     -0.02247      0.14200
AL      0.74326      0.00234      0.24826      0.27713      0.05958     -0.01584
AL      0.49514      0.24484      0.25181      0.17358      0.28059     -0.20574
AL      0.50448      0.99963      0.49767      0.03765      0.03209     -0.01334
AL      0.74910      0.25568      0.50746      0.26550     -0.14949     -0.48646
AL      0.75269      0.99740      0.74937     -0.14301     -0.21279      0.09868
AL      0.51416      0.25003      0.73887     -0.60482      0.05116      0.46536
AL      0.50126      0.50869      0.99714     -0.10281     -0.28235      0.15126
AL      0.75497      0.75129      0.01016     -0.38354      0.24285     -0.34448
AL      0.74924      0.49763      0.25611     -0.21045     -0.29445     -0.21959
AL      0.49406      0.75455      0.25161      0.08039     -0.21862     -0.27645
AL      0.49499      0.50049      0.49682      0.30656      0.33074      0.05932
AL      0.75713      0.74396      0.48160     -0.41744      0.39193      0.72236
AL      0.75130      0.50240      0.74644     -0.18520      0.18194     -0.01783
AL      0.49854      0.75403      0.74331      0.35794     -0.20556      0.11108
