/* Converted from PWscf output file */ 
#L_UNITS ang 
#E_UNITS eV 
#S_UNITS GPA 
#F_UNITS EV/ANG 
#ALAT 	   8.07566     // a0 
#X 	   1.00000     0.00000     0.00000     // X 
#Y 	   0.00000     1.00000     0.00000     // Y 
#Z 	   0.00000     0.00000     1.00000     // Z 
#SX 	   0.04040     0.00029    -0.00204     // SX 
#SY 	   0.00029     0.04681     0.00583     // SY 
#SZ 	  -0.00204     0.00583     0.04069     // SZ 
#EPA 	  -3.36815     // Energy per Atom 
#RCUT 	6.5        // Rcut 
AL      0.00199      0.99642      0.00193     -0.12295      0.17186     -0.10472
AL      0.24821      0.24989      0.00087      0.09544     -0.07725     -0.07888
AL      0.25108      0.99802      0.24845     -0.01382      0.09383      0.11455
AL      0.00073      0.25116      0.24805     -0.04712     -0.09434      0.08115
AL      0.99946      0.00053      0.50040      0.03887     -0.01488     -0.05777
AL      0.24928      0.25232      0.50196      0.06162     -0.15884     -0.08100
AL      0.24823      0.99637      0.74923      0.07474      0.12379      0.00102
AL      0.00270      0.25392      0.74817     -0.10379     -0.20375      0.09935
AL      0.00147      0.50028      0.00004     -0.07156      0.03727     -0.04514
AL      0.24830      0.75209      0.99954      0.13441     -0.16198     -0.03142
AL      0.24939      0.49800      0.24843      0.06663      0.09515      0.01212
AL      0.00233      0.74901      0.24932     -0.07509      0.02568      0.06560
AL      0.00416      0.50022      0.49972     -0.15074      0.00629     -0.04390
AL      0.25088      0.74895      0.50023      0.02666      0.02999     -0.00832
AL      0.25082      0.49865      0.74901      0.06342      0.10739      0.07948
AL      0.99846      0.74875      0.74754      0.00872     -0.00046      0.05439
AL      0.50108      0.99771      0.99916     -0.05116      0.09726      0.02663
AL      0.75163      0.25073      0.00025     -0.01047     -0.06425      0.01479
AL      0.74743      0.99989      0.25094      0.10312      0.01016     -0.06297
AL      0.49762      0.25089      0.25159      0.07592     -0.04957     -0.08885
AL      0.50058      0.00166      0.49960     -0.08343     -0.05781      0.05740
AL      0.75100      0.24689      0.49911      0.01634      0.11154      0.00951
AL      0.74832      0.99936      0.74945      0.12367      0.04104      0.03061
AL      0.50133      0.25018      0.75127     -0.07521     -0.06781     -0.02544
AL      0.50049      0.49831      0.99902      0.00564      0.08784      0.06378
AL      0.75152      0.75183      0.00015     -0.02864     -0.12875      0.01301
AL      0.75070      0.50098      0.25213      0.01204     -0.05045     -0.09835
AL      0.49995      0.74957      0.25253     -0.02367     -0.03519     -0.12408
AL      0.50099      0.49897      0.49812     -0.01561      0.01075      0.07781
AL      0.75048      0.74859      0.49799      0.02218      0.03520      0.06732
AL      0.75036      0.49691      0.74831      0.02416      0.08646      0.02207
AL      0.50290      0.74838      0.75057     -0.08032     -0.00616     -0.03979
