/* Converted from PWscf output file */ 
#L_UNITS ang 
#E_UNITS eV 
#S_UNITS GPA 
#F_UNITS EV/ANG 
#ALAT 	   8.07566     // a0 
#X 	   1.00000     0.00000     0.00000     // X 
#Y 	   0.00000     1.00000     0.00000     // Y 
#Z 	   0.00000     0.00000     1.00000     // Z 
#SX 	   0.00044    -0.00000    -0.00000     // SX 
#SY 	  -0.00000     0.00044    -0.00000     // SY 
#SZ 	  -0.00000    -0.00000     0.00044     // SZ 
#EPA 	  -3.36945     // Energy per Atom 
#RCUT 	6.5        // Rcut 
AL      0.00012      0.00008      0.99988     -0.00298     -0.00515      0.00279
AL      0.24964      0.25017      0.00004      0.01464     -0.00881     -0.00336
AL      0.24995      0.00002      0.25013     -0.00122      0.00701     -0.00517
AL      0.99980      0.24982      0.24999      0.00552      0.00624      0.00006
AL      0.00012      0.99980      0.49997     -0.00772      0.00498      0.00018
AL      0.24986      0.25042      0.49988      0.00113     -0.01646      0.00185
AL      0.24990      0.99969      0.74977      0.00501      0.01860      0.00813
AL      0.00004      0.24994      0.74991     -0.00017      0.00019     -0.00286
AL      0.00005      0.49987      0.99993     -0.00773      0.00618      0.00856
AL      0.24988      0.75008      0.99995      0.00166     -0.00612      0.00231
AL      0.25025      0.49999      0.25020     -0.01263      0.00778     -0.00467
AL      0.00019      0.75004      0.25000     -0.01116     -0.00783     -0.00008
AL      0.99989      0.50004      0.50013      0.00060      0.00432     -0.00865
AL      0.25000      0.75045      0.50035      0.00083     -0.02067     -0.01427
AL      0.24994      0.50006      0.75000      0.00433     -0.00061      0.00248
AL      0.00009      0.74967      0.75003     -0.01074      0.00718      0.00064
AL      0.49982      0.99959      0.00005     -0.00019      0.02125     -0.00990
AL      0.75014      0.24996      0.99969     -0.01102      0.00029      0.00296
AL      0.74985      0.00007      0.24986      0.00790     -0.00341     -0.00066
AL      0.49998      0.25005      0.24976     -0.00136     -0.00631      0.00025
AL      0.50003      0.99999      0.49969     -0.00114      0.01118      0.00977
AL      0.75019      0.24978      0.49986     -0.00787      0.00205      0.00684
AL      0.75016      0.99997      0.75006     -0.00680      0.00095     -0.00450
AL      0.49975      0.24996      0.74979      0.00414     -0.00713      0.00873
AL      0.49997      0.50004      0.00009      0.00088      0.00129     -0.00669
AL      0.74992      0.75018      0.99994      0.00602     -0.01257      0.00484
AL      0.74977      0.49966      0.25019      0.00807      0.01789     -0.00785
AL      0.49979      0.75037      0.24990      0.00493     -0.01889      0.00518
AL      0.49987      0.49977      0.50002      0.00346      0.01074     -0.00229
AL      0.74969      0.75016      0.50003      0.01034     -0.00643     -0.00699
AL      0.74982      0.50003      0.74983      0.00188     -0.00252      0.00510
AL      0.49998      0.75009      0.74977      0.00137     -0.00519      0.00727
