/* Converted from PWscf output file */ 
#L_UNITS ang 
#E_UNITS eV 
#S_UNITS GPA 
#F_UNITS EV/ANG 
#ALAT 	   8.07566     // a0 
#X 	   1.00000     0.00000     0.00000     // X 
#Y 	   0.00000     1.00000     0.00000     // Y 
#Z 	   0.00000     0.00000     1.00000     // Z 
#SX 	   0.00146    -0.00044     0.00029     // SX 
#SY 	  -0.00044     0.00131     0.00029     // SY 
#SZ 	   0.00029     0.00029     0.00160     // SZ 
#EPA 	  -3.36942     // Energy per Atom 
#RCUT 	6.5        // Rcut 
AL      0.00011      0.00021      0.00014      0.00977     -0.01257     -0.00963
AL      0.25059      0.24973      0.99972     -0.02207      0.01287      0.00389
AL      0.24968      0.00027      0.24993      0.00779     -0.01490     -0.00087
AL      0.00061      0.24998      0.25031     -0.02049     -0.00410     -0.01512
AL      0.00017      0.99950      0.50095     -0.01452      0.00009     -0.02977
AL      0.24935      0.24959      0.49974      0.03127      0.01179      0.01444
AL      0.25036      0.99970      0.74973     -0.00725      0.00327      0.01189
AL      0.00014      0.24985      0.74948      0.00490      0.01255      0.01793
AL      0.00010      0.49991      0.00044      0.01049     -0.01340     -0.00996
AL      0.25026      0.74988      0.00011     -0.01066      0.01033      0.00462
AL      0.25082      0.49990      0.25028     -0.01932     -0.00312     -0.01590
AL      0.99974      0.74979      0.25003      0.02245      0.00606      0.00244
AL      0.99995      0.49981      0.49957      0.00483      0.00828      0.01865
AL      0.25008      0.75023      0.49949      0.00294     -0.01654      0.01809
AL      0.25017      0.50030      0.75033     -0.00779     -0.01090     -0.02558
AL      0.00010      0.74951      0.75017     -0.00332      0.00688      0.00168
AL      0.50002      0.00034      0.99988      0.00697     -0.02327      0.00535
AL      0.75064      0.24943      0.99942     -0.01046      0.02195      0.02303
AL      0.75024      0.99958      0.24985      0.00464      0.01201      0.00943
AL      0.50041      0.24937      0.24965     -0.00159      0.01546     -0.00151
AL      0.50015      0.00015      0.49990      0.00074     -0.00363      0.00320
AL      0.75010      0.24982      0.49965      0.00176     -0.00232      0.00855
AL      0.75011      0.99999      0.75019     -0.00292     -0.01356     -0.00762
AL      0.50002      0.25011      0.75023      0.00076     -0.00296     -0.02218
AL      0.49986      0.50018      0.99958      0.01642     -0.00918      0.02041
AL      0.75035      0.74964      0.00067     -0.01258      0.01367     -0.02532
AL      0.75006      0.49996      0.24980     -0.00870     -0.01647     -0.00271
AL      0.49986      0.75018      0.25011      0.00662     -0.00168     -0.00548
AL      0.49999      0.49910      0.49944     -0.00025      0.02151      0.02478
AL      0.74998      0.74964      0.49980     -0.00632      0.00307      0.01488
AL      0.74979      0.49997      0.75029      0.01084     -0.00255     -0.01502
AL      0.50014      0.75022      0.75017      0.00506     -0.00865     -0.01657
