/* Converted from PWscf output file */ 
#L_UNITS ang 
#E_UNITS eV 
#S_UNITS GPA 
#F_UNITS EV/ANG 
#ALAT 	   8.07566     // a0 
#X 	   1.00000     0.00000     0.00000     // X 
#Y 	   0.00000     1.00000     0.00000     // Y 
#Z 	   0.00000     0.00000     1.00000     // Z 
#SX 	   0.00919    -0.00000    -0.00029     // SX 
#SY 	  -0.00000     0.01050    -0.00073     // SY 
#SZ 	  -0.00029    -0.00073     0.00948     // SZ 
#EPA 	  -3.36917     // Energy per Atom 
#RCUT 	6.5        // Rcut 
AL      0.00031      0.00055      0.00172      0.01253     -0.03331     -0.05100
AL      0.25055      0.24966      0.99981     -0.03776      0.01273      0.00339
AL      0.25025      0.99990      0.24964      0.01054      0.00411      0.01626
AL      0.00038      0.25100      0.25023     -0.02851     -0.01516     -0.00614
AL      0.00026      0.99999      0.50070     -0.03372      0.00967     -0.02814
AL      0.24998      0.25090      0.49821      0.00289     -0.05150      0.03291
AL      0.25047      0.00017      0.75017     -0.04335     -0.01842     -0.00824
AL      0.99982      0.24916      0.74872      0.02156      0.00895      0.03304
AL      0.99982      0.49979      0.99941      0.00356     -0.00044     -0.00124
AL      0.25063      0.74820      0.00109     -0.03699      0.05030     -0.03986
AL      0.25000      0.49885      0.24980      0.00177      0.03607      0.01480
AL      0.99984      0.74925      0.25024      0.00001      0.02011     -0.01221
AL      0.99952      0.50111      0.50109     -0.00543     -0.04283     -0.03793
AL      0.24826      0.75071      0.50043      0.07881     -0.01665     -0.01587
AL      0.25056      0.49952      0.74897     -0.02936      0.01607      0.03282
AL      0.99972      0.75011      0.74995     -0.00867      0.00591      0.05690
AL      0.49948      0.00077      0.99874     -0.00535     -0.03074      0.07836
AL      0.75018      0.24952      0.99876      0.01084      0.01464      0.02762
AL      0.74990      0.00065      0.24936      0.02045     -0.03236      0.02617
AL      0.50233      0.25015      0.24950     -0.07171     -0.01402     -0.00460
AL      0.50108      0.00042      0.49939     -0.03357     -0.02603      0.01131
AL      0.74987      0.24998      0.49930      0.01612     -0.00105      0.03104
AL      0.74914      0.99933      0.75222      0.04771      0.01196     -0.08989
AL      0.49843      0.24881      0.74974      0.04787      0.03500     -0.02285
AL      0.49926      0.49907      0.99990      0.02321      0.01930     -0.01931
AL      0.74886      0.75044      0.00087      0.03476     -0.02703     -0.02366
AL      0.74896      0.50042      0.24875      0.04025     -0.01584      0.03496
AL      0.49973      0.74969      0.25021     -0.01210      0.01348      0.01936
AL      0.49932      0.49905      0.50055      0.02390      0.05647     -0.01053
AL      0.75018      0.74913      0.49974     -0.03122      0.02689      0.02523
AL      0.74972      0.49819      0.75073     -0.02348      0.06080     -0.02096
AL      0.49972      0.75145      0.75095      0.00446     -0.07707     -0.05174
