/* Converted from PWscf output file */ 
#L_UNITS ang 
#E_UNITS eV 
#S_UNITS GPA 
#F_UNITS EV/ANG 
#ALAT 	   8.07566     // a0 
#X 	   1.00000     0.00000     0.00000     // X 
#Y 	   0.00000     1.00000     0.00000     // Y 
#Z 	   0.00000     0.00000     1.00000     // Z 
#SX 	   0.00029     0.00000    -0.00000     // SX 
#SY 	   0.00000     0.00029     0.00000     // SY 
#SZ 	  -0.00000     0.00000     0.00029     // SZ 
#EPA 	  -3.36945     // Energy per Atom 
#RCUT 	6.5        // Rcut 
AL      0.00009      0.00000      0.99990     -0.00430     -0.00453      0.00941
AL      0.24970      0.25013      0.00013      0.01528     -0.00514     -0.00702
AL      0.24980      0.00013      0.25003      0.00897     -0.00390     -0.00298
AL      0.00008      0.25008      0.24995     -0.00503     -0.00326      0.00790
AL      0.99980      0.99989      0.50008      0.00264      0.00916     -0.00543
AL      0.24998      0.24980      0.50002     -0.00298      0.00790     -0.00052
AL      0.24979      0.99996      0.75002      0.00959      0.00187     -0.00026
AL      0.99977      0.24976      0.75015      0.00912      0.00928     -0.01077
AL      0.99980      0.49987      0.99992      0.00669      0.00760      0.00081
AL      0.24990      0.74995      0.00003      0.00222     -0.00113      0.00117
AL      0.25009      0.49989      0.24981      0.00223      0.00417      0.00972
AL      0.00018      0.74979      0.25005     -0.00828      0.00523     -0.00450
AL      0.99996      0.49994      0.49993      0.00101     -0.00220      0.00608
AL      0.24969      0.75012      0.49994      0.01487     -0.00537      0.00186
AL      0.24998      0.49993      0.74995     -0.00399      0.00092      0.00051
AL      0.99994      0.75039      0.75012     -0.00032     -0.01695     -0.00135
AL      0.50000      0.99989      0.99996     -0.00453      0.00813      0.00519
AL      0.75021      0.24979      0.00001     -0.01218      0.00338      0.00099
AL      0.75010      0.00017      0.25008      0.00071     -0.00701     -0.00393
AL      0.50023      0.25023      0.25003     -0.01065     -0.00894     -0.00501
AL      0.49999      0.00012      0.49983     -0.00358     -0.01278      0.00363
AL      0.74967      0.25002      0.50009      0.01347      0.00335     -0.00194
AL      0.74994      0.00026      0.74999     -0.00536     -0.01279      0.00154
AL      0.49990      0.24973      0.74984     -0.00215      0.01029      0.01267
AL      0.50013      0.50001      0.00003     -0.00365     -0.00727     -0.00559
AL      0.75002      0.74997      0.00011      0.00341      0.00481     -0.00078
AL      0.74996      0.49981      0.24996      0.00389      0.00793      0.00466
AL      0.50019      0.74998      0.24987     -0.00717      0.00250      0.00944
AL      0.50008      0.50009      0.50021     -0.00494      0.00504     -0.00358
AL      0.75019      0.75014      0.50009     -0.01019     -0.00680      0.00007
AL      0.75024      0.49993      0.75022     -0.00791      0.00334     -0.00759
AL      0.49991      0.74995      0.75032      0.00308      0.00321     -0.01440
