/* Converted from PWscf output file */ 
#L_UNITS ang 
#E_UNITS eV 
#S_UNITS GPA 
#F_UNITS EV/ANG 
#ALAT 	   8.07566     // a0 
#X 	   1.00000     0.00000     0.00000     // X 
#Y 	   0.00000     1.00000     0.00000     // Y 
#Z 	   0.00000     0.00000     1.00000     // Z 
#SX 	   0.61834     0.00890    -0.09261     // SX 
#SY 	   0.00890     0.56380    -0.01210     // SY 
#SZ 	  -0.09261    -0.01210     0.35555     // SZ 
#EPA 	  -3.35453     // Energy per Atom 
#RCUT 	6.5        // Rcut 
AL      0.99681      0.00156      0.00156      0.10253     -0.10796      0.05094
AL      0.24398      0.26180      0.00560      0.40606     -0.35798     -0.14727
AL      0.24982      0.00004      0.25725      0.02503      0.03669     -0.21346
AL      0.99942      0.25763      0.23521     -0.09801     -0.27147      0.54640
AL      0.98994      0.99761      0.50301      0.35121      0.18896     -0.10841
AL      0.25462      0.25837      0.48402     -0.32944     -0.25918      0.55801
AL      0.24794      0.01020      0.74920      0.12080     -0.20302     -0.10786
AL      0.00940      0.24952      0.75331     -0.35861      0.01082     -0.26161
AL      0.98916      0.50848      0.98996      0.30825     -0.14964      0.38272
AL      0.26022      0.75873      0.00320     -0.22957     -0.13193     -0.00580
AL      0.24535      0.50199      0.24878     -0.01020      0.22056     -0.23076
AL      0.99482      0.75560      0.25304      0.16128     -0.21276     -0.20021
AL      0.99631      0.50110      0.50014     -0.00956     -0.12863      0.01267
AL      0.24955      0.74243      0.49441     -0.02243      0.33800      0.34995
AL      0.24026      0.49851      0.75494      0.47125      0.16024     -0.21254
AL      0.00576      0.75498      0.75841     -0.08759      0.03831     -0.36486
AL      0.50227      0.00722      0.99124     -0.18559     -0.03355      0.42082
AL      0.75314      0.24327      0.99877     -0.13002      0.09906     -0.03823
AL      0.74125      0.99020      0.25145      0.15287      0.30184     -0.15046
AL      0.50568      0.25451      0.25942     -0.14590     -0.32253     -0.47309
AL      0.50123      0.99964      0.50270     -0.22536     -0.23079     -0.13142
AL      0.74982      0.24555      0.50412      0.29874      0.12513     -0.26939
AL      0.74489      0.00015      0.74605      0.37984     -0.23292      0.17501
AL      0.51030      0.24498      0.74094     -0.56910      0.33599      0.24556
AL      0.50151      0.49505      0.99819     -0.15277     -0.00596     -0.01764
AL      0.75102      0.74138      0.99621     -0.14496      0.34449      0.16211
AL      0.74663      0.48824      0.24721      0.18033      0.32525      0.08394
AL      0.50491      0.74274      0.25105     -0.14404      0.17704     -0.14534
AL      0.49525      0.50309      0.49704      0.13674      0.00064      0.29573
AL      0.75198      0.74427      0.49737     -0.10395     -0.04411      0.24065
AL      0.74528      0.49319      0.74934      0.10314      0.15418     -0.17680
AL      0.50473      0.75213      0.75561     -0.25098     -0.16478     -0.26937
