/* Converted from PWscf output file */ 
#L_UNITS ang 
#E_UNITS eV 
#S_UNITS GPA 
#F_UNITS EV/ANG 
#ALAT 	   8.07566     // a0 
#X 	   1.00000     0.00000     0.00000     // X 
#Y 	   0.00000     1.00000     0.00000     // Y 
#Z 	   0.00000     0.00000     1.00000     // Z 
#SX 	   0.00015     0.00000     0.00000     // SX 
#SY 	   0.00000     0.00015     0.00000     // SY 
#SZ 	   0.00000     0.00000     0.00015     // SZ 
#EPA 	  -3.36945     // Energy per Atom 
#RCUT 	6.5        // Rcut 
AL      0.99988      0.00004      0.99999      0.00396      0.00160      0.00070
AL      0.25011      0.25015      0.00010     -0.00668     -0.00464     -0.00152
AL      0.24988      0.00006      0.25003      0.00419      0.00018     -0.00376
AL      0.99990      0.25013      0.25015     -0.00149     -0.00017     -0.01069
AL      0.99991      0.99998      0.49969      0.00454     -0.00245      0.01079
AL      0.24997      0.25000      0.49984      0.00505     -0.00314      0.00783
AL      0.24989      0.00010      0.75007      0.00287     -0.00232     -0.00485
AL      0.00003      0.24982      0.74980      0.00013      0.00716      0.00675
AL      0.00005      0.50011      0.99992     -0.00602     -0.00561      0.00461
AL      0.25002      0.75003      0.99997     -0.00114     -0.00026      0.00077
AL      0.24980      0.49987      0.25013      0.00842      0.00874     -0.00224
AL      0.00010      0.75014      0.24998     -0.00312     -0.00848      0.00006
AL      0.00009      0.49992      0.50000     -0.00379      0.00652     -0.00008
AL      0.25015      0.75001      0.50016     -0.00411      0.00011     -0.00383
AL      0.24979      0.50010      0.75000      0.00805     -0.00326      0.00014
AL      0.99989      0.75000      0.74998      0.00364      0.00366     -0.00198
AL      0.49994      0.99987      0.99991      0.00402      0.00564      0.00444
AL      0.74997      0.25000      0.99994      0.00167      0.00255      0.00267
AL      0.75018      0.00000      0.25015     -0.00793      0.00020     -0.00859
AL      0.50008      0.25000      0.25006     -0.00133     -0.00198     -0.00318
AL      0.50010      0.99989      0.49981     -0.00228      0.00670      0.00811
AL      0.75003      0.25017      0.49999     -0.00272     -0.00515      0.00328
AL      0.75021      0.00007      0.74991     -0.00744     -0.00093     -0.00019
AL      0.49997      0.24995      0.75013     -0.00020      0.00041     -0.00573
AL      0.49990      0.50002      0.00005      0.00091      0.00080     -0.00134
AL      0.74992      0.74991      0.99997      0.00308      0.00434      0.00399
AL      0.74970      0.50015      0.25016      0.01012     -0.00189     -0.00784
AL      0.49994      0.75014      0.24996     -0.00238     -0.00557      0.00180
AL      0.50006      0.49988      0.50020     -0.00767      0.00305     -0.00391
AL      0.74994      0.74983      0.50003      0.00415      0.00532     -0.00299
AL      0.75001      0.50015      0.74994      0.00065     -0.00840      0.00527
AL      0.50019      0.75013      0.74996     -0.00714     -0.00276      0.00151
