/* Converted from PWscf output file */ 
#L_UNITS ang 
#E_UNITS eV 
#S_UNITS GPA 
#F_UNITS EV/ANG 
#ALAT 	   8.07566     // a0 
#X 	   1.00000     0.00000     0.00000     // X 
#Y 	   0.00000     1.00000     0.00000     // Y 
#Z 	   0.00000     0.00000     1.00000     // Z 
#SX 	   0.00948    -0.00000    -0.00102     // SX 
#SY 	  -0.00000     0.00948    -0.00015     // SY 
#SZ 	  -0.00102    -0.00015     0.00890     // SZ 
#EPA 	  -3.36918     // Energy per Atom 
#RCUT 	6.5        // Rcut 
AL      0.99958      0.00105      0.99991      0.01766     -0.02287      0.00145
AL      0.25036      0.24956      0.00107     -0.01500     -0.01367     -0.01853
AL      0.24977      0.99902      0.25138      0.01517      0.01371     -0.04571
AL      0.00006      0.24940      0.25120      0.01183      0.01749     -0.04422
AL      0.99941      0.99949      0.49870      0.05537      0.00636      0.04630
AL      0.25074      0.25048      0.49958     -0.02994     -0.02098      0.00039
AL      0.25062      0.00060      0.74977     -0.03835     -0.01594      0.00810
AL      0.00007      0.25033      0.75028      0.02130     -0.01969      0.01910
AL      0.99964      0.50100      0.00044      0.00361     -0.05752     -0.03147
AL      0.24896      0.74965      0.99937      0.03672      0.01966      0.01104
AL      0.24941      0.50001      0.24896      0.01218     -0.00282      0.02927
AL      0.99960      0.74922      0.24907      0.00961      0.01635      0.02656
AL      0.99934      0.49850      0.50086      0.03610      0.05281     -0.04239
AL      0.24938      0.74886      0.49988     -0.01219      0.02402     -0.00352
AL      0.25060      0.49933      0.75005     -0.04911      0.01193      0.01819
AL      0.00016      0.75031      0.75014      0.00503      0.00022     -0.00384
AL      0.50051      0.99758      0.00083     -0.02842      0.07597     -0.04359
AL      0.74967      0.25017      0.00164      0.00854     -0.01877     -0.08097
AL      0.74946      0.99952      0.24968      0.00265      0.01065      0.01667
AL      0.50047      0.25075      0.24951     -0.01775     -0.03710      0.03783
AL      0.49965      0.00048      0.50072      0.02215     -0.02165     -0.04089
AL      0.75162      0.24934      0.50000     -0.08736      0.02810     -0.01195
AL      0.75065      0.00065      0.74846     -0.03434     -0.01225      0.06732
AL      0.49906      0.25018      0.74957      0.06609     -0.02394      0.03674
AL      0.50017      0.49913      0.99912     -0.00199      0.04595      0.00590
AL      0.74971      0.75064      0.99999     -0.00179     -0.02852     -0.04304
AL      0.74980      0.49964      0.24894     -0.00595      0.01832      0.06038
AL      0.50015      0.74953      0.25019     -0.01177     -0.01425      0.01247
AL      0.49870      0.50053      0.50065      0.07949     -0.02164     -0.04763
AL      0.75195      0.75045      0.49974     -0.07687     -0.03670     -0.00542
AL      0.75087      0.49966      0.74909     -0.04619      0.01496      0.03470
AL      0.49904      0.74966      0.74883      0.05355      0.01185      0.03076
