/* Converted from PWscf output file */ 
#L_UNITS ang 
#E_UNITS eV 
#S_UNITS GPA 
#F_UNITS EV/ANG 
#ALAT 	   8.07566     // a0 
#X 	   1.00000     0.00000     0.00000     // X 
#Y 	   0.00000     1.00000     0.00000     // Y 
#Z 	   0.00000     0.00000     1.00000     // Z 
#SX 	   0.00569     0.00102    -0.00117     // SX 
#SY 	   0.00102     0.00554    -0.00029     // SY 
#SZ 	  -0.00117    -0.00029     0.00525     // SZ 
#EPA 	  -3.36929     // Energy per Atom 
#RCUT 	6.5        // Rcut 
AL      0.99977      0.99967      0.00068     -0.00763      0.00837     -0.02516
AL      0.24909      0.24964      0.00020      0.02500      0.03029     -0.01278
AL      0.25094      0.00025      0.24954     -0.02005     -0.00932      0.01488
AL      0.00003      0.24975      0.25018     -0.00745      0.02128      0.00915
AL      0.00016      0.99950      0.49955     -0.01179      0.01512      0.02408
AL      0.25034      0.24860      0.50003     -0.02108      0.05785      0.00122
AL      0.24990      0.99934      0.75030     -0.01119      0.01113      0.00149
AL      0.99935      0.24908      0.75031      0.02166      0.01606     -0.01576
AL      0.99948      0.50058      0.00038      0.02163     -0.03972     -0.00472
AL      0.24858      0.75008      0.00017      0.04418     -0.01311     -0.02160
AL      0.25046      0.50143      0.25081     -0.02170     -0.05919     -0.01882
AL      0.99924      0.75028      0.25027      0.01809     -0.00092     -0.00524
AL      0.99920      0.50029      0.49931      0.03941     -0.03879      0.01953
AL      0.25030      0.75038      0.49970     -0.01419     -0.01072      0.02011
AL      0.25023      0.50012      0.74976     -0.02874     -0.01198     -0.00314
AL      0.99901      0.74914      0.75020      0.04286      0.02399     -0.01732
AL      0.49969      0.99951      0.99948      0.00041      0.01727      0.01190
AL      0.74981      0.24988      0.99962      0.00214     -0.00903      0.00643
AL      0.74972      0.00028      0.24967     -0.02002     -0.00522      0.01968
AL      0.50000      0.25081      0.24947     -0.00541     -0.01961      0.01326
AL      0.49997      0.00010      0.50097      0.00848     -0.01233     -0.05749
AL      0.74913      0.24969      0.50114      0.04272     -0.00977     -0.05340
AL      0.74875      0.99848      0.75028      0.05501      0.04809     -0.00618
AL      0.50053      0.25081      0.74928     -0.04253     -0.03982      0.04507
AL      0.50005      0.49980      0.99905     -0.02207      0.01606      0.01173
AL      0.75039      0.74989      0.99952     -0.03425     -0.00425      0.02466
AL      0.74933      0.49999      0.24933      0.01242     -0.00735      0.01878
AL      0.49931      0.74946      0.24938      0.04010      0.02870      0.01501
AL      0.50081      0.50005      0.50079     -0.02968      0.00625     -0.03983
AL      0.75083      0.74982      0.50002     -0.03995      0.00861     -0.02958
AL      0.75017      0.49950      0.74960      0.00903      0.00991      0.02021
AL      0.50084      0.75024      0.74915     -0.04541     -0.02785      0.03385
