/* Converted from PWscf output file */ 
#L_UNITS ang 
#E_UNITS eV 
#S_UNITS GPA 
#F_UNITS EV/ANG 
#ALAT 	   8.07566     // a0 
#X 	   1.00000     0.00000     0.00000     // X 
#Y 	   0.00000     1.00000     0.00000     // Y 
#Z 	   0.00000     0.00000     1.00000     // Z 
#SX 	   0.04813     0.00904    -0.00029     // SX 
#SY 	   0.00904     0.04506    -0.00525     // SY 
#SZ 	  -0.00029    -0.00525     0.04156     // SZ 
#EPA 	  -3.36814     // Energy per Atom 
#RCUT 	6.5        // Rcut 
AL      0.00288      0.00243      0.99914     -0.09346     -0.08861     -0.02230
AL      0.25133      0.24701      0.99927     -0.01336      0.11273     -0.04887
AL      0.25140      0.00194      0.25007     -0.04247     -0.09204      0.00471
AL      0.00226      0.25100      0.24953     -0.07507     -0.02068     -0.00009
AL      0.00158      0.99867      0.49792     -0.08864      0.02814      0.05955
AL      0.24839      0.24711      0.50317      0.10445      0.06158     -0.11851
AL      0.25269      0.99830      0.74687     -0.05876     -0.00414      0.08781
AL      0.00192      0.24890      0.74850     -0.13614     -0.01776      0.01912
AL      0.99809      0.49977      0.99906      0.04383     -0.01316      0.00572
AL      0.24904      0.75019      0.99914      0.00542     -0.02512     -0.03006
AL      0.25074      0.49941      0.24935     -0.05547     -0.00642     -0.04229
AL      0.99806      0.75108      0.24916      0.08050     -0.01327     -0.09476
AL      0.00007      0.50064      0.49680      0.00717     -0.06418      0.08060
AL      0.24977      0.74896      0.49587      0.01540      0.00209      0.09384
AL      0.24689      0.49733      0.74918      0.10200      0.10766      0.04551
AL      0.00006      0.75055      0.74921     -0.01822      0.00667     -0.01226
AL      0.50197      0.99963      0.99987     -0.07700     -0.01233     -0.01750
AL      0.75048      0.24844      0.99897      0.02647      0.05530      0.03381
AL      0.74908      0.00111      0.24947      0.05033     -0.01932     -0.01370
AL      0.49633      0.24828      0.24837      0.12244      0.05375      0.09764
AL      0.50297      0.99718      0.50220     -0.07863      0.06106     -0.15805
AL      0.74925      0.24829      0.49904      0.03858      0.03066     -0.01341
AL      0.74510      0.99940      0.74953      0.27655     -0.01722     -0.00329
AL      0.50235      0.25059      0.75077     -0.10427      0.01288     -0.02245
AL      0.50070      0.50041      0.00111     -0.03155     -0.01103     -0.08958
AL      0.75069      0.74973      0.99944      0.00487      0.00385     -0.02256
AL      0.74914      0.49840      0.25070     -0.04605     -0.00547     -0.04962
AL      0.49730      0.75137      0.24630      0.11253     -0.04343      0.11276
AL      0.49681      0.49902      0.49992      0.07174      0.01510     -0.02434
AL      0.75362      0.74772      0.49611     -0.15956      0.04258      0.09018
AL      0.74862      0.49881      0.74744      0.05447      0.04348      0.02996
AL      0.50035      0.75168      0.74850     -0.03808     -0.18336      0.02244
