/* Converted from PWscf output file */ 
#L_UNITS ang 
#E_UNITS eV 
#S_UNITS GPA 
#F_UNITS EV/ANG 
#ALAT 	   8.07566     // a0 
#X 	   1.00000     0.00000     0.00000     // X 
#Y 	   0.00000     1.00000     0.00000     // Y 
#Z 	   0.00000     0.00000     1.00000     // Z 
#SX 	   0.00029     0.00015     0.00000     // SX 
#SY 	   0.00015     0.00029     0.00000     // SY 
#SZ 	   0.00000     0.00000     0.00029     // SZ 
#EPA 	  -3.36945     // Energy per Atom 
#RCUT 	6.5        // Rcut 
AL      0.00013      0.00038      0.99986     -0.00923     -0.01245      0.00386
AL      0.25002      0.25000      0.00016      0.00145      0.00534     -0.00902
AL      0.24997      0.99997      0.24985     -0.00000      0.00433      0.00524
AL      0.99987      0.25009      0.24988      0.00776     -0.00306      0.00702
AL      0.00007      1.00000      0.50015      0.00071     -0.00038     -0.00792
AL      0.25010      0.25021      0.50022     -0.00524     -0.00727     -0.01398
AL      0.24996      0.00014      0.75001      0.00197     -0.00395      0.00149
AL      0.99999      0.25003      0.74998     -0.00049      0.00712      0.00143
AL      0.00016      0.50025      0.99993     -0.00012     -0.00826     -0.00553
AL      0.24991      0.75007      0.99986      0.00467      0.00004      0.00121
AL      0.25002      0.49991      0.24991      0.00014      0.00338      0.00359
AL      0.00004      0.75000      0.24978     -0.00137      0.00639      0.00558
AL      0.99982      0.49996      0.49981      0.00717      0.00662      0.00637
AL      0.25019      0.75025      0.49988     -0.01125     -0.01009      0.00432
AL      0.25020      0.50001      0.74967     -0.00984      0.00474      0.00954
AL      0.99982      0.75003      0.75011      0.00731     -0.00069     -0.00692
AL      0.50016      0.99993      0.99991     -0.00391      0.00119      0.00276
AL      0.75008      0.25016      0.00016     -0.00183     -0.00179     -0.00807
AL      0.75002      0.00003      0.25002     -0.00027     -0.00569     -0.00082
AL      0.49999      0.24991      0.24967      0.00321      0.00323      0.01319
AL      0.49980      0.00004      0.50011      0.00777      0.00360     -0.00467
AL      0.75018      0.24986      0.49999     -0.00951      0.00498     -0.00158
AL      0.74992      0.00007      0.75003      0.00149      0.00142      0.00019
AL      0.49995      0.25012      0.75005      0.00493     -0.00440      0.00252
AL      0.50009      0.50016      0.99997     -0.00765     -0.00488      0.00175
AL      0.74977      0.74983      0.99983      0.00982      0.01276      0.00815
AL      0.75023      0.50019      0.24982     -0.01012     -0.00485      0.00736
AL      0.49990      0.74991      0.25016      0.00399      0.00351     -0.00520
AL      0.50003      0.49986      0.49998      0.00615      0.00232     -0.00615
AL      0.75000      0.75006      0.50008     -0.00058      0.00022     -0.00390
AL      0.74982      0.50006      0.75005      0.00774     -0.00584     -0.00504
AL      0.50004      0.74999      0.75009     -0.00490      0.00244     -0.00679
