/* Converted from PWscf output file */ 
#L_UNITS ang 
#E_UNITS eV 
#S_UNITS GPA 
#F_UNITS EV/ANG 
#ALAT 	   8.07566     // a0 
#X 	   1.00000     0.00000     0.00000     // X 
#Y 	   0.00000     1.00000     0.00000     // Y 
#Z 	   0.00000     0.00000     1.00000     // Z 
#SX 	   0.00890     0.00015    -0.00058     // SX 
#SY 	   0.00015     0.00860     0.00117     // SY 
#SZ 	  -0.00058     0.00117     0.00802     // SZ 
#EPA 	  -3.36921     // Energy per Atom 
#RCUT 	6.5        // Rcut 
AL      0.99896      0.00097      0.99941      0.02458     -0.02075      0.01895
AL      0.25016      0.25056      0.99978      0.00196     -0.04866      0.00964
AL      0.24949      0.00051      0.24965      0.03533     -0.02142      0.01568
AL      0.00099      0.24961      0.25049     -0.02582      0.00783     -0.01540
AL      0.99928      0.00036      0.50000      0.06364     -0.01233      0.00793
AL      0.25083      0.25055      0.49967     -0.03000     -0.04530      0.02708
AL      0.24913      0.99970      0.75088      0.02197      0.00114     -0.01238
AL      0.00020      0.25102      0.74933     -0.02067     -0.03241      0.00412
AL      0.00017      0.49975      0.99873     -0.00536      0.01236      0.04303
AL      0.25021      0.74981      0.00165      0.00571      0.00152     -0.05146
AL      0.24872      0.49932      0.25009      0.03646      0.03907     -0.01694
AL      0.99993      0.75077      0.24950     -0.00017     -0.01340     -0.00058
AL      0.00033      0.50001      0.49940     -0.00995      0.03075      0.01392
AL      0.25154      0.75030      0.49996     -0.06578      0.00421      0.01385
AL      0.24946      0.49890      0.75027      0.01917      0.07494     -0.01314
AL      0.99925      0.74998      0.75090      0.06589     -0.00214     -0.05142
AL      0.50153      0.99895      0.00071     -0.03940      0.04349     -0.01379
AL      0.75082      0.25085      0.00119     -0.02912     -0.02456     -0.05886
AL      0.74996      0.00068      0.25046     -0.00850     -0.02016     -0.03431
AL      0.49940      0.25034      0.25047      0.02457     -0.01200     -0.01596
AL      0.50028      0.00009      0.50117     -0.02671      0.00065     -0.03625
AL      0.74992      0.24935      0.49997     -0.00978      0.04750      0.00362
AL      0.75076      0.99962      0.74927     -0.02525      0.04757      0.03632
AL      0.49948      0.24990      0.75007      0.04382     -0.02194      0.01632
AL      0.49997      0.49872      0.99921      0.00416      0.03905      0.03023
AL      0.74984      0.74898      0.99810      0.01155      0.01949      0.08451
AL      0.75121      0.49945      0.24979     -0.03627      0.02249      0.01037
AL      0.50092      0.74908      0.25026     -0.01217      0.00781     -0.01289
AL      0.49855      0.50010      0.50023      0.07114      0.00453     -0.00879
AL      0.75058      0.75130      0.49889     -0.01265     -0.05806      0.01788
AL      0.75009      0.50105      0.74863     -0.01958     -0.05326     -0.00123
AL      0.50088      0.75034      0.75037     -0.05277     -0.01801     -0.01007
