/* Converted from PWscf output file */ 
#L_UNITS ang 
#E_UNITS eV 
#S_UNITS GPA 
#F_UNITS EV/ANG 
#ALAT 	   8.07566     // a0 
#X 	   1.00000     0.00000     0.00000     // X 
#Y 	   0.00000     1.00000     0.00000     // Y 
#Z 	   0.00000     0.00000     1.00000     // Z 
#SX 	   0.06708     0.00831    -0.00044     // SX 
#SY 	   0.00831     0.06723    -0.00131     // SY 
#SZ 	  -0.00044    -0.00131     0.07161     // SZ 
#EPA 	  -3.36742     // Energy per Atom 
#RCUT 	6.5        // Rcut 
AL      0.00081      0.99714      0.00069     -0.02753      0.04244      0.00039
AL      0.24804      0.25063      0.00072      0.05063     -0.07402      0.00603
AL      0.24886      0.99711      0.24926     -0.03695      0.10112      0.06961
AL      0.99675      0.25040      0.25210      0.18203     -0.01959      0.03578
AL      0.99589      0.99840      0.50460      0.18340      0.04788     -0.23121
AL      0.24996      0.25134      0.50090     -0.02068     -0.05887     -0.00973
AL      0.24797      0.99782      0.74706      0.10303      0.06710      0.15051
AL      0.00084      0.24714      0.75189     -0.05886      0.10619      0.00709
AL      0.00193      0.50059      0.00147     -0.10844     -0.06525     -0.07505
AL      0.24847      0.74744      0.00043      0.07028      0.10953     -0.01430
AL      0.25353      0.49829      0.25149     -0.11022      0.00229      0.00989
AL      0.99962      0.74451      0.24869     -0.00131      0.14133      0.11028
AL      0.00156      0.50008      0.50212     -0.09956     -0.05163     -0.06513
AL      0.24729      0.74947      0.50082      0.10228      0.03021     -0.03504
AL      0.24792      0.50069      0.74989      0.11092     -0.07147      0.00498
AL      0.00015      0.75101      0.75160     -0.08602     -0.06805      0.03278
AL      0.50212      0.00492      0.00009     -0.11109     -0.11994      0.02214
AL      0.75283      0.24863      0.00395     -0.05536      0.09894     -0.19305
AL      0.75285      0.00223      0.25016     -0.10146     -0.13779      0.05144
AL      0.49988      0.24963      0.25301     -0.01285     -0.01104     -0.04906
AL      0.49901      0.00370      0.50301     -0.02947     -0.19727     -0.12544
AL      0.74917      0.24798      0.50175      0.03802      0.17161     -0.02515
AL      0.74955      0.99997      0.74649     -0.01212     -0.04722      0.23474
AL      0.50224      0.24803      0.75172     -0.08990      0.17665      0.01901
AL      0.49790      0.49963      0.00107      0.09063     -0.06809     -0.06325
AL      0.74673      0.75089      0.00391      0.08144     -0.00405     -0.12789
AL      0.74897      0.49934      0.24754     -0.00772      0.02038      0.13082
AL      0.49689      0.75153      0.24870      0.09392      0.04593      0.11307
AL      0.50215      0.50286      0.50016     -0.04727     -0.02886      0.04889
AL      0.75089      0.75173      0.49952     -0.09591     -0.05279     -0.05369
AL      0.75043      0.50313      0.74742      0.01569     -0.11373      0.16077
AL      0.49945      0.75013      0.75517     -0.00955      0.02803     -0.14023
