/* Converted from PWscf output file */ 
#L_UNITS ang 
#E_UNITS eV 
#S_UNITS GPA 
#F_UNITS EV/ANG 
#ALAT 	   8.07566     // a0 
#X 	   1.00000     0.00000     0.00000     // X 
#Y 	   0.00000     1.00000     0.00000     // Y 
#Z 	   0.00000     0.00000     1.00000     // Z 
#SX 	   0.00044    -0.00000    -0.00000     // SX 
#SY 	  -0.00000     0.00044    -0.00000     // SY 
#SZ 	  -0.00000    -0.00000     0.00044     // SZ 
#EPA 	  -3.36944     // Energy per Atom 
#RCUT 	6.5        // Rcut 
AL      0.00033      0.99985      0.99974     -0.01390      0.00679      0.01028
AL      0.24974      0.25006      0.00035      0.00911     -0.00360     -0.01511
AL      0.24976      0.99984      0.24976      0.00739      0.00712      0.01097
AL      0.99978      0.25014      0.25015      0.00343     -0.00580     -0.00255
AL      0.99982      0.00025      0.50008      0.00767     -0.01257     -0.00312
AL      0.25009      0.24998      0.50006     -0.00404      0.00200     -0.00579
AL      0.24993      0.99977      0.75015      0.00025      0.00583     -0.00219
AL      0.99980      0.24993      0.74991      0.00928      0.00627      0.00378
AL      0.00022      0.49998      0.99980     -0.01625     -0.00598      0.00388
AL      0.24981      0.74974      0.00014      0.01865      0.00813     -0.00930
AL      0.24984      0.50016      0.24963      0.01107     -0.00907      0.02167
AL      0.00018      0.75008      0.24965     -0.01362      0.00257      0.01466
AL      0.00014      0.50013      0.50010     -0.00606     -0.00201     -0.00436
AL      0.25001      0.75018      0.50010     -0.00421     -0.00322     -0.00539
AL      0.24999      0.50018      0.74998      0.00577     -0.01049      0.00188
AL      0.99977      0.74944      0.75026      0.00421      0.01679     -0.01266
AL      0.50018      0.00009      0.00013     -0.01360     -0.00570     -0.00749
AL      0.74991      0.24996      0.00019      0.00910      0.00234     -0.00326
AL      0.74972      0.00001      0.25000      0.01714     -0.00596     -0.00168
AL      0.50017      0.24968      0.24992     -0.01108      0.01755      0.00711
AL      0.49994      0.00010      0.49995     -0.00119     -0.00460      0.00360
AL      0.74986      0.24985      0.50002      0.00277      0.01053     -0.00173
AL      0.75031      0.00019      0.75029     -0.01089     -0.00467     -0.00815
AL      0.49990      0.24987      0.74987     -0.00552     -0.00195      0.01156
AL      0.50013      0.49976      0.00013     -0.00480      0.00692     -0.00344
AL      0.74984      0.75018      0.99970      0.00303     -0.00737      0.01126
AL      0.75028      0.50028      0.24997     -0.00760     -0.00290      0.00479
AL      0.50006      0.74996      0.25008     -0.00271     -0.00329     -0.00003
AL      0.50005      0.49991      0.50026     -0.00264      0.00426     -0.01634
AL      0.75006      0.75030      0.50022      0.00184     -0.00865     -0.00572
AL      0.74964      0.49973      0.75014      0.00880      0.00458     -0.00410
AL      0.50001      0.75020      0.74990     -0.00136     -0.00382      0.00697
