/* Converted from PWscf output file */ 
#L_UNITS ang 
#E_UNITS eV 
#S_UNITS GPA 
#F_UNITS EV/ANG 
#ALAT 	   8.07566     // a0 
#X 	   1.00000     0.00000     0.00000     // X 
#Y 	   0.00000     1.00000     0.00000     // Y 
#Z 	   0.00000     0.00000     1.00000     // Z 
#SX 	   0.01677    -0.00015     0.00015     // SX 
#SY 	  -0.00015     0.01444    -0.00131     // SY 
#SZ 	   0.00015    -0.00131     0.01502     // SZ 
#EPA 	  -3.36901     // Energy per Atom 
#RCUT 	6.5        // Rcut 
AL      0.00108      0.00031      0.99969     -0.01481     -0.02274      0.01978
AL      0.24833      0.25255      0.00081      0.06606     -0.08952      0.03545
AL      0.25051      0.99854      0.25142      0.02254      0.04154     -0.07428
AL      0.00093      0.25045      0.25158     -0.02389      0.00048     -0.06658
AL      0.00066      0.00024      0.49927     -0.04040     -0.01334      0.03478
AL      0.24997      0.24898      0.49968      0.06671      0.03955      0.04705
AL      0.24969      0.00191      0.75014      0.07022     -0.05788      0.03351
AL      0.00133      0.25022      0.75044     -0.07130      0.00991     -0.02524
AL      0.99825      0.50091      0.99826      0.01445     -0.00424      0.06803
AL      0.24956      0.74783      0.99996      0.01236      0.07960     -0.01838
AL      0.24894      0.50077      0.25275      0.01528     -0.01103     -0.08008
AL      0.99979      0.75042      0.24983     -0.01779     -0.02265     -0.00332
AL      0.99937      0.49876      0.49978      0.00636      0.04742      0.03772
AL      0.25043      0.75030      0.50129     -0.01153      0.00026     -0.00699
AL      0.25041      0.49953      0.75048      0.00016      0.00662     -0.06576
AL      0.99989      0.75053      0.74868     -0.00012     -0.00870      0.03285
AL      0.50141      0.99923      0.00072     -0.09196      0.03641     -0.01556
AL      0.75029      0.25037      0.00105      0.02747     -0.00609     -0.01205
AL      0.75168      0.00137      0.24958     -0.03526     -0.05064      0.02307
AL      0.50041      0.25072      0.25055     -0.04355     -0.02721     -0.03090
AL      0.50170      0.00040      0.50001     -0.02932     -0.01553      0.00039
AL      0.74940      0.25040      0.50012      0.03394     -0.00612      0.02697
AL      0.75070      0.00029      0.75035      0.02496     -0.01039     -0.01022
AL      0.50271      0.24985      0.75188     -0.09933     -0.00520     -0.06591
AL      0.49863      0.49913      0.99859      0.01980      0.02038      0.07245
AL      0.74791      0.74959      0.00022      0.07620      0.02153     -0.00217
AL      0.74919      0.49983      0.25019      0.03778      0.00956     -0.03450
AL      0.49973      0.74943      0.24901      0.00786      0.02965      0.02574
AL      0.50067      0.50144      0.49852     -0.05329     -0.07286      0.06368
AL      0.74963      0.74875      0.50013      0.04287      0.06441     -0.03743
AL      0.74860      0.50064      0.75029      0.06064     -0.02788     -0.01717
AL      0.50128      0.74972      0.74862     -0.07314      0.04470      0.04505
