/* Converted from PWscf output file */ 
#L_UNITS ang 
#E_UNITS eV 
#S_UNITS GPA 
#F_UNITS EV/ANG 
#ALAT 	   8.07566     // a0 
#X 	   1.00000     0.00000     0.00000     // X 
#Y 	   0.00000     1.00000     0.00000     // Y 
#Z 	   0.00000     0.00000     1.00000     // Z 
#SX 	   0.00088    -0.00000     0.00000     // SX 
#SY 	  -0.00000     0.00073    -0.00000     // SY 
#SZ 	   0.00000    -0.00000     0.00058     // SZ 
#EPA 	  -3.36944     // Energy per Atom 
#RCUT 	6.5        // Rcut 
AL      0.99987      0.00009      0.00027      0.01097     -0.00786     -0.00575
AL      0.24984      0.25014      0.00002      0.00301     -0.00229     -0.00142
AL      0.25000      0.00004      0.24980      0.00120     -0.00120      0.00879
AL      0.00009      0.25024      0.25011     -0.01004     -0.00621     -0.00058
AL      0.00024      0.00029      0.50003     -0.00597     -0.01392     -0.00450
AL      0.24938      0.24968      0.50039      0.02685      0.01037     -0.00996
AL      0.25005      0.00007      0.75021     -0.00032     -0.00479      0.00418
AL      0.99961      0.24983      0.75000      0.00838      0.01287      0.01016
AL      0.99970      0.50034      0.00028      0.00781     -0.00319     -0.00945
AL      0.25064      0.74973      0.00018     -0.02823      0.01252     -0.00195
AL      0.24962      0.50023      0.25038      0.01393     -0.00888     -0.00686
AL      0.99957      0.75039      0.25019      0.01665     -0.00378     -0.00377
AL      0.00027      0.50000      0.49997     -0.01479      0.00216      0.00962
AL      0.25014      0.74975      0.50002     -0.00682      0.01279      0.00341
AL      0.25007      0.50005      0.75027     -0.01054     -0.00310     -0.00366
AL      0.99998      0.75033      0.75004      0.00933     -0.01064      0.00487
AL      0.50032      0.99992      0.00032     -0.01218      0.01187     -0.01204
AL      0.75027      0.24979      0.00033     -0.01362      0.01429     -0.00836
AL      0.74969      0.99966      0.24982      0.00866      0.01531      0.01323
AL      0.49989      0.25016      0.24999     -0.00323      0.00428      0.00866
AL      0.50007      0.99979      0.50009     -0.00987      0.00627     -0.00675
AL      0.74984      0.24941      0.50010      0.00409      0.01724     -0.01115
AL      0.75025      0.99967      0.75005     -0.00742      0.01045      0.00460
AL      0.50012      0.24987      0.74970     -0.00055     -0.00237      0.01809
AL      0.49976      0.49995      0.99978      0.01602     -0.00828      0.00910
AL      0.74972      0.74998      0.00009      0.00696     -0.00679     -0.00586
AL      0.75001      0.50040      0.25033     -0.00901     -0.01685     -0.00178
AL      0.49986      0.74988      0.25008      0.00158     -0.00429      0.00605
AL      0.50005      0.49997      0.50062     -0.00326     -0.00428     -0.01904
AL      0.75001      0.75023      0.50011      0.00210     -0.00788      0.00033
AL      0.75014      0.50008      0.74975     -0.00148     -0.00363      0.01203
AL      0.50003      0.75039      0.75008     -0.00021     -0.01019     -0.00026
