/* Converted from PWscf output file */ 
#L_UNITS ang 
#E_UNITS eV 
#S_UNITS GPA 
#F_UNITS EV/ANG 
#ALAT 	   8.07566     // a0 
#X 	   1.00000     0.00000     0.00000     // X 
#Y 	   0.00000     1.00000     0.00000     // Y 
#Z 	   0.00000     0.00000     1.00000     // Z 
#SX 	   0.28628    -0.03135    -0.00700     // SX 
#SY 	  -0.03135     0.25200    -0.00671     // SY 
#SZ 	  -0.00700    -0.00671     0.27038     // SZ 
#EPA 	  -3.36123     // Energy per Atom 
#RCUT 	6.5        // Rcut 
AL      0.00258      0.00240      0.99914     -0.00512      0.04791     -0.10853
AL      0.25502      0.25124      0.00664     -0.21708     -0.02488     -0.12238
AL      0.25532      0.99623      0.25091     -0.24068      0.15653      0.00933
AL      0.99562      0.24968      0.25583      0.12796     -0.04981     -0.14242
AL      0.00811      0.00016      0.50348     -0.36306     -0.09728     -0.20233
AL      0.25086      0.24647      0.49897     -0.03711      0.18092      0.03441
AL      0.25330      0.00031      0.74329     -0.15864     -0.06880      0.46851
AL      0.00537      0.24799      0.74704     -0.26242      0.19424      0.21150
AL      0.00200      0.49938      0.00468      0.01361     -0.14312     -0.31703
AL      0.25157      0.74885      0.00458     -0.10748     -0.04859     -0.22898
AL      0.24545      0.49584      0.25348      0.18173      0.18892     -0.06971
AL      0.99830      0.75486      0.24453      0.08849     -0.03673      0.30377
AL      0.00381      0.50286      0.49999     -0.20565     -0.06403      0.02841
AL      0.25420      0.75059      0.50419     -0.14064     -0.10203     -0.20234
AL      0.25308      0.49954      0.74857     -0.12870     -0.06716      0.12852
AL      0.99665      0.74892      0.74726      0.21909      0.09813      0.14990
AL      0.49338      0.00223      0.00062      0.21083     -0.17141     -0.03660
AL      0.73974      0.24528      0.00134      0.41446      0.16161     -0.15143
AL      0.75193      0.00492      0.24661     -0.09834     -0.22756      0.20013
AL      0.50210      0.25104      0.25912     -0.07744      0.01128     -0.24566
AL      0.49431      0.00156      0.50523      0.33140     -0.14617     -0.24650
AL      0.74451      0.25036      0.50039      0.25556      0.14044      0.13043
AL      0.74494      0.00133      0.74495      0.22308     -0.06770      0.16319
AL      0.50102      0.24618      0.75365     -0.07906      0.25326     -0.12573
AL      0.50208      0.49752      0.99769     -0.12099      0.10290      0.21040
AL      0.75441      0.74939      0.99835     -0.18235      0.25516      0.04647
AL      0.75513      0.50171      0.24150     -0.21856      0.00542      0.32702
AL      0.49891      0.75506      0.24673      0.18751     -0.23333      0.13933
AL      0.49633      0.49964      0.49726      0.17351      0.05482      0.04209
AL      0.74797      0.74838      0.50180      0.00085      0.14070     -0.28848
AL      0.74509      0.51331      0.75221      0.22022     -0.62687     -0.12037
AL      0.49789      0.74724      0.75290     -0.00497      0.18321      0.01509
