/* Converted from PWscf output file */ 
#L_UNITS ang 
#E_UNITS eV 
#S_UNITS GPA 
#F_UNITS EV/ANG 
#ALAT 	   8.07566     // a0 
#X 	   1.00000     0.00000     0.00000     // X 
#Y 	   0.00000     1.00000     0.00000     // Y 
#Z 	   0.00000     0.00000     1.00000     // Z 
#SX 	   0.30261    -0.04288     0.00831     // SX 
#SY 	  -0.04288     0.33221    -0.05002     // SY 
#SZ 	   0.00831    -0.05002     0.28963     // SZ 
#EPA 	  -3.36019     // Energy per Atom 
#RCUT 	6.5        // Rcut 
AL      0.99262      0.00482      0.99986      0.31049     -0.22463     -0.04836
AL      0.24131      0.26639      0.99358      0.35280     -0.68524      0.18108
AL      0.24920      0.99548      0.25338     -0.10100      0.26768     -0.20350
AL      0.98865      0.24842      0.24268      0.54194     -0.01422      0.37382
AL      0.99468      0.99873      0.50346      0.16027      0.08848     -0.07364
AL      0.25096      0.24833      0.49957      0.03682      0.11230     -0.19106
AL      0.24869      0.00110      0.74628      0.03764      0.00745      0.27546
AL      0.00758      0.25164      0.74391     -0.30514     -0.08805      0.18316
AL      0.00277      0.50026      0.00484     -0.29003      0.14632     -0.19197
AL      0.24426      0.74867      0.00701      0.14056      0.20670     -0.20741
AL      0.24988      0.50220      0.24703     -0.00763     -0.13506      0.33464
AL      0.99832      0.74752      0.25401     -0.02744      0.04092     -0.03770
AL      0.99935      0.49669      0.50784      0.09357      0.13210     -0.41256
AL      0.25091      0.75416      0.50124     -0.12417     -0.08951     -0.08771
AL      0.25282      0.50371      0.74540      0.00037     -0.08175      0.09620
AL      0.99691      0.74559      0.75187      0.10606      0.21932      0.01486
AL      0.50195      0.00088      0.00392     -0.25776      0.00486     -0.08117
AL      0.75263      0.25163      0.00001     -0.14208      0.04923     -0.15443
AL      0.74969      0.99934      0.25260      0.04862     -0.05526     -0.17522
AL      0.50337      0.24655      0.25096     -0.25925      0.11650     -0.06577
AL      0.50216      0.00194      0.49455     -0.07753     -0.08648      0.27560
AL      0.75005      0.25015      0.49739     -0.00787      0.03839      0.14050
AL      0.74613      0.00338      0.75428      0.11229     -0.20585     -0.14467
AL      0.50817      0.24616      0.74973     -0.31604      0.20963     -0.02939
AL      0.49916      0.49333      0.00486      0.10321      0.21891     -0.18786
AL      0.74961      0.74653      0.99699     -0.06322      0.03584      0.09348
AL      0.75057      0.49532      0.25252     -0.01574      0.22792     -0.02166
AL      0.50657      0.75001      0.25106     -0.18937     -0.04625     -0.13405
AL      0.49857      0.50821      0.49699      0.08985     -0.25759      0.12220
AL      0.75159      0.75629      0.49716     -0.10794     -0.24878      0.27441
AL      0.75372      0.49982      0.74775     -0.24323      0.00671      0.08197
AL      0.48888      0.74917      0.75432      0.40094      0.08940      0.00078
