/* Converted from PWscf output file */ 
#L_UNITS ang 
#E_UNITS eV 
#S_UNITS GPA 
#F_UNITS EV/ANG 
#ALAT 	   8.07566     // a0 
#X 	   1.00000     0.00000     0.00000     // X 
#Y 	   0.00000     1.00000     0.00000     // Y 
#Z 	   0.00000     0.00000     1.00000     // Z 
#SX 	   0.00233     0.00000    -0.00015     // SX 
#SY 	   0.00000     0.00233     0.00015     // SY 
#SZ 	  -0.00015     0.00015     0.00190     // SZ 
#EPA 	  -3.36939     // Energy per Atom 
#RCUT 	6.5        // Rcut 
AL      0.00041      0.00011      0.99989     -0.02035     -0.00203      0.00907
AL      0.24995      0.24914      0.00016     -0.01910      0.04467     -0.00020
AL      0.25014      0.00031      0.25034     -0.00133     -0.01093      0.00348
AL      0.00000      0.25035      0.25090     -0.00076      0.00094     -0.03592
AL      0.99987      0.99974      0.49988      0.01147      0.01416      0.00111
AL      0.24993      0.25036      0.50009      0.00959     -0.00940      0.00953
AL      0.25040      0.00016      0.75027     -0.01247     -0.01417     -0.01074
AL      0.99975      0.24958      0.74956      0.00812      0.03234      0.02034
AL      0.00013      0.50069      0.99967      0.00402     -0.03811      0.01340
AL      0.24941      0.74989      0.00022      0.01614      0.00837     -0.00887
AL      0.25059      0.50004      0.25053     -0.03309     -0.00294     -0.02076
AL      0.99996      0.75017      0.25013     -0.00351     -0.00570     -0.00569
AL      0.00023      0.50001      0.50009     -0.01411      0.00712      0.00838
AL      0.24962      0.75051      0.49979      0.02330     -0.00969      0.01386
AL      0.25068      0.50009      0.75001     -0.02294     -0.00326      0.00004
AL      0.00015      0.75008      0.74935     -0.00063      0.00159      0.01916
AL      0.49970      0.99996      0.00057      0.02326     -0.01343     -0.01022
AL      0.75004      0.25027      0.00042      0.00436      0.00221     -0.00790
AL      0.75003      0.00030      0.24995     -0.01283     -0.00749     -0.00046
AL      0.49937      0.25047      0.24968      0.02462     -0.01387      0.01976
AL      0.50022      0.00034      0.50086     -0.00827     -0.00706     -0.03493
AL      0.74998      0.24993      0.50011     -0.01282      0.01791      0.00445
AL      0.75046      0.00044      0.74980     -0.01440     -0.01204      0.02926
AL      0.49962      0.24976      0.75062      0.02222      0.01600     -0.01260
AL      0.49972      0.50039      0.99978      0.00132     -0.01719      0.01103
AL      0.75012      0.74973      0.00021     -0.00102      0.02900      0.00158
AL      0.74964      0.50022      0.25050      0.01909     -0.00530     -0.01365
AL      0.49947      0.74923      0.24983      0.01719      0.04453      0.01215
AL      0.50045      0.50042      0.49998     -0.01065     -0.01458      0.01620
AL      0.74991      0.75057      0.50004     -0.00034     -0.00976     -0.00792
AL      0.74940      0.50096      0.75059      0.02726     -0.04050     -0.02249
AL      0.50049      0.75003      0.75016     -0.02331      0.01862     -0.00043
