/* Converted from PWscf output file */ 
#L_UNITS ang 
#E_UNITS eV 
#S_UNITS GPA 
#F_UNITS EV/ANG 
#ALAT 	   8.07566     // a0 
#X 	   1.00000     0.00000     0.00000     // X 
#Y 	   0.00000     1.00000     0.00000     // Y 
#Z 	   0.00000     0.00000     1.00000     // Z 
#SX 	   0.01735    -0.00088     0.00540     // SX 
#SY 	  -0.00088     0.01152     0.00015     // SY 
#SZ 	   0.00540     0.00015     0.01604     // SZ 
#EPA 	  -3.36902     // Energy per Atom 
#RCUT 	6.5        // Rcut 
AL      0.99866      0.99969      0.00114      0.03612      0.02281     -0.04322
AL      0.25016      0.24959      0.00045     -0.04736     -0.00230     -0.01218
AL      0.24904      0.99825      0.25021      0.01603      0.09875      0.00135
AL      0.99919      0.25045      0.25103      0.06131     -0.04462     -0.06014
AL      0.00062      0.99995      0.50040     -0.01357      0.00884      0.01481
AL      0.25044      0.25104      0.49989     -0.01867     -0.03768      0.01585
AL      0.25065      0.00049      0.74954     -0.00584      0.00724     -0.00137
AL      0.99836      0.24958      0.75025      0.10185      0.01787     -0.01130
AL      0.99917      0.50003      0.00002      0.04545     -0.01604      0.00710
AL      0.24840      0.75222      0.99886      0.06360     -0.07630      0.03003
AL      0.25069      0.49924      0.24989      0.00137      0.04310     -0.04004
AL      0.00192      0.74947      0.24989     -0.06247      0.00045     -0.01320
AL      0.00023      0.49906      0.49771      0.02737      0.03292      0.11806
AL      0.24892      0.75024      0.50007      0.06065     -0.02073      0.03674
AL      0.25165      0.50041      0.75063     -0.07471     -0.01506     -0.02497
AL      0.00127      0.74882      0.75076     -0.04839      0.03137     -0.04224
AL      0.49901      0.00045      0.00060      0.03013      0.01174     -0.01105
AL      0.74989      0.24993      0.99952     -0.02751      0.02823      0.04405
AL      0.75132      0.00018      0.24950     -0.03762     -0.01509      0.00495
AL      0.50016      0.25055      0.25005      0.01017     -0.00569     -0.01656
AL      0.49977      0.00049      0.49833      0.01986     -0.01358      0.06915
AL      0.75035      0.24973      0.49887     -0.03724     -0.00537      0.04436
AL      0.75036      0.00107      0.75099     -0.01521     -0.05004     -0.04846
AL      0.50079      0.25076      0.74951     -0.01401     -0.03102     -0.00576
AL      0.49851      0.50014      0.99881      0.06324      0.01355      0.07742
AL      0.74914      0.74947      0.99967      0.02857     -0.00331      0.04540
AL      0.75210      0.49975      0.25149     -0.11898      0.03842     -0.07645
AL      0.49977      0.75176      0.25017      0.02220     -0.08366     -0.02115
AL      0.49900      0.50100      0.50003      0.06672      0.01569     -0.00510
AL      0.75155      0.75087      0.49918     -0.03397     -0.01271      0.03971
AL      0.75138      0.49919      0.74964     -0.02805      0.03374     -0.03026
AL      0.50287      0.75010      0.75149     -0.07104      0.02850     -0.08555
