/* Converted from PWscf output file */ 
#L_UNITS ang 
#E_UNITS eV 
#S_UNITS GPA 
#F_UNITS EV/ANG 
#ALAT 	   8.07566     // a0 
#X 	   1.00000     0.00000     0.00000     // X 
#Y 	   0.00000     1.00000     0.00000     // Y 
#Z 	   0.00000     0.00000     1.00000     // Z 
#SX 	   0.00292     0.00015     0.00044     // SX 
#SY 	   0.00015     0.00306     0.00029     // SY 
#SZ 	   0.00044     0.00029     0.00350     // SZ 
#EPA 	  -3.36937     // Energy per Atom 
#RCUT 	6.5        // Rcut 
AL      0.00027      0.00072      0.00047     -0.01494     -0.02994     -0.01925
AL      0.24960      0.25033      0.99971      0.00844      0.01110      0.00589
AL      0.25052      0.99989      0.24987     -0.00715     -0.01137      0.01048
AL      0.00060      0.25009      0.24976     -0.02875     -0.01206      0.01084
AL      0.99928      0.00000      0.50009      0.02027     -0.01036     -0.00814
AL      0.24958      0.24958      0.49921      0.03024     -0.00412      0.02795
AL      0.25029      0.00056      0.75030     -0.01005     -0.01772     -0.01737
AL      0.99987      0.24989      0.74979     -0.00102      0.00156      0.01423
AL      0.00015      0.50005      0.99989     -0.01380     -0.01082     -0.01634
AL      0.25015      0.74950      0.00025      0.01741      0.01981      0.00112
AL      0.24924      0.49986      0.25017      0.04608      0.00995     -0.00546
AL      0.99999      0.74955      0.24923     -0.00366      0.02147      0.03645
AL      0.00047      0.49930      0.49991     -0.01445      0.04405      0.00391
AL      0.25042      0.75050      0.50020     -0.01842      0.00032     -0.00795
AL      0.24998      0.50033      0.74941     -0.00186     -0.01623      0.01287
AL      0.00046      0.75017      0.75065     -0.01147      0.00736     -0.01748
AL      0.49936      0.00126      0.99975      0.01712     -0.06210      0.01628
AL      0.74976      0.24987      0.00063      0.02276      0.00862     -0.02810
AL      0.75001      0.00006      0.24977      0.00664     -0.00428      0.00955
AL      0.50034      0.24980      0.24963     -0.01315      0.01427      0.02871
AL      0.50101      0.00015      0.50044     -0.03100      0.01253     -0.00788
AL      0.75030      0.25098      0.50091     -0.01199     -0.02886     -0.03908
AL      0.74924      0.99997      0.75003      0.03157      0.00298      0.02399
AL      0.49997      0.25039      0.75068     -0.00698      0.00062     -0.02824
AL      0.50018      0.49974      0.99996     -0.01603      0.01087      0.01494
AL      0.74964      0.74934      0.99977      0.00554      0.03874      0.00849
AL      0.75029      0.49983      0.24969     -0.00375      0.00176      0.02338
AL      0.50086      0.74971      0.25113     -0.02431      0.00689     -0.03764
AL      0.49977      0.49966      0.50028     -0.00021      0.00036     -0.01975
AL      0.74999      0.75024      0.50070      0.02530     -0.02201     -0.02094
AL      0.74991      0.50019      0.74955      0.01646     -0.00496      0.02260
AL      0.50014      0.74950      0.75033     -0.01485      0.02156      0.00192
