/* Converted from PWscf output file */ 
#L_UNITS ang 
#E_UNITS eV 
#S_UNITS GPA 
#F_UNITS EV/ANG 
#ALAT 	   8.07566     // a0 
#X 	   1.00000     0.00000     0.00000     // X 
#Y 	   0.00000     1.00000     0.00000     // Y 
#Z 	   0.00000     0.00000     1.00000     // Z 
#SX 	   0.03660    -0.00263     0.00846     // SX 
#SY 	  -0.00263     0.03573     0.00263     // SY 
#SZ 	   0.00846     0.00263     0.03427     // SZ 
#EPA 	  -3.36840     // Energy per Atom 
#RCUT 	6.5        // Rcut 
AL      0.99874      0.00022      0.00198      0.03117     -0.04805     -0.03065
AL      0.24961      0.24840      0.00164      0.05754      0.04033     -0.05605
AL      0.25074      0.00248      0.25090     -0.02512     -0.14116     -0.03111
AL      0.99979      0.24889      0.24818     -0.00194      0.06128      0.07178
AL      0.99908      0.00158      0.49942      0.03706     -0.03265      0.04322
AL      0.25078      0.24919      0.49909     -0.06423      0.04693      0.06678
AL      0.24773      0.99945      0.75050      0.03567     -0.01293      0.00950
AL      0.00120      0.25254      0.75343     -0.00889     -0.05094     -0.10101
AL      0.99874      0.50121      0.00198      0.09791     -0.02927     -0.03867
AL      0.24999      0.74789      0.00065     -0.05525      0.12068     -0.00836
AL      0.25097      0.49880      0.25049     -0.02522      0.01814      0.00680
AL      0.00155      0.74899      0.24988     -0.00418      0.08743      0.03929
AL      0.00081      0.49896      0.50050      0.00789      0.01810      0.04026
AL      0.24719      0.74813      0.50059      0.07614      0.03570      0.01736
AL      0.25373      0.49970      0.75298     -0.15775      0.01492     -0.11005
AL      0.99692      0.75044      0.75059      0.13997     -0.01895     -0.02566
AL      0.49992      0.99802      0.00028      0.01543      0.10119     -0.02477
AL      0.75125      0.25149      0.00013     -0.14050     -0.02373      0.00037
AL      0.74907      0.00013      0.25230     -0.00741      0.02149     -0.08342
AL      0.49979      0.25155      0.25014      0.09803     -0.00799     -0.05061
AL      0.49724      0.99853      0.49918      0.07072      0.03606      0.05782
AL      0.75211      0.25147      0.49939     -0.06717     -0.03151      0.06546
AL      0.75142      0.99881      0.75055     -0.07316      0.12550     -0.01784
AL      0.49913      0.25063      0.74723      0.08805     -0.07178      0.10551
AL      0.49794      0.50327      0.99819      0.13284     -0.16620      0.10163
AL      0.75065      0.74949      0.00059     -0.03023      0.06586      0.04257
AL      0.75250      0.50321      0.25126     -0.09202     -0.10625     -0.02956
AL      0.50050      0.74941      0.24926     -0.05802      0.01179      0.03620
AL      0.50121      0.49947      0.49998     -0.00520      0.05118      0.00779
AL      0.74880      0.75195      0.49878      0.03986     -0.05233      0.04861
AL      0.75150      0.50282      0.75217     -0.06212     -0.10271     -0.08927
AL      0.50125      0.75043      0.75047     -0.04985      0.03988     -0.06390
