/* Converted from PWscf output file */ 
#L_UNITS ang 
#E_UNITS eV 
#S_UNITS GPA 
#F_UNITS EV/ANG 
#ALAT 	   8.07566     // a0 
#X 	   1.00000     0.00000     0.00000     // X 
#Y 	   0.00000     1.00000     0.00000     // Y 
#Z 	   0.00000     0.00000     1.00000     // Z 
#SX 	   0.01896     0.00554     0.00088     // SX 
#SY 	   0.00554     0.01838     0.00175     // SY 
#SZ 	   0.00088     0.00175     0.01429     // SZ 
#EPA 	  -3.36895     // Energy per Atom 
#RCUT 	6.5        // Rcut 
AL      0.99993      0.00028      0.00074      0.02131      0.00023     -0.05048
AL      0.25143      0.25101      0.00111     -0.04302     -0.02886     -0.02602
AL      0.24914      0.99898      0.24886      0.06946      0.03454      0.03403
AL      0.00090      0.24942      0.25055     -0.02992      0.02118     -0.03173
AL      0.00126      0.99828      0.49814     -0.06471      0.06772      0.08327
AL      0.24962      0.24840      0.50001      0.04729      0.03551     -0.00932
AL      0.24939      0.00111      0.75008      0.01756     -0.03771      0.03415
AL      0.99913      0.24901      0.75067      0.03653      0.03596     -0.03632
AL      0.00119      0.50200      0.99990     -0.02561     -0.07996      0.02786
AL      0.24943      0.74919      0.00079      0.02904      0.03829     -0.06338
AL      0.24872      0.50079      0.25092      0.04908     -0.04720     -0.01488
AL      0.00048      0.75185      0.24997     -0.03661     -0.08352      0.00006
AL      0.00003      0.49937      0.49812     -0.02593     -0.00957      0.03217
AL      0.24950      0.74862      0.50129      0.00973      0.04483     -0.02970
AL      0.24942      0.49867      0.74903      0.00309     -0.00472      0.02263
AL      0.99944      0.74818      0.74901      0.04590      0.09870      0.03566
AL      0.49984      0.99935      0.00125     -0.00401     -0.00080     -0.05795
AL      0.75147      0.25114      0.00033     -0.00810      0.00197     -0.00592
AL      0.74900      0.99960      0.24902      0.02268      0.02592      0.05389
AL      0.50248      0.25040      0.24857     -0.11153     -0.01257      0.05909
AL      0.49888      0.99975      0.49967      0.03949      0.01497      0.01077
AL      0.74959      0.25112      0.49907      0.02463     -0.04922      0.04117
AL      0.75021      0.00142      0.75154     -0.01233     -0.06035     -0.06981
AL      0.50233      0.25084      0.75134     -0.05120     -0.02212     -0.04434
AL      0.49871      0.50031      0.99932      0.04950      0.03212     -0.00093
AL      0.75141      0.75069      0.00098     -0.07071     -0.01603     -0.03656
AL      0.74847      0.49954      0.24895      0.06775      0.05369      0.02274
AL      0.49943      0.74901      0.25082      0.01527      0.01862     -0.00916
AL      0.49906      0.50025      0.50021      0.04508     -0.03109      0.00162
AL      0.75175      0.75098      0.49998     -0.07765     -0.01884     -0.00808
AL      0.75225      0.50208      0.75036     -0.08363     -0.05042     -0.01813
AL      0.49885      0.74975      0.74893      0.05157      0.02873      0.05360
