/* Converted from PWscf output file */ 
#L_UNITS ang 
#E_UNITS eV 
#S_UNITS GPA 
#F_UNITS EV/ANG 
#ALAT 	   8.07566     // a0 
#X 	   1.00000     0.00000     0.00000     // X 
#Y 	   0.00000     1.00000     0.00000     // Y 
#Z 	   0.00000     0.00000     1.00000     // Z 
#SX 	   0.03456    -0.00350    -0.00204     // SX 
#SY 	  -0.00350     0.03777    -0.00438     // SY 
#SZ 	  -0.00204    -0.00438     0.03442     // SZ 
#EPA 	  -3.36842     // Energy per Atom 
#RCUT 	6.5        // Rcut 
AL      0.99930      0.99947      0.99813      0.03741      0.04725      0.07063
AL      0.25161      0.25577      0.99909     -0.08475     -0.17960      0.03320
AL      0.25012      0.00046      0.24926     -0.04372      0.04704     -0.04855
AL      0.99836      0.25187      0.24865      0.08960     -0.05877      0.03840
AL      0.00172      0.00013      0.50211     -0.07313      0.02889     -0.03372
AL      0.24919      0.25193      0.49949      0.00757     -0.06938      0.00348
AL      0.25040      0.99970      0.75158      0.01293      0.06490     -0.02484
AL      0.00047      0.25108      0.74909     -0.02530     -0.03122      0.05935
AL      0.99950      0.50218      0.99920      0.02573     -0.06409      0.05497
AL      0.24943      0.75111      0.99912      0.01326     -0.01359      0.05919
AL      0.25153      0.50090      0.24922     -0.08032      0.05452      0.03723
AL      0.99743      0.74931      0.25233      0.07647      0.04019     -0.06951
AL      0.00075      0.50274      0.50235     -0.00743     -0.05266     -0.11502
AL      0.25111      0.75600      0.49840      0.00263     -0.18651      0.06064
AL      0.25007      0.49984      0.74979      0.02354      0.07901     -0.05149
AL      0.00075      0.74610      0.75129     -0.02971      0.19007     -0.04345
AL      0.50132      0.99929      0.99902     -0.07840      0.04257      0.05939
AL      0.74965      0.24980      0.00047      0.00359      0.01423     -0.02957
AL      0.74991      0.00079      0.25056      0.01213      0.00110      0.00789
AL      0.49714      0.25007      0.24953      0.09999     -0.01529      0.00053
AL      0.50199      0.00013      0.50067     -0.05409      0.07398     -0.00815
AL      0.75122      0.25075      0.50086     -0.02856      0.01341     -0.01744
AL      0.74791      0.00139      0.75166      0.10189     -0.03915     -0.05601
AL      0.49921      0.25216      0.75163      0.03200     -0.07461     -0.07260
AL      0.50138      0.50252      0.99767     -0.03656     -0.04200      0.09088
AL      0.74879      0.74997      0.00115      0.06049      0.05492     -0.00848
AL      0.75040      0.49824      0.24738     -0.05150      0.05447      0.12721
AL      0.49985      0.74936      0.24992      0.02061      0.01632      0.01740
AL      0.49974      0.49790      0.50004      0.03363      0.09816     -0.02037
AL      0.74975      0.75138      0.50119     -0.00101     -0.05143     -0.02591
AL      0.74994      0.50200      0.75135      0.00578     -0.08410     -0.06152
AL      0.50104      0.74893      0.74972     -0.06478      0.04136     -0.03378
