/* Converted from PWscf output file */ 
#L_UNITS ang 
#E_UNITS eV 
#S_UNITS GPA 
#F_UNITS EV/ANG 
#ALAT 	   8.07566     // a0 
#X 	   1.00000     0.00000     0.00000     // X 
#Y 	   0.00000     1.00000     0.00000     // Y 
#Z 	   0.00000     0.00000     1.00000     // Z 
#SX 	   0.00073    -0.00000     0.00015     // SX 
#SY 	  -0.00000     0.00073     0.00000     // SY 
#SZ 	   0.00015     0.00000     0.00073     // SZ 
#EPA 	  -3.36944     // Energy per Atom 
#RCUT 	6.5        // Rcut 
AL      0.00017      0.99975      0.99983     -0.00625      0.01532      0.00592
AL      0.25036      0.24990      0.00016     -0.01067      0.00630     -0.00068
AL      0.24988      0.00007      0.24961      0.01172      0.00109      0.01103
AL      0.00007      0.25012      0.25019      0.00290     -0.00587     -0.00884
AL      0.00019      0.00007      0.49997     -0.01208     -0.00070     -0.00056
AL      0.25039      0.24965      0.50045     -0.00801      0.01474     -0.01914
AL      0.25009      0.99969      0.74994      0.00833      0.00581      0.00520
AL      0.00039      0.24999      0.74995     -0.01212      0.00109      0.00267
AL      0.99975      0.49998      0.00023      0.00539     -0.00268     -0.00792
AL      0.25022      0.74995      0.99974      0.00192     -0.00087      0.00884
AL      0.25004      0.50036      0.25004     -0.00215     -0.01647     -0.00209
AL      0.00015      0.75029      0.25010     -0.00847     -0.00513     -0.00475
AL      0.99984      0.49982      0.49981      0.00990      0.00691      0.01451
AL      0.24966      0.75022      0.49978      0.01200     -0.00842      0.01128
AL      0.24997      0.49998      0.75038      0.00276      0.00307     -0.01568
AL      0.00013      0.75027      0.75042     -0.01017     -0.01906     -0.01616
AL      0.50027      0.99989      0.00021     -0.00914     -0.00682     -0.01194
AL      0.74979      0.24972      0.99950      0.01944      0.00775      0.00984
AL      0.74995      0.00025      0.24985      0.00988     -0.01010      0.00579
AL      0.50041      0.25006      0.24973     -0.01694      0.00300      0.00295
AL      0.50010      0.00038      0.49992     -0.00514     -0.01627     -0.00417
AL      0.74967      0.24995      0.49979      0.01448      0.00039      0.01055
AL      0.75009      0.99986      0.74971      0.00191      0.00251      0.00382
AL      0.50003      0.24989      0.75031     -0.00182      0.00395     -0.00735
AL      0.50026      0.50031      0.00009     -0.00538     -0.00824     -0.00386
AL      0.74985      0.75005      0.00027      0.00762     -0.00171     -0.00989
AL      0.75029      0.49992      0.24998     -0.00481      0.00173     -0.00397
AL      0.50012      0.74980      0.25017     -0.00483      0.01347     -0.00063
AL      0.49983      0.49984      0.49952     -0.00501      0.00069      0.01662
AL      0.74979      0.74975      0.50003      0.01481      0.00956     -0.00638
AL      0.74975      0.49986      0.74971      0.01365      0.00183      0.00687
AL      0.50037      0.74989      0.74953     -0.01373      0.00313      0.00812
