/* Converted from PWscf output file */ 
#L_UNITS ang 
#E_UNITS eV 
#S_UNITS GPA 
#F_UNITS EV/ANG 
#ALAT 	   8.07566     // a0 
#X 	   1.00000     0.00000     0.00000     // X 
#Y 	   0.00000     1.00000     0.00000     // Y 
#Z 	   0.00000     0.00000     1.00000     // Z 
#SX 	   0.00715    -0.00015    -0.00000     // SX 
#SY 	  -0.00015     0.00788     0.00073     // SY 
#SZ 	  -0.00000     0.00073     0.00656     // SZ 
#EPA 	  -3.36925     // Energy per Atom 
#RCUT 	6.5        // Rcut 
AL      0.00051      0.99963      0.00110     -0.01160      0.00536     -0.03210
AL      0.24963      0.25020      0.00020      0.02454     -0.03494      0.00594
AL      0.25043      0.99991      0.25005      0.02326      0.01490      0.01072
AL      0.00068      0.24970      0.25018     -0.01595      0.02214      0.01800
AL      0.00048      0.00039      0.49946      0.00560     -0.00520      0.01835
AL      0.25029      0.25112      0.50051      0.00074     -0.03921     -0.02518
AL      0.24973      0.00108      0.75041      0.00020     -0.04040     -0.00672
AL      0.00038      0.25035      0.75029     -0.02219     -0.02193      0.00013
AL      0.00058      0.49891      0.00012     -0.03916      0.04720     -0.01211
AL      0.24969      0.74966      0.00049     -0.01031      0.01158     -0.05909
AL      0.25041      0.50004      0.24937     -0.03570     -0.01238      0.04606
AL      0.00025      0.74914      0.25078     -0.00950      0.01369     -0.02418
AL      0.99849      0.50028      0.50051      0.05818     -0.00549     -0.01042
AL      0.25000      0.74997      0.49966     -0.01420      0.00116      0.03607
AL      0.24986      0.49877      0.74913     -0.00053      0.08105      0.02109
AL      0.99849      0.75064      0.75010      0.06035     -0.03076      0.00079
AL      0.50125      0.99949      0.99933     -0.03002      0.02558      0.03297
AL      0.74992      0.25007      0.00040      0.00796      0.00204     -0.00022
AL      0.75139      0.00026      0.25004     -0.05930     -0.01024      0.01342
AL      0.49979      0.25040      0.25046      0.02028     -0.03950     -0.00002
AL      0.50101      0.99945      0.50158     -0.03608      0.03680     -0.07204
AL      0.74974      0.25064      0.50080      0.00641     -0.03116     -0.03534
AL      0.75113      0.00018      0.74888     -0.00186      0.01382      0.04348
AL      0.50035      0.24998      0.75098     -0.00876     -0.00475     -0.02077
AL      0.49845      0.49949      0.00008      0.06516      0.02513     -0.01806
AL      0.74983      0.75029      0.99979      0.00414     -0.04114      0.01305
AL      0.75033      0.50029      0.25084     -0.02057     -0.01129     -0.05551
AL      0.49849      0.74960      0.24910      0.06630      0.02958      0.02588
AL      0.50010      0.50039      0.49988     -0.01473     -0.00134      0.00567
AL      0.74924      0.74969      0.49949      0.01242      0.02287     -0.00277
AL      0.74936      0.49928      0.74934      0.00069      0.03939      0.05732
AL      0.50016      0.75131      0.74965     -0.02577     -0.06256      0.02561
