/* Converted from PWscf output file */ 
#L_UNITS ang 
#E_UNITS eV 
#S_UNITS GPA 
#F_UNITS EV/ANG 
#ALAT 	   8.07566     // a0 
#X 	   1.00000     0.00000     0.00000     // X 
#Y 	   0.00000     1.00000     0.00000     // Y 
#Z 	   0.00000     0.00000     1.00000     // Z 
#SX 	   0.33849     0.00919    -0.03967     // SX 
#SY 	   0.00919     0.23830     0.03033     // SY 
#SZ 	  -0.03967     0.03033     0.32332     // SZ 
#EPA 	  -3.36043     // Energy per Atom 
#RCUT 	6.5        // Rcut 
AL      0.99863      0.00588      0.00712      0.08171     -0.16677     -0.15133
AL      0.25148      0.24313      0.00186      0.06571      0.11435     -0.04768
AL      0.24829      0.00232      0.25804     -0.00825     -0.19635     -0.17822
AL      0.00399      0.25068      0.26139     -0.08961      0.08291     -0.25641
AL      0.99371      0.99909      0.50365      0.17620     -0.00915      0.06801
AL      0.25576      0.25897      0.50356     -0.15627     -0.06080     -0.00331
AL      0.25242      0.00496      0.74483     -0.16152     -0.15650      0.19892
AL      0.99819      0.24893      0.74935      0.19907     -0.00576      0.03020
AL      0.01034      0.49787      0.99884     -0.45251     -0.19408      0.26460
AL      0.24512      0.74640      0.00126      0.21970      0.38027      0.15324
AL      0.25037      0.49619      0.24651      0.02702      0.17188      0.22268
AL      0.99024      0.75316      0.25307      0.32090     -0.06041     -0.10253
AL      0.98932      0.50543      0.50398      0.51457     -0.11349     -0.07131
AL      0.24528      0.74574      0.50226      0.03410      0.00937     -0.12554
AL      0.24429      0.50105      0.75390      0.32044     -0.15037     -0.19130
AL      0.00528      0.74595      0.75611     -0.16258      0.36621     -0.18748
AL      0.50059      0.99705      0.99570     -0.06136     -0.09547      0.20855
AL      0.74854      0.24671      0.99100      0.05996      0.31159      0.49614
AL      0.74971      0.00694      0.25161     -0.12061     -0.15009     -0.05192
AL      0.50065      0.24743      0.25150      0.06130      0.13148     -0.08830
AL      0.49162      0.99521      0.49995      0.32361      0.18415      0.02240
AL      0.75334      0.25514      0.50254     -0.23164     -0.28431     -0.08047
AL      0.74713      0.00512      0.75202      0.07749     -0.30456     -0.18466
AL      0.50389      0.25489      0.74956     -0.19859     -0.03413     -0.01767
AL      0.49824      0.50670      0.99881      0.15796     -0.21605      0.08556
AL      0.75931      0.74594      0.99189     -0.27817      0.08239      0.28036
AL      0.75299      0.49952      0.25675     -0.10194     -0.09317     -0.49812
AL      0.50373      0.74825      0.25334     -0.09620      0.12365     -0.21914
AL      0.50687      0.50528      0.50114     -0.30145     -0.17691     -0.01824
AL      0.75014      0.74921      0.50104     -0.06632      0.30179      0.13931
AL      0.75288      0.49704      0.74876     -0.07974      0.16630      0.20395
AL      0.50127      0.74903      0.74757     -0.07298      0.04205      0.09973
