/* Converted from PWscf output file */ 
#L_UNITS ang 
#E_UNITS eV 
#S_UNITS GPA 
#F_UNITS EV/ANG 
#ALAT 	   8.07566     // a0 
#X 	   1.00000     0.00000     0.00000     // X 
#Y 	   0.00000     1.00000     0.00000     // Y 
#Z 	   0.00000     0.00000     1.00000     // Z 
#SX 	   0.20155     0.02756    -0.04215     // SX 
#SY 	   0.02756     0.25667     0.00277     // SY 
#SZ 	  -0.04215     0.00277     0.24048     // SZ 
#EPA 	  -3.36244     // Energy per Atom 
#RCUT 	6.5        // Rcut 
AL      0.99540      0.00036      0.99357      0.28949      0.03905      0.18964
AL      0.25378      0.24929      0.00212     -0.16864      0.09493     -0.07445
AL      0.24157      0.99548      0.25066      0.28816      0.14351     -0.12914
AL      0.99929      0.25195      0.25283      0.07237     -0.21511     -0.21165
AL      0.99876      0.99946      0.49759     -0.21109      0.00900      0.16510
AL      0.25172      0.24939      0.49590      0.05437     -0.15094      0.13751
AL      0.25030      0.99920      0.74462      0.00348      0.07173      0.10602
AL      0.00111      0.24516      0.74891      0.04508      0.21023     -0.01197
AL      0.99765      0.50213      0.00097      0.12165     -0.01521      0.01590
AL      0.25131      0.74761      0.99385     -0.10001      0.06784      0.26982
AL      0.24290      0.50125      0.25795      0.29338      0.11363     -0.40483
AL      0.99909      0.75906      0.25485     -0.07152     -0.39120     -0.15833
AL      0.00276      0.49331      0.49795     -0.09217      0.29380      0.29953
AL      0.25137      0.74780      0.50660     -0.12667      0.05487     -0.17525
AL      0.25116      0.50230      0.74991     -0.15934     -0.24552      0.08422
AL      0.99737      0.75042      0.75260     -0.00301     -0.05675     -0.22645
AL      0.49610      0.00000      0.99474      0.01166      0.04430      0.10450
AL      0.75474      0.25244      0.00058     -0.15078     -0.00842     -0.07495
AL      0.74860      0.00016      0.24207     -0.03236      0.10718      0.27765
AL      0.50001      0.25050      0.24456     -0.03237     -0.00858      0.11667
AL      0.49977      0.99296      0.49709      0.08613      0.26815      0.00736
AL      0.74855      0.25719      0.49792     -0.05174     -0.43030      0.13323
AL      0.74782      0.00164      0.75269     -0.01765     -0.04179     -0.30924
AL      0.50299      0.25102      0.74796     -0.10788     -0.08286      0.00448
AL      0.50391      0.50404      0.99404     -0.08141     -0.14635      0.35022
AL      0.75095      0.75432      0.99983     -0.02897     -0.20618      0.09182
AL      0.75444      0.49319      0.25544     -0.24140      0.36004     -0.29699
AL      0.50077      0.75441      0.24750     -0.12730     -0.26373     -0.05212
AL      0.49444      0.49974      0.50331      0.08447     -0.06411     -0.22354
AL      0.74255      0.73922      0.49806      0.29816      0.32635      0.03971
AL      0.74897      0.50100      0.74955      0.18337     -0.07230      0.01915
AL      0.50274      0.74667      0.75110     -0.02747      0.19472     -0.06362
