/* Converted from PWscf output file */ 
#L_UNITS ang 
#E_UNITS eV 
#S_UNITS GPA 
#F_UNITS EV/ANG 
#ALAT 	   8.07566     // a0 
#X 	   1.00000     0.00000     0.00000     // X 
#Y 	   0.00000     1.00000     0.00000     // Y 
#Z 	   0.00000     0.00000     1.00000     // Z 
#SX 	   0.03777     0.00248    -0.00540     // SX 
#SY 	   0.00248     0.03835    -0.00015     // SY 
#SZ 	  -0.00540    -0.00015     0.04375     // SZ 
#EPA 	  -3.36824     // Energy per Atom 
#RCUT 	6.5        // Rcut 
AL      0.99820      0.00229      0.00307      0.07801     -0.06094     -0.13599
AL      0.25072      0.24815      0.99888      0.00051      0.01056     -0.01670
AL      0.25036      0.00008      0.25035     -0.04821      0.01530     -0.03029
AL      0.00079      0.24979      0.24947     -0.08081     -0.00653      0.04601
AL      0.00246      0.99905      0.49931     -0.10838      0.02076     -0.03840
AL      0.25045      0.25000      0.49954     -0.03261     -0.02558      0.02665
AL      0.24940      0.99957      0.75083      0.03775     -0.01801     -0.01316
AL      0.99884      0.24910      0.74756      0.03146      0.00836      0.07992
AL      0.00111      0.49912      0.99974     -0.11446     -0.02098     -0.02413
AL      0.24565      0.74914      0.00257      0.16358      0.01016     -0.10639
AL      0.24776      0.49808      0.24878      0.12225      0.05022      0.00417
AL      0.00035      0.74954      0.25009     -0.09659      0.00845      0.00641
AL      0.00065      0.49995      0.49761     -0.03576     -0.00907      0.05160
AL      0.25111      0.74890      0.49772     -0.04154     -0.00883      0.08823
AL      0.24907      0.49805      0.75111      0.01586      0.06063     -0.01889
AL      0.00209      0.75130      0.74881     -0.03683     -0.03457      0.02373
AL      0.50003      0.99695      0.99941     -0.07840      0.06816     -0.07189
AL      0.74899      0.24779      0.00096      0.00282      0.10588     -0.09218
AL      0.74713      0.99975      0.24460      0.09188      0.01803      0.24928
AL      0.49730      0.24993      0.25000      0.06549      0.00256      0.00355
AL      0.49914      0.99836      0.49852      0.03626      0.05887      0.05230
AL      0.74920      0.24816      0.50184      0.03300      0.01580     -0.16448
AL      0.74974      0.99974      0.74907      0.02524     -0.02063      0.00177
AL      0.50098      0.24921      0.74676     -0.02823     -0.01724      0.12077
AL      0.50155      0.49804      0.99834     -0.04993      0.09916      0.02604
AL      0.75146      0.75177      0.99842     -0.02591     -0.14491      0.01426
AL      0.74730      0.49822      0.24957      0.03048      0.06511      0.01726
AL      0.49820      0.75380      0.25084      0.05950     -0.23392     -0.08196
AL      0.49754      0.50001      0.50229      0.07992     -0.00207     -0.12645
AL      0.75052      0.74992      0.49945      0.00235      0.00942     -0.05197
AL      0.75231      0.50072      0.74778     -0.02598     -0.02264      0.07142
AL      0.50091      0.74920      0.74820     -0.07274     -0.00153      0.08947
