/* Converted from PWscf output file */ 
#L_UNITS ang 
#E_UNITS eV 
#S_UNITS GPA 
#F_UNITS EV/ANG 
#ALAT 	   8.07566     // a0 
#X 	   1.00000     0.00000     0.00000     // X 
#Y 	   0.00000     1.00000     0.00000     // Y 
#Z 	   0.00000     0.00000     1.00000     // Z 
#SX 	   0.00277     0.00044    -0.00073     // SX 
#SY 	   0.00044     0.00379    -0.00073     // SY 
#SZ 	  -0.00073    -0.00073     0.00394     // SZ 
#EPA 	  -3.36936     // Energy per Atom 
#RCUT 	6.5        // Rcut 
AL      0.00051      0.99936      0.99944     -0.02138      0.00981      0.01435
AL      0.24954      0.24934      0.00014      0.01417      0.02813     -0.02724
AL      0.25063      0.99946      0.24964     -0.02784      0.02117      0.00587
AL      0.00010      0.25040      0.24912     -0.00137     -0.03015      0.03651
AL      0.00065      0.99924      0.49999     -0.02348      0.02828     -0.01429
AL      0.25002      0.25004      0.50007     -0.00907     -0.00800     -0.01349
AL      0.24994      0.00016      0.74975      0.00289      0.00657      0.00424
AL      0.99973      0.25026      0.74917      0.00185     -0.00431      0.03708
AL      0.99938      0.50033      0.00088      0.02408     -0.00656     -0.05009
AL      0.25072      0.75039      0.99952     -0.01550     -0.03782      0.01284
AL      0.24873      0.49952      0.25040      0.03739      0.01954     -0.01595
AL      0.99951      0.74995      0.24996      0.00868      0.01342      0.00030
AL      0.99948      0.49964      0.50063      0.00319      0.01743     -0.02166
AL      0.25002      0.75048      0.49921     -0.01927     -0.03607      0.02101
AL      0.24981      0.50018      0.74948     -0.00168     -0.00449      0.02635
AL      0.00018      0.75021      0.75001     -0.00706     -0.01372      0.00040
AL      0.49962      0.00019      0.99991      0.02212     -0.00546      0.00053
AL      0.75015      0.24924      0.00040     -0.00719      0.02567     -0.02478
AL      0.75017      0.00108      0.25005     -0.01193     -0.04888      0.00240
AL      0.49977      0.25016      0.25061      0.00102      0.00191     -0.01639
AL      0.49923      0.99932      0.50020      0.03338      0.02349     -0.01900
AL      0.75026      0.24959      0.49966     -0.00328      0.01044     -0.00109
AL      0.74981      0.00022      0.75011      0.00940     -0.00966     -0.00584
AL      0.50050      0.25008      0.74868     -0.01561     -0.00443      0.04350
AL      0.49984      0.49899      0.99959     -0.01559      0.01573      0.01163
AL      0.74943      0.74972      0.00007     -0.00523      0.02563     -0.00160
AL      0.74991      0.50077      0.24979     -0.01257     -0.03173      0.01530
AL      0.49945      0.74921      0.25065      0.02109      0.01575     -0.03787
AL      0.50013      0.50008      0.50020     -0.00870     -0.00790     -0.01334
AL      0.74959      0.74991      0.50018      0.01967      0.01652     -0.01015
AL      0.74969      0.50060      0.75023      0.00966     -0.02186      0.00445
AL      0.49982      0.75025      0.74912     -0.00184     -0.00846      0.03601
