/* Converted from PWscf output file */ 
#L_UNITS ang 
#E_UNITS eV 
#S_UNITS GPA 
#F_UNITS EV/ANG 
#ALAT 	   8.16242     // a0 
#X 	   1.00000     0.00000     0.00000     // X 
#Y 	   0.00000     1.01970     0.05284     // Y 
#Z 	   0.00000     0.05284     1.01970     // Z 
#SX 	   0.26965     0.00000     0.00000     // SX 
#SY 	   0.00000     0.27578    -0.08750     // SY 
#SZ 	   0.00000    -0.08750     0.27578     // SZ 
#EPA 	  -3.28326     // Energy per Atom 
#RCUT 	6.5        // Rcut 
AL      0.00000     -0.04670     -0.04670      0.00000      0.21625      0.21625
AL      0.26861      0.24999     -0.00700      0.02329     -0.08624      0.03728
AL      0.26861     -0.00700      0.24999      0.02329      0.03728     -0.08624
AL      0.00000      0.15134      0.15134     -0.00000     -0.02092     -0.02092
AL      0.00000      0.34866      0.34866     -0.00000      0.02092      0.02092
AL      0.00000      0.01049      0.48951      0.00000      0.12307     -0.12307
AL      0.26861      0.25001      0.50700      0.02329      0.08624     -0.03728
AL      0.25688     -0.00173      0.74436      0.00855     -0.02454     -0.04538
AL      0.00000      0.25000      0.75000      0.00000      0.00000      0.00000
AL      0.00000      0.48951      0.01049      0.00000     -0.12307      0.12307
AL      0.25688      0.74436     -0.00173      0.00855     -0.04538     -0.02454
AL      0.26861      0.50700      0.25001      0.02329     -0.03728      0.08624
AL      0.00000      0.75000      0.25000      0.00000      0.00000      0.00000
AL      0.00000      0.54670      0.54670      0.00000     -0.21625     -0.21625
AL      0.25688      0.75564      0.50173      0.00855      0.04538      0.02454
AL      0.25688      0.50173      0.75564      0.00855      0.02454      0.04538
AL      0.00000      0.75000      0.75000      0.00000      0.00000      0.00000
AL      0.50000     -0.00405     -0.00405      0.00000     -0.08729     -0.08729
AL      0.73139      0.24999     -0.00700     -0.02329     -0.08624      0.03728
AL      0.73139     -0.00700      0.24999     -0.02329      0.03728     -0.08624
AL      0.50000      0.25000      0.25000      0.00000      0.00000      0.00000
AL      0.50000     -0.00121      0.50121     -0.00000      0.03172     -0.03172
AL      0.73139      0.25001      0.50700     -0.02329      0.08624     -0.03728
AL      0.74312     -0.00173      0.74436     -0.00855     -0.02454     -0.04538
AL      0.50000      0.25000      0.75000      0.00000      0.00000      0.00000
AL      0.50000      0.50121     -0.00121      0.00000     -0.03172      0.03172
AL      0.74312      0.74436     -0.00173     -0.00855     -0.04538     -0.02454
AL      0.73139      0.50700      0.25001     -0.02329     -0.03728      0.08624
AL      0.50000      0.75000      0.25000      0.00000      0.00000      0.00000
AL      0.50000      0.50405      0.50405      0.00000      0.08729      0.08729
AL      0.74312      0.75564      0.50173     -0.00855      0.04538      0.02454
AL      0.74312      0.50173      0.75564     -0.00855      0.02454      0.04538
AL      0.50000      0.75000      0.75000      0.00000      0.00000      0.00000
