/* Converted from PWscf output file */ 
#L_UNITS ang 
#E_UNITS eV 
#S_UNITS GPA 
#F_UNITS EV/ANG 
#ALAT 	   8.27627     // a0 
#X 	   1.00000     0.00000     0.00000     // X 
#Y 	   0.00000     1.00411     0.00000     // Y 
#Z 	   0.00000     0.00000     1.00000     // Z 
#SX 	  -0.81843     0.00000     0.00000     // SX 
#SY 	   0.00000    -0.40572     0.00000     // SY 
#SZ 	   0.00000     0.00000    -0.81843     // SZ 
#EPA 	  -3.28755     // Energy per Atom 
#RCUT 	6.5        // Rcut 
AL      0.00000     -0.01506     -0.03518      0.00000      0.08771      0.05332
AL      0.24638      0.25000      0.00362     -0.13457      0.00000      0.13457
AL      0.28518     -0.01506      0.25000     -0.05332      0.08771     -0.00000
AL      0.00000      0.10289      0.25000     -0.00000     -0.16481      0.00000
AL      0.00000      0.39711      0.25000      0.00000      0.16481      0.00000
AL      0.00000     -0.01506      0.53518     -0.00000      0.08771     -0.05332
AL      0.24638      0.25000      0.49638     -0.13457      0.00000     -0.13457
AL      0.25547      0.00064      0.75000      0.22850      0.04390      0.00000
AL      0.00000      0.25000      0.75000      0.00000      0.00000      0.00000
AL      0.00000      0.51506     -0.03518     -0.00000     -0.08771      0.05332
AL      0.25236      0.75000     -0.00236      0.07093     -0.00000     -0.07093
AL      0.28518      0.51506      0.25000     -0.05332     -0.08771      0.00000
AL      0.00000      0.75000      0.25000      0.00000      0.00000      0.00000
AL      0.00000      0.51506      0.53518      0.00000     -0.08771     -0.05332
AL      0.25236      0.75000      0.50236      0.07093      0.00000      0.07093
AL      0.25547      0.49936      0.75000      0.22850     -0.04390     -0.00000
AL      0.00000      0.75000      0.75000      0.00000      0.00000      0.00000
AL      0.50000      0.00064     -0.00547      0.00000      0.04390     -0.22850
AL      0.75362      0.25000      0.00362      0.13457      0.00000      0.13457
AL      0.71482     -0.01506      0.25000      0.05332      0.08771      0.00000
AL      0.50000      0.25000      0.25000      0.00000      0.00000      0.00000
AL      0.50000      0.00064      0.50547      0.00000      0.04390      0.22850
AL      0.75362      0.25000      0.49638      0.13457      0.00000     -0.13457
AL      0.74453      0.00064      0.75000     -0.22850      0.04390     -0.00000
AL      0.50000      0.25000      0.75000      0.00000      0.00000      0.00000
AL      0.50000      0.49936     -0.00547      0.00000     -0.04390     -0.22850
AL      0.74764      0.75000     -0.00236     -0.07093      0.00000     -0.07093
AL      0.71482      0.51506      0.25000      0.05332     -0.08771     -0.00000
AL      0.50000      0.75000      0.25000      0.00000      0.00000      0.00000
AL      0.50000      0.49936      0.50547      0.00000     -0.04390      0.22850
AL      0.74764      0.75000      0.50236     -0.07093     -0.00000      0.07093
AL      0.74453      0.49936      0.75000     -0.22850     -0.04390      0.00000
AL      0.50000      0.75000      0.75000      0.00000      0.00000      0.00000
