/* Converted from PWscf output file */ 
#L_UNITS ang 
#E_UNITS eV 
#S_UNITS GPA 
#F_UNITS EV/ANG 
#ALAT 	   8.30007     // a0 
#X 	   1.00000     0.00000     0.00000     // X 
#Y 	   0.00000     1.00122     0.00000     // Y 
#Z 	   0.00000     0.00000     1.00000     // Z 
#SX 	  -1.30232     0.00000     0.00000     // SX 
#SY 	   0.00000    -0.59676     0.00000     // SY 
#SZ 	   0.00000     0.00000    -1.30232     // SZ 
#EPA 	  -3.28556     // Energy per Atom 
#RCUT 	6.5        // Rcut 
AL      0.00000     -0.01489     -0.03401     -0.00000      0.01736     -0.05518
AL      0.24736      0.25000      0.00264     -0.12862     -0.00000      0.12862
AL      0.28401     -0.01489      0.25000      0.05518      0.01736      0.00000
AL      0.00000      0.10521      0.25000      0.00000     -0.53930     -0.00000
AL      0.00000      0.39479      0.25000      0.00000      0.53930     -0.00000
AL      0.00000     -0.01489      0.53401      0.00000      0.01736      0.05518
AL      0.24736      0.25000      0.49736     -0.12862     -0.00000     -0.12862
AL      0.25379      0.00036      0.75000      0.24664      0.03597      0.00000
AL      0.00000      0.25000      0.75000      0.00000      0.00000      0.00000
AL      0.00000      0.51489     -0.03401      0.00000     -0.01736     -0.05518
AL      0.25180      0.75000     -0.00180      0.07827     -0.00000     -0.07827
AL      0.28401      0.51489      0.25000      0.05518     -0.01736     -0.00000
AL      0.00000      0.75000      0.25000      0.00000      0.00000      0.00000
AL      0.00000      0.51489      0.53401      0.00000     -0.01736      0.05518
AL      0.25180      0.75000      0.50180      0.07827      0.00000      0.07827
AL      0.25379      0.49964      0.75000      0.24664     -0.03597     -0.00000
AL      0.00000      0.75000      0.75000      0.00000      0.00000      0.00000
AL      0.50000      0.00036     -0.00379      0.00000      0.03597     -0.24664
AL      0.75264      0.25000      0.00264      0.12862     -0.00000      0.12862
AL      0.71599     -0.01489      0.25000     -0.05518      0.01736     -0.00000
AL      0.50000      0.25000      0.25000      0.00000      0.00000      0.00000
AL      0.50000      0.00036      0.50379      0.00000      0.03597      0.24664
AL      0.75264      0.25000      0.49736      0.12862     -0.00000     -0.12862
AL      0.74621      0.00036      0.75000     -0.24664      0.03597     -0.00000
AL      0.50000      0.25000      0.75000      0.00000      0.00000      0.00000
AL      0.50000      0.49964     -0.00379      0.00000     -0.03597     -0.24664
AL      0.74820      0.75000     -0.00180     -0.07827      0.00000     -0.07827
AL      0.71599      0.51489      0.25000     -0.05518     -0.01736      0.00000
AL      0.50000      0.75000      0.25000      0.00000      0.00000      0.00000
AL      0.50000      0.49964      0.50379      0.00000     -0.03597      0.24664
AL      0.74820      0.75000      0.50180     -0.07827     -0.00000      0.07827
AL      0.74621      0.49964      0.75000     -0.24664     -0.03597      0.00000
AL      0.50000      0.75000      0.75000      0.00000      0.00000      0.00000
