/* Converted from PWscf output file */ 
#L_UNITS ang 
#E_UNITS eV 
#S_UNITS GPA 
#F_UNITS EV/ANG 
#ALAT 	   8.21348     // a0 
#X 	   1.00000     0.00000     0.00000     // X 
#Y 	   0.00000     0.99346     0.00000     // Y 
#Z 	   0.00000     0.00000     1.00000     // Z 
#SX 	   8.63320     0.00000     0.00000     // SX 
#SY 	   0.00000     4.76271     0.00000     // SY 
#SZ 	   0.00000     0.00000     8.63320     // SZ 
#EPA 	  -3.13671     // Energy per Atom 
#RCUT 	6.5        // Rcut 
AL      0.00000     -0.00393     -0.00976      0.00000     -1.54428     -3.84058
AL      0.24978      0.25000      0.00022     -0.08835      0.00000      0.08835
AL      0.25976     -0.00393      0.25000      3.84058     -1.54428      0.00000
AL      0.00000      0.11251      0.25000      0.00000      4.91989      0.00000
AL      0.00000      0.38749      0.25000      0.00000     -4.91989      0.00000
AL      0.00000     -0.00393      0.50976      0.00000     -1.54428      3.84058
AL      0.24978      0.25000      0.49978     -0.08835      0.00000     -0.08835
AL      0.25000     -0.00001      0.75000      0.00190     -0.00253      0.00000
AL      0.00000      0.25000      0.75000      0.00000      0.00000      0.00000
AL      0.00000      0.50393     -0.00976      0.00000      1.54428     -3.84058
AL      0.25015      0.75000     -0.00015      0.05851      0.00000     -0.05851
AL      0.25976      0.50393      0.25000      3.84058      1.54428     -0.00000
AL      0.00000      0.75000      0.25000      0.00000      0.00000      0.00000
AL      0.00000      0.50393      0.50976      0.00000      1.54428      3.84058
AL      0.25015      0.75000      0.50015      0.05851      0.00000      0.05851
AL      0.25000      0.50001      0.75000      0.00190      0.00253     -0.00000
AL      0.00000      0.75000      0.75000      0.00000      0.00000      0.00000
AL      0.50000     -0.00001     -0.00000      0.00000     -0.00253     -0.00190
AL      0.75022      0.25000      0.00022      0.08835      0.00000      0.08835
AL      0.74024     -0.00393      0.25000     -3.84058     -1.54428     -0.00000
AL      0.50000      0.25000      0.25000      0.00000      0.00000      0.00000
AL      0.50000     -0.00001      0.50000     -0.00000     -0.00253      0.00190
AL      0.75022      0.25000      0.49978      0.08835      0.00000     -0.08835
AL      0.75000     -0.00001      0.75000     -0.00190     -0.00253      0.00000
AL      0.50000      0.25000      0.75000      0.00000      0.00000      0.00000
AL      0.50000      0.50001     -0.00000      0.00000      0.00253     -0.00190
AL      0.74985      0.75000     -0.00015     -0.05851     -0.00000     -0.05851
AL      0.74024      0.50393      0.25000     -3.84058      1.54428      0.00000
AL      0.50000      0.75000      0.25000      0.00000      0.00000      0.00000
AL      0.50000      0.50001      0.50000      0.00000      0.00253      0.00190
AL      0.74985      0.75000      0.50015     -0.05851      0.00000      0.05851
AL      0.75000      0.50001      0.75000     -0.00190      0.00253      0.00000
AL      0.50000      0.75000      0.75000      0.00000      0.00000      0.00000
