/* Converted from PWscf output file */ 
#L_UNITS ang 
#E_UNITS eV 
#S_UNITS GPA 
#F_UNITS EV/ANG 
#ALAT 	   8.29572     // a0 
#X 	   1.00000    -0.00537    -0.00537     // X 
#Y 	  -0.00537     1.00000    -0.00537     // Y 
#Z 	  -0.00537    -0.00537     1.00000     // Z 
#SX 	  -0.17427     0.64518     0.64518     // SX 
#SY 	   0.64518    -0.17427     0.64518     // SY 
#SZ 	   0.64518     0.64518    -0.17427     // SZ 
#EPA 	  -3.26328     // Energy per Atom 
#RCUT 	6.5        // Rcut 
AL      0.08045      0.08045      0.08045      0.25187      0.25187      0.25187
AL     -0.08045     -0.08045     -0.08045     -0.25187     -0.25187     -0.25187
AL      0.28049      0.28049     -0.02300     -0.09514     -0.09514      0.19894
AL      0.28049     -0.02300      0.28049     -0.09514      0.19894     -0.09514
AL     -0.02300      0.28049      0.28049      0.19894     -0.09514     -0.09514
AL      0.00000      0.00000      0.50000      0.00000      0.00000      0.00000
AL      0.25027      0.25027      0.49939     -0.01895     -0.01895     -0.01294
AL      0.24688      0.00000      0.75312     -0.06321     -0.00000      0.06321
AL      0.00000      0.24688      0.75312     -0.00000     -0.06321      0.06321
AL      0.00000      0.50000      0.00000      0.00000      0.00000      0.00000
AL      0.24688      0.75312      0.00000     -0.06321      0.06321      0.00000
AL      0.25027      0.49939      0.25027     -0.01895     -0.01294     -0.01895
AL      0.00000      0.75312      0.24688      0.00000      0.06321     -0.06321
AL      0.00000      0.50000      0.50000     -0.00000     -0.00000     -0.00000
AL      0.25612      0.74388      0.50000      0.16523     -0.16523     -0.00000
AL      0.25612      0.50000      0.74388      0.16523      0.00000     -0.16523
AL      0.02300      0.71951      0.71951     -0.19894      0.09514      0.09514
AL      0.50000      0.00000      0.00000      0.00000      0.00000      0.00000
AL      0.75312      0.24688      0.00000      0.06321     -0.06321     -0.00000
AL      0.75312      0.00000      0.24688      0.06321      0.00000     -0.06321
AL      0.49939      0.25027      0.25027     -0.01294     -0.01895     -0.01895
AL      0.50000      0.00000      0.50000      0.00000     -0.00000     -0.00000
AL      0.74388      0.25612      0.50000     -0.16523      0.16523      0.00000
AL      0.71951      0.02300      0.71951      0.09514     -0.19894      0.09514
AL      0.50000      0.25612      0.74388      0.00000      0.16523     -0.16523
AL      0.50000      0.50000      0.00000     -0.00000      0.00000     -0.00000
AL      0.71951      0.71951      0.02300      0.09514      0.09514     -0.19894
AL      0.74388      0.50000      0.25612     -0.16523     -0.00000      0.16523
AL      0.50000      0.74388      0.25612      0.00000     -0.16523      0.16523
AL      0.50000      0.50000      0.50000      0.00000      0.00000      0.00000
AL      0.74973      0.74973      0.50061      0.01895      0.01895      0.01294
AL      0.74973      0.50061      0.74973      0.01895      0.01294      0.01895
AL      0.50061      0.74973      0.74973      0.01294      0.01895      0.01895
