/* Converted from PWscf output file */ 
#L_UNITS ang 
#E_UNITS eV 
#S_UNITS GPA 
#F_UNITS EV/ANG 
#ALAT 	   8.12091     // a0 
#X 	   1.00000     0.00000     0.00000     // X 
#Y 	   0.00000     1.03023     0.05582     // Y 
#Z 	   0.00000     0.05582     1.03023     // Z 
#SX 	  -0.08458     0.00000     0.00000     // SX 
#SY 	   0.00000    -0.06417     0.01444     // SY 
#SZ 	   0.00000     0.01444    -0.06417     // SZ 
#EPA 	  -3.28613     // Energy per Atom 
#RCUT 	6.5        // Rcut 
AL      0.00000     -0.04494     -0.04494      0.00000      0.00897      0.00897
AL      0.27129      0.24143     -0.00920     -0.00828     -0.01619     -0.00598
AL      0.27129     -0.00920      0.24143     -0.00828     -0.00598     -0.01619
AL      0.00000      0.15284      0.15284      0.00000      0.00736      0.00736
AL      0.00000      0.34716      0.34716      0.00000     -0.00736     -0.00736
AL      0.00000      0.01966      0.48034     -0.00000     -0.02136      0.02136
AL      0.27129      0.25857      0.50920     -0.00828      0.01619      0.00598
AL      0.25231     -0.00210      0.73706      0.00943      0.00162     -0.00354
AL      0.00000      0.25000      0.75000      0.00000      0.00000      0.00000
AL      0.00000      0.48034      0.01966     -0.00000      0.02136     -0.02136
AL      0.25231      0.73706     -0.00210      0.00943     -0.00354      0.00162
AL      0.27129      0.50920      0.25857     -0.00828      0.00598      0.01619
AL      0.00000      0.75000      0.25000      0.00000      0.00000      0.00000
AL      0.00000      0.54494      0.54494      0.00000     -0.00897     -0.00897
AL      0.25231      0.76294      0.50210      0.00943      0.00354     -0.00162
AL      0.25231      0.50210      0.76294      0.00943     -0.00162      0.00354
AL      0.00000      0.75000      0.75000      0.00000      0.00000      0.00000
AL      0.50000     -0.01675     -0.01675      0.00000      0.00282      0.00282
AL      0.72871      0.24143     -0.00920      0.00828     -0.01619     -0.00598
AL      0.72871     -0.00920      0.24143      0.00828     -0.00598     -0.01619
AL      0.50000      0.25000      0.25000      0.00000      0.00000      0.00000
AL      0.50000      0.00315      0.49685      0.00000     -0.00546      0.00546
AL      0.72871      0.25857      0.50920      0.00828      0.01619      0.00598
AL      0.74769     -0.00210      0.73706     -0.00943      0.00162     -0.00354
AL      0.50000      0.25000      0.75000      0.00000      0.00000      0.00000
AL      0.50000      0.49685      0.00315      0.00000      0.00546     -0.00546
AL      0.74769      0.73706     -0.00210     -0.00943     -0.00354      0.00162
AL      0.72871      0.50920      0.25857      0.00828      0.00598      0.01619
AL      0.50000      0.75000      0.25000      0.00000      0.00000      0.00000
AL      0.50000      0.51675      0.51675      0.00000     -0.00282     -0.00282
AL      0.74769      0.76294      0.50210     -0.00943      0.00354     -0.00162
AL      0.74769      0.50210      0.76294     -0.00943     -0.00162      0.00354
AL      0.50000      0.75000      0.75000      0.00000      0.00000      0.00000
