/* Converted from PWscf output file */ 
#L_UNITS ang 
#E_UNITS eV 
#S_UNITS GPA 
#F_UNITS EV/ANG 
#ALAT 	   8.27650     // a0 
#X 	   1.00000     0.00436     0.00436     // X 
#Y 	   0.00436     1.00000     0.00436     // Y 
#Z 	   0.00436     0.00436     1.00000     // Z 
#SX 	   0.12790     0.43313     0.43313     // SX 
#SY 	   0.43313     0.12790     0.43313     // SY 
#SZ 	   0.43313     0.43313     0.12790     // SZ 
#EPA 	  -3.26797     // Energy per Atom 
#RCUT 	6.5        // Rcut 
AL      0.07986      0.07986      0.07986      0.30401      0.30401      0.30401
AL     -0.07986     -0.07986     -0.07986     -0.30401     -0.30401     -0.30401
AL      0.28057      0.28057     -0.01942     -0.06573     -0.06573      0.16785
AL      0.28057     -0.01942      0.28057     -0.06573      0.16785     -0.06573
AL     -0.01942      0.28057      0.28057      0.16785     -0.06573     -0.06573
AL      0.00000      0.00000      0.50000      0.00000      0.00000     -0.00000
AL      0.24982      0.24982      0.49908     -0.05123     -0.05123      0.02528
AL      0.24499      0.00000      0.75501      0.00159      0.00000     -0.00159
AL      0.00000      0.24499      0.75501     -0.00000      0.00159     -0.00159
AL      0.00000      0.50000      0.00000      0.00000      0.00000     -0.00000
AL      0.24499      0.75501      0.00000      0.00159     -0.00159     -0.00000
AL      0.24982      0.49908      0.24982     -0.05123      0.02528     -0.05123
AL      0.00000      0.75501      0.24499     -0.00000     -0.00159      0.00159
AL      0.00000      0.50000      0.50000     -0.00000     -0.00000     -0.00000
AL      0.26072      0.73928      0.50000     -0.04037      0.04037      0.00000
AL      0.26072      0.50000      0.73928     -0.04037     -0.00000      0.04037
AL      0.01942      0.71943      0.71943     -0.16785      0.06573      0.06573
AL      0.50000      0.00000      0.00000     -0.00000     -0.00000      0.00000
AL      0.75501      0.24499      0.00000     -0.00159      0.00159      0.00000
AL      0.75501      0.00000      0.24499     -0.00159     -0.00000      0.00159
AL      0.49908      0.24982      0.24982      0.02528     -0.05123     -0.05123
AL      0.50000      0.00000      0.50000      0.00000      0.00000     -0.00000
AL      0.73928      0.26072      0.50000      0.04037     -0.04037     -0.00000
AL      0.71943      0.01942      0.71943      0.06573     -0.16785      0.06573
AL      0.50000      0.26072      0.73928      0.00000     -0.04037      0.04037
AL      0.50000      0.50000      0.00000     -0.00000     -0.00000      0.00000
AL      0.71943      0.71943      0.01942      0.06573      0.06573     -0.16785
AL      0.73928      0.50000      0.26072      0.04037      0.00000     -0.04037
AL      0.50000      0.73928      0.26072     -0.00000      0.04037     -0.04037
AL      0.50000      0.50000      0.50000     -0.00000     -0.00000      0.00000
AL      0.75018      0.75018      0.50092      0.05123      0.05123     -0.02528
AL      0.75018      0.50092      0.75018      0.05123     -0.02528      0.05123
AL      0.50092      0.75018      0.75018     -0.02528      0.05123      0.05123
