/* Converted from PWscf output file */ 
#L_UNITS ang 
#E_UNITS eV 
#S_UNITS GPA 
#F_UNITS EV/ANG 
#ALAT 	   8.29649     // a0 
#X 	   1.00000    -0.00846    -0.00846     // X 
#Y 	  -0.00846     1.00000    -0.00846     // Y 
#Z 	  -0.00846    -0.00846     1.00000     // Z 
#SX 	   0.48505    -0.18988    -0.18988     // SX 
#SY 	  -0.18988     0.48505    -0.18988     // SY 
#SZ 	  -0.18988    -0.18988     0.48505     // SZ 
#EPA 	  -3.23010     // Energy per Atom 
#RCUT 	6.5        // Rcut 
AL      0.08466      0.08466      0.08466     -2.09522     -2.09522     -2.09522
AL     -0.08466     -0.08466     -0.08466      2.09522      2.09522      2.09522
AL      0.27931      0.27931     -0.02485      1.00226      1.00226     -0.60348
AL      0.27931     -0.02485      0.27931      1.00226     -0.60348      1.00226
AL     -0.02485      0.27931      0.27931     -0.60348      1.00226      1.00226
AL      0.00000      0.00000      0.50000      0.00000     -0.00000     -0.00000
AL      0.25034      0.25034      0.49983      0.02334      0.02334     -0.02172
AL      0.24867      0.00000      0.75133     -0.11333     -0.00000      0.11333
AL      0.00000      0.24867      0.75133      0.00000     -0.11333      0.11333
AL      0.00000      0.50000      0.00000      0.00000      0.00000      0.00000
AL      0.24867      0.75133      0.00000     -0.11333      0.11333      0.00000
AL      0.25034      0.49983      0.25034      0.02334     -0.02172      0.02334
AL      0.00000      0.75133      0.24867     -0.00000      0.11333     -0.11333
AL      0.00000      0.50000      0.50000     -0.00000     -0.00000     -0.00000
AL      0.25161      0.74839      0.50000      0.20792     -0.20792      0.00000
AL      0.25161      0.50000      0.74839      0.20792      0.00000     -0.20792
AL      0.02485      0.72069      0.72069      0.60348     -1.00226     -1.00226
AL      0.50000      0.00000      0.00000      0.00000      0.00000      0.00000
AL      0.75133      0.24867      0.00000      0.11333     -0.11333      0.00000
AL      0.75133      0.00000      0.24867      0.11333      0.00000     -0.11333
AL      0.49983      0.25034      0.25034     -0.02172      0.02334      0.02334
AL      0.50000      0.00000      0.50000      0.00000      0.00000      0.00000
AL      0.74839      0.25161      0.50000     -0.20792      0.20792     -0.00000
AL      0.72069      0.02485      0.72069     -1.00226      0.60348     -1.00226
AL      0.50000      0.25161      0.74839     -0.00000      0.20792     -0.20792
AL      0.50000      0.50000      0.00000     -0.00000     -0.00000     -0.00000
AL      0.72069      0.72069      0.02485     -1.00226     -1.00226      0.60348
AL      0.74839      0.50000      0.25161     -0.20792     -0.00000      0.20792
AL      0.50000      0.74839      0.25161      0.00000     -0.20792      0.20792
AL      0.50000      0.50000      0.50000      0.00000      0.00000      0.00000
AL      0.74966      0.74966      0.50017     -0.02334     -0.02334      0.02172
AL      0.74966      0.50017      0.74966     -0.02334      0.02172     -0.02334
AL      0.50017      0.74966      0.74966      0.02172     -0.02334     -0.02334
