/* Converted from PWscf output file */ 
#L_UNITS ang 
#E_UNITS eV 
#S_UNITS GPA 
#F_UNITS EV/ANG 
#ALAT 	   8.27280     // a0 
#X 	   1.00000     0.03477     0.03477     // X 
#Y 	   0.03477     1.00000     0.03477     // Y 
#Z 	   0.03477     0.03477     1.00000     // Z 
#SX 	   0.19148     0.08400     0.08400     // SX 
#SY 	   0.08400     0.19148     0.08400     // SY 
#SZ 	   0.08400     0.08400     0.19148     // SZ 
#EPA 	  -3.27810     // Energy per Atom 
#RCUT 	6.5        // Rcut 
AL      0.07619      0.07619      0.07619     -0.08270     -0.08270     -0.08270
AL     -0.07619     -0.07619     -0.07619      0.08270      0.08270      0.08270
AL      0.28362      0.28362      0.02145      0.11821      0.11821     -0.08772
AL      0.28362      0.02145      0.28362      0.11821     -0.08772      0.11821
AL      0.02145      0.28362      0.28362     -0.08772      0.11821      0.11821
AL      0.00000      0.00000      0.50000     -0.00000      0.00000     -0.00000
AL      0.25886      0.25886      0.51694      0.03406      0.03406      0.01261
AL      0.24375      0.00000      0.75625      0.00050     -0.00000     -0.00050
AL      0.00000      0.24375      0.75625      0.00000      0.00050     -0.00050
AL      0.00000      0.50000      0.00000      0.00000     -0.00000     -0.00000
AL      0.24375      0.75625      0.00000      0.00050     -0.00050      0.00000
AL      0.25886      0.51694      0.25886      0.03406      0.01261      0.03406
AL      0.00000      0.75625      0.24375     -0.00000     -0.00050      0.00050
AL      0.00000      0.50000      0.50000      0.00000     -0.00000     -0.00000
AL      0.24819      0.75181      0.50000     -0.03017      0.03017     -0.00000
AL      0.24819      0.50000      0.75181     -0.03017      0.00000      0.03017
AL     -0.02145      0.71638      0.71638      0.08772     -0.11821     -0.11821
AL      0.50000      0.00000      0.00000     -0.00000      0.00000     -0.00000
AL      0.75625      0.24375      0.00000     -0.00050      0.00050     -0.00000
AL      0.75625      0.00000      0.24375     -0.00050      0.00000      0.00050
AL      0.51694      0.25886      0.25886      0.01261      0.03406      0.03406
AL      0.50000      0.00000      0.50000     -0.00000     -0.00000      0.00000
AL      0.75181      0.24819      0.50000      0.03017     -0.03017      0.00000
AL      0.71638     -0.02145      0.71638     -0.11821      0.08772     -0.11821
AL      0.50000      0.24819      0.75181     -0.00000     -0.03017      0.03017
AL      0.50000      0.50000      0.00000      0.00000     -0.00000      0.00000
AL      0.71638      0.71638     -0.02145     -0.11821     -0.11821      0.08772
AL      0.75181      0.50000      0.24819      0.03017     -0.00000     -0.03017
AL      0.50000      0.75181      0.24819      0.00000      0.03017     -0.03017
AL      0.50000      0.50000      0.50000      0.00000     -0.00000      0.00000
AL      0.74114      0.74114      0.48306     -0.03406     -0.03406     -0.01261
AL      0.74114      0.48306      0.74114     -0.03406     -0.01261     -0.03406
AL      0.48306      0.74114      0.74114     -0.01261     -0.03406     -0.03406
