/* Converted from PWscf output file */ 
#L_UNITS ang 
#E_UNITS eV 
#S_UNITS GPA 
#F_UNITS EV/ANG 
#ALAT 	   8.28722     // a0 
#X 	   1.00000     0.01543     0.01543     // X 
#Y 	   0.01543     1.00000     0.01543     // Y 
#Z 	   0.01543     0.01543     1.00000     // Z 
#SX 	  -0.17442    -0.02800    -0.02800     // SX 
#SY 	  -0.02800    -0.17442    -0.02800     // SY 
#SZ 	  -0.02800    -0.02800    -0.17442     // SZ 
#EPA 	  -3.27064     // Energy per Atom 
#RCUT 	6.5        // Rcut 
AL      0.07956      0.07956      0.07956     -0.25650     -0.25650     -0.25650
AL     -0.07956     -0.07956     -0.07956      0.25650      0.25650      0.25650
AL      0.28111      0.28111     -0.01192      0.05798      0.05798      0.09489
AL      0.28111     -0.01192      0.28111      0.05798      0.09489      0.05798
AL     -0.01192      0.28111      0.28111      0.09489      0.05798      0.05798
AL      0.00000      0.00000      0.50000     -0.00000     -0.00000      0.00000
AL      0.24778      0.24778      0.50107      0.01218      0.01218      0.06014
AL      0.24496      0.00000      0.75504      0.01318     -0.00000     -0.01318
AL      0.00000      0.24496      0.75504      0.00000      0.01318     -0.01318
AL      0.00000      0.50000      0.00000     -0.00000      0.00000     -0.00000
AL      0.24496      0.75504      0.00000      0.01318     -0.01318     -0.00000
AL      0.24778      0.50107      0.24778      0.01218      0.06014      0.01218
AL      0.00000      0.75504      0.24496     -0.00000     -0.01318      0.01318
AL      0.00000      0.50000      0.50000      0.00000      0.00000      0.00000
AL      0.25780      0.74220      0.50000     -0.09295      0.09295      0.00000
AL      0.25780      0.50000      0.74220     -0.09295      0.00000      0.09295
AL      0.01192      0.71889      0.71889     -0.09489     -0.05798     -0.05798
AL      0.50000      0.00000      0.00000      0.00000      0.00000     -0.00000
AL      0.75504      0.24496      0.00000     -0.01318      0.01318      0.00000
AL      0.75504      0.00000      0.24496     -0.01318      0.00000      0.01318
AL      0.50107      0.24778      0.24778      0.06014      0.01218      0.01218
AL      0.50000      0.00000      0.50000      0.00000     -0.00000      0.00000
AL      0.74220      0.25780      0.50000      0.09295     -0.09295     -0.00000
AL      0.71889      0.01192      0.71889     -0.05798     -0.09489     -0.05798
AL      0.50000      0.25780      0.74220     -0.00000     -0.09295      0.09295
AL      0.50000      0.50000      0.00000      0.00000      0.00000      0.00000
AL      0.71889      0.71889      0.01192     -0.05798     -0.05798     -0.09489
AL      0.74220      0.50000      0.25780      0.09295     -0.00000     -0.09295
AL      0.50000      0.74220      0.25780      0.00000      0.09295     -0.09295
AL      0.50000      0.50000      0.50000      0.00000     -0.00000      0.00000
AL      0.75222      0.75222      0.49893     -0.01218     -0.01218     -0.06014
AL      0.75222      0.49893      0.75222     -0.01218     -0.06014     -0.01218
AL      0.49893      0.75222      0.75222     -0.06014     -0.01218     -0.01218
