/* Converted from PWscf output file */ 
#L_UNITS ang 
#E_UNITS eV 
#S_UNITS GPA 
#F_UNITS EV/ANG 
#ALAT 	   8.28915     // a0 
#X 	   1.00000     0.03724     0.03724     // X 
#Y 	   0.03724     1.00000     0.03724     // Y 
#Z 	   0.03724     0.03724     1.00000     // Z 
#SX 	  -0.14584     0.01998     0.01998     // SX 
#SY 	   0.01998    -0.14584     0.01998     // SY 
#SZ 	   0.01998     0.01998    -0.14584     // SZ 
#EPA 	  -3.27856     // Energy per Atom 
#RCUT 	6.5        // Rcut 
AL      0.07620      0.07620      0.07620      0.03268      0.03268      0.03268
AL     -0.07620     -0.07620     -0.07620     -0.03268     -0.03268     -0.03268
AL      0.28470      0.28470      0.02103     -0.00325     -0.00325     -0.01983
AL      0.28470      0.02103      0.28470     -0.00325     -0.01983     -0.00325
AL      0.02103      0.28470      0.28470     -0.01983     -0.00325     -0.00325
AL      0.00000      0.00000      0.50000      0.00000     -0.00000     -0.00000
AL      0.25996      0.25996      0.51758      0.01078      0.01078      0.00373
AL      0.24383      0.00000      0.75617      0.00772     -0.00000     -0.00772
AL      0.00000      0.24383      0.75617      0.00000      0.00772     -0.00772
AL      0.00000      0.50000      0.00000     -0.00000      0.00000      0.00000
AL      0.24383      0.75617      0.00000      0.00772     -0.00772      0.00000
AL      0.25996      0.51758      0.25996      0.01078      0.00373      0.01078
AL      0.00000      0.75617      0.24383     -0.00000     -0.00772      0.00772
AL      0.00000      0.50000      0.50000     -0.00000      0.00000     -0.00000
AL      0.24760      0.75240      0.50000     -0.00626      0.00626     -0.00000
AL      0.24760      0.50000      0.75240     -0.00626      0.00000      0.00626
AL     -0.02103      0.71530      0.71530      0.01983      0.00325      0.00325
AL      0.50000      0.00000      0.00000      0.00000     -0.00000      0.00000
AL      0.75617      0.24383      0.00000     -0.00772      0.00772     -0.00000
AL      0.75617      0.00000      0.24383     -0.00772      0.00000      0.00772
AL      0.51758      0.25996      0.25996      0.00373      0.01078      0.01078
AL      0.50000      0.00000      0.50000     -0.00000      0.00000     -0.00000
AL      0.75240      0.24760      0.50000      0.00626     -0.00626      0.00000
AL      0.71530     -0.02103      0.71530      0.00325      0.01983      0.00325
AL      0.50000      0.24760      0.75240     -0.00000     -0.00626      0.00626
AL      0.50000      0.50000      0.00000      0.00000      0.00000     -0.00000
AL      0.71530      0.71530     -0.02103      0.00325      0.00325      0.01983
AL      0.75240      0.50000      0.24760      0.00626     -0.00000     -0.00626
AL      0.50000      0.75240      0.24760      0.00000      0.00626     -0.00626
AL      0.50000      0.50000      0.50000      0.00000      0.00000      0.00000
AL      0.74004      0.74004      0.48242     -0.01078     -0.01078     -0.00373
AL      0.74004      0.48242      0.74004     -0.01078     -0.00373     -0.01078
AL      0.48242      0.74004      0.74004     -0.00373     -0.01078     -0.01078
