/* Converted from PWscf output file */ 
#L_UNITS ang 
#E_UNITS eV 
#S_UNITS GPA 
#F_UNITS EV/ANG 
#ALAT 	   8.11531     // a0 
#X 	   1.00000     0.00000     0.00000     // X 
#Y 	   0.00000     1.03081     0.05606     // Y 
#Z 	   0.00000     0.05606     1.03081     // Z 
#SX 	  -0.00481     0.00000     0.00000     // SX 
#SY 	   0.00000    -0.00394     0.00160     // SY 
#SZ 	   0.00000     0.00160    -0.00394     // SZ 
#EPA 	  -3.28616     // Energy per Atom 
#RCUT 	6.5        // Rcut 
AL      0.00000     -0.04484     -0.04484      0.00000      0.00651      0.00651
AL      0.27109      0.24094     -0.00946     -0.00009     -0.00457     -0.00380
AL      0.27109     -0.00946      0.24094     -0.00009     -0.00380     -0.00457
AL      0.00000      0.15294      0.15294      0.00000     -0.01906     -0.01906
AL      0.00000      0.34706      0.34706      0.00000      0.01906      0.01906
AL      0.00000      0.01922      0.48078      0.00000     -0.00345      0.00345
AL      0.27109      0.25906      0.50946     -0.00009      0.00457      0.00380
AL      0.25240     -0.00203      0.73688      0.00178     -0.00251      0.00785
AL      0.00000      0.25000      0.75000      0.00000      0.00000      0.00000
AL      0.00000      0.48078      0.01922      0.00000      0.00345     -0.00345
AL      0.25240      0.73688     -0.00203      0.00178      0.00785     -0.00251
AL      0.27109      0.50946      0.25906     -0.00009      0.00380      0.00457
AL      0.00000      0.75000      0.25000      0.00000      0.00000      0.00000
AL      0.00000      0.54484      0.54484      0.00000     -0.00651     -0.00651
AL      0.25240      0.76312      0.50203      0.00178     -0.00785      0.00251
AL      0.25240      0.50203      0.76312      0.00178      0.00251     -0.00785
AL      0.00000      0.75000      0.75000      0.00000      0.00000      0.00000
AL      0.50000     -0.01686     -0.01686     -0.00000      0.00126      0.00126
AL      0.72891      0.24094     -0.00946      0.00009     -0.00457     -0.00380
AL      0.72891     -0.00946      0.24094      0.00009     -0.00380     -0.00457
AL      0.50000      0.25000      0.25000      0.00000      0.00000      0.00000
AL      0.50000      0.00308      0.49692     -0.00000      0.01725     -0.01725
AL      0.72891      0.25906      0.50946      0.00009      0.00457      0.00380
AL      0.74760     -0.00203      0.73688     -0.00178     -0.00251      0.00785
AL      0.50000      0.25000      0.75000      0.00000      0.00000      0.00000
AL      0.50000      0.49692      0.00308     -0.00000     -0.01725      0.01725
AL      0.74760      0.73688     -0.00203     -0.00178      0.00785     -0.00251
AL      0.72891      0.50946      0.25906      0.00009      0.00380      0.00457
AL      0.50000      0.75000      0.25000      0.00000      0.00000      0.00000
AL      0.50000      0.51686      0.51686     -0.00000     -0.00126     -0.00126
AL      0.74760      0.76312      0.50203     -0.00178     -0.00785      0.00251
AL      0.74760      0.50203      0.76312     -0.00178      0.00251     -0.00785
AL      0.50000      0.75000      0.75000      0.00000      0.00000      0.00000
