/* Converted from PWscf output file */ 
#L_UNITS ang 
#E_UNITS eV 
#S_UNITS GPA 
#F_UNITS EV/ANG 
#ALAT 	   8.30447     // a0 
#X 	   1.00000    -0.00891    -0.00891     // X 
#Y 	  -0.00891     1.00000    -0.00891     // Y 
#Z 	  -0.00891    -0.00891     1.00000     // Z 
#SX 	  -0.25288     0.53245     0.53245     // SX 
#SY 	   0.53245    -0.25288     0.53245     // SY 
#SZ 	   0.53245     0.53245    -0.25288     // SZ 
#EPA 	  -3.26001     // Energy per Atom 
#RCUT 	6.5        // Rcut 
AL      0.08308      0.08308      0.08308     -0.26622     -0.26622     -0.26622
AL     -0.08308     -0.08308     -0.08308      0.26622      0.26622      0.26622
AL      0.27982      0.27982     -0.02477      0.03163      0.03163      0.11865
AL      0.27982     -0.02477      0.27982      0.03163      0.11865      0.03163
AL     -0.02477      0.27982      0.27982      0.11865      0.03163      0.03163
AL      0.00000      0.00000      0.50000      0.00000      0.00000     -0.00000
AL      0.25035      0.25035      0.49975      0.00089      0.00089     -0.02434
AL      0.24836      0.00000      0.75164     -0.09223     -0.00000      0.09223
AL      0.00000      0.24836      0.75164      0.00000     -0.09223      0.09223
AL      0.00000      0.50000      0.00000      0.00000      0.00000      0.00000
AL      0.24836      0.75164      0.00000     -0.09223      0.09223      0.00000
AL      0.25035      0.49975      0.25035      0.00089     -0.02434      0.00089
AL      0.00000      0.75164      0.24836      0.00000      0.09223     -0.09223
AL      0.00000      0.50000      0.50000     -0.00000     -0.00000     -0.00000
AL      0.25237      0.74763      0.50000      0.23479     -0.23479      0.00000
AL      0.25237      0.50000      0.74763      0.23479      0.00000     -0.23479
AL      0.02477      0.72018      0.72018     -0.11865     -0.03163     -0.03163
AL      0.50000      0.00000      0.00000      0.00000      0.00000      0.00000
AL      0.75164      0.24836      0.00000      0.09223     -0.09223     -0.00000
AL      0.75164      0.00000      0.24836      0.09223      0.00000     -0.09223
AL      0.49975      0.25035      0.25035     -0.02434      0.00089      0.00089
AL      0.50000      0.00000      0.50000     -0.00000     -0.00000      0.00000
AL      0.74763      0.25237      0.50000     -0.23479      0.23479     -0.00000
AL      0.72018      0.02477      0.72018     -0.03163     -0.11865     -0.03163
AL      0.50000      0.25237      0.74763      0.00000      0.23479     -0.23479
AL      0.50000      0.50000      0.00000      0.00000      0.00000     -0.00000
AL      0.72018      0.72018      0.02477     -0.03163     -0.03163     -0.11865
AL      0.74763      0.50000      0.25237     -0.23479     -0.00000      0.23479
AL      0.50000      0.74763      0.25237     -0.00000     -0.23479      0.23479
AL      0.50000      0.50000      0.50000     -0.00000     -0.00000     -0.00000
AL      0.74965      0.74965      0.50025     -0.00089     -0.00089      0.02434
AL      0.74965      0.50025      0.74965     -0.00089      0.02434     -0.00089
AL      0.50025      0.74965      0.74965      0.02434     -0.00089     -0.00089
