/* Converted from PWscf output file */ 
#L_UNITS ang 
#E_UNITS eV 
#S_UNITS GPA 
#F_UNITS EV/ANG 
#ALAT 	   8.14084     // a0 
#X 	   1.00000     0.00000     0.00000     // X 
#Y 	   0.00000     1.02544     0.05606     // Y 
#Z 	   0.00000     0.05606     1.02544     // Z 
#SX 	  -0.04113     0.00000     0.00000     // SX 
#SY 	   0.00000     0.09698    -0.03179     // SY 
#SZ 	   0.00000    -0.03179     0.09698     // SZ 
#EPA 	  -3.28538     // Energy per Atom 
#RCUT 	6.5        // Rcut 
AL      0.00000     -0.04376     -0.04376      0.00000     -0.08733     -0.08733
AL      0.27100      0.24428     -0.00757     -0.02666     -0.01701     -0.04001
AL      0.27100     -0.00757      0.24428     -0.02666     -0.04001     -0.01701
AL      0.00000      0.15373      0.15373      0.00000     -0.15266     -0.15266
AL      0.00000      0.34627      0.34627     -0.00000      0.15266      0.15266
AL      0.00000      0.01842      0.48158      0.00000     -0.03879      0.03879
AL      0.27100      0.25572      0.50757     -0.02666      0.01701      0.04001
AL      0.25424     -0.00243      0.73965     -0.07094      0.02191     -0.02595
AL      0.00000      0.25000      0.75000      0.00000      0.00000      0.00000
AL      0.00000      0.48158      0.01842      0.00000      0.03879     -0.03879
AL      0.25424      0.73965     -0.00243     -0.07094     -0.02595      0.02191
AL      0.27100      0.50757      0.25572     -0.02666      0.04001      0.01701
AL      0.00000      0.75000      0.25000      0.00000      0.00000      0.00000
AL      0.00000      0.54376      0.54376      0.00000      0.08733      0.08733
AL      0.25424      0.76035      0.50243     -0.07094      0.02595     -0.02191
AL      0.25424      0.50243      0.76035     -0.07094     -0.02191      0.02595
AL      0.00000      0.75000      0.75000      0.00000      0.00000      0.00000
AL      0.50000     -0.01281     -0.01281      0.00000     -0.04482     -0.04482
AL      0.72900      0.24428     -0.00757      0.02666     -0.01701     -0.04001
AL      0.72900     -0.00757      0.24428      0.02666     -0.04001     -0.01701
AL      0.50000      0.25000      0.25000      0.00000      0.00000      0.00000
AL      0.50000      0.00233      0.49767     -0.00000      0.01162     -0.01162
AL      0.72900      0.25572      0.50757      0.02666      0.01701      0.04001
AL      0.74576     -0.00243      0.73965      0.07094      0.02191     -0.02595
AL      0.50000      0.25000      0.75000      0.00000      0.00000      0.00000
AL      0.50000      0.49767      0.00233     -0.00000     -0.01162      0.01162
AL      0.74576      0.73965     -0.00243      0.07094     -0.02595      0.02191
AL      0.72900      0.50757      0.25572      0.02666      0.04001      0.01701
AL      0.50000      0.75000      0.25000     -0.00000      0.00000      0.00000
AL      0.50000      0.51281      0.51281     -0.00000      0.04482      0.04482
AL      0.74576      0.76035      0.50243      0.07094      0.02595     -0.02191
AL      0.74576      0.50243      0.76035      0.07094     -0.02191      0.02595
AL      0.50000      0.75000      0.75000      0.00000      0.00000      0.00000
