/* Converted from PWscf output file */ 
#L_UNITS ang 
#E_UNITS eV 
#S_UNITS GPA 
#F_UNITS EV/ANG 
#ALAT 	   8.26558     // a0 
#X 	   1.00000    -0.00699    -0.00699     // X 
#Y 	  -0.00699     1.00000    -0.00699     // Y 
#Z 	  -0.00699    -0.00699     1.00000     // Z 
#SX 	   2.81901    -1.05789    -1.05789     // SX 
#SY 	  -1.05789     2.81901    -1.05789     // SY 
#SZ 	  -1.05789    -1.05789     2.81901     // SZ 
#EPA 	  -3.14099     // Energy per Atom 
#RCUT 	6.5        // Rcut 
AL      0.09573      0.09573      0.09573     -3.76811     -3.76811     -3.76811
AL     -0.09573     -0.09573     -0.09573      3.76811      3.76811      3.76811
AL      0.27426      0.27426     -0.02207      2.52170      2.52170     -1.92607
AL      0.27426     -0.02207      0.27426      2.52170     -1.92607      2.52170
AL     -0.02207      0.27426      0.27426     -1.92607      2.52170      2.52170
AL      0.00000      0.00000      0.50000     -0.00000     -0.00000      0.00000
AL      0.25021      0.25021      0.49996      0.03712      0.03712     -0.02151
AL      0.24930      0.00000      0.75070     -0.12741      0.00000      0.12741
AL      0.00000      0.24930      0.75070     -0.00000     -0.12741      0.12741
AL      0.00000      0.50000      0.00000     -0.00000     -0.00000     -0.00000
AL      0.24930      0.75070      0.00000     -0.12741      0.12741      0.00000
AL      0.25021      0.49996      0.25021      0.03712     -0.02151      0.03712
AL      0.00000      0.75070      0.24930     -0.00000      0.12741     -0.12741
AL      0.00000      0.50000      0.50000     -0.00000     -0.00000     -0.00000
AL      0.25047      0.74953      0.50000      0.15000     -0.15000     -0.00000
AL      0.25047      0.50000      0.74953      0.15000     -0.00000     -0.15000
AL      0.02207      0.72574      0.72574      1.92607     -2.52170     -2.52170
AL      0.50000      0.00000      0.00000     -0.00000     -0.00000     -0.00000
AL      0.75070      0.24930      0.00000      0.12741     -0.12741      0.00000
AL      0.75070      0.00000      0.24930      0.12741      0.00000     -0.12741
AL      0.49996      0.25021      0.25021     -0.02151      0.03712      0.03712
AL      0.50000      0.00000      0.50000      0.00000      0.00000      0.00000
AL      0.74953      0.25047      0.50000     -0.15000      0.15000     -0.00000
AL      0.72574      0.02207      0.72574     -2.52170      1.92607     -2.52170
AL      0.50000      0.25047      0.74953     -0.00000      0.15000     -0.15000
AL      0.50000      0.50000      0.00000     -0.00000     -0.00000     -0.00000
AL      0.72574      0.72574      0.02207     -2.52170     -2.52170      1.92607
AL      0.74953      0.50000      0.25047     -0.15000     -0.00000      0.15000
AL      0.50000      0.74953      0.25047      0.00000     -0.15000      0.15000
AL      0.50000      0.50000      0.50000      0.00000      0.00000      0.00000
AL      0.74979      0.74979      0.50004     -0.03712     -0.03712      0.02151
AL      0.74979      0.50004      0.74979     -0.03712      0.02151     -0.03712
AL      0.50004      0.74979      0.74979      0.02151     -0.03712     -0.03712
