/* Converted from PWscf output file */ 
#L_UNITS ang 
#E_UNITS eV 
#S_UNITS GPA 
#F_UNITS EV/ANG 
#ALAT 	   8.11995     // a0 
#X 	   1.00000     0.00000     0.00000     // X 
#Y 	   0.00000     1.03010     0.05571     // Y 
#Z 	   0.00000     0.05571     1.03010     // Z 
#SX 	  -0.03617     0.00000     0.00000     // SX 
#SY 	   0.00000    -0.02450     0.01560     // SY 
#SZ 	   0.00000     0.01560    -0.02450     // SZ 
#EPA 	  -3.28612     // Energy per Atom 
#RCUT 	6.5        // Rcut 
AL      0.00000     -0.04498     -0.04498      0.00000      0.00235      0.00235
AL      0.27134      0.24165     -0.00906     -0.00816     -0.01737     -0.00868
AL      0.27134     -0.00906      0.24165     -0.00816     -0.00868     -0.01737
AL      0.00000      0.15267      0.15267     -0.00000      0.03576      0.03576
AL      0.00000      0.34733      0.34733     -0.00000     -0.03576     -0.03576
AL      0.00000      0.01984      0.48016      0.00000     -0.02415      0.02415
AL      0.27134      0.25835      0.50906     -0.00816      0.01737      0.00868
AL      0.25227     -0.00213      0.73720      0.01271      0.00324     -0.00862
AL      0.00000      0.25000      0.75000      0.00000      0.00000      0.00000
AL      0.00000      0.48016      0.01984      0.00000      0.02415     -0.02415
AL      0.25227      0.73720     -0.00213      0.01271     -0.00862      0.00324
AL      0.27134      0.50906      0.25835     -0.00816      0.00868      0.01737
AL      0.00000      0.75000      0.25000      0.00000      0.00000      0.00000
AL      0.00000      0.54498      0.54498      0.00000     -0.00235     -0.00235
AL      0.25227      0.76280      0.50213      0.01271      0.00862     -0.00324
AL      0.25227      0.50213      0.76280      0.01271     -0.00324      0.00862
AL      0.00000      0.75000      0.75000      0.00000      0.00000      0.00000
AL      0.50000     -0.01667     -0.01667      0.00000      0.00305      0.00305
AL      0.72866      0.24165     -0.00906      0.00816     -0.01737     -0.00868
AL      0.72866     -0.00906      0.24165      0.00816     -0.00868     -0.01737
AL      0.50000      0.25000      0.25000      0.00000      0.00000      0.00000
AL      0.50000      0.00323      0.49677      0.00000     -0.01383      0.01383
AL      0.72866      0.25835      0.50906      0.00816      0.01737      0.00868
AL      0.74773     -0.00213      0.73720     -0.01271      0.00324     -0.00862
AL      0.50000      0.25000      0.75000      0.00000      0.00000      0.00000
AL      0.50000      0.49677      0.00323      0.00000      0.01383     -0.01383
AL      0.74773      0.73720     -0.00213     -0.01271     -0.00862      0.00324
AL      0.72866      0.50906      0.25835      0.00816      0.00868      0.01737
AL      0.50000      0.75000      0.25000      0.00000      0.00000      0.00000
AL      0.50000      0.51667      0.51667      0.00000     -0.00305     -0.00305
AL      0.74773      0.76280      0.50213     -0.01271      0.00862     -0.00324
AL      0.74773      0.50213      0.76280     -0.01271     -0.00324      0.00862
AL      0.50000      0.75000      0.75000      0.00000      0.00000      0.00000
