/* Converted from PWscf output file */ 
#L_UNITS ang 
#E_UNITS eV 
#S_UNITS GPA 
#F_UNITS EV/ANG 
#ALAT 	   8.22434     // a0 
#X 	   1.00000     0.00000     0.00000     // X 
#Y 	   0.00000     1.01289     0.00000     // Y 
#Z 	   0.00000     0.00000     1.00000     // Z 
#SX 	  -0.10150     0.00000     0.00000     // SX 
#SY 	   0.00000     0.03631     0.00000     // SY 
#SZ 	   0.00000     0.00000    -0.10150     // SZ 
#EPA 	  -3.29072     // Energy per Atom 
#RCUT 	6.5        // Rcut 
AL      0.00000     -0.01312     -0.03596      0.00000     -0.00868     -0.00513
AL      0.24057      0.25000      0.00943     -0.04612     -0.00000      0.04612
AL      0.28596     -0.01312      0.25000      0.00513     -0.00868      0.00000
AL      0.00000      0.10478      0.25000      0.00000     -0.07867      0.00000
AL      0.00000      0.39522      0.25000      0.00000      0.07867      0.00000
AL      0.00000     -0.01312      0.53596      0.00000     -0.00868      0.00513
AL      0.24057      0.25000      0.49057     -0.04612      0.00000     -0.04612
AL      0.25961      0.00307      0.75000     -0.06861      0.03373      0.00000
AL      0.00000      0.25000      0.75000      0.00000      0.00000      0.00000
AL      0.00000      0.51312     -0.03596      0.00000      0.00868     -0.00513
AL      0.25410      0.75000     -0.00410     -0.01388      0.00000      0.01388
AL      0.28596      0.51312      0.25000      0.00513      0.00868      0.00000
AL      0.00000      0.75000      0.25000      0.00000      0.00000      0.00000
AL      0.00000      0.51312      0.53596      0.00000      0.00868      0.00513
AL      0.25410      0.75000      0.50410     -0.01388      0.00000     -0.01388
AL      0.25961      0.49693      0.75000     -0.06861     -0.03373     -0.00000
AL      0.00000      0.75000      0.75000      0.00000      0.00000      0.00000
AL      0.50000      0.00307     -0.00961      0.00000      0.03373      0.06861
AL      0.75943      0.25000      0.00943      0.04612     -0.00000      0.04612
AL      0.71404     -0.01312      0.25000     -0.00513     -0.00868      0.00000
AL      0.50000      0.25000      0.25000      0.00000      0.00000      0.00000
AL      0.50000      0.00307      0.50961      0.00000      0.03373     -0.06861
AL      0.75943      0.25000      0.49057      0.04612      0.00000     -0.04612
AL      0.74039      0.00307      0.75000      0.06861      0.03373     -0.00000
AL      0.50000      0.25000      0.75000      0.00000      0.00000      0.00000
AL      0.50000      0.49693     -0.00961      0.00000     -0.03373      0.06861
AL      0.74590      0.75000     -0.00410      0.01388      0.00000      0.01388
AL      0.71404      0.51312      0.25000     -0.00513      0.00868      0.00000
AL      0.50000      0.75000      0.25000      0.00000      0.00000      0.00000
AL      0.50000      0.49693      0.50961      0.00000     -0.03373     -0.06861
AL      0.74590      0.75000      0.50410      0.01388      0.00000     -0.01388
AL      0.74039      0.49693      0.75000      0.06861     -0.03373      0.00000
AL      0.50000      0.75000      0.75000      0.00000      0.00000      0.00000
