/* Converted from PWscf output file */ 
#L_UNITS ang 
#E_UNITS eV 
#S_UNITS GPA 
#F_UNITS EV/ANG 
#ALAT 	   8.29344     // a0 
#X 	   1.00000     0.02554     0.02554     // X 
#Y 	   0.02554     1.00000     0.02554     // Y 
#Z 	   0.02554     0.02554     1.00000     // Z 
#SX 	  -0.30407    -0.17777    -0.17777     // SX 
#SY 	  -0.17777    -0.30407    -0.17777     // SY 
#SZ 	  -0.17777    -0.17777    -0.30407     // SZ 
#EPA 	  -3.27271     // Energy per Atom 
#RCUT 	6.5        // Rcut 
AL      0.07645      0.07645      0.07645     -0.00441     -0.00441     -0.00441
AL     -0.07645     -0.07645     -0.07645      0.00441      0.00441      0.00441
AL      0.28200      0.28200     -0.00257     -0.03748     -0.03748      0.13479
AL      0.28200     -0.00257      0.28200     -0.03748      0.13479     -0.03748
AL     -0.00257      0.28200      0.28200      0.13479     -0.03748     -0.03748
AL      0.00000      0.00000      0.50000     -0.00000      0.00000      0.00000
AL      0.24795      0.24795      0.50478      0.13396      0.13396      0.06705
AL      0.24528      0.00000      0.75472     -0.01900      0.00000      0.01900
AL      0.00000      0.24528      0.75472     -0.00000     -0.01900      0.01900
AL      0.00000      0.50000      0.00000     -0.00000     -0.00000      0.00000
AL      0.24528      0.75472      0.00000     -0.01900      0.01900     -0.00000
AL      0.24795      0.50478      0.24795      0.13396      0.06705      0.13396
AL      0.00000      0.75472      0.24528      0.00000      0.01900     -0.01900
AL      0.00000      0.50000      0.50000      0.00000     -0.00000     -0.00000
AL      0.25330      0.74670      0.50000      0.03408     -0.03408      0.00000
AL      0.25330      0.50000      0.74670      0.03408     -0.00000     -0.03408
AL      0.00257      0.71800      0.71800     -0.13479      0.03748      0.03748
AL      0.50000      0.00000      0.00000     -0.00000      0.00000     -0.00000
AL      0.75472      0.24528      0.00000      0.01900     -0.01900      0.00000
AL      0.75472      0.00000      0.24528      0.01900     -0.00000     -0.01900
AL      0.50478      0.24795      0.24795      0.06705      0.13396      0.13396
AL      0.50000      0.00000      0.50000      0.00000      0.00000     -0.00000
AL      0.74670      0.25330      0.50000     -0.03408      0.03408     -0.00000
AL      0.71800      0.00257      0.71800      0.03748     -0.13479      0.03748
AL      0.50000      0.25330      0.74670      0.00000      0.03408     -0.03408
AL      0.50000      0.50000      0.00000     -0.00000      0.00000     -0.00000
AL      0.71800      0.71800      0.00257      0.03748      0.03748     -0.13479
AL      0.74670      0.50000      0.25330     -0.03408      0.00000      0.03408
AL      0.50000      0.74670      0.25330     -0.00000     -0.03408      0.03408
AL      0.50000      0.50000      0.50000     -0.00000      0.00000     -0.00000
AL      0.75205      0.75205      0.49522     -0.13396     -0.13396     -0.06705
AL      0.75205      0.49522      0.75205     -0.13396     -0.06705     -0.13396
AL      0.49522      0.75205      0.75205     -0.06705     -0.13396     -0.13396
