/* Converted from PWscf output file */ 
#L_UNITS ang 
#E_UNITS eV 
#S_UNITS GPA 
#F_UNITS EV/ANG 
#ALAT 	   8.24447     // a0 
#X 	   1.00000     0.00000     0.00000     // X 
#Y 	   0.00000     1.00689     0.00000     // Y 
#Z 	   0.00000     0.00000     1.00000     // Z 
#SX 	  -0.13300     0.00000     0.00000     // SX 
#SY 	   0.00000     0.02319     0.00000     // SY 
#SZ 	   0.00000     0.00000    -0.13300     // SZ 
#EPA 	  -3.28884     // Energy per Atom 
#RCUT 	6.5        // Rcut 
AL      0.00000     -0.01463     -0.03517      0.00000      0.10384      0.07118
AL      0.24548      0.25000      0.00452     -0.13379      0.00000      0.13379
AL      0.28517     -0.01463      0.25000     -0.07118      0.10384     -0.00000
AL      0.00000      0.10223      0.25000      0.00000      0.14178      0.00000
AL      0.00000      0.39777      0.25000      0.00000     -0.14178      0.00000
AL      0.00000     -0.01463      0.53517      0.00000      0.10384     -0.07118
AL      0.24548      0.25000      0.49548     -0.13379     -0.00000     -0.13379
AL      0.25682      0.00094      0.75000      0.16708      0.04923     -0.00000
AL      0.00000      0.25000      0.75000      0.00000      0.00000      0.00000
AL      0.00000      0.51463     -0.03517      0.00000     -0.10384      0.07118
AL      0.25279      0.75000     -0.00279      0.05544      0.00000     -0.05544
AL      0.28517      0.51463      0.25000     -0.07118     -0.10384      0.00000
AL      0.00000      0.75000      0.25000      0.00000      0.00000      0.00000
AL      0.00000      0.51463      0.53517      0.00000     -0.10384     -0.07118
AL      0.25279      0.75000      0.50279      0.05544     -0.00000      0.05544
AL      0.25682      0.49906      0.75000      0.16708     -0.04923     -0.00000
AL      0.00000      0.75000      0.75000      0.00000      0.00000      0.00000
AL      0.50000      0.00094     -0.00682      0.00000      0.04923     -0.16708
AL      0.75452      0.25000      0.00452      0.13379     -0.00000      0.13379
AL      0.71483     -0.01463      0.25000      0.07118      0.10384      0.00000
AL      0.50000      0.25000      0.25000      0.00000      0.00000      0.00000
AL      0.50000      0.00094      0.50682     -0.00000      0.04923      0.16708
AL      0.75452      0.25000      0.49548      0.13379      0.00000     -0.13379
AL      0.74318      0.00094      0.75000     -0.16708      0.04923     -0.00000
AL      0.50000      0.25000      0.75000      0.00000      0.00000      0.00000
AL      0.50000      0.49906     -0.00682      0.00000     -0.04923     -0.16708
AL      0.74721      0.75000     -0.00279     -0.05544     -0.00000     -0.05544
AL      0.71483      0.51463      0.25000      0.07118     -0.10384     -0.00000
AL      0.50000      0.75000      0.25000      0.00000      0.00000      0.00000
AL      0.50000      0.49906      0.50682     -0.00000     -0.04923      0.16708
AL      0.74721      0.75000      0.50279     -0.05544      0.00000      0.05544
AL      0.74318      0.49906      0.75000     -0.16708     -0.04923      0.00000
AL      0.50000      0.75000      0.75000      0.00000      0.00000      0.00000
