/* Converted from PWscf output file */ 
#L_UNITS ang 
#E_UNITS eV 
#S_UNITS GPA 
#F_UNITS EV/ANG 
#ALAT 	   8.12011     // a0 
#X 	   1.00000     0.00000     0.00000     // X 
#Y 	   0.00000     1.03040     0.05591     // Y 
#Z 	   0.00000     0.05591     1.03040     // Z 
#SX 	  -0.08765     0.00000     0.00000     // SX 
#SY 	   0.00000    -0.06475     0.01167     // SY 
#SZ 	   0.00000     0.01167    -0.06475     // SZ 
#EPA 	  -3.28615     // Energy per Atom 
#RCUT 	6.5        // Rcut 
AL      0.00000     -0.04488     -0.04488      0.00000      0.01284      0.01284
AL      0.27118      0.24114     -0.00936     -0.00687     -0.01368     -0.00421
AL      0.27118     -0.00936      0.24114     -0.00687     -0.00421     -0.01368
AL      0.00000      0.15295      0.15295     -0.00000     -0.01791     -0.01791
AL      0.00000      0.34705      0.34705     -0.00000      0.01791      0.01791
AL      0.00000      0.01941      0.48059      0.00000     -0.01661      0.01661
AL      0.27118      0.25886      0.50936     -0.00687      0.01368      0.00421
AL      0.25236     -0.00206      0.73693      0.00633     -0.00016      0.00164
AL      0.00000      0.25000      0.75000      0.00000      0.00000      0.00000
AL      0.00000      0.48059      0.01941      0.00000      0.01661     -0.01661
AL      0.25236      0.73693     -0.00206      0.00633      0.00164     -0.00016
AL      0.27118      0.50936      0.25886     -0.00687      0.00421      0.01368
AL      0.00000      0.75000      0.25000      0.00000      0.00000      0.00000
AL      0.00000      0.54488      0.54488      0.00000     -0.01284     -0.01284
AL      0.25236      0.76307      0.50206      0.00633     -0.00164      0.00016
AL      0.25236      0.50206      0.76307      0.00633      0.00016     -0.00164
AL      0.00000      0.75000      0.75000      0.00000      0.00000      0.00000
AL      0.50000     -0.01683     -0.01683      0.00000      0.00221      0.00221
AL      0.72882      0.24114     -0.00936      0.00687     -0.01368     -0.00421
AL      0.72882     -0.00936      0.24114      0.00687     -0.00421     -0.01368
AL      0.50000      0.25000      0.25000      0.00000      0.00000      0.00000
AL      0.50000      0.00309      0.49691      0.00000      0.00337     -0.00337
AL      0.72882      0.25886      0.50936      0.00687      0.01368      0.00421
AL      0.74764     -0.00206      0.73693     -0.00633     -0.00016      0.00164
AL      0.50000      0.25000      0.75000      0.00000      0.00000      0.00000
AL      0.50000      0.49691      0.00309      0.00000     -0.00337      0.00337
AL      0.74764      0.73693     -0.00206     -0.00633      0.00164     -0.00016
AL      0.72882      0.50936      0.25886      0.00687      0.00421      0.01368
AL      0.50000      0.75000      0.25000      0.00000      0.00000      0.00000
AL      0.50000      0.51683      0.51683      0.00000     -0.00221     -0.00221
AL      0.74764      0.76307      0.50206     -0.00633     -0.00164      0.00016
AL      0.74764      0.50206      0.76307     -0.00633      0.00016     -0.00164
AL      0.50000      0.75000      0.75000      0.00000      0.00000      0.00000
