/* Converted from PWscf output file */ 
#L_UNITS ang 
#E_UNITS eV 
#S_UNITS GPA 
#F_UNITS EV/ANG 
#ALAT 	   8.11737     // a0 
#X 	   1.00000     0.00000     0.00000     // X 
#Y 	   0.00000     1.02988     0.05556     // Y 
#Z 	   0.00000     0.05556     1.02988     // Z 
#SX 	   0.06533     0.00000     0.00000     // SX 
#SY 	   0.00000     0.06898     0.01429     // SY 
#SZ 	   0.00000     0.01429     0.06898     // SZ 
#EPA 	  -3.28609     // Energy per Atom 
#RCUT 	6.5        // Rcut 
AL      0.00000     -0.04499     -0.04499      0.00000     -0.00604     -0.00604
AL      0.27134      0.24184     -0.00893     -0.00761     -0.01865     -0.01204
AL      0.27134     -0.00893      0.24184     -0.00761     -0.01204     -0.01865
AL      0.00000      0.15250      0.15250     -0.00000      0.05280      0.05280
AL      0.00000      0.34750      0.34750     -0.00000     -0.05280     -0.05280
AL      0.00000      0.01993      0.48007      0.00000     -0.02662      0.02662
AL      0.27134      0.25816      0.50893     -0.00761      0.01865      0.01204
AL      0.25224     -0.00216      0.73735      0.01456      0.00453     -0.01344
AL      0.00000      0.25000      0.75000      0.00000      0.00000      0.00000
AL      0.00000      0.48007      0.01993      0.00000      0.02662     -0.02662
AL      0.25224      0.73735     -0.00216      0.01456     -0.01344      0.00453
AL      0.27134      0.50893      0.25816     -0.00761      0.01204      0.01865
AL      0.00000      0.75000      0.25000      0.00000      0.00000      0.00000
AL      0.00000      0.54499      0.54499      0.00000      0.00604      0.00604
AL      0.25224      0.76265      0.50216      0.01456      0.01344     -0.00453
AL      0.25224      0.50216      0.76265      0.01456     -0.00453      0.01344
AL      0.00000      0.75000      0.75000      0.00000      0.00000      0.00000
AL      0.50000     -0.01656     -0.01656     -0.00000      0.00238      0.00238
AL      0.72866      0.24184     -0.00893      0.00761     -0.01865     -0.01204
AL      0.72866     -0.00893      0.24184      0.00761     -0.01204     -0.01865
AL      0.50000      0.25000      0.25000      0.00000      0.00000      0.00000
AL      0.50000      0.00331      0.49669     -0.00000     -0.02190      0.02190
AL      0.72866      0.25816      0.50893      0.00761      0.01865      0.01204
AL      0.74776     -0.00216      0.73735     -0.01456      0.00453     -0.01344
AL      0.50000      0.25000      0.75000      0.00000      0.00000      0.00000
AL      0.50000      0.49669      0.00331     -0.00000      0.02190     -0.02190
AL      0.74776      0.73735     -0.00216     -0.01456     -0.01344      0.00453
AL      0.72866      0.50893      0.25816      0.00761      0.01204      0.01865
AL      0.50000      0.75000      0.25000      0.00000      0.00000      0.00000
AL      0.50000      0.51656      0.51656     -0.00000     -0.00238     -0.00238
AL      0.74776      0.76265      0.50216     -0.01456      0.01344     -0.00453
AL      0.74776      0.50216      0.76265     -0.01456     -0.00453      0.01344
AL      0.50000      0.75000      0.75000      0.00000      0.00000      0.00000
