/* Converted from PWscf output file */ 
#L_UNITS ang 
#E_UNITS eV 
#S_UNITS GPA 
#F_UNITS EV/ANG 
#ALAT 	   8.16547     // a0 
#X 	   1.00000     0.00000     0.00000     // X 
#Y 	   0.00000     1.02341     0.05641     // Y 
#Z 	   0.00000     0.05641     1.02341     // Z 
#SX 	  -0.27621     0.00000     0.00000     // SX 
#SY 	   0.00000    -0.28919    -0.11521     // SY 
#SZ 	   0.00000    -0.11521    -0.28919     // SZ 
#EPA 	  -3.28455     // Energy per Atom 
#RCUT 	6.5        // Rcut 
AL      0.00000     -0.04413     -0.04413      0.00000     -0.05561     -0.05561
AL      0.27043      0.24675     -0.00665     -0.00410     -0.01453     -0.02667
AL      0.27043     -0.00665      0.24675     -0.00410     -0.02667     -0.01453
AL      0.00000      0.15272      0.15272      0.00000      0.16239      0.16239
AL      0.00000      0.34728      0.34728      0.00000     -0.16239     -0.16239
AL      0.00000      0.01537      0.48463      0.00000      0.03476     -0.03476
AL      0.27043      0.25325      0.50665     -0.00410      0.01453      0.02667
AL      0.25691     -0.00260      0.74216     -0.07921      0.02060     -0.04302
AL      0.00000      0.25000      0.75000      0.00000      0.00000      0.00000
AL      0.00000      0.48463      0.01537      0.00000     -0.03476      0.03476
AL      0.25691      0.74216     -0.00260     -0.07921     -0.04302      0.02060
AL      0.27043      0.50665      0.25325     -0.00410      0.02667      0.01453
AL      0.00000      0.75000      0.25000      0.00000      0.00000      0.00000
AL      0.00000      0.54413      0.54413      0.00000      0.05561      0.05561
AL      0.25691      0.75784      0.50260     -0.07921      0.04302     -0.02060
AL      0.25691      0.50260      0.75784     -0.07921     -0.02060      0.04302
AL      0.00000      0.75000      0.75000      0.00000      0.00000      0.00000
AL      0.50000     -0.00808     -0.00808     -0.00000     -0.07462     -0.07462
AL      0.72957      0.24675     -0.00665      0.00410     -0.01453     -0.02667
AL      0.72957     -0.00665      0.24675      0.00410     -0.02667     -0.01453
AL      0.50000      0.25000      0.25000      0.00000      0.00000      0.00000
AL      0.50000      0.00009      0.49991      0.00000      0.06178     -0.06178
AL      0.72957      0.25325      0.50665      0.00410      0.01453      0.02667
AL      0.74309     -0.00260      0.74216      0.07921      0.02060     -0.04302
AL      0.50000      0.25000      0.75000      0.00000      0.00000      0.00000
AL      0.50000      0.49991      0.00009     -0.00000     -0.06178      0.06178
AL      0.74309      0.74216     -0.00260      0.07921     -0.04302      0.02060
AL      0.72957      0.50665      0.25325      0.00410      0.02667      0.01453
AL      0.50000      0.75000      0.25000     -0.00000      0.00000      0.00000
AL      0.50000      0.50808      0.50808      0.00000      0.07462      0.07462
AL      0.74309      0.75784      0.50260      0.07921      0.04302     -0.02060
AL      0.74309      0.50260      0.75784      0.07921     -0.02060      0.04302
AL      0.50000      0.75000      0.75000      0.00000      0.00000      0.00000
