/* Converted from PWscf output file */ 
#L_UNITS ang 
#E_UNITS eV 
#S_UNITS GPA 
#F_UNITS EV/ANG 
#ALAT 	   8.11377     // a0 
#X 	   1.00000     0.00000     0.00000     // X 
#Y 	   0.00000     1.02927     0.05540     // Y 
#Z 	   0.00000     0.05540     1.02927     // Z 
#SX 	   0.23232     0.00000     0.00000     // SX 
#SY 	   0.00000     0.24486     0.00788     // SY 
#SZ 	   0.00000     0.00788     0.24486     // SZ 
#EPA 	  -3.28603     // Energy per Atom 
#RCUT 	6.5        // Rcut 
AL      0.00000     -0.04493     -0.04493      0.00000     -0.01865     -0.01865
AL      0.27129      0.24209     -0.00878     -0.00935     -0.02117     -0.01748
AL      0.27129     -0.00878      0.24209     -0.00935     -0.01748     -0.02117
AL      0.00000      0.15242      0.15242     -0.00000      0.02808      0.02808
AL      0.00000      0.34758      0.34758     -0.00000     -0.02808     -0.02808
AL      0.00000      0.01990      0.48010      0.00000     -0.03231      0.03231
AL      0.27129      0.25791      0.50878     -0.00935      0.02117      0.01748
AL      0.25226     -0.00218      0.73757      0.01011      0.00631     -0.01819
AL      0.00000      0.25000      0.75000      0.00000      0.00000      0.00000
AL      0.00000      0.48010      0.01990      0.00000      0.03231     -0.03231
AL      0.25226      0.73757     -0.00218      0.01011     -0.01819      0.00631
AL      0.27129      0.50878      0.25791     -0.00935      0.01748      0.02117
AL      0.00000      0.75000      0.25000      0.00000      0.00000      0.00000
AL      0.00000      0.54493      0.54493      0.00000      0.01865      0.01865
AL      0.25226      0.76243      0.50218      0.01011      0.01819     -0.00631
AL      0.25226      0.50218      0.76243      0.01011     -0.00631      0.01819
AL      0.00000      0.75000      0.75000      0.00000      0.00000      0.00000
AL      0.50000     -0.01633     -0.01633      0.00000     -0.00177     -0.00177
AL      0.72871      0.24209     -0.00878      0.00935     -0.02117     -0.01748
AL      0.72871     -0.00878      0.24209      0.00935     -0.01748     -0.02117
AL      0.50000      0.25000      0.25000      0.00000      0.00000      0.00000
AL      0.50000      0.00337      0.49663      0.00000     -0.02993      0.02993
AL      0.72871      0.25791      0.50878      0.00935      0.02117      0.01748
AL      0.74774     -0.00218      0.73757     -0.01011      0.00631     -0.01819
AL      0.50000      0.25000      0.75000      0.00000      0.00000      0.00000
AL      0.50000      0.49663      0.00337      0.00000      0.02993     -0.02993
AL      0.74774      0.73757     -0.00218     -0.01011     -0.01819      0.00631
AL      0.72871      0.50878      0.25791      0.00935      0.01748      0.02117
AL      0.50000      0.75000      0.25000      0.00000      0.00000      0.00000
AL      0.50000      0.51633      0.51633      0.00000      0.00177      0.00177
AL      0.74774      0.76243      0.50218     -0.01011      0.01819     -0.00631
AL      0.74774      0.50218      0.76243     -0.01011     -0.00631      0.01819
AL      0.50000      0.75000      0.75000      0.00000      0.00000      0.00000
