/* Converted from PWscf output file */ 
#L_UNITS ang 
#E_UNITS eV 
#S_UNITS GPA 
#F_UNITS EV/ANG 
#ALAT 	   8.21458     // a0 
#X 	   1.00000     0.00000     0.00000     // X 
#Y 	   0.00000     1.01478     0.00000     // Y 
#Z 	   0.00000     0.00000     1.00000     // Z 
#SX 	   0.03398     0.00000     0.00000     // SX 
#SY 	   0.00000     0.04842     0.00000     // SY 
#SZ 	   0.00000     0.00000     0.03398     // SZ 
#EPA 	  -3.29107     // Energy per Atom 
#RCUT 	6.5        // Rcut 
AL      0.00000     -0.01390     -0.03533      0.00000     -0.00390      0.00055
AL      0.23797      0.25000      0.01203     -0.00044      0.00000      0.00044
AL      0.28533     -0.01390      0.25000     -0.00055     -0.00390      0.00000
AL      0.00000      0.10443      0.25000      0.00000     -0.01741      0.00000
AL      0.00000      0.39557      0.25000      0.00000      0.01741      0.00000
AL      0.00000     -0.01390      0.53533      0.00000     -0.00390     -0.00055
AL      0.23797      0.25000      0.48797     -0.00044      0.00000     -0.00044
AL      0.25864      0.00479      0.75000     -0.00220     -0.00095      0.00000
AL      0.00000      0.25000      0.75000      0.00000      0.00000      0.00000
AL      0.00000      0.51390     -0.03533      0.00000      0.00390      0.00055
AL      0.25398      0.75000     -0.00398      0.01100      0.00000     -0.01100
AL      0.28533      0.51390      0.25000     -0.00055      0.00390      0.00000
AL      0.00000      0.75000      0.25000      0.00000      0.00000      0.00000
AL      0.00000      0.51390      0.53533      0.00000      0.00390     -0.00055
AL      0.25398      0.75000      0.50398      0.01100     -0.00000      0.01100
AL      0.25864      0.49521      0.75000     -0.00220      0.00095      0.00000
AL      0.00000      0.75000      0.75000      0.00000      0.00000      0.00000
AL      0.50000      0.00479     -0.00864      0.00000     -0.00095      0.00220
AL      0.76203      0.25000      0.01203      0.00044      0.00000      0.00044
AL      0.71467     -0.01390      0.25000      0.00055     -0.00390      0.00000
AL      0.50000      0.25000      0.25000      0.00000      0.00000      0.00000
AL      0.50000      0.00479      0.50864     -0.00000     -0.00095     -0.00220
AL      0.76203      0.25000      0.48797      0.00044      0.00000     -0.00044
AL      0.74136      0.00479      0.75000      0.00220     -0.00095      0.00000
AL      0.50000      0.25000      0.75000      0.00000      0.00000      0.00000
AL      0.50000      0.49521     -0.00864      0.00000      0.00095      0.00220
AL      0.74602      0.75000     -0.00398     -0.01100     -0.00000     -0.01100
AL      0.71467      0.51390      0.25000      0.00055      0.00390      0.00000
AL      0.50000      0.75000      0.25000      0.00000      0.00000      0.00000
AL      0.50000      0.49521      0.50864      0.00000      0.00095     -0.00220
AL      0.74602      0.75000      0.50398     -0.01100      0.00000      0.01100
AL      0.74136      0.49521      0.75000      0.00220      0.00095      0.00000
AL      0.50000      0.75000      0.75000      0.00000      0.00000      0.00000
