/* Converted from PWscf output file */ 
#L_UNITS ang 
#E_UNITS eV 
#S_UNITS GPA 
#F_UNITS EV/ANG 
#ALAT 	   8.22500     // a0 
#X 	   1.00000     0.00000     0.00000     // X 
#Y 	   0.00000     1.00855     0.00000     // Y 
#Z 	   0.00000     0.00000     1.00000     // Z 
#SX 	   0.27461     0.00000     0.00000     // SX 
#SY 	   0.00000     0.31005     0.00000     // SY 
#SZ 	   0.00000     0.00000     0.27461     // SZ 
#EPA 	  -3.28946     // Energy per Atom 
#RCUT 	6.5        // Rcut 
AL      0.00000     -0.01398     -0.03491      0.00000      0.07693      0.02988
AL      0.24438      0.25000      0.00562     -0.12362     -0.00000      0.12362
AL      0.28491     -0.01398      0.25000     -0.02988      0.07693     -0.00000
AL      0.00000      0.10256      0.25000      0.00000      0.26142      0.00000
AL      0.00000      0.39744      0.25000      0.00000     -0.26142      0.00000
AL      0.00000     -0.01398      0.53491      0.00000      0.07693     -0.02988
AL      0.24438      0.25000      0.49438     -0.12362     -0.00000     -0.12362
AL      0.25810      0.00135      0.75000      0.09566      0.04996     -0.00000
AL      0.00000      0.25000      0.75000      0.00000      0.00000      0.00000
AL      0.00000      0.51398     -0.03491      0.00000     -0.07693      0.02988
AL      0.25324      0.75000     -0.00324      0.03861      0.00000     -0.03861
AL      0.28491      0.51398      0.25000     -0.02988     -0.07693      0.00000
AL      0.00000      0.75000      0.25000      0.00000      0.00000      0.00000
AL      0.00000      0.51398      0.53491      0.00000     -0.07693     -0.02988
AL      0.25324      0.75000      0.50324      0.03861      0.00000      0.03861
AL      0.25810      0.49865      0.75000      0.09566     -0.04996      0.00000
AL      0.00000      0.75000      0.75000      0.00000      0.00000      0.00000
AL      0.50000      0.00135     -0.00810      0.00000      0.04996     -0.09566
AL      0.75562      0.25000      0.00562      0.12362     -0.00000      0.12362
AL      0.71509     -0.01398      0.25000      0.02988      0.07693      0.00000
AL      0.50000      0.25000      0.25000      0.00000      0.00000      0.00000
AL      0.50000      0.00135      0.50810      0.00000      0.04996      0.09566
AL      0.75562      0.25000      0.49438      0.12362     -0.00000     -0.12362
AL      0.74190      0.00135      0.75000     -0.09566      0.04996      0.00000
AL      0.50000      0.25000      0.75000      0.00000      0.00000      0.00000
AL      0.50000      0.49865     -0.00810     -0.00000     -0.04996     -0.09566
AL      0.74676      0.75000     -0.00324     -0.03861      0.00000     -0.03861
AL      0.71509      0.51398      0.25000      0.02988     -0.07693     -0.00000
AL      0.50000      0.75000      0.25000      0.00000      0.00000      0.00000
AL      0.50000      0.49865      0.50810      0.00000     -0.04996      0.09566
AL      0.74676      0.75000      0.50324     -0.03861      0.00000      0.03861
AL      0.74190      0.49865      0.75000     -0.09566     -0.04996     -0.00000
AL      0.50000      0.75000      0.75000      0.00000      0.00000      0.00000
