/* Converted from PWscf output file */ 
#L_UNITS ang 
#E_UNITS eV 
#S_UNITS GPA 
#F_UNITS EV/ANG 
#ALAT 	   8.21205     // a0 
#X 	   1.00000     0.00000     0.00000     // X 
#Y 	   0.00000     1.01613     0.00000     // Y 
#Z 	   0.00000     0.00000     1.00000     // Z 
#SX 	   0.04827     0.00000     0.00000     // SX 
#SY 	   0.00000    -0.04025     0.00000     // SY 
#SZ 	   0.00000     0.00000     0.04827     // SZ 
#EPA 	  -3.29103     // Energy per Atom 
#RCUT 	6.5        // Rcut 
AL      0.00000     -0.01335     -0.03553      0.00000     -0.02619      0.00687
AL      0.23827      0.25000      0.01173     -0.00326      0.00000      0.00326
AL      0.28553     -0.01335      0.25000     -0.00687     -0.02619     -0.00000
AL      0.00000      0.10431      0.25000      0.00000      0.02021     -0.00000
AL      0.00000      0.39569      0.25000      0.00000     -0.02021     -0.00000
AL      0.00000     -0.01335      0.53553      0.00000     -0.02619     -0.00687
AL      0.23827      0.25000      0.48827     -0.00326      0.00000     -0.00326
AL      0.25861      0.00454      0.75000      0.00882      0.00461     -0.00000
AL      0.00000      0.25000      0.75000      0.00000      0.00000      0.00000
AL      0.00000      0.51335     -0.03553      0.00000      0.02619      0.00687
AL      0.25395      0.75000     -0.00395      0.00115      0.00000     -0.00115
AL      0.28553      0.51335      0.25000     -0.00687      0.02619     -0.00000
AL      0.00000      0.75000      0.25000      0.00000      0.00000      0.00000
AL      0.00000      0.51335      0.53553      0.00000      0.02619     -0.00687
AL      0.25395      0.75000      0.50395      0.00115      0.00000      0.00115
AL      0.25861      0.49546      0.75000      0.00882     -0.00461     -0.00000
AL      0.00000      0.75000      0.75000      0.00000      0.00000      0.00000
AL      0.50000      0.00454     -0.00861      0.00000      0.00461     -0.00882
AL      0.76173      0.25000      0.01173      0.00326      0.00000      0.00326
AL      0.71447     -0.01335      0.25000      0.00687     -0.02619     -0.00000
AL      0.50000      0.25000      0.25000      0.00000      0.00000      0.00000
AL      0.50000      0.00454      0.50861      0.00000      0.00461      0.00882
AL      0.76173      0.25000      0.48827      0.00326      0.00000     -0.00326
AL      0.74139      0.00454      0.75000     -0.00882      0.00461     -0.00000
AL      0.50000      0.25000      0.75000      0.00000      0.00000      0.00000
AL      0.50000      0.49546     -0.00861      0.00000     -0.00461     -0.00882
AL      0.74605      0.75000     -0.00395     -0.00115      0.00000     -0.00115
AL      0.71447      0.51335      0.25000      0.00687      0.02619      0.00000
AL      0.50000      0.75000      0.25000      0.00000      0.00000      0.00000
AL      0.50000      0.49546      0.50861      0.00000     -0.00461      0.00882
AL      0.74605      0.75000      0.50395     -0.00115     -0.00000      0.00115
AL      0.74139      0.49546      0.75000     -0.00882     -0.00461      0.00000
AL      0.50000      0.75000      0.75000      0.00000      0.00000      0.00000
