/* Converted from PWscf output file */ 
#L_UNITS ang 
#E_UNITS eV 
#S_UNITS GPA 
#F_UNITS EV/ANG 
#ALAT 	   8.15365     // a0 
#X 	   1.00000     0.00000     0.00000     // X 
#Y 	   0.00000     1.02464     0.05643     // Y 
#Z 	   0.00000     0.05643     1.02464     // Z 
#SX 	  -0.24282     0.00000     0.00000     // SX 
#SY 	   0.00000    -0.12309    -0.05498     // SY 
#SZ 	   0.00000    -0.05498    -0.12309     // SZ 
#EPA 	  -3.28512     // Energy per Atom 
#RCUT 	6.5        // Rcut 
AL      0.00000     -0.04350     -0.04350      0.00000     -0.10252     -0.10252
AL      0.27088      0.24525     -0.00708     -0.02457     -0.01089     -0.04282
AL      0.27088     -0.00708      0.24525     -0.02457     -0.04282     -0.01089
AL      0.00000      0.15388      0.15388     -0.00000     -0.08027     -0.08027
AL      0.00000      0.34612      0.34612      0.00000      0.08027      0.08027
AL      0.00000      0.01743      0.48257      0.00000     -0.02392      0.02392
AL      0.27088      0.25475      0.50708     -0.02457      0.01089      0.04282
AL      0.25547     -0.00257      0.74066     -0.08925      0.02651     -0.03018
AL      0.00000      0.25000      0.75000      0.00000      0.00000      0.00000
AL      0.00000      0.48257      0.01743      0.00000      0.02392     -0.02392
AL      0.25547      0.74066     -0.00257     -0.08925     -0.03018      0.02651
AL      0.27088      0.50708      0.25475     -0.02457      0.04282      0.01089
AL      0.00000      0.75000      0.25000      0.00000      0.00000      0.00000
AL      0.00000      0.54350      0.54350      0.00000      0.10252      0.10252
AL      0.25547      0.75934      0.50257     -0.08925      0.03018     -0.02651
AL      0.25547      0.50257      0.75934     -0.08925     -0.02651      0.03018
AL      0.00000      0.75000      0.75000      0.00000      0.00000      0.00000
AL      0.50000     -0.01091     -0.01091     -0.00000     -0.05679     -0.05679
AL      0.72912      0.24525     -0.00708      0.02457     -0.01089     -0.04282
AL      0.72912     -0.00708      0.24525      0.02457     -0.04282     -0.01089
AL      0.50000      0.25000      0.25000      0.00000      0.00000      0.00000
AL      0.50000      0.00146      0.49854     -0.00000      0.03453     -0.03453
AL      0.72912      0.25475      0.50708      0.02457      0.01089      0.04282
AL      0.74453     -0.00257      0.74066      0.08925      0.02651     -0.03018
AL      0.50000      0.25000      0.75000      0.00000      0.00000      0.00000
AL      0.50000      0.49854      0.00146     -0.00000     -0.03453      0.03453
AL      0.74453      0.74066     -0.00257      0.08925     -0.03018      0.02651
AL      0.72912      0.50708      0.25475      0.02457      0.04282      0.01089
AL      0.50000      0.75000      0.25000      0.00000      0.00000      0.00000
AL      0.50000      0.51091      0.51091     -0.00000      0.05679      0.05679
AL      0.74453      0.75934      0.50257      0.08925      0.03018     -0.02651
AL      0.74453      0.50257      0.75934      0.08925     -0.02651      0.03018
AL      0.50000      0.75000      0.75000      0.00000      0.00000      0.00000
