/* Converted from PWscf output file */ 
#L_UNITS ang 
#E_UNITS eV 
#S_UNITS GPA 
#F_UNITS EV/ANG 
#ALAT 	   8.28299     // a0 
#X 	   1.00000     0.03684     0.03684     // X 
#Y 	   0.03684     1.00000     0.03684     // Y 
#Z 	   0.03684     0.03684     1.00000     // Z 
#SX 	   0.00204     0.01954     0.01954     // SX 
#SY 	   0.01954     0.00204     0.01954     // SY 
#SZ 	   0.01954     0.01954     0.00204     // SZ 
#EPA 	  -3.27862     // Energy per Atom 
#RCUT 	6.5        // Rcut 
AL      0.07624      0.07624      0.07624      0.00957      0.00957      0.00957
AL     -0.07624     -0.07624     -0.07624     -0.00957     -0.00957     -0.00957
AL      0.28467      0.28467      0.02101     -0.00780     -0.00780     -0.00350
AL      0.28467      0.02101      0.28467     -0.00780     -0.00350     -0.00780
AL      0.02101      0.28467      0.28467     -0.00350     -0.00780     -0.00780
AL      0.00000      0.00000      0.50000     -0.00000      0.00000     -0.00000
AL      0.25999      0.25999      0.51761      0.00280      0.00280     -0.00061
AL      0.24385      0.00000      0.75615      0.00365     -0.00000     -0.00365
AL      0.00000      0.24385      0.75615      0.00000      0.00365     -0.00365
AL      0.00000      0.50000      0.00000     -0.00000      0.00000      0.00000
AL      0.24385      0.75615      0.00000      0.00365     -0.00365      0.00000
AL      0.25999      0.51761      0.25999      0.00280     -0.00061      0.00280
AL      0.00000      0.75615      0.24385     -0.00000     -0.00365      0.00365
AL      0.00000      0.50000      0.50000     -0.00000     -0.00000      0.00000
AL      0.24757      0.75243      0.50000     -0.00157      0.00157     -0.00000
AL      0.24757      0.50000      0.75243     -0.00157      0.00000      0.00157
AL     -0.02101      0.71533      0.71533      0.00350      0.00780      0.00780
AL      0.50000      0.00000      0.00000      0.00000      0.00000     -0.00000
AL      0.75615      0.24385      0.00000     -0.00365      0.00365     -0.00000
AL      0.75615      0.00000      0.24385     -0.00365      0.00000      0.00365
AL      0.51761      0.25999      0.25999     -0.00061      0.00280      0.00280
AL      0.50000      0.00000      0.50000     -0.00000     -0.00000      0.00000
AL      0.75243      0.24757      0.50000      0.00157     -0.00157      0.00000
AL      0.71533     -0.02101      0.71533      0.00780      0.00350      0.00780
AL      0.50000      0.24757      0.75243     -0.00000     -0.00157      0.00157
AL      0.50000      0.50000      0.00000     -0.00000     -0.00000      0.00000
AL      0.71533      0.71533     -0.02101      0.00780      0.00780      0.00350
AL      0.75243      0.50000      0.24757      0.00157     -0.00000     -0.00157
AL      0.50000      0.75243      0.24757      0.00000      0.00157     -0.00157
AL      0.50000      0.50000      0.50000      0.00000      0.00000      0.00000
AL      0.74001      0.74001      0.48239     -0.00280     -0.00280      0.00061
AL      0.74001      0.48239      0.74001     -0.00280      0.00061     -0.00280
AL      0.48239      0.74001      0.74001      0.00061     -0.00280     -0.00280
