/* Converted from PWscf output file */ 
#L_UNITS ang 
#E_UNITS eV 
#S_UNITS GPA 
#F_UNITS EV/ANG 
#ALAT 	   8.11496     // a0 
#X 	   1.00000     0.00000     0.00000     // X 
#Y 	   0.00000     1.02817     0.05539     // Y 
#Z 	   0.00000     0.05539     1.02817     // Z 
#SX 	   0.31996     0.00000     0.00000     // SX 
#SY 	   0.00000     0.37144    -0.00233     // SY 
#SZ 	   0.00000    -0.00233     0.37144     // SZ 
#EPA 	  -3.28589     // Energy per Atom 
#RCUT 	6.5        // Rcut 
AL      0.00000     -0.04468     -0.04468     -0.00000     -0.03550     -0.03550
AL      0.27119      0.24258     -0.00849     -0.01505     -0.02368     -0.02423
AL      0.27119     -0.00849      0.24258     -0.01505     -0.02423     -0.02368
AL      0.00000      0.15263      0.15263     -0.00000     -0.05069     -0.05069
AL      0.00000      0.34737      0.34737      0.00000      0.05069      0.05069
AL      0.00000      0.01968      0.48032      0.00000     -0.03958      0.03958
AL      0.27119      0.25742      0.50849     -0.01505      0.02368      0.02423
AL      0.25250     -0.00221      0.73801     -0.00751      0.00944     -0.02140
AL      0.00000      0.25000      0.75000      0.00000      0.00000      0.00000
AL      0.00000      0.48032      0.01968      0.00000      0.03958     -0.03958
AL      0.25250      0.73801     -0.00221     -0.00751     -0.02140      0.00944
AL      0.27119      0.50849      0.25742     -0.01505      0.02423      0.02368
AL      0.00000      0.75000      0.25000      0.00000      0.00000      0.00000
AL      0.00000      0.54468      0.54468     -0.00000      0.03550      0.03550
AL      0.25250      0.76199      0.50221     -0.00751      0.02140     -0.00944
AL      0.25250      0.50221      0.76199     -0.00751     -0.00944      0.02140
AL      0.00000      0.75000      0.75000      0.00000      0.00000      0.00000
AL      0.50000     -0.01570     -0.01570     -0.00000     -0.01212     -0.01212
AL      0.72881      0.24258     -0.00849      0.01505     -0.02368     -0.02423
AL      0.72881     -0.00849      0.24258      0.01505     -0.02423     -0.02368
AL      0.50000      0.25000      0.25000      0.00000      0.00000      0.00000
AL      0.50000      0.00331      0.49669     -0.00000     -0.02905      0.02905
AL      0.72881      0.25742      0.50849      0.01505      0.02368      0.02423
AL      0.74750     -0.00221      0.73801      0.00751      0.00944     -0.02140
AL      0.50000      0.25000      0.75000      0.00000      0.00000      0.00000
AL      0.50000      0.49669      0.00331     -0.00000      0.02905     -0.02905
AL      0.74750      0.73801     -0.00221      0.00751     -0.02140      0.00944
AL      0.72881      0.50849      0.25742      0.01505      0.02423      0.02368
AL      0.50000      0.75000      0.25000      0.00000      0.00000      0.00000
AL      0.50000      0.51570      0.51570     -0.00000      0.01212      0.01212
AL      0.74750      0.76199      0.50221      0.00751      0.02140     -0.00944
AL      0.74750      0.50221      0.76199      0.00751     -0.00944      0.02140
AL      0.50000      0.75000      0.75000      0.00000      0.00000      0.00000
