/* Converted from PWscf output file */ 
#L_UNITS ang 
#E_UNITS eV 
#S_UNITS GPA 
#F_UNITS EV/ANG 
#ALAT 	   8.28728     // a0 
#X 	   1.00000    -0.00149    -0.00149     // X 
#Y 	  -0.00149     1.00000    -0.00149     // Y 
#Z 	  -0.00149    -0.00149     1.00000     // Z 
#SX 	  -0.06373     0.59720     0.59720     // SX 
#SY 	   0.59720    -0.06373     0.59720     // SY 
#SZ 	   0.59720     0.59720    -0.06373     // SZ 
#EPA 	  -3.26561     // Energy per Atom 
#RCUT 	6.5        // Rcut 
AL      0.07970      0.07970      0.07970      0.35979      0.35979      0.35979
AL     -0.07970     -0.07970     -0.07970     -0.35979     -0.35979     -0.35979
AL      0.28064      0.28064     -0.02112     -0.10129     -0.10129      0.19751
AL      0.28064     -0.02112      0.28064     -0.10129      0.19751     -0.10129
AL     -0.02112      0.28064      0.28064      0.19751     -0.10129     -0.10129
AL      0.00000      0.00000      0.50000      0.00000     -0.00000      0.00000
AL      0.25009      0.25009      0.49915     -0.03412     -0.03412      0.00151
AL      0.24573      0.00000      0.75427     -0.03647     -0.00000      0.03647
AL      0.00000      0.24573      0.75427     -0.00000     -0.03647      0.03647
AL      0.00000      0.50000      0.00000     -0.00000     -0.00000     -0.00000
AL      0.24573      0.75427      0.00000     -0.03647      0.03647      0.00000
AL      0.25009      0.49915      0.25009     -0.03412      0.00151     -0.03412
AL      0.00000      0.75427      0.24573      0.00000      0.03647     -0.03647
AL      0.00000      0.50000      0.50000      0.00000      0.00000     -0.00000
AL      0.25902      0.74098      0.50000      0.08565     -0.08565     -0.00000
AL      0.25902      0.50000      0.74098      0.08565      0.00000     -0.08565
AL      0.02112      0.71936      0.71936     -0.19751      0.10129      0.10129
AL      0.50000      0.00000      0.00000     -0.00000     -0.00000     -0.00000
AL      0.75427      0.24573      0.00000      0.03647     -0.03647     -0.00000
AL      0.75427      0.00000      0.24573      0.03647      0.00000     -0.03647
AL      0.49915      0.25009      0.25009      0.00151     -0.03412     -0.03412
AL      0.50000      0.00000      0.50000     -0.00000     -0.00000     -0.00000
AL      0.74098      0.25902      0.50000     -0.08565      0.08565      0.00000
AL      0.71936      0.02112      0.71936      0.10129     -0.19751      0.10129
AL      0.50000      0.25902      0.74098      0.00000      0.08565     -0.08565
AL      0.50000      0.50000      0.00000     -0.00000      0.00000      0.00000
AL      0.71936      0.71936      0.02112      0.10129      0.10129     -0.19751
AL      0.74098      0.50000      0.25902     -0.08565     -0.00000      0.08565
AL      0.50000      0.74098      0.25902      0.00000     -0.08565      0.08565
AL      0.50000      0.50000      0.50000      0.00000      0.00000      0.00000
AL      0.74991      0.74991      0.50085      0.03412      0.03412     -0.00151
AL      0.74991      0.50085      0.74991      0.03412     -0.00151      0.03412
AL      0.50085      0.74991      0.74991     -0.00151      0.03412      0.03412
