/* Converted from PWscf output file */ 
#L_UNITS ang 
#E_UNITS eV 
#S_UNITS GPA 
#F_UNITS EV/ANG 
#ALAT 	   8.16276     // a0 
#X 	   1.00000     0.00000     0.00000     // X 
#Y 	   0.00000     1.02142     0.05474     // Y 
#Z 	   0.00000     0.05474     1.02142     // Z 
#SX 	   0.09421     0.00000     0.00000     // SX 
#SY 	   0.00000     0.02873    -0.13957     // SY 
#SZ 	   0.00000    -0.13957     0.02873     // SZ 
#EPA 	  -3.28382     // Energy per Atom 
#RCUT 	6.5        // Rcut 
AL      0.00000     -0.04603     -0.04603      0.00000      0.11313      0.11313
AL      0.26919      0.24899     -0.00682      0.01585     -0.05364      0.01435
AL      0.26919     -0.00682      0.24899      0.01585      0.01435     -0.05364
AL      0.00000      0.15124      0.15124      0.00000      0.15860      0.15860
AL      0.00000      0.34876      0.34876      0.00000     -0.15860     -0.15860
AL      0.00000      0.01193      0.48807      0.00000      0.09785     -0.09785
AL      0.26919      0.25101      0.50682      0.01585      0.05364     -0.01435
AL      0.25712     -0.00206      0.74379     -0.02577     -0.00544     -0.04896
AL      0.00000      0.25000      0.75000      0.00000      0.00000      0.00000
AL      0.00000      0.48807      0.01193      0.00000     -0.09785      0.09785
AL      0.25712      0.74379     -0.00206     -0.02577     -0.04896     -0.00544
AL      0.26919      0.50682      0.25101      0.01585     -0.01435      0.05364
AL      0.00000      0.75000      0.25000      0.00000      0.00000      0.00000
AL      0.00000      0.54603      0.54603      0.00000     -0.11313     -0.11313
AL      0.25712      0.75621      0.50206     -0.02577      0.04896      0.00544
AL      0.25712      0.50206      0.75621     -0.02577      0.00544      0.04896
AL      0.00000      0.75000      0.75000      0.00000      0.00000      0.00000
AL      0.50000     -0.00510     -0.00510      0.00000     -0.08527     -0.08527
AL      0.73081      0.24899     -0.00682     -0.01585     -0.05364      0.01435
AL      0.73081     -0.00682      0.24899     -0.01585      0.01435     -0.05364
AL      0.50000      0.25000      0.25000      0.00000      0.00000      0.00000
AL      0.50000     -0.00099      0.50099      0.00000      0.05204     -0.05204
AL      0.73081      0.25101      0.50682     -0.01585      0.05364     -0.01435
AL      0.74288     -0.00206      0.74379      0.02577     -0.00544     -0.04896
AL      0.50000      0.25000      0.75000      0.00000      0.00000      0.00000
AL      0.50000      0.50099     -0.00099      0.00000     -0.05204      0.05204
AL      0.74288      0.74379     -0.00206      0.02577     -0.04896     -0.00544
AL      0.73081      0.50682      0.25101     -0.01585     -0.01435      0.05364
AL      0.50000      0.75000      0.25000      0.00000      0.00000      0.00000
AL      0.50000      0.50510      0.50510      0.00000      0.08527      0.08527
AL      0.74288      0.75621      0.50206      0.02577      0.04896      0.00544
AL      0.74288      0.50206      0.75621      0.02577      0.00544      0.04896
AL      0.50000      0.75000      0.75000      0.00000      0.00000      0.00000
