/* Converted from PWscf output file */ 
#L_UNITS ang 
#E_UNITS eV 
#S_UNITS GPA 
#F_UNITS EV/ANG 
#ALAT 	   8.21348     // a0 
#X 	   1.00000     0.00000     0.00000     // X 
#Y 	   0.00000     0.99346     0.00000     // Y 
#Z 	   0.00000     0.00000     1.00000     // Z 
#SX 	   2.43225     0.00000     0.00000     // SX 
#SY 	   0.00000     2.71547     0.00000     // SY 
#SZ 	   0.00000     0.00000     2.43225     // SZ 
#EPA 	  -3.23547     // Energy per Atom 
#RCUT 	6.5        // Rcut 
AL      0.00000     -0.00779     -0.01820      0.00000     -0.86360     -1.84956
AL      0.24940      0.25000      0.00060     -0.08635      0.00000      0.08635
AL      0.26820     -0.00779      0.25000      1.84956     -0.86360      0.00000
AL      0.00000      0.11546      0.25000      0.00000      0.49012      0.00000
AL      0.00000      0.38454      0.25000      0.00000     -0.49012      0.00000
AL      0.00000     -0.00779      0.51820     -0.00000     -0.86360      1.84956
AL      0.24940      0.25000      0.49940     -0.08635      0.00000     -0.08635
AL      0.25040      0.00001      0.75000      0.09494      0.00320     -0.00000
AL      0.00000      0.25000      0.75000      0.00000      0.00000      0.00000
AL      0.00000      0.50779     -0.01820      0.00000      0.86360     -1.84956
AL      0.25043      0.75000     -0.00043      0.06364     -0.00000     -0.06364
AL      0.26820      0.50779      0.25000      1.84956      0.86360      0.00000
AL      0.00000      0.75000      0.25000      0.00000      0.00000      0.00000
AL      0.00000      0.50779      0.51820      0.00000      0.86360      1.84956
AL      0.25043      0.75000      0.50043      0.06364      0.00000      0.06364
AL      0.25040      0.49999      0.75000      0.09494     -0.00320      0.00000
AL      0.00000      0.75000      0.75000      0.00000      0.00000      0.00000
AL      0.50000      0.00001     -0.00040      0.00000      0.00320     -0.09494
AL      0.75060      0.25000      0.00060      0.08635      0.00000      0.08635
AL      0.73180     -0.00779      0.25000     -1.84956     -0.86360     -0.00000
AL      0.50000      0.25000      0.25000      0.00000      0.00000      0.00000
AL      0.50000      0.00001      0.50040      0.00000      0.00320      0.09494
AL      0.75060      0.25000      0.49940      0.08635     -0.00000     -0.08635
AL      0.74960      0.00001      0.75000     -0.09494      0.00320     -0.00000
AL      0.50000      0.25000      0.75000      0.00000      0.00000      0.00000
AL      0.50000      0.49999     -0.00040      0.00000     -0.00320     -0.09494
AL      0.74957      0.75000     -0.00043     -0.06364      0.00000     -0.06364
AL      0.73180      0.50779      0.25000     -1.84956      0.86360      0.00000
AL      0.50000      0.75000      0.25000      0.00000      0.00000      0.00000
AL      0.50000      0.49999      0.50040     -0.00000     -0.00320      0.09494
AL      0.74957      0.75000      0.50043     -0.06364      0.00000      0.06364
AL      0.74960      0.49999      0.75000     -0.09494     -0.00320     -0.00000
AL      0.50000      0.75000      0.75000      0.00000      0.00000      0.00000
