/* Converted from PWscf output file */ 
#L_UNITS ang 
#E_UNITS eV 
#S_UNITS GPA 
#F_UNITS EV/ANG 
#ALAT 	   8.28070     // a0 
#X 	   1.00000     0.01235     0.01235     // X 
#Y 	   0.01235     1.00000     0.01235     // Y 
#Z 	   0.01235     0.01235     1.00000     // Z 
#SX 	  -0.00540     0.07292     0.07292     // SX 
#SY 	   0.07292    -0.00540     0.07292     // SY 
#SZ 	   0.07292     0.07292    -0.00540     // SZ 
#EPA 	  -3.26992     // Energy per Atom 
#RCUT 	6.5        // Rcut 
AL      0.08026      0.08026      0.08026     -0.17558     -0.17558     -0.17558
AL     -0.08026     -0.08026     -0.08026      0.17558      0.17558      0.17558
AL      0.28071      0.28071     -0.01533      0.05086      0.05086      0.09638
AL      0.28071     -0.01533      0.28071      0.05086      0.09638      0.05086
AL     -0.01533      0.28071      0.28071      0.09638      0.05086      0.05086
AL      0.00000      0.00000      0.50000      0.00000      0.00000     -0.00000
AL      0.24860      0.24860      0.50006     -0.02075     -0.02075      0.05414
AL      0.24493      0.00000      0.75507      0.01971     -0.00000     -0.01971
AL      0.00000      0.24493      0.75507      0.00000      0.01971     -0.01971
AL      0.00000      0.50000      0.00000      0.00000      0.00000     -0.00000
AL      0.24493      0.75507      0.00000      0.01971     -0.01971     -0.00000
AL      0.24860      0.50006      0.24860     -0.02075      0.05414     -0.02075
AL      0.00000      0.75507      0.24493     -0.00000     -0.01971      0.01971
AL      0.00000      0.50000      0.50000     -0.00000      0.00000     -0.00000
AL      0.25930      0.74070      0.50000     -0.11741      0.11741      0.00000
AL      0.25930      0.50000      0.74070     -0.11741      0.00000      0.11741
AL      0.01533      0.71929      0.71929     -0.09638     -0.05086     -0.05086
AL      0.50000      0.00000      0.00000      0.00000     -0.00000     -0.00000
AL      0.75507      0.24493      0.00000     -0.01971      0.01971      0.00000
AL      0.75507      0.00000      0.24493     -0.01971      0.00000      0.01971
AL      0.50006      0.24860      0.24860      0.05414     -0.02075     -0.02075
AL      0.50000      0.00000      0.50000     -0.00000      0.00000      0.00000
AL      0.74070      0.25930      0.50000      0.11741     -0.11741     -0.00000
AL      0.71929      0.01533      0.71929     -0.05086     -0.09638     -0.05086
AL      0.50000      0.25930      0.74070     -0.00000     -0.11741      0.11741
AL      0.50000      0.50000      0.00000      0.00000     -0.00000      0.00000
AL      0.71929      0.71929      0.01533     -0.05086     -0.05086     -0.09638
AL      0.74070      0.50000      0.25930      0.11741     -0.00000     -0.11741
AL      0.50000      0.74070      0.25930      0.00000      0.11741     -0.11741
AL      0.50000      0.50000      0.50000      0.00000      0.00000     -0.00000
AL      0.75140      0.75140      0.49994      0.02075      0.02075     -0.05414
AL      0.75140      0.49994      0.75140      0.02075     -0.05414      0.02075
AL      0.49994      0.75140      0.75140     -0.05414      0.02075      0.02075
