/* Converted from PWscf output file */ 
#L_UNITS ang 
#E_UNITS eV 
#S_UNITS GPA 
#F_UNITS EV/ANG 
#ALAT 	   8.22946     // a0 
#X 	   1.00000     0.00000     0.00000     // X 
#Y 	   0.00000     1.01129     0.03177     // Y 
#Z 	   0.00000     0.03177     1.01129     // Z 
#SX 	  -0.82222     0.00000     0.00000     // SX 
#SY 	   0.00000    -0.33630     1.24442     // SY 
#SZ 	   0.00000     1.24442    -0.33630     // SZ 
#EPA 	  -3.27378     // Energy per Atom 
#RCUT 	6.5        // Rcut 
AL      0.00000     -0.04135     -0.04135     -0.00000     -0.76576     -0.76576
AL      0.26248      0.25360     -0.00590      0.28426     -0.03402     -0.11520
AL      0.26248     -0.00590      0.25360      0.28426     -0.11520     -0.03402
AL      0.00000      0.15520      0.15520      0.00000      0.59389      0.59389
AL      0.00000      0.34480      0.34480      0.00000     -0.59389     -0.59389
AL      0.00000      0.00410      0.49590     -0.00000      0.17208     -0.17208
AL      0.26248      0.24640      0.50590      0.28426      0.03402      0.11520
AL      0.25361     -0.00003      0.74676      0.12480     -0.02918     -0.07519
AL      0.00000      0.25000      0.75000      0.00000      0.00000      0.00000
AL      0.00000      0.49590      0.00410     -0.00000     -0.17208      0.17208
AL      0.25361      0.74676     -0.00003      0.12480     -0.07519     -0.02918
AL      0.26248      0.50590      0.24640      0.28426      0.11520      0.03402
AL      0.00000      0.75000      0.25000      0.00000      0.00000      0.00000
AL      0.00000      0.54135      0.54135     -0.00000      0.76576      0.76576
AL      0.25361      0.75324      0.50003      0.12480      0.07519      0.02918
AL      0.25361      0.50003      0.75324      0.12480      0.02918      0.07519
AL      0.00000      0.75000      0.75000      0.00000      0.00000      0.00000
AL      0.50000     -0.00077     -0.00077      0.00000     -0.05429     -0.05429
AL      0.73752      0.25360     -0.00590     -0.28426     -0.03402     -0.11520
AL      0.73752     -0.00590      0.25360     -0.28426     -0.11520     -0.03402
AL      0.50000      0.25000      0.25000      0.00000      0.00000      0.00000
AL      0.50000     -0.00044      0.50044      0.00000     -0.04630      0.04630
AL      0.73752      0.24640      0.50590     -0.28426      0.03402      0.11520
AL      0.74639     -0.00003      0.74676     -0.12480     -0.02918     -0.07519
AL      0.50000      0.25000      0.75000      0.00000      0.00000      0.00000
AL      0.50000      0.50044     -0.00044      0.00000      0.04630     -0.04630
AL      0.74639      0.74676     -0.00003     -0.12480     -0.07519     -0.02918
AL      0.73752      0.50590      0.24640     -0.28426      0.11520      0.03402
AL      0.50000      0.75000      0.25000      0.00000      0.00000      0.00000
AL      0.50000      0.50077      0.50077      0.00000      0.05429      0.05429
AL      0.74639      0.75324      0.50003     -0.12480      0.07519      0.02918
AL      0.74639      0.50003      0.75324     -0.12480      0.02918      0.07519
AL      0.50000      0.75000      0.75000      0.00000      0.00000      0.00000
