/* Converted from PWscf output file */ 
#L_UNITS ang 
#E_UNITS eV 
#S_UNITS GPA 
#F_UNITS EV/ANG 
#ALAT 	   8.27217     // a0 
#X 	   1.00000     0.00894     0.00894     // X 
#Y 	   0.00894     1.00000     0.00894     // Y 
#Z 	   0.00894     0.00894     1.00000     // Z 
#SX 	   0.22765     0.23509     0.23509     // SX 
#SY 	   0.23509     0.22765     0.23509     // SY 
#SZ 	   0.23509     0.23509     0.22765     // SZ 
#EPA 	  -3.26894     // Energy per Atom 
#RCUT 	6.5        // Rcut 
AL      0.08020      0.08020      0.08020      0.08518      0.08518      0.08518
AL     -0.08020     -0.08020     -0.08020     -0.08518     -0.08518     -0.08518
AL      0.28051      0.28051     -0.01867     -0.00358     -0.00358      0.12679
AL      0.28051     -0.01867      0.28051     -0.00358      0.12679     -0.00358
AL     -0.01867      0.28051      0.28051      0.12679     -0.00358     -0.00358
AL      0.00000      0.00000      0.50000      0.00000     -0.00000     -0.00000
AL      0.24959      0.24959      0.49920     -0.05396     -0.05396      0.04385
AL      0.24493      0.00000      0.75507      0.02555      0.00000     -0.02555
AL      0.00000      0.24493      0.75507      0.00000      0.02555     -0.02555
AL      0.00000      0.50000      0.00000      0.00000      0.00000     -0.00000
AL      0.24493      0.75507      0.00000      0.02555     -0.02555     -0.00000
AL      0.24959      0.49920      0.24959     -0.05396      0.04385     -0.05396
AL      0.00000      0.75507      0.24493     -0.00000     -0.02555      0.02555
AL      0.00000      0.50000      0.50000     -0.00000     -0.00000      0.00000
AL      0.26064      0.73936      0.50000     -0.13033      0.13033      0.00000
AL      0.26064      0.50000      0.73936     -0.13033     -0.00000      0.13033
AL      0.01867      0.71949      0.71949     -0.12679      0.00358      0.00358
AL      0.50000      0.00000      0.00000     -0.00000     -0.00000      0.00000
AL      0.75507      0.24493      0.00000     -0.02555      0.02555      0.00000
AL      0.75507      0.00000      0.24493     -0.02555     -0.00000      0.02555
AL      0.49920      0.24959      0.24959      0.04385     -0.05396     -0.05396
AL      0.50000      0.00000      0.50000      0.00000     -0.00000     -0.00000
AL      0.73936      0.26064      0.50000      0.13033     -0.13033     -0.00000
AL      0.71949      0.01867      0.71949      0.00358     -0.12679      0.00358
AL      0.50000      0.26064      0.73936     -0.00000     -0.13033      0.13033
AL      0.50000      0.50000      0.00000      0.00000     -0.00000      0.00000
AL      0.71949      0.71949      0.01867      0.00358      0.00358     -0.12679
AL      0.73936      0.50000      0.26064      0.13033      0.00000     -0.13033
AL      0.50000      0.73936      0.26064      0.00000      0.13033     -0.13033
AL      0.50000      0.50000      0.50000     -0.00000      0.00000      0.00000
AL      0.75041      0.75041      0.50080      0.05396      0.05396     -0.04385
AL      0.75041      0.50080      0.75041      0.05396     -0.04385      0.05396
AL      0.50080      0.75041      0.75041     -0.04385      0.05396      0.05396
