/* Converted from PWscf output file */ 
#L_UNITS ang 
#E_UNITS eV 
#S_UNITS GPA 
#F_UNITS EV/ANG 
#ALAT 	   8.28556     // a0 
#X 	   1.00000     0.03676     0.03676     // X 
#Y 	   0.03676     1.00000     0.03676     // Y 
#Z 	   0.03676     0.03676     1.00000     // Z 
#SX 	  -0.06694     0.02742     0.02742     // SX 
#SY 	   0.02742    -0.06694     0.02742     // SY 
#SZ 	   0.02742     0.02742    -0.06694     // SZ 
#EPA 	  -3.27859     // Energy per Atom 
#RCUT 	6.5        // Rcut 
AL      0.07624      0.07624      0.07624      0.02261      0.02261      0.02261
AL     -0.07624     -0.07624     -0.07624     -0.02261     -0.02261     -0.02261
AL      0.28467      0.28467      0.02101     -0.01100     -0.01100     -0.00537
AL      0.28467      0.02101      0.28467     -0.01100     -0.00537     -0.01100
AL      0.02101      0.28467      0.28467     -0.00537     -0.01100     -0.01100
AL      0.00000      0.00000      0.50000      0.00000      0.00000     -0.00000
AL      0.25999      0.25999      0.51761      0.00373      0.00373      0.00114
AL      0.24385      0.00000      0.75615      0.00476     -0.00000     -0.00476
AL      0.00000      0.24385      0.75615      0.00000      0.00476     -0.00476
AL      0.00000      0.50000      0.00000      0.00000      0.00000      0.00000
AL      0.24385      0.75615      0.00000      0.00476     -0.00476      0.00000
AL      0.25999      0.51761      0.25999      0.00373      0.00114      0.00373
AL      0.00000      0.75615      0.24385     -0.00000     -0.00476      0.00476
AL      0.00000      0.50000      0.50000      0.00000     -0.00000     -0.00000
AL      0.24757      0.75243      0.50000     -0.00285      0.00285     -0.00000
AL      0.24757      0.50000      0.75243     -0.00285      0.00000      0.00285
AL     -0.02101      0.71533      0.71533      0.00537      0.01100      0.01100
AL      0.50000      0.00000      0.00000     -0.00000     -0.00000      0.00000
AL      0.75615      0.24385      0.00000     -0.00476      0.00476     -0.00000
AL      0.75615      0.00000      0.24385     -0.00476      0.00000      0.00476
AL      0.51761      0.25999      0.25999      0.00114      0.00373      0.00373
AL      0.50000      0.00000      0.50000     -0.00000     -0.00000      0.00000
AL      0.75243      0.24757      0.50000      0.00285     -0.00285      0.00000
AL      0.71533     -0.02101      0.71533      0.01100      0.00537      0.01100
AL      0.50000      0.24757      0.75243     -0.00000     -0.00285      0.00285
AL      0.50000      0.50000      0.00000      0.00000     -0.00000     -0.00000
AL      0.71533      0.71533     -0.02101      0.01100      0.01100      0.00537
AL      0.75243      0.50000      0.24757      0.00285     -0.00000     -0.00285
AL      0.50000      0.75243      0.24757      0.00000      0.00285     -0.00285
AL      0.50000      0.50000      0.50000     -0.00000      0.00000      0.00000
AL      0.74001      0.74001      0.48239     -0.00373     -0.00373     -0.00114
AL      0.74001      0.48239      0.74001     -0.00373     -0.00114     -0.00373
AL      0.48239      0.74001      0.74001     -0.00114     -0.00373     -0.00373
