/* Converted from PWscf output file */ 
#L_UNITS ang 
#E_UNITS eV 
#S_UNITS GPA 
#F_UNITS EV/ANG 
#ALAT 	   8.16475     // a0 
#X 	   1.00000     0.00000     0.00000     // X 
#Y 	   0.00000     1.02244     0.05569     // Y 
#Z 	   0.00000     0.05569     1.02244     // Z 
#SX 	  -0.09129     0.00000     0.00000     // SX 
#SY 	   0.00000    -0.15590    -0.13767     // SY 
#SZ 	   0.00000    -0.13767    -0.15590     // SZ 
#EPA 	  -3.28417     // Energy per Atom 
#RCUT 	6.5        // Rcut 
AL      0.00000     -0.04502     -0.04502     -0.00000      0.02738      0.02738
AL      0.26989      0.24777     -0.00667      0.00850     -0.03226     -0.00541
AL      0.26989     -0.00667      0.24777      0.00850     -0.00541     -0.03226
AL      0.00000      0.15179      0.15179      0.00000      0.20690      0.20690
AL      0.00000      0.34821      0.34821      0.00000     -0.20690     -0.20690
AL      0.00000      0.01378      0.48622      0.00000      0.07204     -0.07204
AL      0.26989      0.25223      0.50667      0.00850      0.03226      0.00541
AL      0.25718     -0.00240      0.74298     -0.05214      0.00799     -0.04812
AL      0.00000      0.25000      0.75000      0.00000      0.00000      0.00000
AL      0.00000      0.48622      0.01378      0.00000     -0.07204      0.07204
AL      0.25718      0.74298     -0.00240     -0.05214     -0.04812      0.00799
AL      0.26989      0.50667      0.25223      0.00850      0.00541      0.03226
AL      0.00000      0.75000      0.25000      0.00000      0.00000      0.00000
AL      0.00000      0.54502      0.54502     -0.00000     -0.02738     -0.02738
AL      0.25718      0.75702      0.50240     -0.05214      0.04812     -0.00799
AL      0.25718      0.50240      0.75702     -0.05214     -0.00799      0.04812
AL      0.00000      0.75000      0.75000      0.00000      0.00000      0.00000
AL      0.50000     -0.00659     -0.00659      0.00000     -0.08146     -0.08146
AL      0.73011      0.24777     -0.00667     -0.00850     -0.03226     -0.00541
AL      0.73011     -0.00667      0.24777     -0.00850     -0.00541     -0.03226
AL      0.50000      0.25000      0.25000      0.00000      0.00000      0.00000
AL      0.50000     -0.00052      0.50052      0.00000      0.06081     -0.06081
AL      0.73011      0.25223      0.50667     -0.00850      0.03226      0.00541
AL      0.74282     -0.00240      0.74298      0.05214      0.00799     -0.04812
AL      0.50000      0.25000      0.75000      0.00000      0.00000      0.00000
AL      0.50000      0.50052     -0.00052      0.00000     -0.06081      0.06081
AL      0.74282      0.74298     -0.00240      0.05214     -0.04812      0.00799
AL      0.73011      0.50667      0.25223     -0.00850      0.00541      0.03226
AL      0.50000      0.75000      0.25000      0.00000      0.00000      0.00000
AL      0.50000      0.50659      0.50659      0.00000      0.08146      0.08146
AL      0.74282      0.75702      0.50240      0.05214      0.04812     -0.00799
AL      0.74282      0.50240      0.75702      0.05214     -0.00799      0.04812
AL      0.50000      0.75000      0.75000      0.00000      0.00000      0.00000
