/* Converted from PWscf output file */ 
#L_UNITS ang 
#E_UNITS eV 
#S_UNITS GPA 
#F_UNITS EV/ANG 
#ALAT 	   8.15993     // a0 
#X 	   1.00000     0.00000     0.00000     // X 
#Y 	   0.00000     1.01026     0.01601     // Y 
#Z 	   0.00000     0.01601     1.01026     // Z 
#SX 	   1.53755     0.00000     0.00000     // SX 
#SY 	   0.00000     4.14218     4.69767     // SY 
#SZ 	   0.00000     4.69767     4.14218     // SZ 
#EPA 	  -3.15219     // Energy per Atom 
#RCUT 	6.5        // Rcut 
AL      0.00000     -0.03580     -0.03580     -0.00000     -6.30466     -6.30466
AL      0.25687      0.25259     -0.00327      0.71673      0.24984     -0.34216
AL      0.25687     -0.00327      0.25259      0.71673     -0.34216      0.24984
AL      0.00000      0.14451      0.14451      0.00000      7.24190      7.24190
AL      0.00000      0.35549      0.35549     -0.00000     -7.24190     -7.24190
AL      0.00000      0.00187      0.49813      0.00000      0.21236     -0.21236
AL      0.25687      0.24741      0.50327      0.71673     -0.24984      0.34216
AL      0.25173      0.00010      0.74826      0.18964      0.00731     -0.17930
AL      0.00000      0.25000      0.75000      0.00000      0.00000      0.00000
AL      0.00000      0.49813      0.00187      0.00000     -0.21236      0.21236
AL      0.25173      0.74826      0.00010      0.18964     -0.17930      0.00731
AL      0.25687      0.50327      0.24741      0.71673      0.34216     -0.24984
AL      0.00000      0.75000      0.25000      0.00000      0.00000      0.00000
AL      0.00000      0.53580      0.53580      0.00000      6.30466      6.30466
AL      0.25173      0.75174      0.49990      0.18964      0.17930     -0.00731
AL      0.25173      0.49990      0.75174      0.18964     -0.00731      0.17930
AL      0.00000      0.75000      0.75000      0.00000      0.00000      0.00000
AL      0.50000     -0.00024     -0.00024      0.00000     -0.03057     -0.03057
AL      0.74313      0.25259     -0.00327     -0.71673      0.24984     -0.34216
AL      0.74313     -0.00327      0.25259     -0.71673     -0.34216      0.24984
AL      0.50000      0.25000      0.25000      0.00000      0.00000      0.00000
AL      0.50000     -0.00008      0.50008     -0.00000     -0.01805      0.01805
AL      0.74313      0.24741      0.50327     -0.71673     -0.24984      0.34216
AL      0.74827      0.00010      0.74826     -0.18964      0.00731     -0.17930
AL      0.50000      0.25000      0.75000     -0.00000      0.00000      0.00000
AL      0.50000      0.50008     -0.00008     -0.00000      0.01805     -0.01805
AL      0.74827      0.74826      0.00010     -0.18964     -0.17930      0.00731
AL      0.74313      0.50327      0.24741     -0.71673      0.34216     -0.24984
AL      0.50000      0.75000      0.25000     -0.00000      0.00000      0.00000
AL      0.50000      0.50024      0.50024      0.00000      0.03057      0.03057
AL      0.74827      0.75174      0.49990     -0.18964      0.17930     -0.00731
AL      0.74827      0.49990      0.75174     -0.18964     -0.00731      0.17930
AL      0.50000      0.75000      0.75000      0.00000      0.00000      0.00000
