/* Converted from PWscf output file */ 
#L_UNITS ang 
#E_UNITS eV 
#S_UNITS GPA 
#F_UNITS EV/ANG 
#ALAT 	   8.29698     // a0 
#X 	   1.00000     0.02345     0.02345     // X 
#Y 	   0.02345     1.00000     0.02345     // Y 
#Z 	   0.02345     0.02345     1.00000     // Z 
#SX 	  -0.39186    -0.20140    -0.20140     // SX 
#SY 	  -0.20140    -0.39186    -0.20140     // SY 
#SZ 	  -0.20140    -0.20140    -0.39186     // SZ 
#EPA 	  -3.27215     // Energy per Atom 
#RCUT 	6.5        // Rcut 
AL      0.07751      0.07751      0.07751     -0.16294     -0.16294     -0.16294
AL     -0.07751     -0.07751     -0.07751      0.16294      0.16294      0.16294
AL      0.28183      0.28183     -0.00580      0.00048      0.00048      0.12543
AL      0.28183     -0.00580      0.28183      0.00048      0.12543      0.00048
AL     -0.00580      0.28183      0.28183      0.12543      0.00048      0.00048
AL      0.00000      0.00000      0.50000     -0.00000      0.00000     -0.00000
AL      0.24730      0.24730      0.50333      0.10602      0.10602      0.06744
AL      0.24519      0.00000      0.75481     -0.00925      0.00000      0.00925
AL      0.00000      0.24519      0.75481     -0.00000     -0.00925      0.00925
AL      0.00000      0.50000      0.00000     -0.00000      0.00000     -0.00000
AL      0.24519      0.75481      0.00000     -0.00925      0.00925     -0.00000
AL      0.24730      0.50333      0.24730      0.10602      0.06744      0.10602
AL      0.00000      0.75481      0.24519      0.00000      0.00925     -0.00925
AL      0.00000      0.50000      0.50000      0.00000      0.00000     -0.00000
AL      0.25469      0.74531      0.50000     -0.00160      0.00160     -0.00000
AL      0.25469      0.50000      0.74531     -0.00160      0.00000      0.00160
AL      0.00580      0.71817      0.71817     -0.12543     -0.00048     -0.00048
AL      0.50000      0.00000      0.00000     -0.00000      0.00000      0.00000
AL      0.75481      0.24519      0.00000      0.00925     -0.00925      0.00000
AL      0.75481      0.00000      0.24519      0.00925     -0.00000     -0.00925
AL      0.50333      0.24730      0.24730      0.06744      0.10602      0.10602
AL      0.50000      0.00000      0.50000     -0.00000      0.00000     -0.00000
AL      0.74531      0.25469      0.50000      0.00160     -0.00160      0.00000
AL      0.71817      0.00580      0.71817     -0.00048     -0.12543     -0.00048
AL      0.50000      0.25469      0.74531     -0.00000     -0.00160      0.00160
AL      0.50000      0.50000      0.00000     -0.00000     -0.00000      0.00000
AL      0.71817      0.71817      0.00580     -0.00048     -0.00048     -0.12543
AL      0.74531      0.50000      0.25469      0.00160     -0.00000     -0.00160
AL      0.50000      0.74531      0.25469      0.00000      0.00160     -0.00160
AL      0.50000      0.50000      0.50000      0.00000      0.00000     -0.00000
AL      0.75270      0.75270      0.49667     -0.10602     -0.10602     -0.06744
AL      0.75270      0.49667      0.75270     -0.10602     -0.06744     -0.10602
AL      0.49667      0.75270      0.75270     -0.06744     -0.10602     -0.10602
