/* Converted from PWscf output file */ 
#L_UNITS ang 
#E_UNITS eV 
#S_UNITS GPA 
#F_UNITS EV/ANG 
#ALAT 	   8.26558     // a0 
#X 	   1.00000    -0.00699    -0.00699     // X 
#Y 	  -0.00699     1.00000    -0.00699     // Y 
#Z 	  -0.00699    -0.00699     1.00000     // Z 
#SX 	  17.68641    -5.94515    -5.94515     // SX 
#SY 	  -5.94515    17.68641    -5.94515     // SY 
#SZ 	  -5.94515    -5.94515    17.68641     // SZ 
#EPA 	  -2.42641     // Energy per Atom 
#RCUT 	6.5        // Rcut 
AL      0.10613      0.10613      0.10613    -10.59639    -10.59639    -10.59639
AL     -0.10613     -0.10613     -0.10613     10.59639     10.59639     10.59639
AL      0.26793      0.26793     -0.01765     10.06856     10.06856     -9.91102
AL      0.26793     -0.01765      0.26793     10.06856     -9.91102     10.06856
AL     -0.01765      0.26793      0.26793     -9.91102     10.06856     10.06856
AL      0.00000      0.00000      0.50000      0.00000      0.00000      0.00000
AL      0.25009      0.25009      0.50005      0.04973      0.04973      0.02531
AL      0.24971      0.00000      0.75029     -0.16090      0.00000      0.16090
AL      0.00000      0.24971      0.75029      0.00000     -0.16090      0.16090
AL      0.00000      0.50000      0.00000      0.00000     -0.00000      0.00000
AL      0.24971      0.75029      0.00000     -0.16090      0.16090      0.00000
AL      0.25009      0.50005      0.25009      0.04973      0.02531      0.04973
AL      0.00000      0.75029      0.24971      0.00000      0.16090     -0.16090
AL      0.00000      0.50000      0.50000      0.00000      0.00000      0.00000
AL      0.24993      0.75007      0.50000     -0.04063      0.04063      0.00000
AL      0.24993      0.50000      0.75007     -0.04063      0.00000      0.04063
AL      0.01765      0.73207      0.73207      9.91102    -10.06856    -10.06856
AL      0.50000      0.00000      0.00000      0.00000      0.00000     -0.00000
AL      0.75029      0.24971      0.00000      0.16090     -0.16090      0.00000
AL      0.75029      0.00000      0.24971      0.16090      0.00000     -0.16090
AL      0.50005      0.25009      0.25009      0.02531      0.04973      0.04973
AL      0.50000      0.00000      0.50000     -0.00000     -0.00000      0.00000
AL      0.75007      0.24993      0.50000      0.04063     -0.04063      0.00000
AL      0.73207      0.01765      0.73207    -10.06856      9.91102    -10.06856
AL      0.50000      0.24993      0.75007      0.00000     -0.04063      0.04063
AL      0.50000      0.50000      0.00000      0.00000     -0.00000      0.00000
AL      0.73207      0.73207      0.01765    -10.06856    -10.06856      9.91102
AL      0.75007      0.50000      0.24993      0.04063      0.00000     -0.04063
AL      0.50000      0.75007      0.24993      0.00000      0.04063     -0.04063
AL      0.50000      0.50000      0.50000     -0.00000      0.00000      0.00000
AL      0.74991      0.74991      0.49995     -0.04973     -0.04973     -0.02531
AL      0.74991      0.49995      0.74991     -0.04973     -0.02531     -0.04973
AL      0.49995      0.74991      0.74991     -0.02531     -0.04973     -0.04973
