/* Converted from PWscf output file */ 
#L_UNITS ang 
#E_UNITS eV 
#S_UNITS GPA 
#F_UNITS EV/ANG 
#ALAT 	   8.16189     // a0 
#X 	   1.00000     0.00000     0.00000     // X 
#Y 	   0.00000     1.02408     0.05662     // Y 
#Z 	   0.00000     0.05662     1.02408     // Z 
#SX 	  -0.33251     0.00000     0.00000     // SX 
#SY 	   0.00000    -0.26921    -0.08371     // SY 
#SZ 	   0.00000    -0.08371    -0.26921     // SZ 
#EPA 	  -3.28487     // Energy per Atom 
#RCUT 	6.5        // Rcut 
AL      0.00000     -0.04363     -0.04363      0.00000     -0.09715     -0.09715
AL      0.27072      0.24600     -0.00679     -0.01668     -0.00847     -0.03939
AL      0.27072     -0.00679      0.24600     -0.01668     -0.03939     -0.00847
AL      0.00000      0.15349      0.15349     -0.00000      0.04066      0.04066
AL      0.00000      0.34651      0.34651     -0.00000     -0.04066     -0.04066
AL      0.00000      0.01648      0.48352     -0.00000      0.00014     -0.00014
AL      0.27072      0.25400      0.50679     -0.01668      0.00847      0.03939
AL      0.25635     -0.00264      0.74144     -0.09230      0.02671     -0.03596
AL      0.00000      0.25000      0.75000      0.00000      0.00000      0.00000
AL      0.00000      0.48352      0.01648     -0.00000     -0.00014      0.00014
AL      0.25635      0.74144     -0.00264     -0.09230     -0.03596      0.02671
AL      0.27072      0.50679      0.25400     -0.01668      0.03939      0.00847
AL      0.00000      0.75000      0.25000      0.00000      0.00000      0.00000
AL      0.00000      0.54363      0.54363      0.00000      0.09715      0.09715
AL      0.25635      0.75856      0.50264     -0.09230      0.03596     -0.02671
AL      0.25635      0.50264      0.75856     -0.09230     -0.02671      0.03596
AL      0.00000      0.75000      0.75000      0.00000      0.00000      0.00000
AL      0.50000     -0.00942     -0.00942      0.00000     -0.06622     -0.06622
AL      0.72928      0.24600     -0.00679      0.01668     -0.00847     -0.03939
AL      0.72928     -0.00679      0.24600      0.01668     -0.03939     -0.00847
AL      0.50000      0.25000      0.25000      0.00000      0.00000      0.00000
AL      0.50000      0.00073      0.49927     -0.00000      0.05172     -0.05172
AL      0.72928      0.25400      0.50679      0.01668      0.00847      0.03939
AL      0.74365     -0.00264      0.74144      0.09230      0.02671     -0.03596
AL      0.50000      0.25000      0.75000      0.00000      0.00000      0.00000
AL      0.50000      0.49927      0.00073     -0.00000     -0.05172      0.05172
AL      0.74365      0.74144     -0.00264      0.09230     -0.03596      0.02671
AL      0.72928      0.50679      0.25400      0.01668      0.03939      0.00847
AL      0.50000      0.75000      0.25000      0.00000      0.00000      0.00000
AL      0.50000      0.50942      0.50942      0.00000      0.06622      0.06622
AL      0.74365      0.75856      0.50264      0.09230      0.03596     -0.02671
AL      0.74365      0.50264      0.75856      0.09230     -0.02671      0.03596
AL      0.50000      0.75000      0.75000      0.00000      0.00000      0.00000
