/* Converted from PWscf output file */ 
#L_UNITS ang 
#E_UNITS eV 
#S_UNITS GPA 
#F_UNITS EV/ANG 
#ALAT 	   8.29105     // a0 
#X 	   1.00000     0.03647     0.03647     // X 
#Y 	   0.03647     1.00000     0.03647     // Y 
#Z 	   0.03647     0.03647     1.00000     // Z 
#SX 	  -0.22167     0.03471     0.03471     // SX 
#SY 	   0.03471    -0.22167     0.03471     // SY 
#SZ 	   0.03471     0.03471    -0.22167     // SZ 
#EPA 	  -3.27850     // Energy per Atom 
#RCUT 	6.5        // Rcut 
AL      0.07609      0.07609      0.07609     -0.03251     -0.03251     -0.03251
AL     -0.07609     -0.07609     -0.07609      0.03251      0.03251      0.03251
AL      0.28464      0.28464      0.02165      0.03486      0.03486     -0.03852
AL      0.28464      0.02165      0.28464      0.03486     -0.03852      0.03486
AL      0.02165      0.28464      0.28464     -0.03852      0.03486      0.03486
AL      0.00000      0.00000      0.50000      0.00000     -0.00000     -0.00000
AL      0.25986      0.25986      0.51768      0.01737      0.01737      0.00865
AL      0.24375      0.00000      0.75625      0.00662     -0.00000     -0.00662
AL      0.00000      0.24375      0.75625      0.00000      0.00662     -0.00662
AL      0.00000      0.50000      0.00000     -0.00000     -0.00000      0.00000
AL      0.24375      0.75625      0.00000      0.00662     -0.00662      0.00000
AL      0.25986      0.51768      0.25986      0.01737      0.00865      0.01737
AL      0.00000      0.75625      0.24375     -0.00000     -0.00662      0.00662
AL      0.00000      0.50000      0.50000      0.00000     -0.00000     -0.00000
AL      0.24760      0.75240      0.50000     -0.01625      0.01625     -0.00000
AL      0.24760      0.50000      0.75240     -0.01625      0.00000      0.01625
AL     -0.02165      0.71536      0.71536      0.03852     -0.03486     -0.03486
AL      0.50000      0.00000      0.00000      0.00000      0.00000     -0.00000
AL      0.75625      0.24375      0.00000     -0.00662      0.00662     -0.00000
AL      0.75625      0.00000      0.24375     -0.00662      0.00000      0.00662
AL      0.51768      0.25986      0.25986      0.00865      0.01737      0.01737
AL      0.50000      0.00000      0.50000     -0.00000      0.00000     -0.00000
AL      0.75240      0.24760      0.50000      0.01625     -0.01625      0.00000
AL      0.71536     -0.02165      0.71536     -0.03486      0.03852     -0.03486
AL      0.50000      0.24760      0.75240     -0.00000     -0.01625      0.01625
AL      0.50000      0.50000      0.00000      0.00000     -0.00000     -0.00000
AL      0.71536      0.71536     -0.02165     -0.03486     -0.03486      0.03852
AL      0.75240      0.50000      0.24760      0.01625     -0.00000     -0.01625
AL      0.50000      0.75240      0.24760      0.00000      0.01625     -0.01625
AL      0.50000      0.50000      0.50000     -0.00000      0.00000     -0.00000
AL      0.74014      0.74014      0.48232     -0.01737     -0.01737     -0.00865
AL      0.74014      0.48232      0.74014     -0.01737     -0.00865     -0.01737
AL      0.48232      0.74014      0.74014     -0.00865     -0.01737     -0.01737
