/* Converted from PWscf output file */ 
#L_UNITS ang 
#E_UNITS eV 
#S_UNITS GPA 
#F_UNITS EV/ANG 
#ALAT 	   8.24425     // a0 
#X 	   1.00000     0.02961     0.02961     // X 
#Y 	   0.02961     1.00000     0.02961     // Y 
#Z 	   0.02961     0.02961     1.00000     // Z 
#SX 	   0.82470     0.19950     0.19950     // SX 
#SY 	   0.19950     0.82470     0.19950     // SY 
#SZ 	   0.19950     0.19950     0.82470     // SZ 
#EPA 	  -3.27658     // Energy per Atom 
#RCUT 	6.5        // Rcut 
AL      0.07577      0.07577      0.07577      0.21407      0.21407      0.21407
AL     -0.07577     -0.07577     -0.07577     -0.21407     -0.21407     -0.21407
AL      0.28229      0.28229      0.01783      0.06619      0.06619     -0.03114
AL      0.28229      0.01783      0.28229      0.06619     -0.03114      0.06619
AL      0.01783      0.28229      0.28229     -0.03114      0.06619      0.06619
AL      0.00000      0.00000      0.50000     -0.00000      0.00000     -0.00000
AL      0.25699      0.25699      0.51489      0.07718      0.07718      0.03234
AL      0.24424      0.00000      0.75576     -0.02416      0.00000      0.02416
AL      0.00000      0.24424      0.75576     -0.00000     -0.02416      0.02416
AL      0.00000      0.50000      0.00000     -0.00000     -0.00000      0.00000
AL      0.24424      0.75576      0.00000     -0.02416      0.02416     -0.00000
AL      0.25699      0.51489      0.25699      0.07718      0.03234      0.07718
AL      0.00000      0.75576      0.24424      0.00000      0.02416     -0.02416
AL      0.00000      0.50000      0.50000      0.00000      0.00000     -0.00000
AL      0.24889      0.75111      0.50000      0.00800     -0.00800      0.00000
AL      0.24889      0.50000      0.75111      0.00800     -0.00000     -0.00800
AL     -0.01783      0.71771      0.71771      0.03114     -0.06619     -0.06619
AL      0.50000      0.00000      0.00000     -0.00000      0.00000      0.00000
AL      0.75576      0.24424      0.00000      0.02416     -0.02416      0.00000
AL      0.75576      0.00000      0.24424      0.02416     -0.00000     -0.02416
AL      0.51489      0.25699      0.25699      0.03234      0.07718      0.07718
AL      0.50000      0.00000      0.50000     -0.00000      0.00000      0.00000
AL      0.75111      0.24889      0.50000     -0.00800      0.00800     -0.00000
AL      0.71771     -0.01783      0.71771     -0.06619      0.03114     -0.06619
AL      0.50000      0.24889      0.75111      0.00000      0.00800     -0.00800
AL      0.50000      0.50000      0.00000      0.00000     -0.00000      0.00000
AL      0.71771      0.71771     -0.01783     -0.06619     -0.06619      0.03114
AL      0.75111      0.50000      0.24889     -0.00800      0.00000      0.00800
AL      0.50000      0.75111      0.24889     -0.00000     -0.00800      0.00800
AL      0.50000      0.50000      0.50000      0.00000      0.00000      0.00000
AL      0.74301      0.74301      0.48511     -0.07718     -0.07718     -0.03234
AL      0.74301      0.48511      0.74301     -0.07718     -0.03234     -0.07718
AL      0.48511      0.74301      0.74301     -0.03234     -0.07718     -0.07718
