/* Converted from PWscf output file */ 
#L_UNITS ang 
#E_UNITS eV 
#S_UNITS GPA 
#F_UNITS EV/ANG 
#ALAT 	   8.21437     // a0 
#X 	   1.00000     0.00000     0.00000     // X 
#Y 	   0.00000     1.01116     0.00000     // Y 
#Z 	   0.00000     0.00000     1.00000     // Z 
#SX 	   0.31748     0.00000     0.00000     // SX 
#SY 	   0.00000     0.37247     0.00000     // SY 
#SZ 	   0.00000     0.00000     0.31748     // SZ 
#EPA 	  -3.29038     // Energy per Atom 
#RCUT 	6.5        // Rcut 
AL      0.00000     -0.01308     -0.03515      0.00000     -0.00160     -0.04417
AL      0.24201      0.25000      0.00799     -0.07768      0.00000      0.07768
AL      0.28515     -0.01308      0.25000      0.04417     -0.00160      0.00000
AL      0.00000      0.10450      0.25000      0.00000      0.12508      0.00000
AL      0.00000      0.39550      0.25000      0.00000     -0.12508      0.00000
AL      0.00000     -0.01308      0.53515      0.00000     -0.00160      0.04417
AL      0.24201      0.25000      0.49201     -0.07768     -0.00000     -0.07768
AL      0.25980      0.00232      0.75000     -0.05182      0.04284      0.00000
AL      0.00000      0.25000      0.75000      0.00000      0.00000      0.00000
AL      0.00000      0.51308     -0.03515      0.00000      0.00160     -0.04417
AL      0.25397      0.75000     -0.00397     -0.00152      0.00000      0.00152
AL      0.28515      0.51308      0.25000      0.04417      0.00160     -0.00000
AL      0.00000      0.75000      0.25000      0.00000      0.00000      0.00000
AL      0.00000      0.51308      0.53515      0.00000      0.00160      0.04417
AL      0.25397      0.75000      0.50397     -0.00152     -0.00000     -0.00152
AL      0.25980      0.49768      0.75000     -0.05182     -0.04284      0.00000
AL      0.00000      0.75000      0.75000      0.00000      0.00000      0.00000
AL      0.50000      0.00232     -0.00980      0.00000      0.04284      0.05182
AL      0.75799      0.25000      0.00799      0.07768      0.00000      0.07768
AL      0.71485     -0.01308      0.25000     -0.04417     -0.00160     -0.00000
AL      0.50000      0.25000      0.25000      0.00000      0.00000      0.00000
AL      0.50000      0.00232      0.50980     -0.00000      0.04284     -0.05182
AL      0.75799      0.25000      0.49201      0.07768     -0.00000     -0.07768
AL      0.74020      0.00232      0.75000      0.05182      0.04284      0.00000
AL      0.50000      0.25000      0.75000      0.00000      0.00000      0.00000
AL      0.50000      0.49768     -0.00980     -0.00000     -0.04284      0.05182
AL      0.74603      0.75000     -0.00397      0.00152      0.00000      0.00152
AL      0.71485      0.51308      0.25000     -0.04417      0.00160      0.00000
AL      0.50000      0.75000      0.25000      0.00000      0.00000      0.00000
AL      0.50000      0.49768      0.50980      0.00000     -0.04284     -0.05182
AL      0.74603      0.75000      0.50397      0.00152      0.00000     -0.00152
AL      0.74020      0.49768      0.75000      0.05182     -0.04284      0.00000
AL      0.50000      0.75000      0.75000      0.00000      0.00000      0.00000
