/* Converted from PWscf output file */ 
#L_UNITS ang 
#E_UNITS eV 
#S_UNITS GPA 
#F_UNITS EV/ANG 
#ALAT 	   8.22013     // a0 
#X 	   1.00000     0.00000     0.00000     // X 
#Y 	   0.00000     1.01211     0.00000     // Y 
#Z 	   0.00000     0.00000     1.00000     // Z 
#SX 	   0.06956     0.00000     0.00000     // SX 
#SY 	   0.00000     0.19221     0.00000     // SY 
#SZ 	   0.00000     0.00000     0.06956     // SZ 
#EPA 	  -3.29061     // Energy per Atom 
#RCUT 	6.5        // Rcut 
AL      0.00000     -0.01308     -0.03556      0.00000     -0.01214     -0.03027
AL      0.24133      0.25000      0.00867     -0.05746      0.00000      0.05746
AL      0.28556     -0.01308      0.25000      0.03027     -0.01214     -0.00000
AL      0.00000      0.10481      0.25000      0.00000     -0.01590      0.00000
AL      0.00000      0.39519      0.25000      0.00000      0.01590      0.00000
AL      0.00000     -0.01308      0.53556      0.00000     -0.01214      0.03027
AL      0.24133      0.25000      0.49133     -0.05746      0.00000     -0.05746
AL      0.25981      0.00266      0.75000     -0.07572      0.03817      0.00000
AL      0.00000      0.25000      0.75000      0.00000      0.00000      0.00000
AL      0.00000      0.51308     -0.03556      0.00000      0.01214     -0.03027
AL      0.25406      0.75000     -0.00406     -0.01174      0.00000      0.01174
AL      0.28556      0.51308      0.25000      0.03027      0.01214      0.00000
AL      0.00000      0.75000      0.25000      0.00000      0.00000      0.00000
AL      0.00000      0.51308      0.53556      0.00000      0.01214      0.03027
AL      0.25406      0.75000      0.50406     -0.01174      0.00000     -0.01174
AL      0.25981      0.49734      0.75000     -0.07572     -0.03817     -0.00000
AL      0.00000      0.75000      0.75000      0.00000      0.00000      0.00000
AL      0.50000      0.00266     -0.00981      0.00000      0.03817      0.07572
AL      0.75867      0.25000      0.00867      0.05746      0.00000      0.05746
AL      0.71444     -0.01308      0.25000     -0.03027     -0.01214      0.00000
AL      0.50000      0.25000      0.25000      0.00000      0.00000      0.00000
AL      0.50000      0.00266      0.50981      0.00000      0.03817     -0.07572
AL      0.75867      0.25000      0.49133      0.05746      0.00000     -0.05746
AL      0.74019      0.00266      0.75000      0.07572      0.03817     -0.00000
AL      0.50000      0.25000      0.75000      0.00000      0.00000      0.00000
AL      0.50000      0.49734     -0.00981      0.00000     -0.03817      0.07572
AL      0.74594      0.75000     -0.00406      0.01174     -0.00000      0.01174
AL      0.71444      0.51308      0.25000     -0.03027      0.01214     -0.00000
AL      0.50000      0.75000      0.25000      0.00000      0.00000      0.00000
AL      0.50000      0.49734      0.50981      0.00000     -0.03817     -0.07572
AL      0.74594      0.75000      0.50406      0.01174      0.00000     -0.01174
AL      0.74019      0.49734      0.75000      0.07572     -0.03817      0.00000
AL      0.50000      0.75000      0.75000      0.00000      0.00000      0.00000
