/* Converted from PWscf output file */ 
#L_UNITS ang 
#E_UNITS eV 
#S_UNITS GPA 
#F_UNITS EV/ANG 
#ALAT 	   8.11856     // a0 
#X 	   1.00000     0.00000     0.00000     // X 
#Y 	   0.00000     1.02876    -0.05674     // Y 
#Z 	   0.00000    -0.05674     1.02876     // Z 
#SX 	   0.15386     0.00000     0.00000     // SX 
#SY 	   0.00000     0.23625     0.05061     // SY 
#SZ 	   0.00000     0.05061     0.23625     // SZ 
#EPA 	  -3.28683     // Energy per Atom 
#RCUT 	6.5        // Rcut 
AL      0.00000      0.37500      0.12500      0.00000      0.00000      0.00000
AL      0.00000      0.02002      0.01137      0.00000     -0.03341     -0.03266
AL      0.27846      0.25215      0.00215      0.07482     -0.05216     -0.05216
AL      0.25762     -0.01593      0.25901      0.00397     -0.05185      0.00826
AL      0.00000      0.18028      0.31972      0.00000     -0.01270      0.01270
AL      0.00000     -0.02189      0.52189      0.00000      0.08531     -0.08531
AL      0.25762      0.24099      0.51593      0.00397     -0.00826      0.05185
AL      0.25036      0.00674      0.75674      0.05602      0.01144      0.01144
AL      0.00000      0.26137      0.77002     -0.00000     -0.03266     -0.03341
AL      0.00000      0.56972     -0.06972      0.00000      0.01270     -0.01270
AL      0.25762      0.76593     -0.00901      0.00397      0.05185     -0.00826
AL      0.27846      0.49785      0.24785      0.07482      0.05216      0.05216
AL      0.00000      0.72998      0.23863      0.00000      0.03341      0.03266
AL      0.00000      0.48863      0.47998     -0.00000      0.03266      0.03341
AL      0.25036      0.74326      0.49326      0.05602     -0.01144     -0.01144
AL      0.25762      0.50901      0.73407      0.00397      0.00826     -0.05185
AL      0.00000      0.77189      0.72811      0.00000     -0.08531      0.08531
AL      0.50000      0.00117      0.00469     -0.00000     -0.03759     -0.01208
AL      0.72154      0.25215      0.00215     -0.07482     -0.05216     -0.05216
AL      0.74238     -0.01593      0.25901     -0.00397     -0.05185      0.00826
AL      0.50000      0.23328      0.26672     -0.00000     -0.03602      0.03602
AL      0.50000     -0.00981      0.50981      0.00000      0.03620     -0.03620
AL      0.74238      0.24099      0.51593     -0.00397     -0.00826      0.05185
AL      0.74964      0.00674      0.75674     -0.05602      0.01144      0.01144
AL      0.50000      0.25469      0.75117      0.00000     -0.01208     -0.03759
AL      0.50000      0.51672     -0.01672     -0.00000      0.03602     -0.03602
AL      0.74238      0.76593     -0.00901     -0.00397      0.05185     -0.00826
AL      0.72154      0.49785      0.24785     -0.07482      0.05216      0.05216
AL      0.50000      0.74883      0.24531     -0.00000      0.03759      0.01208
AL      0.50000      0.49531      0.49883      0.00000      0.01208      0.03759
AL      0.74964      0.74326      0.49326     -0.05602     -0.01144     -0.01144
AL      0.74238      0.50901      0.73407     -0.00397      0.00826     -0.05185
AL      0.50000      0.75981      0.74019      0.00000     -0.03620      0.03620
