/* Converted from PWscf output file */ 
#L_UNITS ang 
#E_UNITS eV 
#S_UNITS GPA 
#F_UNITS EV/ANG 
#ALAT 	   8.11134     // a0 
#X 	   1.00000     0.00000     0.00000     // X 
#Y 	   0.00000     1.03102    -0.05658     // Y 
#Z 	   0.00000    -0.05658     1.03102     // Z 
#SX 	  -0.05629     0.00000     0.00000     // SX 
#SY 	   0.00000     0.15852    -0.03238     // SY 
#SZ 	   0.00000    -0.03238     0.15852     // SZ 
#EPA 	  -3.28717     // Energy per Atom 
#RCUT 	6.5        // Rcut 
AL      0.00000      0.37500      0.12500      0.00000      0.00000      0.00000
AL      0.00000      0.02090      0.01139      0.00000     -0.02388     -0.01887
AL      0.28064      0.25209      0.00209      0.05178      0.00708      0.00708
AL      0.25701     -0.01797      0.25996     -0.01722      0.00554      0.02472
AL      0.00000      0.18017      0.31983      0.00000     -0.05766      0.05766
AL      0.00000     -0.02145      0.52145     -0.00000     -0.00206      0.00206
AL      0.25701      0.24004      0.51797     -0.01722     -0.02472     -0.00554
AL      0.25059      0.00751      0.75751      0.04935     -0.03030     -0.03030
AL      0.00000      0.26139      0.77090      0.00000     -0.01887     -0.02388
AL      0.00000      0.56983     -0.06983      0.00000      0.05766     -0.05766
AL      0.25701      0.76797     -0.00996     -0.01722     -0.00554     -0.02472
AL      0.28064      0.49791      0.24791      0.05178     -0.00708     -0.00708
AL      0.00000      0.72910      0.23861      0.00000      0.02388      0.01887
AL      0.00000      0.48861      0.47910      0.00000      0.01887      0.02388
AL      0.25059      0.74249      0.49249      0.04935      0.03030      0.03030
AL      0.25701      0.50996      0.73203     -0.01722      0.02472      0.00554
AL      0.00000      0.77145      0.72855     -0.00000      0.00206     -0.00206
AL      0.50000      0.00075      0.00528      0.00000     -0.02695      0.00079
AL      0.71936      0.25209      0.00209     -0.05178      0.00708      0.00708
AL      0.74299     -0.01797      0.25996      0.01722      0.00554      0.02472
AL      0.50000      0.23082      0.26918      0.00000     -0.01350      0.01350
AL      0.50000     -0.01003      0.51003     -0.00000      0.02234     -0.02234
AL      0.74299      0.24004      0.51797      0.01722     -0.02472     -0.00554
AL      0.74941      0.00751      0.75751     -0.04935     -0.03030     -0.03030
AL      0.50000      0.25528      0.75075      0.00000      0.00079     -0.02695
AL      0.50000      0.51918     -0.01918      0.00000      0.01350     -0.01350
AL      0.74299      0.76797     -0.00996      0.01722     -0.00554     -0.02472
AL      0.71936      0.49791      0.24791     -0.05178     -0.00708     -0.00708
AL      0.50000      0.74925      0.24472      0.00000      0.02695     -0.00079
AL      0.50000      0.49472      0.49925      0.00000     -0.00079      0.02695
AL      0.74941      0.74249      0.49249     -0.04935      0.03030      0.03030
AL      0.74299      0.50996      0.73203      0.01722      0.02472      0.00554
AL      0.50000      0.76003      0.73997     -0.00000     -0.02234      0.02234
