/* Converted from PWscf output file */ 
#L_UNITS ang 
#E_UNITS eV 
#S_UNITS GPA 
#F_UNITS EV/ANG 
#ALAT 	   8.09890     // a0 
#X 	   1.00000     0.00000     0.00000     // X 
#Y 	   0.00000     1.00891    -0.00931     // Y 
#Z 	   0.00000    -0.00931     1.00891     // Z 
#SX 	   1.16931     0.00000     0.00000     // SX 
#SY 	   0.00000    17.38205   -16.94512     // SY 
#SZ 	   0.00000   -16.94512    17.38205     // SZ 
#EPA 	  -2.49405     // Energy per Atom 
#RCUT 	6.5        // Rcut 
AL      0.00000      0.37500      0.12500      0.00000      0.00000      0.00000
AL      0.00000     -0.00001     -0.00001      0.00000     -0.01183     -0.01282
AL      0.25051      0.24974     -0.00026      0.62493     -0.32157     -0.32157
AL      0.25004     -0.00004      0.25003      0.05100     -0.05512      0.03936
AL      0.00000      0.22689      0.27311     -0.00000    -28.33878     28.33878
AL      0.00000      0.00005      0.49995      0.00000      0.05805     -0.05805
AL      0.25004      0.24997      0.50004      0.05100     -0.03936      0.05512
AL      0.24999      0.00002      0.75002     -0.00904      0.02091      0.02091
AL      0.00000      0.24999      0.74999      0.00000     -0.01282     -0.01183
AL      0.00000      0.52311     -0.02311      0.00000     28.33878    -28.33878
AL      0.25004      0.75004     -0.00003      0.05100      0.05512     -0.03936
AL      0.25051      0.50026      0.25026      0.62493      0.32157      0.32157
AL      0.00000      0.75001      0.25001      0.00000      0.01183      0.01282
AL      0.00000      0.50001      0.50001      0.00000      0.01282      0.01183
AL      0.24999      0.74998      0.49998     -0.00904     -0.02091     -0.02091
AL      0.25004      0.50003      0.74996      0.05100      0.03936     -0.05512
AL      0.00000      0.74995      0.75005      0.00000     -0.05805      0.05805
AL      0.50000     -0.00000     -0.00001      0.00000     -0.00390     -0.01560
AL      0.74949      0.24974     -0.00026     -0.62493     -0.32157     -0.32157
AL      0.74996     -0.00004      0.25003     -0.05100     -0.05512      0.03936
AL      0.50000      0.25001      0.24999      0.00000      0.01002     -0.01002
AL      0.50000     -0.00000      0.50000      0.00000     -0.00135      0.00135
AL      0.74996      0.24997      0.50004     -0.05100     -0.03936      0.05512
AL      0.75001      0.00002      0.75002      0.00904      0.02091      0.02091
AL      0.50000      0.24999      0.75000      0.00000     -0.01560     -0.00390
AL      0.50000      0.49999      0.00001      0.00000     -0.01002      0.01002
AL      0.74996      0.75004     -0.00003     -0.05100      0.05512     -0.03936
AL      0.74949      0.50026      0.25026     -0.62493      0.32157      0.32157
AL      0.50000      0.75000      0.25001      0.00000      0.00390      0.01560
AL      0.50000      0.50001      0.50000      0.00000      0.01560      0.00390
AL      0.75001      0.74998      0.49998      0.00904     -0.02091     -0.02091
AL      0.74996      0.50003      0.74996     -0.05100      0.03936     -0.05512
AL      0.50000      0.75000      0.75000      0.00000      0.00135     -0.00135
