/* Converted from PWscf output file */ 
#L_UNITS ang 
#E_UNITS eV 
#S_UNITS GPA 
#F_UNITS EV/ANG 
#ALAT 	   8.15454     // a0 
#X 	   1.00000     0.00000     0.00000     // X 
#Y 	   0.00000     1.02094    -0.05299     // Y 
#Z 	   0.00000    -0.05299     1.02094     // Z 
#SX 	   0.16859     0.00000     0.00000     // SX 
#SY 	   0.00000     0.33703    -0.00467     // SY 
#SZ 	   0.00000    -0.00467     0.33703     // SZ 
#EPA 	  -3.28398     // Energy per Atom 
#RCUT 	6.5        // Rcut 
AL      0.00000      0.37500      0.12500      0.00000      0.00000      0.00000
AL      0.00000      0.01014      0.00742      0.00000      0.06964      0.03546
AL      0.27269      0.24672     -0.00328      0.01648      0.07410      0.07410
AL      0.26285     -0.00856      0.25326     -0.07088      0.00279      0.05934
AL      0.00000      0.18075      0.31925     -0.00000     -0.14030      0.14030
AL      0.00000     -0.02095      0.52095      0.00000      0.08708     -0.08708
AL      0.26285      0.24674      0.50856     -0.07088     -0.05934     -0.00279
AL      0.25568      0.00204      0.75204     -0.05242      0.01456      0.01456
AL      0.00000      0.25742      0.76014      0.00000      0.03546      0.06964
AL      0.00000      0.56925     -0.06925     -0.00000      0.14030     -0.14030
AL      0.26285      0.75856     -0.00326     -0.07088     -0.00279     -0.05934
AL      0.27269      0.50328      0.25328      0.01648     -0.07410     -0.07410
AL      0.00000      0.73986      0.24258      0.00000     -0.06964     -0.03546
AL      0.00000      0.49258      0.48986      0.00000     -0.03546     -0.06964
AL      0.25568      0.74796      0.49796     -0.05242     -0.01456     -0.01456
AL      0.26285      0.50326      0.74144     -0.07088      0.05934      0.00279
AL      0.00000      0.77095      0.72905      0.00000     -0.08708      0.08708
AL      0.50000     -0.00116     -0.00020      0.00000      0.04226      0.03777
AL      0.72731      0.24672     -0.00328     -0.01648      0.07410      0.07410
AL      0.73715     -0.00856      0.25326      0.07088      0.00279      0.05934
AL      0.50000      0.24569      0.25431      0.00000     -0.06269      0.06269
AL      0.50000     -0.00340      0.50340      0.00000     -0.05455      0.05455
AL      0.73715      0.24674      0.50856      0.07088     -0.05934     -0.00279
AL      0.74432      0.00204      0.75204      0.05242      0.01456      0.01456
AL      0.50000      0.24980      0.74884     -0.00000      0.03777      0.04226
AL      0.50000      0.50431     -0.00431      0.00000      0.06269     -0.06269
AL      0.73715      0.75856     -0.00326      0.07088     -0.00279     -0.05934
AL      0.72731      0.50328      0.25328     -0.01648     -0.07410     -0.07410
AL      0.50000      0.75116      0.25020      0.00000     -0.04226     -0.03777
AL      0.50000      0.50020      0.50116     -0.00000     -0.03777     -0.04226
AL      0.74432      0.74796      0.49796      0.05242     -0.01456     -0.01456
AL      0.73715      0.50326      0.74144      0.07088      0.05934      0.00279
AL      0.50000      0.75340      0.74660      0.00000      0.05455     -0.05455
