/* Converted from PWscf output file */ 
#L_UNITS ang 
#E_UNITS eV 
#S_UNITS GPA 
#F_UNITS EV/ANG 
#ALAT 	   8.13920     // a0 
#X 	   1.00000     0.00000     0.00000     // X 
#Y 	   0.00000     1.02876    -0.05146     // Y 
#Z 	   0.00000    -0.05146     1.02876     // Z 
#SX 	   0.01342     0.00000     0.00000     // SX 
#SY 	   0.00000    -0.53084     0.04769     // SY 
#SZ 	   0.00000     0.04769    -0.53084     // SZ 
#EPA 	  -3.28053     // Energy per Atom 
#RCUT 	6.5        // Rcut 
AL      0.00000      0.37500      0.12500      0.00000      0.00000      0.00000
AL      0.00000      0.00467      0.00256      0.00000      0.16599      0.16253
AL      0.26845      0.24392     -0.00608      0.14580      0.06097      0.06097
AL      0.25956     -0.00710      0.25001      0.16440     -0.05465      0.07512
AL      0.00000      0.17811      0.32189      0.00000      0.27628     -0.27628
AL      0.00000     -0.02261      0.52261      0.00000     -0.03087      0.03087
AL      0.25956      0.24999      0.50710      0.16440     -0.07512      0.05465
AL      0.25194      0.00039      0.75039      0.16436      0.05544      0.05544
AL      0.00000      0.25256      0.75467      0.00000      0.16253      0.16599
AL      0.00000      0.57189     -0.07189      0.00000     -0.27628      0.27628
AL      0.25956      0.75710     -0.00001      0.16440      0.05465     -0.07512
AL      0.26845      0.50608      0.25608      0.14580     -0.06097     -0.06097
AL      0.00000      0.74533      0.24744      0.00000     -0.16599     -0.16253
AL      0.00000      0.49744      0.49533      0.00000     -0.16253     -0.16599
AL      0.25194      0.74961      0.49961      0.16436     -0.05544     -0.05544
AL      0.25956      0.50001      0.74290      0.16440      0.07512     -0.05465
AL      0.00000      0.77261      0.72739      0.00000      0.03087     -0.03087
AL      0.50000     -0.00125     -0.00015     -0.00000     -0.02256     -0.02121
AL      0.73155      0.24392     -0.00608     -0.14580      0.06097      0.06097
AL      0.74044     -0.00710      0.25001     -0.16440     -0.05465      0.07512
AL      0.50000      0.24854      0.25146      0.00000     -0.06322      0.06322
AL      0.50000     -0.00086      0.50086      0.00000     -0.05486      0.05486
AL      0.74044      0.24999      0.50710     -0.16440     -0.07512      0.05465
AL      0.74806      0.00039      0.75039     -0.16436      0.05544      0.05544
AL      0.50000      0.24985      0.74875      0.00000     -0.02121     -0.02256
AL      0.50000      0.50146     -0.00146      0.00000      0.06322     -0.06322
AL      0.74044      0.75710     -0.00001     -0.16440      0.05465     -0.07512
AL      0.73155      0.50608      0.25608     -0.14580     -0.06097     -0.06097
AL      0.50000      0.75125      0.25015     -0.00000      0.02256      0.02121
AL      0.50000      0.50015      0.50125      0.00000      0.02121      0.02256
AL      0.74806      0.74961      0.49961     -0.16436     -0.05544     -0.05544
AL      0.74044      0.50001      0.74290     -0.16440      0.07512     -0.05465
AL      0.50000      0.75086      0.74914      0.00000      0.05486     -0.05486
