/* Converted from PWscf output file */ 
#L_UNITS ang 
#E_UNITS eV 
#S_UNITS GPA 
#F_UNITS EV/ANG 
#ALAT 	   8.17703     // a0 
#X 	   1.00000     0.00000     0.00000     // X 
#Y 	   0.00000     1.02075    -0.05391     // Y 
#Z 	   0.00000    -0.05391     1.02075     // Z 
#SX 	  -0.40513     0.00000     0.00000     // SX 
#SY 	   0.00000    -0.20213    -0.08415     // SY 
#SZ 	   0.00000    -0.08415    -0.20213     // SZ 
#EPA 	  -3.28510     // Energy per Atom 
#RCUT 	6.5        // Rcut 
AL      0.00000      0.37500      0.12500      0.00000      0.00000      0.00000
AL      0.00000      0.01453      0.01001     -0.00000      0.02067     -0.02194
AL      0.27550      0.24944     -0.00056     -0.01393      0.00847      0.00847
AL      0.26209     -0.01018      0.25592     -0.07003     -0.06045     -0.01158
AL      0.00000      0.17857      0.32143      0.00000      0.06294     -0.06294
AL      0.00000     -0.02129      0.52129      0.00000     -0.14597      0.14597
AL      0.26209      0.24408      0.51018     -0.07003      0.01158      0.06045
AL      0.25472      0.00328      0.75328     -0.10162      0.02535      0.02535
AL      0.00000      0.26001      0.76453      0.00000     -0.02194      0.02067
AL      0.00000      0.57143     -0.07143      0.00000     -0.06294      0.06294
AL      0.26209      0.76018     -0.00592     -0.07003      0.06045      0.01158
AL      0.27550      0.50056      0.25056     -0.01393     -0.00847     -0.00847
AL      0.00000      0.73547      0.23999     -0.00000     -0.02067      0.02194
AL      0.00000      0.48999      0.48547      0.00000      0.02194     -0.02067
AL      0.25472      0.74672      0.49672     -0.10162     -0.02535     -0.02535
AL      0.26209      0.50592      0.73982     -0.07003     -0.01158     -0.06045
AL      0.00000      0.77129      0.72871      0.00000      0.14597     -0.14597
AL      0.50000     -0.00001      0.00122     -0.00000      0.01417      0.04608
AL      0.72450      0.24944     -0.00056      0.01393      0.00847      0.00847
AL      0.73791     -0.01018      0.25592      0.07003     -0.06045     -0.01158
AL      0.50000      0.24203      0.25797     -0.00000     -0.06807      0.06807
AL      0.50000     -0.00618      0.50618      0.00000     -0.02261      0.02261
AL      0.73791      0.24408      0.51018      0.07003      0.01158      0.06045
AL      0.74528      0.00328      0.75328      0.10162      0.02535      0.02535
AL      0.50000      0.25122      0.74999      0.00000      0.04608      0.01417
AL      0.50000      0.50797     -0.00797     -0.00000      0.06807     -0.06807
AL      0.73791      0.76018     -0.00592      0.07003      0.06045      0.01158
AL      0.72450      0.50056      0.25056      0.01393     -0.00847     -0.00847
AL      0.50000      0.75001      0.24878     -0.00000     -0.01417     -0.04608
AL      0.50000      0.49878      0.50001      0.00000     -0.04608     -0.01417
AL      0.74528      0.74672      0.49672      0.10162     -0.02535     -0.02535
AL      0.73791      0.50592      0.73982      0.07003     -0.01158     -0.06045
AL      0.50000      0.75618      0.74382      0.00000      0.02261     -0.02261
