/* Converted from PWscf output file */ 
#L_UNITS ang 
#E_UNITS eV 
#S_UNITS GPA 
#F_UNITS EV/ANG 
#ALAT 	   8.06490     // a0 
#X 	   1.00000     0.00000     0.00000     // X 
#Y 	   0.00000     1.04086    -0.05950     // Y 
#Z 	   0.00000    -0.05950     1.04086     // Z 
#SX 	   0.05950     0.00000     0.00000     // SX 
#SY 	   0.00000     0.01546    -0.02406     // SY 
#SZ 	   0.00000    -0.02406     0.01546     // SZ 
#EPA 	  -3.28759     // Energy per Atom 
#RCUT 	6.5        // Rcut 
AL      0.00000      0.37500      0.12500      0.00000      0.00000      0.00000
AL      0.00000      0.02200      0.01032     -0.00000      0.01931     -0.00779
AL      0.28437      0.25279      0.00279      0.00510     -0.00748     -0.00748
AL      0.25459     -0.01925      0.26117     -0.00366      0.00245     -0.00728
AL      0.00000      0.18090      0.31910      0.00000     -0.02713      0.02713
AL      0.00000     -0.02159      0.52159      0.00000     -0.00103      0.00103
AL      0.25459      0.23883      0.51925     -0.00366      0.00728     -0.00245
AL      0.25346      0.00700      0.75700      0.00277      0.00398      0.00398
AL      0.00000      0.26032      0.77200     -0.00000     -0.00779      0.01931
AL      0.00000      0.56910     -0.06910      0.00000      0.02713     -0.02713
AL      0.25459      0.76925     -0.01117     -0.00366     -0.00245      0.00728
AL      0.28437      0.49721      0.24721      0.00510      0.00748      0.00748
AL      0.00000      0.72800      0.23968      0.00000     -0.01931      0.00779
AL      0.00000      0.48968      0.47800      0.00000      0.00779     -0.01931
AL      0.25346      0.74300      0.49300      0.00277     -0.00398     -0.00398
AL      0.25459      0.51117      0.73075     -0.00366     -0.00728      0.00245
AL      0.00000      0.77159      0.72841      0.00000      0.00103     -0.00103
AL      0.50000     -0.00114      0.00761      0.00000     -0.00218      0.01302
AL      0.71563      0.25279      0.00279     -0.00510     -0.00748     -0.00748
AL      0.74541     -0.01925      0.26117      0.00366      0.00245     -0.00728
AL      0.50000      0.22790      0.27210      0.00000      0.00126     -0.00126
AL      0.50000     -0.00938      0.50938     -0.00000      0.00233     -0.00233
AL      0.74541      0.23883      0.51925      0.00366      0.00728     -0.00245
AL      0.74654      0.00700      0.75700     -0.00277      0.00398      0.00398
AL      0.50000      0.25761      0.74886      0.00000      0.01302     -0.00218
AL      0.50000      0.52210     -0.02210      0.00000     -0.00126      0.00126
AL      0.74541      0.76925     -0.01117      0.00366     -0.00245      0.00728
AL      0.71563      0.49721      0.24721     -0.00510      0.00748      0.00748
AL      0.50000      0.75114      0.24239      0.00000      0.00218     -0.01302
AL      0.50000      0.49239      0.50114      0.00000     -0.01302      0.00218
AL      0.74654      0.74300      0.49300     -0.00277     -0.00398     -0.00398
AL      0.74541      0.51117      0.73075      0.00366     -0.00728      0.00245
AL      0.50000      0.75938      0.74062     -0.00000     -0.00233      0.00233
