/* Converted from PWscf output file */ 
#L_UNITS ang 
#E_UNITS eV 
#S_UNITS GPA 
#F_UNITS EV/ANG 
#ALAT 	   8.16267     // a0 
#X 	   1.00000     0.00000     0.00000     // X 
#Y 	   0.00000     1.02361    -0.05606     // Y 
#Z 	   0.00000    -0.05606     1.02361     // Z 
#SX 	  -0.28890     0.00000     0.00000     // SX 
#SY 	   0.00000    -0.21934     0.01896     // SY 
#SZ 	   0.00000     0.01896    -0.21934     // SZ 
#EPA 	  -3.28588     // Energy per Atom 
#RCUT 	6.5        // Rcut 
AL      0.00000      0.37500      0.12500      0.00000      0.00000      0.00000
AL      0.00000      0.01826      0.01149      0.00000     -0.00915     -0.03964
AL      0.27724      0.25171      0.00171      0.00242     -0.04326     -0.04326
AL      0.25995     -0.01262      0.25794     -0.03435     -0.09127     -0.02816
AL      0.00000      0.17801      0.32199      0.00000      0.15567     -0.15567
AL      0.00000     -0.02266      0.52266      0.00000     -0.03944      0.03944
AL      0.25995      0.24206      0.51262     -0.03435      0.02816      0.09127
AL      0.25223      0.00487      0.75487     -0.04609      0.04424      0.04424
AL      0.00000      0.26149      0.76826      0.00000     -0.03964     -0.00915
AL      0.00000      0.57199     -0.07199      0.00000     -0.15567      0.15567
AL      0.25995      0.76262     -0.00794     -0.03435      0.09127      0.02816
AL      0.27724      0.49829      0.24829      0.00242      0.04326      0.04326
AL      0.00000      0.73174      0.23851      0.00000      0.00915      0.03964
AL      0.00000      0.48851      0.48174      0.00000      0.03964      0.00915
AL      0.25223      0.74513      0.49513     -0.04609     -0.04424     -0.04424
AL      0.25995      0.50794      0.73738     -0.03435     -0.02816     -0.09127
AL      0.00000      0.77266      0.72734      0.00000      0.03944     -0.03944
AL      0.50000      0.00107      0.00317     -0.00000     -0.01698      0.02222
AL      0.72276      0.25171      0.00171     -0.00242     -0.04326     -0.04326
AL      0.74005     -0.01262      0.25794      0.03435     -0.09127     -0.02816
AL      0.50000      0.23763      0.26237      0.00000     -0.06695      0.06695
AL      0.50000     -0.00875      0.50875      0.00000      0.00863     -0.00863
AL      0.74005      0.24206      0.51262      0.03435      0.02816      0.09127
AL      0.74777      0.00487      0.75487      0.04609      0.04424      0.04424
AL      0.50000      0.25317      0.75107      0.00000      0.02222     -0.01698
AL      0.50000      0.51237     -0.01237      0.00000      0.06695     -0.06695
AL      0.74005      0.76262     -0.00794      0.03435      0.09127      0.02816
AL      0.72276      0.49829      0.24829     -0.00242      0.04326      0.04326
AL      0.50000      0.74893      0.24683     -0.00000      0.01698     -0.02222
AL      0.50000      0.49683      0.49893      0.00000     -0.02222      0.01698
AL      0.74777      0.74513      0.49513      0.04609     -0.04424     -0.04424
AL      0.74005      0.50794      0.73738      0.03435     -0.02816     -0.09127
AL      0.50000      0.75875      0.74125      0.00000     -0.00863      0.00863
