/* Converted from PWscf output file */ 
#L_UNITS ang 
#E_UNITS eV 
#S_UNITS GPA 
#F_UNITS EV/ANG 
#ALAT 	   8.14536     // a0 
#X 	   1.00000     0.00000     0.00000     // X 
#Y 	   0.00000     1.02580    -0.05696     // Y 
#Z 	   0.00000    -0.05696     1.02580     // Z 
#SX 	  -0.08196     0.00000     0.00000     // SX 
#SY 	   0.00000    -0.06665     0.07540     // SY 
#SZ 	   0.00000     0.07540    -0.06665     // SZ 
#EPA 	  -3.28627     // Energy per Atom 
#RCUT 	6.5        // Rcut 
AL      0.00000      0.37500      0.12500      0.00000      0.00000      0.00000
AL      0.00000      0.01913      0.01159      0.00000     -0.02507     -0.04346
AL      0.27753      0.25214      0.00214      0.03130     -0.06952     -0.06952
AL      0.25898     -0.01368      0.25839     -0.00993     -0.09565     -0.02382
AL      0.00000      0.17864      0.32136     -0.00000      0.13803     -0.13803
AL      0.00000     -0.02271      0.52271      0.00000      0.05135     -0.05135
AL      0.25898      0.24161      0.51368     -0.00993      0.02382      0.09565
AL      0.25127      0.00553      0.75553      0.00211      0.04655      0.04655
AL      0.00000      0.26159      0.76913      0.00000     -0.04346     -0.02507
AL      0.00000      0.57136     -0.07136     -0.00000     -0.13803      0.13803
AL      0.25898      0.76368     -0.00839     -0.00993      0.09565      0.02382
AL      0.27753      0.49786      0.24786      0.03130      0.06952      0.06952
AL      0.00000      0.73087      0.23841      0.00000      0.02507      0.04346
AL      0.00000      0.48841      0.48087      0.00000      0.04346      0.02507
AL      0.25127      0.74447      0.49447      0.00211     -0.04655     -0.04655
AL      0.25898      0.50839      0.73632     -0.00993     -0.02382     -0.09565
AL      0.00000      0.77271      0.72729      0.00000     -0.05135      0.05135
AL      0.50000      0.00129      0.00383      0.00000     -0.03302      0.00348
AL      0.72247      0.25214      0.00214     -0.03130     -0.06952     -0.06952
AL      0.74102     -0.01368      0.25839      0.00993     -0.09565     -0.02382
AL      0.50000      0.23604      0.26396     -0.00000     -0.05994      0.05994
AL      0.50000     -0.00936      0.50936      0.00000      0.02772     -0.02772
AL      0.74102      0.24161      0.51368      0.00993      0.02382      0.09565
AL      0.74873      0.00553      0.75553     -0.00211      0.04655      0.04655
AL      0.50000      0.25383      0.75129      0.00000      0.00348     -0.03302
AL      0.50000      0.51396     -0.01396     -0.00000      0.05994     -0.05994
AL      0.74102      0.76368     -0.00839      0.00993      0.09565      0.02382
AL      0.72247      0.49786      0.24786     -0.03130      0.06952      0.06952
AL      0.50000      0.74871      0.24617      0.00000      0.03302     -0.00348
AL      0.50000      0.49617      0.49871      0.00000     -0.00348      0.03302
AL      0.74873      0.74447      0.49447     -0.00211     -0.04655     -0.04655
AL      0.74102      0.50839      0.73632      0.00993     -0.02382     -0.09565
AL      0.50000      0.75936      0.74064      0.00000     -0.02772      0.02772
