/* Converted from PWscf output file */ 
#L_UNITS ang 
#E_UNITS eV 
#S_UNITS GPA 
#F_UNITS EV/ANG 
#ALAT 	   8.13844     // a0 
#X 	   1.00000     0.00000     0.00000     // X 
#Y 	   0.00000     1.02764    -0.05280     // Y 
#Z 	   0.00000    -0.05280     1.02764     // Z 
#SX 	   0.14350     0.00000     0.00000     // SX 
#SY 	   0.00000    -0.31792     0.12294     // SY 
#SZ 	   0.00000     0.12294    -0.31792     // SZ 
#EPA 	  -3.28149     // Energy per Atom 
#RCUT 	6.5        // Rcut 
AL      0.00000      0.37500      0.12500      0.00000      0.00000      0.00000
AL      0.00000      0.00623      0.00405      0.00000      0.15182      0.14770
AL      0.27002      0.24442     -0.00558      0.10471      0.08077      0.08077
AL      0.26112     -0.00772      0.25077      0.11236     -0.02678      0.08678
AL      0.00000      0.17893      0.32107      0.00000      0.21566     -0.21566
AL      0.00000     -0.02319      0.52319      0.00000      0.12175     -0.12175
AL      0.26112      0.24923      0.50772      0.11236     -0.08678      0.02678
AL      0.25340      0.00088      0.75088      0.14269      0.05290      0.05290
AL      0.00000      0.25405      0.75623      0.00000      0.14770      0.15182
AL      0.00000      0.57107     -0.07107     -0.00000     -0.21566      0.21566
AL      0.26112      0.75772     -0.00077      0.11236      0.02678     -0.08678
AL      0.27002      0.50558      0.25558      0.10471     -0.08077     -0.08077
AL      0.00000      0.74377      0.24595     -0.00000     -0.15182     -0.14770
AL      0.00000      0.49595      0.49377      0.00000     -0.14770     -0.15182
AL      0.25340      0.74912      0.49912      0.14269     -0.05290     -0.05290
AL      0.26112      0.50077      0.74228      0.11236      0.08678     -0.02678
AL      0.00000      0.77319      0.72681      0.00000     -0.12175      0.12175
AL      0.50000     -0.00144     -0.00032     -0.00000     -0.00863     -0.01350
AL      0.72998      0.24442     -0.00558     -0.10471      0.08077      0.08077
AL      0.73888     -0.00772      0.25077     -0.11236     -0.02678      0.08678
AL      0.50000      0.24787      0.25213      0.00000     -0.06381      0.06381
AL      0.50000     -0.00144      0.50144      0.00000     -0.05857      0.05857
AL      0.73888      0.24923      0.50772     -0.11236     -0.08678      0.02678
AL      0.74660      0.00088      0.75088     -0.14269      0.05290      0.05290
AL      0.50000      0.24968      0.74856      0.00000     -0.01350     -0.00863
AL      0.50000      0.50213     -0.00213      0.00000      0.06381     -0.06381
AL      0.73888      0.75772     -0.00077     -0.11236      0.02678     -0.08678
AL      0.72998      0.50558      0.25558     -0.10471     -0.08077     -0.08077
AL      0.50000      0.75144      0.25032     -0.00000      0.00863      0.01350
AL      0.50000      0.50032      0.50144      0.00000      0.01350      0.00863
AL      0.74660      0.74912      0.49912     -0.14269     -0.05290     -0.05290
AL      0.73888      0.50077      0.74228     -0.11236      0.08678     -0.02678
AL      0.50000      0.75144      0.74856      0.00000      0.05857     -0.05857
