/* Converted from PWscf output file */ 
#L_UNITS ang 
#E_UNITS eV 
#S_UNITS GPA 
#F_UNITS EV/ANG 
#ALAT 	   8.17429     // a0 
#X 	   1.00000     0.00000     0.00000     // X 
#Y 	   0.00000     1.02010    -0.05311     // Y 
#Z 	   0.00000    -0.05311     1.02010     // Z 
#SX 	  -0.29240     0.00000     0.00000     // SX 
#SY 	   0.00000    -0.04638    -0.10194     // SY 
#SZ 	   0.00000    -0.10194    -0.04638     // SZ 
#EPA 	  -3.28476     // Energy per Atom 
#RCUT 	6.5        // Rcut 
AL      0.00000      0.37500      0.12500      0.00000      0.00000      0.00000
AL      0.00000      0.01306      0.00925     -0.00000      0.03481     -0.00931
AL      0.27464      0.24854     -0.00146     -0.00748      0.03018      0.03018
AL      0.26256     -0.00950      0.25509     -0.07964     -0.04063      0.00653
AL      0.00000      0.17928      0.32072     -0.00000     -0.02551      0.02551
AL      0.00000     -0.02080      0.52080      0.00000     -0.12580      0.12580
AL      0.26256      0.24491      0.50950     -0.07964     -0.00653      0.04063
AL      0.25534      0.00282      0.75282     -0.10618      0.01690      0.01690
AL      0.00000      0.25925      0.76306      0.00000     -0.00931      0.03481
AL      0.00000      0.57072     -0.07072     -0.00000      0.02551     -0.02551
AL      0.26256      0.75950     -0.00509     -0.07964      0.04063     -0.00653
AL      0.27464      0.50146      0.25146     -0.00748     -0.03018     -0.03018
AL      0.00000      0.73694      0.24075     -0.00000     -0.03481      0.00931
AL      0.00000      0.49075      0.48694      0.00000      0.00931     -0.03481
AL      0.25534      0.74718      0.49718     -0.10618     -0.01690     -0.01690
AL      0.26256      0.50509      0.74050     -0.07964      0.00653     -0.04063
AL      0.00000      0.77080      0.72920      0.00000      0.12580     -0.12580
AL      0.50000     -0.00043      0.00063      0.00000      0.02728      0.04981
AL      0.72536      0.24854     -0.00146      0.00748      0.03018      0.03018
AL      0.73744     -0.00950      0.25509      0.07964     -0.04063      0.00653
AL      0.50000      0.24342      0.25658      0.00000     -0.06622      0.06622
AL      0.50000     -0.00521      0.50521      0.00000     -0.03460      0.03460
AL      0.73744      0.24491      0.50950      0.07964     -0.00653      0.04063
AL      0.74466      0.00282      0.75282      0.10618      0.01690      0.01690
AL      0.50000      0.25063      0.74957     -0.00000      0.04981      0.02728
AL      0.50000      0.50658     -0.00658      0.00000      0.06622     -0.06622
AL      0.73744      0.75950     -0.00509      0.07964      0.04063     -0.00653
AL      0.72536      0.50146      0.25146      0.00748     -0.03018     -0.03018
AL      0.50000      0.75043      0.24937      0.00000     -0.02728     -0.04981
AL      0.50000      0.49937      0.50043     -0.00000     -0.04981     -0.02728
AL      0.74466      0.74718      0.49718      0.10618     -0.01690     -0.01690
AL      0.73744      0.50509      0.74050      0.07964      0.00653     -0.04063
AL      0.50000      0.75521      0.74479      0.00000      0.03460     -0.03460
