/* Converted from PWscf output file */ 
#L_UNITS ang 
#E_UNITS eV 
#S_UNITS GPA 
#F_UNITS EV/ANG 
#ALAT 	   8.06682     // a0 
#X 	   1.00000     0.00000     0.00000     // X 
#Y 	   0.00000     1.04073    -0.05998     // Y 
#Z 	   0.00000    -0.05998     1.04073     // Z 
#SX 	   0.01429     0.00000     0.00000     // SX 
#SY 	   0.00000     0.00233     0.00044     // SY 
#SZ 	   0.00000     0.00044     0.00233     // SZ 
#EPA 	  -3.28760     // Energy per Atom 
#RCUT 	6.5        // Rcut 
AL      0.00000      0.37500      0.12500      0.00000      0.00000      0.00000
AL      0.00000      0.02237      0.01024      0.00000      0.01318     -0.00804
AL      0.28467      0.25280      0.00280      0.00327     -0.00397     -0.00397
AL      0.25443     -0.01935      0.26119     -0.00134      0.00235      0.00039
AL      0.00000      0.18078      0.31922      0.00000     -0.02929      0.02929
AL      0.00000     -0.02166      0.52166      0.00000     -0.00515      0.00515
AL      0.25443      0.23881      0.51935     -0.00134     -0.00039     -0.00235
AL      0.25363      0.00705      0.75705     -0.00167      0.00102      0.00102
AL      0.00000      0.26024      0.77237      0.00000     -0.00804      0.01318
AL      0.00000      0.56922     -0.06922      0.00000      0.02929     -0.02929
AL      0.25443      0.76935     -0.01119     -0.00134     -0.00235     -0.00039
AL      0.28467      0.49720      0.24720      0.00327      0.00397      0.00397
AL      0.00000      0.72763      0.23976      0.00000     -0.01318      0.00804
AL      0.00000      0.48976      0.47763      0.00000      0.00804     -0.01318
AL      0.25363      0.74295      0.49295     -0.00167     -0.00102     -0.00102
AL      0.25443      0.51119      0.73065     -0.00134      0.00039      0.00235
AL      0.00000      0.77166      0.72834      0.00000      0.00515     -0.00515
AL      0.50000     -0.00125      0.00792     -0.00000     -0.00475      0.00378
AL      0.71533      0.25280      0.00280     -0.00327     -0.00397     -0.00397
AL      0.74557     -0.01935      0.26119      0.00134      0.00235      0.00039
AL      0.50000      0.22769      0.27231     -0.00000     -0.00015      0.00015
AL      0.50000     -0.00939      0.50939      0.00000      0.00489     -0.00489
AL      0.74557      0.23881      0.51935      0.00134     -0.00039     -0.00235
AL      0.74637      0.00705      0.75705      0.00167      0.00102      0.00102
AL      0.50000      0.25792      0.74875      0.00000      0.00378     -0.00475
AL      0.50000      0.52231     -0.02231     -0.00000      0.00015     -0.00015
AL      0.74557      0.76935     -0.01119      0.00134     -0.00235     -0.00039
AL      0.71533      0.49720      0.24720     -0.00327      0.00397      0.00397
AL      0.50000      0.75125      0.24208     -0.00000      0.00475     -0.00378
AL      0.50000      0.49208      0.50125      0.00000     -0.00378      0.00475
AL      0.74637      0.74295      0.49295      0.00167     -0.00102     -0.00102
AL      0.74557      0.51119      0.73065      0.00134      0.00039      0.00235
AL      0.50000      0.75939      0.74061      0.00000     -0.00489      0.00489
