/* Converted from PWscf output file */ 
#L_UNITS ang 
#E_UNITS eV 
#S_UNITS GPA 
#F_UNITS EV/ANG 
#ALAT 	   8.13624     // a0 
#X 	   1.00000     0.00000     0.00000     // X 
#Y 	   0.00000     1.02303    -0.03044     // Y 
#Z 	   0.00000    -0.03044     1.02303     // Z 
#SX 	  -0.01094     0.00000     0.00000     // SX 
#SY 	   0.00000     0.90535    -2.10587     // SY 
#SZ 	   0.00000    -2.10587     0.90535     // SZ 
#EPA 	  -3.24931     // Energy per Atom 
#RCUT 	6.5        // Rcut 
AL      0.00000      0.37500      0.12500      0.00000      0.00000      0.00000
AL      0.00000      0.00165      0.00030      0.00000      0.14654      0.07981
AL      0.26112      0.24547     -0.00453      0.58252     -0.20128     -0.20128
AL      0.25456     -0.00388      0.24958      0.32956     -0.24816     -0.03077
AL      0.00000      0.18687      0.31313      0.00000     -1.53274      1.53274
AL      0.00000     -0.01123      0.51123      0.00000     -0.94299      0.94299
AL      0.25456      0.25042      0.50388      0.32956      0.03077      0.24816
AL      0.25004     -0.00008      0.74992      0.03569     -0.00203     -0.00203
AL      0.00000      0.25030      0.75165      0.00000      0.07981      0.14654
AL      0.00000      0.56313     -0.06313     -0.00000      1.53274     -1.53274
AL      0.25456      0.75388      0.00042      0.32956      0.24816      0.03077
AL      0.26112      0.50453      0.25453      0.58252      0.20128      0.20128
AL      0.00000      0.74835      0.24970      0.00000     -0.14654     -0.07981
AL      0.00000      0.49970      0.49835     -0.00000     -0.07981     -0.14654
AL      0.25004      0.75008      0.50008      0.03569      0.00203      0.00203
AL      0.25456      0.49958      0.74612      0.32956     -0.03077     -0.24816
AL      0.00000      0.76123      0.73877      0.00000      0.94299     -0.94299
AL      0.50000     -0.00054      0.00011      0.00000     -0.04411     -0.00521
AL      0.73888      0.24547     -0.00453     -0.58252     -0.20128     -0.20128
AL      0.74544     -0.00388      0.24958     -0.32956     -0.24816     -0.03077
AL      0.50000      0.24960      0.25040      0.00000     -0.04119      0.04119
AL      0.50000     -0.00015      0.50015      0.00000     -0.01825      0.01825
AL      0.74544      0.25042      0.50388     -0.32956      0.03077      0.24816
AL      0.74996     -0.00008      0.74992     -0.03569     -0.00203     -0.00203
AL      0.50000      0.25011      0.74946      0.00000     -0.00521     -0.04411
AL      0.50000      0.50040     -0.00040      0.00000      0.04119     -0.04119
AL      0.74544      0.75388      0.00042     -0.32956      0.24816      0.03077
AL      0.73888      0.50453      0.25453     -0.58252      0.20128      0.20128
AL      0.50000      0.75054      0.24989      0.00000      0.04411      0.00521
AL      0.50000      0.49989      0.50054      0.00000      0.00521      0.04411
AL      0.74996      0.75008      0.50008     -0.03569      0.00203      0.00203
AL      0.74544      0.49958      0.74612     -0.32956     -0.03077     -0.24816
AL      0.50000      0.75015      0.74985      0.00000      0.01825     -0.01825
