/* Converted from PWscf output file */ 
#L_UNITS ang 
#E_UNITS eV 
#S_UNITS GPA 
#F_UNITS EV/ANG 
#ALAT 	   8.13127     // a0 
#X 	   1.00000     0.00000     0.00000     // X 
#Y 	   0.00000     1.02732    -0.05707     // Y 
#Z 	   0.00000    -0.05707     1.02732     // Z 
#SX 	   0.07204     0.00000     0.00000     // SX 
#SY 	   0.00000     0.09159     0.08356     // SY 
#SZ 	   0.00000     0.08356     0.09159     // SZ 
#EPA 	  -3.28655     // Energy per Atom 
#RCUT 	6.5        // Rcut 
AL      0.00000      0.37500      0.12500      0.00000      0.00000      0.00000
AL      0.00000      0.01969      0.01146      0.00000     -0.03191     -0.04050
AL      0.27787      0.25224      0.00224      0.05616     -0.07214     -0.07214
AL      0.25805     -0.01495      0.25873      0.00228     -0.08298     -0.01130
AL      0.00000      0.17971      0.32029     -0.00000      0.07852     -0.07852
AL      0.00000     -0.02232      0.52232      0.00000      0.09049     -0.09049
AL      0.25805      0.24127      0.51495      0.00228      0.01130      0.08298
AL      0.25053      0.00625      0.75625      0.03422      0.03614      0.03614
AL      0.00000      0.26146      0.76969     -0.00000     -0.04050     -0.03191
AL      0.00000      0.57029     -0.07029     -0.00000     -0.07852      0.07852
AL      0.25805      0.76495     -0.00873      0.00228      0.08298      0.01130
AL      0.27787      0.49776      0.24776      0.05616      0.07214      0.07214
AL      0.00000      0.73031      0.23854      0.00000      0.03191      0.04050
AL      0.00000      0.48854      0.48031     -0.00000      0.04050      0.03191
AL      0.25053      0.74375      0.49375      0.03422     -0.03614     -0.03614
AL      0.25805      0.50873      0.73505      0.00228     -0.01130     -0.08298
AL      0.00000      0.77232      0.72768      0.00000     -0.09049      0.09049
AL      0.50000      0.00130      0.00440      0.00000     -0.03893     -0.00731
AL      0.72213      0.25224      0.00224     -0.05616     -0.07214     -0.07214
AL      0.74195     -0.01495      0.25873     -0.00228     -0.08298     -0.01130
AL      0.50000      0.23442      0.26558      0.00000     -0.05033      0.05033
AL      0.50000     -0.00970      0.50970      0.00000      0.03593     -0.03593
AL      0.74195      0.24127      0.51495     -0.00228      0.01130      0.08298
AL      0.74947      0.00625      0.75625     -0.03422      0.03614      0.03614
AL      0.50000      0.25440      0.75130     -0.00000     -0.00731     -0.03893
AL      0.50000      0.51558     -0.01558      0.00000      0.05033     -0.05033
AL      0.74195      0.76495     -0.00873     -0.00228      0.08298      0.01130
AL      0.72213      0.49776      0.24776     -0.05616      0.07214      0.07214
AL      0.50000      0.74870      0.24560      0.00000      0.03893      0.00731
AL      0.50000      0.49560      0.49870     -0.00000      0.00731      0.03893
AL      0.74947      0.74375      0.49375     -0.03422     -0.03614     -0.03614
AL      0.74195      0.50873      0.73505     -0.00228     -0.01130     -0.08298
AL      0.50000      0.75970      0.74030      0.00000     -0.03593      0.03593
