/* Converted from PWscf output file */ 
#L_UNITS ang 
#E_UNITS eV 
#S_UNITS GPA 
#F_UNITS EV/ANG 
#ALAT 	   8.17367     // a0 
#X 	   1.00000     0.00000     0.00000     // X 
#Y 	   0.00000     1.02181    -0.05485     // Y 
#Z 	   0.00000    -0.05485     1.02181     // Z 
#SX 	  -0.40338     0.00000     0.00000     // SX 
#SY 	   0.00000    -0.26032    -0.04448     // SY 
#SZ 	   0.00000    -0.04448    -0.26032     // SZ 
#EPA 	  -3.28545     // Energy per Atom 
#RCUT 	6.5        // Rcut 
AL      0.00000      0.37500      0.12500      0.00000      0.00000      0.00000
AL      0.00000      0.01647      0.01088      0.00000      0.00821     -0.03060
AL      0.27649      0.25063      0.00063     -0.01223     -0.01365     -0.01365
AL      0.26118     -0.01128      0.25699     -0.05563     -0.07656     -0.02243
AL      0.00000      0.17799      0.32201      0.00000      0.12239     -0.12239
AL      0.00000     -0.02205      0.52205      0.00000     -0.11671      0.11671
AL      0.26118      0.24301      0.51128     -0.05563      0.02243      0.07656
AL      0.25362      0.00401      0.75401     -0.08256      0.03475      0.03475
AL      0.00000      0.26088      0.76647      0.00000     -0.03060      0.00821
AL      0.00000      0.57201     -0.07201      0.00000     -0.12239      0.12239
AL      0.26118      0.76128     -0.00699     -0.05563      0.07656      0.02243
AL      0.27649      0.49937      0.24937     -0.01223      0.01365      0.01365
AL      0.00000      0.73353      0.23912      0.00000     -0.00821      0.03060
AL      0.00000      0.48912      0.48353      0.00000      0.03060     -0.00821
AL      0.25362      0.74599      0.49599     -0.08256     -0.03475     -0.03475
AL      0.26118      0.50699      0.73872     -0.05563     -0.02243     -0.07656
AL      0.00000      0.77205      0.72795      0.00000      0.11671     -0.11671
AL      0.50000      0.00055      0.00214      0.00000      0.00039      0.03762
AL      0.72351      0.25063      0.00063      0.01223     -0.01365     -0.01365
AL      0.73882     -0.01128      0.25699      0.05563     -0.07656     -0.02243
AL      0.50000      0.23995      0.26005      0.00000     -0.06909      0.06909
AL      0.50000     -0.00750      0.50750      0.00000     -0.00988      0.00988
AL      0.73882      0.24301      0.51128      0.05563      0.02243      0.07656
AL      0.74638      0.00401      0.75401      0.08256      0.03475      0.03475
AL      0.50000      0.25214      0.75055      0.00000      0.03762      0.00039
AL      0.50000      0.51005     -0.01005      0.00000      0.06909     -0.06909
AL      0.73882      0.76128     -0.00699      0.05563      0.07656      0.02243
AL      0.72351      0.49937      0.24937      0.01223      0.01365      0.01365
AL      0.50000      0.74945      0.24786      0.00000     -0.00039     -0.03762
AL      0.50000      0.49786      0.49945      0.00000     -0.03762     -0.00039
AL      0.74638      0.74599      0.49599      0.08256     -0.03475     -0.03475
AL      0.73882      0.50699      0.73872      0.05563     -0.02243     -0.07656
AL      0.50000      0.75750      0.74250      0.00000      0.00988     -0.00988
