/* Converted from PWscf output file */ 
#L_UNITS ang 
#E_UNITS eV 
#S_UNITS GPA 
#F_UNITS EV/ANG 
#ALAT 	   8.09361     // a0 
#X 	   1.00000     0.00000     0.00000     // X 
#Y 	   0.00000     1.03620    -0.05816     // Y 
#Z 	   0.00000    -0.05816     1.03620     // Z 
#SX 	  -0.16815     0.00000     0.00000     // SX 
#SY 	   0.00000    -0.07000    -0.03908     // SY 
#SZ 	   0.00000    -0.03908    -0.07000     // SZ 
#EPA 	  -3.28741     // Energy per Atom 
#RCUT 	6.5        // Rcut 
AL      0.00000      0.37500      0.12500      0.00000      0.00000      0.00000
AL      0.00000      0.02157      0.01120      0.00000      0.00053     -0.00655
AL      0.28343      0.25271      0.00271      0.00623      0.02229      0.02229
AL      0.25585     -0.01936      0.26132     -0.02251      0.01890      0.00409
AL      0.00000      0.17959      0.32041     -0.00000      0.05134     -0.05134
AL      0.00000     -0.02196      0.52196      0.00000     -0.02034      0.02034
AL      0.25585      0.23868      0.51936     -0.02251     -0.00409     -0.01890
AL      0.25176      0.00740      0.75740      0.03487     -0.02290     -0.02290
AL      0.00000      0.26120      0.77157      0.00000     -0.00655      0.00053
AL      0.00000      0.57041     -0.07041     -0.00000     -0.05134      0.05134
AL      0.25585      0.76936     -0.01132     -0.02251     -0.01890     -0.00409
AL      0.28343      0.49729      0.24729      0.00623     -0.02229     -0.02229
AL      0.00000      0.72843      0.23880      0.00000     -0.00053      0.00655
AL      0.00000      0.48880      0.47843      0.00000      0.00655     -0.00053
AL      0.25176      0.74260      0.49260      0.03487      0.02290      0.02290
AL      0.25585      0.51132      0.73064     -0.02251      0.00409      0.01890
AL      0.00000      0.77196      0.72804      0.00000      0.02034     -0.02034
AL      0.50000     -0.00015      0.00622      0.00000     -0.01642      0.02024
AL      0.71657      0.25271      0.00271     -0.00623      0.02229      0.02229
AL      0.74415     -0.01936      0.26132      0.02251      0.01890      0.00409
AL      0.50000      0.22840      0.27160     -0.00000      0.00157     -0.00157
AL      0.50000     -0.00997      0.50997     -0.00000      0.00737     -0.00737
AL      0.74415      0.23868      0.51936      0.02251     -0.00409     -0.01890
AL      0.74824      0.00740      0.75740     -0.03487     -0.02290     -0.02290
AL      0.50000      0.25622      0.74985      0.00000      0.02024     -0.01642
AL      0.50000      0.52160     -0.02160     -0.00000     -0.00157      0.00157
AL      0.74415      0.76936     -0.01132      0.02251     -0.01890     -0.00409
AL      0.71657      0.49729      0.24729     -0.00623     -0.02229     -0.02229
AL      0.50000      0.75015      0.24378      0.00000      0.01642     -0.02024
AL      0.50000      0.49378      0.50015      0.00000     -0.02024      0.01642
AL      0.74824      0.74260      0.49260     -0.03487      0.02290      0.02290
AL      0.74415      0.51132      0.73064      0.02251      0.00409      0.01890
AL      0.50000      0.75997      0.74003      0.00000     -0.00737      0.00737
