/* Converted from PWscf output file */ 
#L_UNITS ang 
#E_UNITS eV 
#S_UNITS GPA 
#F_UNITS EV/ANG 
#ALAT 	   8.26181     // a0 
#X 	   1.00000     0.00000     0.00000     // X 
#Y 	   0.00000     1.00000     0.00000     // Y 
#Z 	   0.00000     0.00000     1.00000     // Z 
#SX 	  -0.03631     0.00000     0.00000     // SX 
#SY 	   0.00000    -0.03631     0.00000     // SY 
#SZ 	   0.00000     0.00000    -0.03631     // SZ 
#EPA 	  -3.29142     // Energy per Atom 
#RCUT 	6.5        // Rcut 
AL      0.25000      0.25000      0.25000      0.00000      0.00000      0.00000
AL      0.00104      0.00104      0.00104      0.02715      0.02715      0.02715
AL      0.25000      0.25000     -0.05861      0.00000      0.00000     -0.06167
AL      0.25000     -0.05861      0.25000      0.00000     -0.06167      0.00000
AL     -0.05861      0.25000      0.25000     -0.06167     -0.00000     -0.00000
AL      0.00104      0.00104      0.49896      0.02715      0.02715     -0.02715
AL      0.25000      0.25000      0.55861      0.00000      0.00000      0.06167
AL      0.25000     -0.01519      0.75000      0.00000      0.02493     -0.00000
AL     -0.01519      0.25000      0.75000      0.02493     -0.00000      0.00000
AL      0.00104      0.49896      0.00104      0.02715     -0.02715      0.02715
AL      0.25000      0.75000     -0.01519     -0.00000      0.00000      0.02493
AL      0.25000      0.55861      0.25000      0.00000      0.06167      0.00000
AL     -0.01519      0.75000      0.25000      0.02493      0.00000     -0.00000
AL      0.00104      0.49896      0.49896      0.02715     -0.02715     -0.02715
AL      0.25000      0.75000      0.51519     -0.00000      0.00000     -0.02493
AL      0.25000      0.51519      0.75000      0.00000     -0.02493     -0.00000
AL     -0.00531      0.75000      0.75000     -0.02055     -0.00000     -0.00000
AL      0.49896      0.00104      0.00104     -0.02715      0.02715      0.02715
AL      0.75000      0.25000     -0.01519      0.00000      0.00000      0.02493
AL      0.75000     -0.01519      0.25000      0.00000      0.02493      0.00000
AL      0.55861      0.25000      0.25000      0.06167     -0.00000     -0.00000
AL      0.49896      0.00104      0.49896     -0.02715      0.02715     -0.02715
AL      0.75000      0.25000      0.51519      0.00000      0.00000     -0.02493
AL      0.75000     -0.00531      0.75000      0.00000     -0.02055     -0.00000
AL      0.51519      0.25000      0.75000     -0.02493     -0.00000      0.00000
AL      0.49896      0.49896      0.00104     -0.02715     -0.02715      0.02715
AL      0.75000      0.75000     -0.00531      0.00000     -0.00000     -0.02055
AL      0.75000      0.51519      0.25000      0.00000     -0.02493      0.00000
AL      0.51519      0.75000      0.25000     -0.02493      0.00000     -0.00000
AL      0.49896      0.49896      0.49896     -0.02715     -0.02715     -0.02715
AL      0.75000      0.75000      0.50531      0.00000     -0.00000      0.02055
AL      0.75000      0.50531      0.75000      0.00000      0.02055     -0.00000
AL      0.50531      0.75000      0.75000      0.02055     -0.00000     -0.00000
