/* Converted from PWscf output file */ 
#L_UNITS ang 
#E_UNITS eV 
#S_UNITS GPA 
#F_UNITS EV/ANG 
#ALAT 	   8.25961     // a0 
#X 	   1.00000     0.00000     0.00000     // X 
#Y 	   0.00000     1.00000     0.00000     // Y 
#Z 	   0.00000     0.00000     1.00000     // Z 
#SX 	   0.02698     0.00000     0.00000     // SX 
#SY 	   0.00000     0.02698     0.00000     // SY 
#SZ 	   0.00000     0.00000     0.02698     // SZ 
#EPA 	  -3.29159     // Energy per Atom 
#RCUT 	6.5        // Rcut 
AL      0.25000      0.25000      0.25000      0.00000      0.00000      0.00000
AL      0.00166      0.00166      0.00166      0.01100      0.01100      0.01100
AL      0.25000      0.25000     -0.05968      0.00000      0.00000      0.02278
AL      0.25000     -0.05968      0.25000     -0.00000      0.02278     -0.00000
AL     -0.05968      0.25000      0.25000      0.02278      0.00000      0.00000
AL      0.00166      0.00166      0.49834      0.01100      0.01100     -0.01100
AL      0.25000      0.25000      0.55968      0.00000      0.00000     -0.02278
AL      0.25000     -0.01529      0.75000     -0.00000     -0.00681      0.00000
AL     -0.01529      0.25000      0.75000     -0.00681      0.00000      0.00000
AL      0.00166      0.49834      0.00166      0.01100     -0.01100      0.01100
AL      0.25000      0.75000     -0.01529      0.00000      0.00000     -0.00681
AL      0.25000      0.55968      0.25000     -0.00000     -0.02278     -0.00000
AL     -0.01529      0.75000      0.25000     -0.00681      0.00000      0.00000
AL      0.00166      0.49834      0.49834      0.01100     -0.01100     -0.01100
AL      0.25000      0.75000      0.51529      0.00000      0.00000      0.00681
AL      0.25000      0.51529      0.75000     -0.00000      0.00681      0.00000
AL     -0.00536      0.75000      0.75000      0.02267      0.00000      0.00000
AL      0.49834      0.00166      0.00166     -0.01100      0.01100      0.01100
AL      0.75000      0.25000     -0.01529      0.00000      0.00000     -0.00681
AL      0.75000     -0.01529      0.25000      0.00000     -0.00681     -0.00000
AL      0.55968      0.25000      0.25000     -0.02278      0.00000      0.00000
AL      0.49834      0.00166      0.49834     -0.01100      0.01100     -0.01100
AL      0.75000      0.25000      0.51529      0.00000      0.00000      0.00681
AL      0.75000     -0.00536      0.75000      0.00000      0.02267     -0.00000
AL      0.51529      0.25000      0.75000      0.00681      0.00000      0.00000
AL      0.49834      0.49834      0.00166     -0.01100     -0.01100      0.01100
AL      0.75000      0.75000     -0.00536      0.00000      0.00000      0.02267
AL      0.75000      0.51529      0.25000      0.00000      0.00681     -0.00000
AL      0.51529      0.75000      0.25000      0.00681      0.00000      0.00000
AL      0.49834      0.49834      0.49834     -0.01100     -0.01100     -0.01100
AL      0.75000      0.75000      0.50536      0.00000      0.00000     -0.02267
AL      0.75000      0.50536      0.75000      0.00000     -0.02267     -0.00000
AL      0.50536      0.75000      0.75000     -0.02267      0.00000      0.00000
