/* Converted from PWscf output file */ 
#L_UNITS ang 
#E_UNITS eV 
#S_UNITS GPA 
#F_UNITS EV/ANG 
#ALAT 	   8.25563     // a0 
#X 	   1.00000     0.00000     0.00000     // X 
#Y 	   0.00000     1.00000     0.00000     // Y 
#Z 	   0.00000     0.00000     1.00000     // Z 
#SX 	   0.15342     0.00000     0.00000     // SX 
#SY 	   0.00000     0.15342     0.00000     // SY 
#SZ 	   0.00000     0.00000     0.15342     // SZ 
#EPA 	  -3.29115     // Energy per Atom 
#RCUT 	6.5        // Rcut 
AL      0.25000      0.25000      0.25000      0.00000      0.00000      0.00000
AL      0.00032      0.00032      0.00032      0.04375      0.04375      0.04375
AL      0.25000      0.25000     -0.05819      0.00000     -0.00000     -0.00792
AL      0.25000     -0.05819      0.25000     -0.00000     -0.00792     -0.00000
AL     -0.05819      0.25000      0.25000     -0.00792      0.00000     -0.00000
AL      0.00032      0.00032      0.49968      0.04375      0.04375     -0.04375
AL      0.25000      0.25000      0.55819      0.00000     -0.00000      0.00792
AL      0.25000     -0.01516      0.75000      0.00000      0.03518      0.00000
AL     -0.01516      0.25000      0.75000      0.03518      0.00000     -0.00000
AL      0.00032      0.49968      0.00032      0.04375     -0.04375      0.04375
AL      0.25000      0.75000     -0.01516      0.00000      0.00000      0.03518
AL      0.25000      0.55819      0.25000     -0.00000      0.00792     -0.00000
AL     -0.01516      0.75000      0.25000      0.03518      0.00000     -0.00000
AL      0.00032      0.49968      0.49968      0.04375     -0.04375     -0.04375
AL      0.25000      0.75000      0.51516      0.00000      0.00000     -0.03518
AL      0.25000      0.51516      0.75000      0.00000     -0.03518      0.00000
AL     -0.00365      0.75000      0.75000     -0.11869      0.00000      0.00000
AL      0.49968      0.00032      0.00032     -0.04375      0.04375      0.04375
AL      0.75000      0.25000     -0.01516     -0.00000      0.00000      0.03518
AL      0.75000     -0.01516      0.25000      0.00000      0.03518     -0.00000
AL      0.55819      0.25000      0.25000      0.00792      0.00000     -0.00000
AL      0.49968      0.00032      0.49968     -0.04375      0.04375     -0.04375
AL      0.75000      0.25000      0.51516     -0.00000      0.00000     -0.03518
AL      0.75000     -0.00365      0.75000      0.00000     -0.11869     -0.00000
AL      0.51516      0.25000      0.75000     -0.03518      0.00000     -0.00000
AL      0.49968      0.49968      0.00032     -0.04375     -0.04375      0.04375
AL      0.75000      0.75000     -0.00365      0.00000      0.00000     -0.11869
AL      0.75000      0.51516      0.25000      0.00000     -0.03518     -0.00000
AL      0.51516      0.75000      0.25000     -0.03518      0.00000     -0.00000
AL      0.49968      0.49968      0.49968     -0.04375     -0.04375     -0.04375
AL      0.75000      0.75000      0.50365      0.00000      0.00000      0.11869
AL      0.75000      0.50365      0.75000      0.00000      0.11869     -0.00000
AL      0.50365      0.75000      0.75000      0.11869      0.00000      0.00000
