/* Converted from PWscf output file */ 
#L_UNITS ang 
#E_UNITS eV 
#S_UNITS GPA 
#F_UNITS EV/ANG 
#ALAT 	   8.21055     // a0 
#X 	   1.00000     0.00000     0.00000     // X 
#Y 	   0.00000     1.00000     0.00000     // Y 
#Z 	   0.00000     0.00000     1.00000     // Z 
#SX 	   8.42188     0.00000     0.00000     // SX 
#SY 	   0.00000     8.42188     0.00000     // SY 
#SZ 	   0.00000     0.00000     8.42188     // SZ 
#EPA 	  -3.03830     // Energy per Atom 
#RCUT 	6.5        // Rcut 
AL      0.25000      0.25000      0.25000      0.00000      0.00000      0.00000
AL     -0.00022     -0.00022     -0.00022     -0.08569     -0.08569     -0.08569
AL      0.25000      0.25000     -0.01804      0.00000      0.00000     -7.09470
AL      0.25000     -0.01804      0.25000      0.00000     -7.09470      0.00000
AL     -0.01804      0.25000      0.25000     -7.09470      0.00000      0.00000
AL     -0.00022     -0.00022      0.50022     -0.08569     -0.08569      0.08569
AL      0.25000      0.25000      0.51804      0.00000      0.00000      7.09470
AL      0.25000      0.00001      0.75000     -0.00000      0.00445     -0.00000
AL      0.00001      0.25000      0.75000      0.00445      0.00000      0.00000
AL     -0.00022      0.50022     -0.00022     -0.08569      0.08569     -0.08569
AL      0.25000      0.75000      0.00001      0.00000      0.00000      0.00445
AL      0.25000      0.51804      0.25000     -0.00000      7.09470     -0.00000
AL      0.00001      0.75000      0.25000      0.00445      0.00000      0.00000
AL     -0.00022      0.50022      0.50022     -0.08569      0.08569      0.08569
AL      0.25000      0.75000      0.49999      0.00000      0.00000     -0.00445
AL      0.25000      0.49999      0.75000     -0.00000     -0.00445      0.00000
AL      0.00006      0.75000      0.75000      0.02270      0.00000      0.00000
AL      0.50022     -0.00022     -0.00022      0.08569     -0.08569     -0.08569
AL      0.75000      0.25000      0.00001      0.00000      0.00000      0.00445
AL      0.75000      0.00001      0.25000     -0.00000      0.00445      0.00000
AL      0.51804      0.25000      0.25000      7.09470     -0.00000      0.00000
AL      0.50022     -0.00022      0.50022      0.08569     -0.08569      0.08569
AL      0.75000      0.25000      0.49999      0.00000      0.00000     -0.00445
AL      0.75000      0.00006      0.75000      0.00000      0.02270     -0.00000
AL      0.49999      0.25000      0.75000     -0.00445      0.00000     -0.00000
AL      0.50022      0.50022     -0.00022      0.08569      0.08569     -0.08569
AL      0.75000      0.75000      0.00006     -0.00000      0.00000      0.02270
AL      0.75000      0.49999      0.25000      0.00000     -0.00445      0.00000
AL      0.49999      0.75000      0.25000     -0.00445     -0.00000      0.00000
AL      0.50022      0.50022      0.50022      0.08569      0.08569      0.08569
AL      0.75000      0.75000      0.49994      0.00000      0.00000     -0.02270
AL      0.75000      0.49994      0.75000      0.00000     -0.02270     -0.00000
AL      0.49994      0.75000      0.75000     -0.02270     -0.00000      0.00000
