/* Converted from PWscf output file */ 
#L_UNITS ang 
#E_UNITS eV 
#S_UNITS GPA 
#F_UNITS EV/ANG 
#ALAT 	   8.27928     // a0 
#X 	   1.00000     0.00000     0.00000     // X 
#Y 	   0.00000     1.00000     0.00000     // Y 
#Z 	   0.00000     0.00000     1.00000     // Z 
#SX 	  -0.15604     0.00000     0.00000     // SX 
#SY 	   0.00000    -0.15604     0.00000     // SY 
#SZ 	   0.00000     0.00000    -0.15604     // SZ 
#EPA 	  -3.26035     // Energy per Atom 
#RCUT 	6.5        // Rcut 
AL      0.25000      0.25000      0.25000      0.00000      0.00000      0.00000
AL     -0.00070     -0.00070     -0.00070     -0.02605     -0.02605     -0.02605
AL      0.25000      0.25000     -0.04585      0.00000     -0.00000     -1.35819
AL      0.25000     -0.04585      0.25000      0.00000     -1.35819      0.00000
AL     -0.04585      0.25000      0.25000     -1.35819      0.00000      0.00000
AL     -0.00070     -0.00070      0.50070     -0.02605     -0.02605      0.02605
AL      0.25000      0.25000      0.54585      0.00000     -0.00000      1.35819
AL      0.25000     -0.00281      0.75000      0.00000     -0.38535     -0.00000
AL     -0.00281      0.25000      0.75000     -0.38535      0.00000     -0.00000
AL     -0.00070      0.50070     -0.00070     -0.02605      0.02605     -0.02605
AL      0.25000      0.75000     -0.00281      0.00000      0.00000     -0.38535
AL      0.25000      0.54585      0.25000      0.00000      1.35819     -0.00000
AL     -0.00281      0.75000      0.25000     -0.38535      0.00000     -0.00000
AL     -0.00070      0.50070      0.50070     -0.02605      0.02605      0.02605
AL      0.25000      0.75000      0.50281      0.00000     -0.00000      0.38535
AL      0.25000      0.50281      0.75000      0.00000      0.38535      0.00000
AL      0.00021      0.75000      0.75000      0.00005      0.00000      0.00000
AL      0.50070     -0.00070     -0.00070      0.02605     -0.02605     -0.02605
AL      0.75000      0.25000     -0.00281      0.00000      0.00000     -0.38535
AL      0.75000     -0.00281      0.25000      0.00000     -0.38535     -0.00000
AL      0.54585      0.25000      0.25000      1.35819     -0.00000      0.00000
AL      0.50070     -0.00070      0.50070      0.02605     -0.02605      0.02605
AL      0.75000      0.25000      0.50281      0.00000      0.00000      0.38535
AL      0.75000      0.00021      0.75000      0.00000      0.00005     -0.00000
AL      0.50281      0.25000      0.75000      0.38535     -0.00000      0.00000
AL      0.50070      0.50070     -0.00070      0.02605      0.02605     -0.02605
AL      0.75000      0.75000      0.00021      0.00000      0.00000      0.00005
AL      0.75000      0.50281      0.25000     -0.00000      0.38535     -0.00000
AL      0.50281      0.75000      0.25000      0.38535     -0.00000     -0.00000
AL      0.50070      0.50070      0.50070      0.02605      0.02605      0.02605
AL      0.75000      0.75000      0.49979      0.00000      0.00000     -0.00005
AL      0.75000      0.49979      0.75000      0.00000     -0.00005     -0.00000
AL      0.49979      0.75000      0.75000     -0.00005     -0.00000      0.00000
