/* Converted from PWscf output file */ 
#L_UNITS ang 
#E_UNITS eV 
#S_UNITS GPA 
#F_UNITS EV/ANG 
#ALAT 	   8.26182     // a0 
#X 	   1.00000     0.00000     0.00000     // X 
#Y 	   0.00000     1.00000     0.00000     // Y 
#Z 	   0.00000     0.00000     1.00000     // Z 
#SX 	  -0.02858     0.00000     0.00000     // SX 
#SY 	   0.00000    -0.02858     0.00000     // SY 
#SZ 	   0.00000     0.00000    -0.02858     // SZ 
#EPA 	  -3.29155     // Energy per Atom 
#RCUT 	6.5        // Rcut 
AL      0.25000      0.25000      0.25000      0.00000      0.00000      0.00000
AL      0.00166      0.00166      0.00166      0.01573      0.01573      0.01573
AL      0.25000      0.25000     -0.05967      0.00000      0.00000      0.01220
AL      0.25000     -0.05967      0.25000     -0.00000      0.01220     -0.00000
AL     -0.05967      0.25000      0.25000      0.01220      0.00000      0.00000
AL      0.00166      0.00166      0.49834      0.01573      0.01573     -0.01573
AL      0.25000      0.25000      0.55967      0.00000      0.00000     -0.01220
AL      0.25000     -0.01529      0.75000      0.00000     -0.00401     -0.00000
AL     -0.01529      0.25000      0.75000     -0.00401      0.00000      0.00000
AL      0.00166      0.49834      0.00166      0.01573     -0.01573      0.01573
AL      0.25000      0.75000     -0.01529     -0.00000      0.00000     -0.00401
AL      0.25000      0.55967      0.25000     -0.00000     -0.01220     -0.00000
AL     -0.01529      0.75000      0.25000     -0.00401      0.00000     -0.00000
AL      0.00166      0.49834      0.49834      0.01573     -0.01573     -0.01573
AL      0.25000      0.75000      0.51529     -0.00000      0.00000      0.00401
AL      0.25000      0.51529      0.75000      0.00000      0.00401     -0.00000
AL     -0.00536      0.75000      0.75000      0.03256      0.00000      0.00000
AL      0.49834      0.00166      0.00166     -0.01573      0.01573      0.01573
AL      0.75000      0.25000     -0.01529      0.00000      0.00000     -0.00401
AL      0.75000     -0.01529      0.25000      0.00000     -0.00401      0.00000
AL      0.55967      0.25000      0.25000     -0.01220      0.00000      0.00000
AL      0.49834      0.00166      0.49834     -0.01573      0.01573     -0.01573
AL      0.75000      0.25000      0.51529      0.00000      0.00000      0.00401
AL      0.75000     -0.00536      0.75000     -0.00000      0.03256     -0.00000
AL      0.51529      0.25000      0.75000      0.00401      0.00000      0.00000
AL      0.49834      0.49834      0.00166     -0.01573     -0.01573      0.01573
AL      0.75000      0.75000     -0.00536      0.00000      0.00000      0.03256
AL      0.75000      0.51529      0.25000      0.00000      0.00401      0.00000
AL      0.51529      0.75000      0.25000      0.00401      0.00000     -0.00000
AL      0.49834      0.49834      0.49834     -0.01573     -0.01573     -0.01573
AL      0.75000      0.75000      0.50536      0.00000     -0.00000     -0.03256
AL      0.75000      0.50536      0.75000     -0.00000     -0.03256     -0.00000
AL      0.50536      0.75000      0.75000     -0.03256      0.00000      0.00000
