/* Converted from PWscf output file */ 
#L_UNITS ang 
#E_UNITS eV 
#S_UNITS GPA 
#F_UNITS EV/ANG 
#ALAT 	   8.21055     // a0 
#X 	   1.00000     0.00000     0.00000     // X 
#Y 	   0.00000     1.00000     0.00000     // Y 
#Z 	   0.00000     0.00000     1.00000     // Z 
#SX 	   2.50721     0.00000     0.00000     // SX 
#SY 	   0.00000     2.50721     0.00000     // SY 
#SZ 	   0.00000     0.00000     2.50721     // SZ 
#EPA 	  -3.19826     // Energy per Atom 
#RCUT 	6.5        // Rcut 
AL      0.25000      0.25000      0.25000      0.00000      0.00000      0.00000
AL     -0.00050     -0.00050     -0.00050     -0.05811     -0.05811     -0.05811
AL      0.25000      0.25000     -0.03479      0.00000      0.00000     -3.42882
AL      0.25000     -0.03479      0.25000      0.00000     -3.42882      0.00000
AL     -0.03479      0.25000      0.25000     -3.42882      0.00000      0.00000
AL     -0.00050     -0.00050      0.50050     -0.05811     -0.05811      0.05811
AL      0.25000      0.25000      0.53479      0.00000      0.00000      3.42882
AL      0.25000     -0.00093      0.75000     -0.00000     -0.19618      0.00000
AL     -0.00093      0.25000      0.75000     -0.19618      0.00000     -0.00000
AL     -0.00050      0.50050     -0.00050     -0.05811      0.05811     -0.05811
AL      0.25000      0.75000     -0.00093      0.00000      0.00000     -0.19618
AL      0.25000      0.53479      0.25000      0.00000      3.42882      0.00000
AL     -0.00093      0.75000      0.25000     -0.19618      0.00000      0.00000
AL     -0.00050      0.50050      0.50050     -0.05811      0.05811      0.05811
AL      0.25000      0.75000      0.50093      0.00000      0.00000      0.19618
AL      0.25000      0.50093      0.75000      0.00000      0.19618      0.00000
AL      0.00018      0.75000      0.75000      0.02458      0.00000      0.00000
AL      0.50050     -0.00050     -0.00050      0.05811     -0.05811     -0.05811
AL      0.75000      0.25000     -0.00093      0.00000      0.00000     -0.19618
AL      0.75000     -0.00093      0.25000      0.00000     -0.19618      0.00000
AL      0.53479      0.25000      0.25000      3.42882      0.00000      0.00000
AL      0.50050     -0.00050      0.50050      0.05811     -0.05811      0.05811
AL      0.75000      0.25000      0.50093      0.00000      0.00000      0.19618
AL      0.75000      0.00018      0.75000      0.00000      0.02458     -0.00000
AL      0.50093      0.25000      0.75000      0.19618      0.00000      0.00000
AL      0.50050      0.50050     -0.00050      0.05811      0.05811     -0.05811
AL      0.75000      0.75000      0.00018      0.00000      0.00000      0.02458
AL      0.75000      0.50093      0.25000     -0.00000      0.19618      0.00000
AL      0.50093      0.75000      0.25000      0.19618     -0.00000     -0.00000
AL      0.50050      0.50050      0.50050      0.05811      0.05811      0.05811
AL      0.75000      0.75000      0.49982     -0.00000      0.00000     -0.02458
AL      0.75000      0.49982      0.75000     -0.00000     -0.02458     -0.00000
AL      0.49982      0.75000      0.75000     -0.02458      0.00000      0.00000
