/* Converted from PWscf output file */ 
#L_UNITS ang 
#E_UNITS eV 
#S_UNITS GPA 
#F_UNITS EV/ANG 
#ALAT 	   8.25610     // a0 
#X 	   1.00000     0.00000     0.00000     // X 
#Y 	   0.00000     1.00000     0.00000     // Y 
#Z 	   0.00000     0.00000     1.00000     // Z 
#SX 	   0.18784     0.00000     0.00000     // SX 
#SY 	   0.00000     0.18784     0.00000     // SY 
#SZ 	   0.00000     0.00000     0.18784     // SZ 
#EPA 	  -3.29066     // Energy per Atom 
#RCUT 	6.5        // Rcut 
AL      0.25000      0.25000      0.25000      0.00000      0.00000      0.00000
AL      0.00009      0.00009      0.00009      0.05627      0.05627      0.05627
AL      0.25000      0.25000     -0.05881      0.00000     -0.00000      0.13888
AL      0.25000     -0.05881      0.25000     -0.00000      0.13888     -0.00000
AL     -0.05881      0.25000      0.25000      0.13888      0.00000      0.00000
AL      0.00009      0.00009      0.49991      0.05627      0.05627     -0.05627
AL      0.25000      0.25000      0.55881      0.00000     -0.00000     -0.13888
AL      0.25000     -0.01522      0.75000      0.00000     -0.02862      0.00000
AL     -0.01522      0.25000      0.75000     -0.02862      0.00000     -0.00000
AL      0.00009      0.49991      0.00009      0.05627     -0.05627      0.05627
AL      0.25000      0.75000     -0.01522      0.00000      0.00000     -0.02862
AL      0.25000      0.55881      0.25000     -0.00000     -0.13888     -0.00000
AL     -0.01522      0.75000      0.25000     -0.02862     -0.00000      0.00000
AL      0.00009      0.49991      0.49991      0.05627     -0.05627     -0.05627
AL      0.25000      0.75000      0.51522      0.00000     -0.00000      0.02862
AL      0.25000      0.51522      0.75000      0.00000      0.02862      0.00000
AL     -0.00304      0.75000      0.75000     -0.16794      0.00000      0.00000
AL      0.49991      0.00009      0.00009     -0.05627      0.05627      0.05627
AL      0.75000      0.25000     -0.01522      0.00000      0.00000     -0.02862
AL      0.75000     -0.01522      0.25000      0.00000     -0.02862      0.00000
AL      0.55881      0.25000      0.25000     -0.13888      0.00000      0.00000
AL      0.49991      0.00009      0.49991     -0.05627      0.05627     -0.05627
AL      0.75000      0.25000      0.51522      0.00000      0.00000      0.02862
AL      0.75000     -0.00304      0.75000      0.00000     -0.16794      0.00000
AL      0.51522      0.25000      0.75000      0.02862      0.00000     -0.00000
AL      0.49991      0.49991      0.00009     -0.05627     -0.05627      0.05627
AL      0.75000      0.75000     -0.00304      0.00000      0.00000     -0.16794
AL      0.75000      0.51522      0.25000      0.00000      0.02862      0.00000
AL      0.51522      0.75000      0.25000      0.02862     -0.00000      0.00000
AL      0.49991      0.49991      0.49991     -0.05627     -0.05627     -0.05627
AL      0.75000      0.75000      0.50304      0.00000      0.00000      0.16794
AL      0.75000      0.50304      0.75000      0.00000      0.16794      0.00000
AL      0.50304      0.75000      0.75000      0.16794     -0.00000      0.00000
