/* Converted from PWscf output file */ 
#L_UNITS ang 
#E_UNITS eV 
#S_UNITS GPA 
#F_UNITS EV/ANG 
#ALAT 	   8.26375     // a0 
#X 	   1.00000     0.00000     0.00000     // X 
#Y 	   0.00000     1.00000     0.00000     // Y 
#Z 	   0.00000     0.00000     1.00000     // Z 
#SX 	  -0.08517     0.00000     0.00000     // SX 
#SY 	   0.00000    -0.08517     0.00000     // SY 
#SZ 	   0.00000     0.00000    -0.08517     // SZ 
#EPA 	  -3.29150     // Energy per Atom 
#RCUT 	6.5        // Rcut 
AL      0.25000      0.25000      0.25000      0.00000      0.00000      0.00000
AL      0.00125      0.00125      0.00125      0.02097      0.02097      0.02097
AL      0.25000      0.25000     -0.05916     -0.00000      0.00000     -0.03588
AL      0.25000     -0.05916      0.25000     -0.00000     -0.03588     -0.00000
AL     -0.05916      0.25000      0.25000     -0.03588     -0.00000     -0.00000
AL      0.00125      0.00125      0.49875      0.02097      0.02097     -0.02097
AL      0.25000      0.25000      0.55916      0.00000      0.00000      0.03588
AL      0.25000     -0.01525      0.75000      0.00000      0.01004     -0.00000
AL     -0.01525      0.25000      0.75000      0.01004     -0.00000      0.00000
AL      0.00125      0.49875      0.00125      0.02097     -0.02097      0.02097
AL      0.25000      0.75000     -0.01525     -0.00000      0.00000      0.01004
AL      0.25000      0.55916      0.25000      0.00000      0.03588      0.00000
AL     -0.01525      0.75000      0.25000      0.01004     -0.00000      0.00000
AL      0.00125      0.49875      0.49875      0.02097     -0.02097     -0.02097
AL      0.25000      0.75000      0.51525     -0.00000      0.00000     -0.01004
AL      0.25000      0.51525      0.75000      0.00000     -0.01004      0.00000
AL     -0.00553      0.75000      0.75000      0.02215      0.00000      0.00000
AL      0.49875      0.00125      0.00125     -0.02097      0.02097      0.02097
AL      0.75000      0.25000     -0.01525     -0.00000     -0.00000      0.01004
AL      0.75000     -0.01525      0.25000      0.00000      0.01004      0.00000
AL      0.55916      0.25000      0.25000      0.03588      0.00000      0.00000
AL      0.49875      0.00125      0.49875     -0.02097      0.02097     -0.02097
AL      0.75000      0.25000      0.51525     -0.00000     -0.00000     -0.01004
AL      0.75000     -0.00553      0.75000      0.00000      0.02215     -0.00000
AL      0.51525      0.25000      0.75000     -0.01004     -0.00000      0.00000
AL      0.49875      0.49875      0.00125     -0.02097     -0.02097      0.02097
AL      0.75000      0.75000     -0.00553      0.00000      0.00000      0.02215
AL      0.75000      0.51525      0.25000      0.00000     -0.01004      0.00000
AL      0.51525      0.75000      0.25000     -0.01004     -0.00000      0.00000
AL      0.49875      0.49875      0.49875     -0.02097     -0.02097     -0.02097
AL      0.75000      0.75000      0.50553      0.00000      0.00000     -0.02215
AL      0.75000      0.50553      0.75000      0.00000     -0.02215     -0.00000
AL      0.50553      0.75000      0.75000     -0.02215      0.00000      0.00000
