/* Converted from PWscf output file */ 
#L_UNITS ang 
#E_UNITS eV 
#S_UNITS GPA 
#F_UNITS EV/ANG 
#ALAT 	   8.29883     // a0 
#X 	   1.00000     0.00000     0.00000     // X 
#Y 	   0.00000     1.00000     0.00000     // Y 
#Z 	   0.00000     0.00000     1.00000     // Z 
#SX 	  -0.80064     0.00000     0.00000     // SX 
#SY 	   0.00000    -0.80064     0.00000     // SY 
#SZ 	   0.00000     0.00000    -0.80064     // SZ 
#EPA 	  -3.27695     // Energy per Atom 
#RCUT 	6.5        // Rcut 
AL      0.25000      0.25000      0.25000      0.00000      0.00000      0.00000
AL     -0.00078     -0.00078     -0.00078      0.00218      0.00218      0.00218
AL      0.25000      0.25000     -0.05301      0.00000      0.00000     -0.42216
AL      0.25000     -0.05301      0.25000      0.00000     -0.42216      0.00000
AL     -0.05301      0.25000      0.25000     -0.42216     -0.00000     -0.00000
AL     -0.00078     -0.00078      0.50078      0.00218      0.00218     -0.00218
AL      0.25000      0.25000      0.55301      0.00000      0.00000      0.42216
AL      0.25000     -0.00548      0.75000      0.00000     -0.48624      0.00000
AL     -0.00548      0.25000      0.75000     -0.48624      0.00000     -0.00000
AL     -0.00078      0.50078     -0.00078      0.00218     -0.00218      0.00218
AL      0.25000      0.75000     -0.00548      0.00000      0.00000     -0.48624
AL      0.25000      0.55301      0.25000     -0.00000      0.42216      0.00000
AL     -0.00548      0.75000      0.25000     -0.48624      0.00000      0.00000
AL     -0.00078      0.50078      0.50078      0.00218     -0.00218     -0.00218
AL      0.25000      0.75000      0.50548      0.00000      0.00000      0.48624
AL      0.25000      0.50548      0.75000      0.00000      0.48624      0.00000
AL      0.00008      0.75000      0.75000     -0.03786      0.00000     -0.00000
AL      0.50078     -0.00078     -0.00078     -0.00218      0.00218      0.00218
AL      0.75000      0.25000     -0.00548      0.00000      0.00000     -0.48624
AL      0.75000     -0.00548      0.25000      0.00000     -0.48624      0.00000
AL      0.55301      0.25000      0.25000      0.42216     -0.00000      0.00000
AL      0.50078     -0.00078      0.50078     -0.00218      0.00218     -0.00218
AL      0.75000      0.25000      0.50548      0.00000      0.00000      0.48624
AL      0.75000      0.00008      0.75000     -0.00000     -0.03786     -0.00000
AL      0.50548      0.25000      0.75000      0.48624      0.00000      0.00000
AL      0.50078      0.50078     -0.00078     -0.00218     -0.00218      0.00218
AL      0.75000      0.75000      0.00008      0.00000      0.00000     -0.03786
AL      0.75000      0.50548      0.25000     -0.00000      0.48624     -0.00000
AL      0.50548      0.75000      0.25000      0.48624     -0.00000      0.00000
AL      0.50078      0.50078      0.50078     -0.00218     -0.00218     -0.00218
AL      0.75000      0.75000      0.49992     -0.00000      0.00000      0.03786
AL      0.75000      0.49992      0.75000      0.00000      0.03786     -0.00000
AL      0.49992      0.75000      0.75000      0.03786      0.00000      0.00000
