/* Converted from PWscf output file */ 
#L_UNITS ang 
#E_UNITS eV 
#S_UNITS GPA 
#F_UNITS EV/ANG 
#ALAT 	   8.21715     // a0 
#X 	   1.00000     0.00000     0.00000     // X 
#Y 	   0.00000     1.00000     0.00000     // Y 
#Z 	   0.00000     0.00000     1.00000     // Z 
#SX 	   3.35831     0.00000     0.00000     // SX 
#SY 	   0.00000     3.35831     0.00000     // SY 
#SZ 	   0.00000     0.00000     3.35831     // SZ 
#EPA 	  -3.14175     // Energy per Atom 
#RCUT 	6.5        // Rcut 
AL      0.12500      0.12500      0.12500      0.00000      0.00000      0.00000
AL     -0.02977     -0.02977     -0.02977     -3.56223     -3.56223     -3.56223
AL      0.27977      0.27977     -0.02977      3.56223      3.56223     -3.56223
AL      0.27977     -0.02977      0.27977      3.56223     -3.56223      3.56223
AL     -0.02977      0.27977      0.27977     -3.56223      3.56223      3.56223
AL     -0.00018     -0.00018      0.50002     -0.02212     -0.02212     -0.01751
AL      0.25018      0.25018      0.50002      0.02212      0.02212     -0.01751
AL      0.25018     -0.00018      0.74998      0.02212     -0.02212      0.01751
AL     -0.00018      0.25018      0.74998     -0.02212      0.02212      0.01751
AL     -0.00018      0.50002     -0.00018     -0.02212     -0.01751     -0.02212
AL      0.25018      0.74998     -0.00018      0.02212      0.01751     -0.02212
AL      0.25018      0.50002      0.25018      0.02212     -0.01751      0.02212
AL     -0.00018      0.74998      0.25018     -0.02212      0.01751      0.02212
AL      0.00024      0.50096      0.50096      0.05657      0.24925      0.24925
AL      0.24976      0.74904      0.50096     -0.05657     -0.24925      0.24925
AL      0.24976      0.50096      0.74904     -0.05657      0.24925     -0.24925
AL      0.00024      0.74904      0.74904      0.05657     -0.24925     -0.24925
AL      0.50002     -0.00018     -0.00018     -0.01751     -0.02212     -0.02212
AL      0.74998      0.25018     -0.00018      0.01751      0.02212     -0.02212
AL      0.74998     -0.00018      0.25018      0.01751     -0.02212      0.02212
AL      0.50002      0.25018      0.25018     -0.01751      0.02212      0.02212
AL      0.50096      0.00024      0.50096      0.24925      0.05657      0.24925
AL      0.74904      0.24976      0.50096     -0.24925     -0.05657      0.24925
AL      0.74904      0.00024      0.74904     -0.24925      0.05657     -0.24925
AL      0.50096      0.24976      0.74904      0.24925     -0.05657     -0.24925
AL      0.50096      0.50096      0.00024      0.24925      0.24925      0.05657
AL      0.74904      0.74904      0.00024     -0.24925     -0.24925      0.05657
AL      0.74904      0.50096      0.24976     -0.24925      0.24925     -0.05657
AL      0.50096      0.74904      0.24976      0.24925     -0.24925     -0.05657
AL      0.50006      0.50006      0.50006      0.01110      0.01110      0.01110
AL      0.74994      0.74994      0.50006     -0.01110     -0.01110      0.01110
AL      0.74994      0.50006      0.74994     -0.01110      0.01110     -0.01110
AL      0.50006      0.74994      0.74994      0.01110     -0.01110     -0.01110
