/* Converted from PWscf output file */ 
#L_UNITS ang 
#E_UNITS eV 
#S_UNITS GPA 
#F_UNITS EV/ANG 
#ALAT 	   8.29651     // a0 
#X 	   1.00000     0.00000     0.00000     // X 
#Y 	   0.00000     1.00000     0.00000     // Y 
#Z 	   0.00000     0.00000     1.00000     // Z 
#SX 	  -0.29940     0.00000     0.00000     // SX 
#SY 	   0.00000    -0.29940     0.00000     // SY 
#SZ 	   0.00000     0.00000    -0.29940     // SZ 
#EPA 	  -3.26605     // Energy per Atom 
#RCUT 	6.5        // Rcut 
AL      0.12500      0.12500      0.12500      0.00000      0.00000      0.00000
AL     -0.04383     -0.04383     -0.04383      0.16298      0.16298      0.16298
AL      0.29383      0.29383     -0.04383     -0.16298     -0.16298      0.16298
AL      0.29383     -0.04383      0.29383     -0.16298      0.16298     -0.16298
AL     -0.04383      0.29383      0.29383      0.16298     -0.16298     -0.16298
AL      0.00063      0.00063      0.49806      0.04194      0.04194     -0.06788
AL      0.24937      0.24937      0.49806     -0.04194     -0.04194     -0.06788
AL      0.24937      0.00063      0.75194     -0.04194      0.04194      0.06788
AL      0.00063      0.24937      0.75194      0.04194     -0.04194      0.06788
AL      0.00063      0.49806      0.00063      0.04194     -0.06788      0.04194
AL      0.24937      0.75194      0.00063     -0.04194      0.06788      0.04194
AL      0.24937      0.49806      0.24937     -0.04194     -0.06788     -0.04194
AL      0.00063      0.75194      0.24937      0.04194      0.06788     -0.04194
AL      0.00099      0.51105      0.51105     -0.08600      0.05102      0.05102
AL      0.24901      0.73895      0.51105      0.08600     -0.05102      0.05102
AL      0.24901      0.51105      0.73895      0.08600      0.05102     -0.05102
AL      0.00099      0.73895      0.73895     -0.08600     -0.05102     -0.05102
AL      0.49806      0.00063      0.00063     -0.06788      0.04194      0.04194
AL      0.75194      0.24937      0.00063      0.06788     -0.04194      0.04194
AL      0.75194      0.00063      0.24937      0.06788      0.04194     -0.04194
AL      0.49806      0.24937      0.24937     -0.06788     -0.04194     -0.04194
AL      0.51105      0.00099      0.51105      0.05102     -0.08600      0.05102
AL      0.73895      0.24901      0.51105     -0.05102      0.08600      0.05102
AL      0.73895      0.00099      0.73895     -0.05102     -0.08600     -0.05102
AL      0.51105      0.24901      0.73895      0.05102      0.08600     -0.05102
AL      0.51105      0.51105      0.00099      0.05102      0.05102     -0.08600
AL      0.73895      0.73895      0.00099     -0.05102     -0.05102     -0.08600
AL      0.73895      0.51105      0.24901     -0.05102      0.05102      0.08600
AL      0.51105      0.73895      0.24901      0.05102     -0.05102      0.08600
AL      0.50022      0.50022      0.50022     -0.00885     -0.00885     -0.00885
AL      0.74978      0.74978      0.50022      0.00885      0.00885     -0.00885
AL      0.74978      0.50022      0.74978      0.00885     -0.00885      0.00885
AL      0.50022      0.74978      0.74978     -0.00885      0.00885      0.00885
