/* Converted from PWscf output file */ 
#L_UNITS ang 
#E_UNITS eV 
#S_UNITS GPA 
#F_UNITS EV/ANG 
#ALAT 	   8.30504     // a0 
#X 	   1.00000     0.00000     0.00000     // X 
#Y 	   0.00000     1.00000     0.00000     // Y 
#Z 	   0.00000     0.00000     1.00000     // Z 
#SX 	  -0.45778     0.00000     0.00000     // SX 
#SY 	   0.00000    -0.45778     0.00000     // SY 
#SZ 	   0.00000     0.00000    -0.45778     // SZ 
#EPA 	  -3.25998     // Energy per Atom 
#RCUT 	6.5        // Rcut 
AL      0.12500      0.12500      0.12500      0.00000      0.00000      0.00000
AL     -0.04448     -0.04448     -0.04448      0.10995      0.10995      0.10995
AL      0.29448      0.29448     -0.04448     -0.10995     -0.10995      0.10995
AL      0.29448     -0.04448      0.29448     -0.10995      0.10995     -0.10995
AL     -0.04448      0.29448      0.29448      0.10995     -0.10995     -0.10995
AL      0.00021      0.00021      0.49880      0.04118      0.04118     -0.08045
AL      0.24979      0.24979      0.49880     -0.04118     -0.04118     -0.08045
AL      0.24979      0.00021      0.75120     -0.04118      0.04118      0.08045
AL      0.00021      0.24979      0.75120      0.04118     -0.04118      0.08045
AL      0.00021      0.49880      0.00021      0.04118     -0.08045      0.04118
AL      0.24979      0.75120      0.00021     -0.04118      0.08045      0.04118
AL      0.24979      0.49880      0.24979     -0.04118     -0.08045     -0.04118
AL      0.00021      0.75120      0.24979      0.04118      0.08045     -0.04118
AL      0.00141      0.50908      0.50908      0.02838      0.40904      0.40904
AL      0.24859      0.74092      0.50908     -0.02838     -0.40904      0.40904
AL      0.24859      0.50908      0.74092     -0.02838      0.40904     -0.40904
AL      0.00141      0.74092      0.74092      0.02838     -0.40904     -0.40904
AL      0.49880      0.00021      0.00021     -0.08045      0.04118      0.04118
AL      0.75120      0.24979      0.00021      0.08045     -0.04118      0.04118
AL      0.75120      0.00021      0.24979      0.08045      0.04118     -0.04118
AL      0.49880      0.24979      0.24979     -0.08045     -0.04118     -0.04118
AL      0.50908      0.00141      0.50908      0.40904      0.02838      0.40904
AL      0.74092      0.24859      0.50908     -0.40904     -0.02838      0.40904
AL      0.74092      0.00141      0.74092     -0.40904      0.02838     -0.40904
AL      0.50908      0.24859      0.74092      0.40904     -0.02838     -0.40904
AL      0.50908      0.50908      0.00141      0.40904      0.40904      0.02838
AL      0.74092      0.74092      0.00141     -0.40904     -0.40904      0.02838
AL      0.74092      0.50908      0.24859     -0.40904      0.40904     -0.02838
AL      0.50908      0.74092      0.24859      0.40904     -0.40904     -0.02838
AL      0.50025      0.50025      0.50025      0.00550      0.00550      0.00550
AL      0.74975      0.74975      0.50025     -0.00550     -0.00550      0.00550
AL      0.74975      0.50025      0.74975     -0.00550      0.00550     -0.00550
AL      0.50025      0.74975      0.74975      0.00550     -0.00550     -0.00550
