/* Converted from PWscf output file */ 
#L_UNITS ang 
#E_UNITS eV 
#S_UNITS GPA 
#F_UNITS EV/ANG 
#ALAT 	   8.27672     // a0 
#X 	   1.00000     0.00000     0.00000     // X 
#Y 	   0.00000     1.00000     0.00000     // Y 
#Z 	   0.00000     0.00000     1.00000     // Z 
#SX 	   0.12936     0.00000     0.00000     // SX 
#SY 	   0.00000     0.12936     0.00000     // SY 
#SZ 	   0.00000     0.00000     0.12936     // SZ 
#EPA 	  -3.26715     // Energy per Atom 
#RCUT 	6.5        // Rcut 
AL      0.12500      0.12500      0.12500      0.00000      0.00000      0.00000
AL     -0.04329     -0.04329     -0.04329     -0.05264     -0.05264     -0.05264
AL      0.29329      0.29329     -0.04329      0.05264      0.05264     -0.05264
AL      0.29329     -0.04329      0.29329      0.05264     -0.05264      0.05264
AL     -0.04329      0.29329      0.29329     -0.05264      0.05264      0.05264
AL      0.00168      0.00168      0.49638      0.01502      0.01502     -0.02085
AL      0.24832      0.24832      0.49638     -0.01502     -0.01502     -0.02085
AL      0.24832      0.00168      0.75362     -0.01502      0.01502      0.02085
AL      0.00168      0.24832      0.75362      0.01502     -0.01502      0.02085
AL      0.00168      0.49638      0.00168      0.01502     -0.02085      0.01502
AL      0.24832      0.75362      0.00168     -0.01502      0.02085      0.01502
AL      0.24832      0.49638      0.24832     -0.01502     -0.02085     -0.01502
AL      0.00168      0.75362      0.24832      0.01502      0.02085     -0.01502
AL     -0.00132      0.51104      0.51104     -0.01261     -0.01066     -0.01066
AL      0.25132      0.73896      0.51104      0.01261      0.01066     -0.01066
AL      0.25132      0.51104      0.73896      0.01261     -0.01066      0.01066
AL     -0.00132      0.73896      0.73896     -0.01261      0.01066      0.01066
AL      0.49638      0.00168      0.00168     -0.02085      0.01502      0.01502
AL      0.75362      0.24832      0.00168      0.02085     -0.01502      0.01502
AL      0.75362      0.00168      0.24832      0.02085      0.01502     -0.01502
AL      0.49638      0.24832      0.24832     -0.02085     -0.01502     -0.01502
AL      0.51104     -0.00132      0.51104     -0.01066     -0.01261     -0.01066
AL      0.73896      0.25132      0.51104      0.01066      0.01261     -0.01066
AL      0.73896     -0.00132      0.73896      0.01066     -0.01261      0.01066
AL      0.51104      0.25132      0.73896     -0.01066      0.01261      0.01066
AL      0.51104      0.51104     -0.00132     -0.01066     -0.01066     -0.01261
AL      0.73896      0.73896     -0.00132      0.01066      0.01066     -0.01261
AL      0.73896      0.51104      0.25132      0.01066     -0.01066      0.01261
AL      0.51104      0.73896      0.25132     -0.01066      0.01066      0.01261
AL      0.49979      0.49979      0.49979     -0.01445     -0.01445     -0.01445
AL      0.75021      0.75021      0.49979      0.01445      0.01445     -0.01445
AL      0.75021      0.49979      0.75021      0.01445     -0.01445      0.01445
AL      0.49979      0.75021      0.75021     -0.01445      0.01445      0.01445
