/* Converted from PWscf output file */ 
#L_UNITS ang 
#E_UNITS eV 
#S_UNITS GPA 
#F_UNITS EV/ANG 
#ALAT 	   8.29582     // a0 
#X 	   1.00000     0.00000     0.00000     // X 
#Y 	   0.00000     1.00000     0.00000     // Y 
#Z 	   0.00000     0.00000     1.00000     // Z 
#SX 	  -0.12381     0.00000     0.00000     // SX 
#SY 	   0.00000    -0.12381     0.00000     // SY 
#SZ 	   0.00000     0.00000    -0.12381     // SZ 
#EPA 	  -3.25135     // Energy per Atom 
#RCUT 	6.5        // Rcut 
AL      0.12500      0.12500      0.12500      0.00000      0.00000      0.00000
AL     -0.04160     -0.04160     -0.04160     -0.29671     -0.29671     -0.29671
AL      0.29160      0.29160     -0.04160      0.29671      0.29671     -0.29671
AL      0.29160     -0.04160      0.29160      0.29671     -0.29671      0.29671
AL     -0.04160      0.29160      0.29160     -0.29671      0.29671      0.29671
AL     -0.00003     -0.00003      0.49936      0.03072      0.03072     -0.07487
AL      0.25003      0.25003      0.49936     -0.03072     -0.03072     -0.07487
AL      0.25003     -0.00003      0.75064     -0.03072      0.03072      0.07487
AL     -0.00003      0.25003      0.75064      0.03072     -0.03072      0.07487
AL     -0.00003      0.49936     -0.00003      0.03072     -0.07487      0.03072
AL      0.25003      0.75064     -0.00003     -0.03072      0.07487      0.03072
AL      0.25003      0.49936      0.25003     -0.03072     -0.07487     -0.03072
AL     -0.00003      0.75064      0.25003      0.03072      0.07487     -0.03072
AL      0.00105      0.50580      0.50580      0.07036      0.49567      0.49567
AL      0.24895      0.74420      0.50580     -0.07036     -0.49567      0.49567
AL      0.24895      0.50580      0.74420     -0.07036      0.49567     -0.49567
AL      0.00105      0.74420      0.74420      0.07036     -0.49567     -0.49567
AL      0.49936     -0.00003     -0.00003     -0.07487      0.03072      0.03072
AL      0.75064      0.25003     -0.00003      0.07487     -0.03072      0.03072
AL      0.75064     -0.00003      0.25003      0.07487      0.03072     -0.03072
AL      0.49936      0.25003      0.25003     -0.07487     -0.03072     -0.03072
AL      0.50580      0.00105      0.50580      0.49567      0.07036      0.49567
AL      0.74420      0.24895      0.50580     -0.49567     -0.07036      0.49567
AL      0.74420      0.00105      0.74420     -0.49567      0.07036     -0.49567
AL      0.50580      0.24895      0.74420      0.49567     -0.07036     -0.49567
AL      0.50580      0.50580      0.00105      0.49567      0.49567      0.07036
AL      0.74420      0.74420      0.00105     -0.49567     -0.49567      0.07036
AL      0.74420      0.50580      0.24895     -0.49567      0.49567     -0.07036
AL      0.50580      0.74420      0.24895      0.49567     -0.49567     -0.07036
AL      0.50019      0.50019      0.50019      0.01055      0.01055      0.01055
AL      0.74981      0.74981      0.50019     -0.01055     -0.01055      0.01055
AL      0.74981      0.50019      0.74981     -0.01055      0.01055     -0.01055
AL      0.50019      0.74981      0.74981      0.01055     -0.01055     -0.01055
