/* Converted from PWscf output file */ 
#L_UNITS ang 
#E_UNITS eV 
#S_UNITS GPA 
#F_UNITS EV/ANG 
#ALAT 	  16.11750     // a0 
#X 	   1.00000     0.00000     0.00000     // X 
#Y 	   0.00000     1.00000     0.00000     // Y 
#Z 	   0.00000     0.00000     1.00000     // Z 
#SX 	  -0.12863     0.00000     0.00000     // SX 
#SY 	   0.00000    -0.12863     0.00000     // SY 
#SZ 	   0.00000     0.00000    -0.12863     // SZ 
#EPA 	  -3.34728     // Energy per Atom 
#RCUT 	6.5        // Rcut 
AL      0.12361      0.12361      0.00000     -0.12407     -0.12407      0.00000
AL      0.12361      0.00000      0.12361     -0.12407      0.00000     -0.12407
AL      0.00000      0.12361      0.12361      0.00000     -0.12407     -0.12407
AL      0.00000      0.00000      0.25000      0.00000      0.00000      0.00000
AL      0.12514      0.12514      0.25000      0.00351      0.00351      0.00000
AL      0.12361      0.00000      0.37639     -0.12407      0.00000      0.12407
AL      0.00000      0.12361      0.37639      0.00000     -0.12407      0.12407
AL      0.00000      0.25000      0.00000      0.00000      0.00000      0.00000
AL      0.12361      0.37639      0.00000     -0.12407      0.12407     -0.00000
AL      0.12514      0.25000      0.12514      0.00351     -0.00000      0.00351
AL      0.00000      0.37639      0.12361      0.00000      0.12407     -0.12407
AL      0.00000      0.25000      0.25000      0.00000      0.00000      0.00000
AL      0.12514      0.37486      0.25000      0.00351     -0.00351     -0.00000
AL      0.12514      0.25000      0.37486      0.00351      0.00000     -0.00351
AL      0.00000      0.37639      0.37639      0.00000      0.12407      0.12407
AL      0.25000      0.00000      0.00000      0.00000      0.00000      0.00000
AL      0.37639      0.12361      0.00000      0.12407     -0.12407     -0.00000
AL      0.37639      0.00000      0.12361      0.12407      0.00000     -0.12407
AL      0.25000      0.12514      0.12514      0.00000      0.00351      0.00351
AL      0.25000      0.00000      0.25000      0.00000      0.00000      0.00000
AL      0.37486      0.12514      0.25000     -0.00351      0.00351      0.00000
AL      0.37639      0.00000      0.37639      0.12407      0.00000      0.12407
AL      0.25000      0.12514      0.37486     -0.00000      0.00351     -0.00351
AL      0.25000      0.25000      0.00000      0.00000      0.00000      0.00000
AL      0.37639      0.37639      0.00000      0.12407      0.12407      0.00000
AL      0.37486      0.25000      0.12514     -0.00351      0.00000      0.00351
AL      0.25000      0.37486      0.12514      0.00000     -0.00351      0.00351
AL      0.25000      0.25000      0.25000      0.00000      0.00000      0.00000
AL      0.37486      0.37486      0.25000     -0.00351     -0.00351      0.00000
AL      0.37486      0.25000      0.37486     -0.00351      0.00000     -0.00351
AL      0.25000      0.37486      0.37486      0.00000     -0.00351     -0.00351
AL      0.12361      0.12361      0.50000     -0.12407     -0.12407      0.00000
AL      0.12361      0.00000      0.62361     -0.12407      0.00000     -0.12407
AL      0.00000      0.12361      0.62361      0.00000     -0.12407     -0.12407
AL      0.00000      0.00000      0.75000      0.00000      0.00000      0.00000
AL      0.12514      0.12514      0.75000      0.00351      0.00351      0.00000
AL      0.12361      0.00000      0.87639     -0.12407      0.00000      0.12407
AL      0.00000      0.12361      0.87639      0.00000     -0.12407      0.12407
AL      0.00000      0.25000      0.50000      0.00000      0.00000      0.00000
AL      0.12361      0.37639      0.50000     -0.12407      0.12407     -0.00000
AL      0.12514      0.25000      0.62514      0.00351     -0.00000      0.00351
AL      0.00000      0.37639      0.62361      0.00000      0.12407     -0.12407
AL      0.00000      0.25000      0.75000      0.00000      0.00000      0.00000
AL      0.12514      0.37486      0.75000      0.00351     -0.00351     -0.00000
AL      0.12514      0.25000      0.87486      0.00351      0.00000     -0.00351
AL      0.00000      0.37639      0.87639      0.00000      0.12407      0.12407
AL      0.25000      0.00000      0.50000      0.00000      0.00000      0.00000
AL      0.37639      0.12361      0.50000      0.12407     -0.12407     -0.00000
AL      0.37639      0.00000      0.62361      0.12407      0.00000     -0.12407
AL      0.25000      0.12514      0.62514      0.00000      0.00351      0.00351
AL      0.25000      0.00000      0.75000      0.00000      0.00000      0.00000
AL      0.37486      0.12514      0.75000     -0.00351      0.00351      0.00000
AL      0.37639      0.00000      0.87639      0.12407      0.00000      0.12407
AL      0.25000      0.12514      0.87486     -0.00000      0.00351     -0.00351
AL      0.25000      0.25000      0.50000      0.00000      0.00000      0.00000
AL      0.37639      0.37639      0.50000      0.12407      0.12407      0.00000
AL      0.37486      0.25000      0.62514     -0.00351      0.00000      0.00351
AL      0.25000      0.37486      0.62514      0.00000     -0.00351      0.00351
AL      0.25000      0.25000      0.75000      0.00000      0.00000      0.00000
AL      0.37486      0.37486      0.75000     -0.00351     -0.00351      0.00000
AL      0.37486      0.25000      0.87486     -0.00351      0.00000     -0.00351
AL      0.25000      0.37486      0.87486      0.00000     -0.00351     -0.00351
AL      0.12361      0.62361      0.00000     -0.12407     -0.12407      0.00000
AL      0.12361      0.50000      0.12361     -0.12407      0.00000     -0.12407
AL      0.00000      0.62361      0.12361      0.00000     -0.12407     -0.12407
AL      0.00000      0.50000      0.25000      0.00000      0.00000      0.00000
AL      0.12514      0.62514      0.25000      0.00351      0.00351      0.00000
AL      0.12361      0.50000      0.37639     -0.12407      0.00000      0.12407
AL      0.00000      0.62361      0.37639      0.00000     -0.12407      0.12407
AL      0.00000      0.75000      0.00000      0.00000      0.00000      0.00000
AL      0.12361      0.87639      0.00000     -0.12407      0.12407     -0.00000
AL      0.12514      0.75000      0.12514      0.00351     -0.00000      0.00351
AL      0.00000      0.87639      0.12361      0.00000      0.12407     -0.12407
AL      0.00000      0.75000      0.25000      0.00000      0.00000      0.00000
AL      0.12514      0.87486      0.25000      0.00351     -0.00351     -0.00000
AL      0.12514      0.75000      0.37486      0.00351      0.00000     -0.00351
AL      0.00000      0.87639      0.37639      0.00000      0.12407      0.12407
AL      0.25000      0.50000      0.00000      0.00000      0.00000      0.00000
AL      0.37639      0.62361      0.00000      0.12407     -0.12407     -0.00000
AL      0.37639      0.50000      0.12361      0.12407      0.00000     -0.12407
AL      0.25000      0.62514      0.12514      0.00000      0.00351      0.00351
AL      0.25000      0.50000      0.25000      0.00000      0.00000      0.00000
AL      0.37486      0.62514      0.25000     -0.00351      0.00351      0.00000
AL      0.37639      0.50000      0.37639      0.12407      0.00000      0.12407
AL      0.25000      0.62514      0.37486     -0.00000      0.00351     -0.00351
AL      0.25000      0.75000      0.00000      0.00000      0.00000      0.00000
AL      0.37639      0.87639      0.00000      0.12407      0.12407      0.00000
AL      0.37486      0.75000      0.12514     -0.00351      0.00000      0.00351
AL      0.25000      0.87486      0.12514      0.00000     -0.00351      0.00351
AL      0.25000      0.75000      0.25000      0.00000      0.00000      0.00000
AL      0.37486      0.87486      0.25000     -0.00351     -0.00351      0.00000
AL      0.37486      0.75000      0.37486     -0.00351      0.00000     -0.00351
AL      0.25000      0.87486      0.37486      0.00000     -0.00351     -0.00351
AL      0.12361      0.62361      0.50000     -0.12407     -0.12407      0.00000
AL      0.12361      0.50000      0.62361     -0.12407      0.00000     -0.12407
AL      0.00000      0.62361      0.62361      0.00000     -0.12407     -0.12407
AL      0.00000      0.50000      0.75000      0.00000      0.00000      0.00000
AL      0.12514      0.62514      0.75000      0.00351      0.00351      0.00000
AL      0.12361      0.50000      0.87639     -0.12407      0.00000      0.12407
AL      0.00000      0.62361      0.87639      0.00000     -0.12407      0.12407
AL      0.00000      0.75000      0.50000      0.00000      0.00000      0.00000
AL      0.12361      0.87639      0.50000     -0.12407      0.12407     -0.00000
AL      0.12514      0.75000      0.62514      0.00351     -0.00000      0.00351
AL      0.00000      0.87639      0.62361      0.00000      0.12407     -0.12407
AL      0.00000      0.75000      0.75000      0.00000      0.00000      0.00000
AL      0.12514      0.87486      0.75000      0.00351     -0.00351     -0.00000
AL      0.12514      0.75000      0.87486      0.00351      0.00000     -0.00351
AL      0.00000      0.87639      0.87639      0.00000      0.12407      0.12407
AL      0.25000      0.50000      0.50000      0.00000      0.00000      0.00000
AL      0.37639      0.62361      0.50000      0.12407     -0.12407     -0.00000
AL      0.37639      0.50000      0.62361      0.12407      0.00000     -0.12407
AL      0.25000      0.62514      0.62514      0.00000      0.00351      0.00351
AL      0.25000      0.50000      0.75000      0.00000      0.00000      0.00000
AL      0.37486      0.62514      0.75000     -0.00351      0.00351      0.00000
AL      0.37639      0.50000      0.87639      0.12407      0.00000      0.12407
AL      0.25000      0.62514      0.87486     -0.00000      0.00351     -0.00351
AL      0.25000      0.75000      0.50000      0.00000      0.00000      0.00000
AL      0.37639      0.87639      0.50000      0.12407      0.12407      0.00000
AL      0.37486      0.75000      0.62514     -0.00351      0.00000      0.00351
AL      0.25000      0.87486      0.62514      0.00000     -0.00351      0.00351
AL      0.25000      0.75000      0.75000      0.00000      0.00000      0.00000
AL      0.37486      0.87486      0.75000     -0.00351     -0.00351      0.00000
AL      0.37486      0.75000      0.87486     -0.00351      0.00000     -0.00351
AL      0.25000      0.87486      0.87486      0.00000     -0.00351     -0.00351
AL      0.62361      0.12361      0.00000     -0.12407     -0.12407      0.00000
AL      0.62361      0.00000      0.12361     -0.12407      0.00000     -0.12407
AL      0.50000      0.12361      0.12361      0.00000     -0.12407     -0.12407
AL      0.50000      0.00000      0.25000      0.00000      0.00000      0.00000
AL      0.62514      0.12514      0.25000      0.00351      0.00351      0.00000
AL      0.62361      0.00000      0.37639     -0.12407      0.00000      0.12407
AL      0.50000      0.12361      0.37639      0.00000     -0.12407      0.12407
AL      0.50000      0.25000      0.00000      0.00000      0.00000      0.00000
AL      0.62361      0.37639      0.00000     -0.12407      0.12407     -0.00000
AL      0.62514      0.25000      0.12514      0.00351     -0.00000      0.00351
AL      0.50000      0.37639      0.12361      0.00000      0.12407     -0.12407
AL      0.50000      0.25000      0.25000      0.00000      0.00000      0.00000
AL      0.62514      0.37486      0.25000      0.00351     -0.00351     -0.00000
AL      0.62514      0.25000      0.37486      0.00351      0.00000     -0.00351
AL      0.50000      0.37639      0.37639      0.00000      0.12407      0.12407
AL      0.75000      0.00000      0.00000      0.00000      0.00000      0.00000
AL      0.87639      0.12361      0.00000      0.12407     -0.12407     -0.00000
AL      0.87639      0.00000      0.12361      0.12407      0.00000     -0.12407
AL      0.75000      0.12514      0.12514      0.00000      0.00351      0.00351
AL      0.75000      0.00000      0.25000      0.00000      0.00000      0.00000
AL      0.87486      0.12514      0.25000     -0.00351      0.00351      0.00000
AL      0.87639      0.00000      0.37639      0.12407      0.00000      0.12407
AL      0.75000      0.12514      0.37486     -0.00000      0.00351     -0.00351
AL      0.75000      0.25000      0.00000      0.00000      0.00000      0.00000
AL      0.87639      0.37639      0.00000      0.12407      0.12407      0.00000
AL      0.87486      0.25000      0.12514     -0.00351      0.00000      0.00351
AL      0.75000      0.37486      0.12514      0.00000     -0.00351      0.00351
AL      0.75000      0.25000      0.25000      0.00000      0.00000      0.00000
AL      0.87486      0.37486      0.25000     -0.00351     -0.00351      0.00000
AL      0.87486      0.25000      0.37486     -0.00351      0.00000     -0.00351
AL      0.75000      0.37486      0.37486      0.00000     -0.00351     -0.00351
AL      0.62361      0.12361      0.50000     -0.12407     -0.12407      0.00000
AL      0.62361      0.00000      0.62361     -0.12407      0.00000     -0.12407
AL      0.50000      0.12361      0.62361      0.00000     -0.12407     -0.12407
AL      0.50000      0.00000      0.75000      0.00000      0.00000      0.00000
AL      0.62514      0.12514      0.75000      0.00351      0.00351      0.00000
AL      0.62361      0.00000      0.87639     -0.12407      0.00000      0.12407
AL      0.50000      0.12361      0.87639      0.00000     -0.12407      0.12407
AL      0.50000      0.25000      0.50000      0.00000      0.00000      0.00000
AL      0.62361      0.37639      0.50000     -0.12407      0.12407     -0.00000
AL      0.62514      0.25000      0.62514      0.00351     -0.00000      0.00351
AL      0.50000      0.37639      0.62361      0.00000      0.12407     -0.12407
AL      0.50000      0.25000      0.75000      0.00000      0.00000      0.00000
AL      0.62514      0.37486      0.75000      0.00351     -0.00351     -0.00000
AL      0.62514      0.25000      0.87486      0.00351      0.00000     -0.00351
AL      0.50000      0.37639      0.87639      0.00000      0.12407      0.12407
AL      0.75000      0.00000      0.50000      0.00000      0.00000      0.00000
AL      0.87639      0.12361      0.50000      0.12407     -0.12407     -0.00000
AL      0.87639      0.00000      0.62361      0.12407      0.00000     -0.12407
AL      0.75000      0.12514      0.62514      0.00000      0.00351      0.00351
AL      0.75000      0.00000      0.75000      0.00000      0.00000      0.00000
AL      0.87486      0.12514      0.75000     -0.00351      0.00351      0.00000
AL      0.87639      0.00000      0.87639      0.12407      0.00000      0.12407
AL      0.75000      0.12514      0.87486     -0.00000      0.00351     -0.00351
AL      0.75000      0.25000      0.50000      0.00000      0.00000      0.00000
AL      0.87639      0.37639      0.50000      0.12407      0.12407      0.00000
AL      0.87486      0.25000      0.62514     -0.00351      0.00000      0.00351
AL      0.75000      0.37486      0.62514      0.00000     -0.00351      0.00351
AL      0.75000      0.25000      0.75000      0.00000      0.00000      0.00000
AL      0.87486      0.37486      0.75000     -0.00351     -0.00351      0.00000
AL      0.87486      0.25000      0.87486     -0.00351      0.00000     -0.00351
AL      0.75000      0.37486      0.87486      0.00000     -0.00351     -0.00351
AL      0.62361      0.62361      0.00000     -0.12407     -0.12407      0.00000
AL      0.62361      0.50000      0.12361     -0.12407      0.00000     -0.12407
AL      0.50000      0.62361      0.12361      0.00000     -0.12407     -0.12407
AL      0.50000      0.50000      0.25000      0.00000      0.00000      0.00000
AL      0.62514      0.62514      0.25000      0.00351      0.00351      0.00000
AL      0.62361      0.50000      0.37639     -0.12407      0.00000      0.12407
AL      0.50000      0.62361      0.37639      0.00000     -0.12407      0.12407
AL      0.50000      0.75000      0.00000      0.00000      0.00000      0.00000
AL      0.62361      0.87639      0.00000     -0.12407      0.12407     -0.00000
AL      0.62514      0.75000      0.12514      0.00351     -0.00000      0.00351
AL      0.50000      0.87639      0.12361      0.00000      0.12407     -0.12407
AL      0.50000      0.75000      0.25000      0.00000      0.00000      0.00000
AL      0.62514      0.87486      0.25000      0.00351     -0.00351     -0.00000
AL      0.62514      0.75000      0.37486      0.00351      0.00000     -0.00351
AL      0.50000      0.87639      0.37639      0.00000      0.12407      0.12407
AL      0.75000      0.50000      0.00000      0.00000      0.00000      0.00000
AL      0.87639      0.62361      0.00000      0.12407     -0.12407     -0.00000
AL      0.87639      0.50000      0.12361      0.12407      0.00000     -0.12407
AL      0.75000      0.62514      0.12514      0.00000      0.00351      0.00351
AL      0.75000      0.50000      0.25000      0.00000      0.00000      0.00000
AL      0.87486      0.62514      0.25000     -0.00351      0.00351      0.00000
AL      0.87639      0.50000      0.37639      0.12407      0.00000      0.12407
AL      0.75000      0.62514      0.37486     -0.00000      0.00351     -0.00351
AL      0.75000      0.75000      0.00000      0.00000      0.00000      0.00000
AL      0.87639      0.87639      0.00000      0.12407      0.12407      0.00000
AL      0.87486      0.75000      0.12514     -0.00351      0.00000      0.00351
AL      0.75000      0.87486      0.12514      0.00000     -0.00351      0.00351
AL      0.75000      0.75000      0.25000      0.00000      0.00000      0.00000
AL      0.87486      0.87486      0.25000     -0.00351     -0.00351      0.00000
AL      0.87486      0.75000      0.37486     -0.00351      0.00000     -0.00351
AL      0.75000      0.87486      0.37486      0.00000     -0.00351     -0.00351
AL      0.62361      0.62361      0.50000     -0.12407     -0.12407      0.00000
AL      0.62361      0.50000      0.62361     -0.12407      0.00000     -0.12407
AL      0.50000      0.62361      0.62361      0.00000     -0.12407     -0.12407
AL      0.50000      0.50000      0.75000      0.00000      0.00000      0.00000
AL      0.62514      0.62514      0.75000      0.00351      0.00351      0.00000
AL      0.62361      0.50000      0.87639     -0.12407      0.00000      0.12407
AL      0.50000      0.62361      0.87639      0.00000     -0.12407      0.12407
AL      0.50000      0.75000      0.50000      0.00000      0.00000      0.00000
AL      0.62361      0.87639      0.50000     -0.12407      0.12407     -0.00000
AL      0.62514      0.75000      0.62514      0.00351     -0.00000      0.00351
AL      0.50000      0.87639      0.62361      0.00000      0.12407     -0.12407
AL      0.50000      0.75000      0.75000      0.00000      0.00000      0.00000
AL      0.62514      0.87486      0.75000      0.00351     -0.00351     -0.00000
AL      0.62514      0.75000      0.87486      0.00351      0.00000     -0.00351
AL      0.50000      0.87639      0.87639      0.00000      0.12407      0.12407
AL      0.75000      0.50000      0.50000      0.00000      0.00000      0.00000
AL      0.87639      0.62361      0.50000      0.12407     -0.12407     -0.00000
AL      0.87639      0.50000      0.62361      0.12407      0.00000     -0.12407
AL      0.75000      0.62514      0.62514      0.00000      0.00351      0.00351
AL      0.75000      0.50000      0.75000      0.00000      0.00000      0.00000
AL      0.87486      0.62514      0.75000     -0.00351      0.00351      0.00000
AL      0.87639      0.50000      0.87639      0.12407      0.00000      0.12407
AL      0.75000      0.62514      0.87486     -0.00000      0.00351     -0.00351
AL      0.75000      0.75000      0.50000      0.00000      0.00000      0.00000
AL      0.87639      0.87639      0.50000      0.12407      0.12407      0.00000
AL      0.87486      0.75000      0.62514     -0.00351      0.00000      0.00351
AL      0.75000      0.87486      0.62514      0.00000     -0.00351      0.00351
AL      0.75000      0.75000      0.75000      0.00000      0.00000      0.00000
AL      0.87486      0.87486      0.75000     -0.00351     -0.00351      0.00000
AL      0.87486      0.75000      0.87486     -0.00351      0.00000     -0.00351
AL      0.75000      0.87486      0.87486      0.00000     -0.00351     -0.00351
