/* Converted from PWscf output file */ 
#L_UNITS ang 
#E_UNITS eV 
#S_UNITS GPA 
#F_UNITS EV/ANG 
#ALAT 	  16.15944     // a0 
#X 	   1.00000     0.00000     0.00000     // X 
#Y 	   0.00000     1.00000     0.00000     // Y 
#Z 	   0.00000     0.00000     1.00000     // Z 
#SX 	  -1.00758     0.00000     0.00000     // SX 
#SY 	   0.00000    -1.00758     0.00000     // SY 
#SZ 	   0.00000     0.00000    -1.00758     // SZ 
#EPA 	  -3.34527     // Energy per Atom 
#RCUT 	6.5        // Rcut 
AL      0.12478      0.12478      0.00000     -0.16949     -0.16949     -0.00000
AL      0.12478      0.00000      0.12478     -0.16949     -0.00000     -0.16949
AL      0.00000      0.12478      0.12478     -0.00000     -0.16949     -0.16949
AL      0.00000      0.00000      0.25000      0.00000      0.00000      0.00000
AL      0.12503      0.12503      0.25000      0.02336      0.02336      0.00000
AL      0.12478      0.00000      0.37522     -0.16949     -0.00000      0.16949
AL      0.00000      0.12478      0.37522      0.00000     -0.16949      0.16949
AL      0.00000      0.25000      0.00000      0.00000      0.00000      0.00000
AL      0.12478      0.37522      0.00000     -0.16949      0.16949      0.00000
AL      0.12503      0.25000      0.12503      0.02336      0.00000      0.02336
AL      0.00000      0.37522      0.12478      0.00000      0.16949     -0.16949
AL      0.00000      0.25000      0.25000      0.00000      0.00000      0.00000
AL      0.12503      0.37497      0.25000      0.02336     -0.02336     -0.00000
AL      0.12503      0.25000      0.37497      0.02336      0.00000     -0.02336
AL      0.00000      0.37522      0.37522      0.00000      0.16949      0.16949
AL      0.25000      0.00000      0.00000      0.00000      0.00000      0.00000
AL      0.37522      0.12478      0.00000      0.16949     -0.16949      0.00000
AL      0.37522      0.00000      0.12478      0.16949      0.00000     -0.16949
AL      0.25000      0.12503      0.12503      0.00000      0.02336      0.02336
AL      0.25000      0.00000      0.25000      0.00000      0.00000      0.00000
AL      0.37497      0.12503      0.25000     -0.02336      0.02336     -0.00000
AL      0.37522      0.00000      0.37522      0.16949      0.00000      0.16949
AL      0.25000      0.12503      0.37497      0.00000      0.02336     -0.02336
AL      0.25000      0.25000      0.00000      0.00000      0.00000      0.00000
AL      0.37522      0.37522      0.00000      0.16949      0.16949      0.00000
AL      0.37497      0.25000      0.12503     -0.02336      0.00000      0.02336
AL      0.25000      0.37497      0.12503     -0.00000     -0.02336      0.02336
AL      0.25000      0.25000      0.25000      0.00000      0.00000      0.00000
AL      0.37497      0.37497      0.25000     -0.02336     -0.02336     -0.00000
AL      0.37497      0.25000      0.37497     -0.02336      0.00000     -0.02336
AL      0.25000      0.37497      0.37497      0.00000     -0.02336     -0.02336
AL      0.12478      0.12478      0.50000     -0.16949     -0.16949     -0.00000
AL      0.12478      0.00000      0.62478     -0.16949     -0.00000     -0.16949
AL      0.00000      0.12478      0.62478     -0.00000     -0.16949     -0.16949
AL      0.00000      0.00000      0.75000      0.00000      0.00000      0.00000
AL      0.12503      0.12503      0.75000      0.02336      0.02336      0.00000
AL      0.12478      0.00000      0.87522     -0.16949     -0.00000      0.16949
AL      0.00000      0.12478      0.87522      0.00000     -0.16949      0.16949
AL      0.00000      0.25000      0.50000      0.00000      0.00000      0.00000
AL      0.12478      0.37522      0.50000     -0.16949      0.16949      0.00000
AL      0.12503      0.25000      0.62503      0.02336      0.00000      0.02336
AL      0.00000      0.37522      0.62478      0.00000      0.16949     -0.16949
AL      0.00000      0.25000      0.75000      0.00000      0.00000      0.00000
AL      0.12503      0.37497      0.75000      0.02336     -0.02336     -0.00000
AL      0.12503      0.25000      0.87497      0.02336      0.00000     -0.02336
AL      0.00000      0.37522      0.87522      0.00000      0.16949      0.16949
AL      0.25000      0.00000      0.50000      0.00000      0.00000      0.00000
AL      0.37522      0.12478      0.50000      0.16949     -0.16949      0.00000
AL      0.37522      0.00000      0.62478      0.16949      0.00000     -0.16949
AL      0.25000      0.12503      0.62503      0.00000      0.02336      0.02336
AL      0.25000      0.00000      0.75000      0.00000      0.00000      0.00000
AL      0.37497      0.12503      0.75000     -0.02336      0.02336     -0.00000
AL      0.37522      0.00000      0.87522      0.16949      0.00000      0.16949
AL      0.25000      0.12503      0.87497      0.00000      0.02336     -0.02336
AL      0.25000      0.25000      0.50000      0.00000      0.00000      0.00000
AL      0.37522      0.37522      0.50000      0.16949      0.16949      0.00000
AL      0.37497      0.25000      0.62503     -0.02336      0.00000      0.02336
AL      0.25000      0.37497      0.62503     -0.00000     -0.02336      0.02336
AL      0.25000      0.25000      0.75000      0.00000      0.00000      0.00000
AL      0.37497      0.37497      0.75000     -0.02336     -0.02336     -0.00000
AL      0.37497      0.25000      0.87497     -0.02336      0.00000     -0.02336
AL      0.25000      0.37497      0.87497      0.00000     -0.02336     -0.02336
AL      0.12478      0.62478      0.00000     -0.16949     -0.16949     -0.00000
AL      0.12478      0.50000      0.12478     -0.16949     -0.00000     -0.16949
AL      0.00000      0.62478      0.12478     -0.00000     -0.16949     -0.16949
AL      0.00000      0.50000      0.25000      0.00000      0.00000      0.00000
AL      0.12503      0.62503      0.25000      0.02336      0.02336      0.00000
AL      0.12478      0.50000      0.37522     -0.16949     -0.00000      0.16949
AL      0.00000      0.62478      0.37522      0.00000     -0.16949      0.16949
AL      0.00000      0.75000      0.00000      0.00000      0.00000      0.00000
AL      0.12478      0.87522      0.00000     -0.16949      0.16949      0.00000
AL      0.12503      0.75000      0.12503      0.02336      0.00000      0.02336
AL      0.00000      0.87522      0.12478      0.00000      0.16949     -0.16949
AL      0.00000      0.75000      0.25000      0.00000      0.00000      0.00000
AL      0.12503      0.87497      0.25000      0.02336     -0.02336     -0.00000
AL      0.12503      0.75000      0.37497      0.02336      0.00000     -0.02336
AL      0.00000      0.87522      0.37522      0.00000      0.16949      0.16949
AL      0.25000      0.50000      0.00000      0.00000      0.00000      0.00000
AL      0.37522      0.62478      0.00000      0.16949     -0.16949      0.00000
AL      0.37522      0.50000      0.12478      0.16949      0.00000     -0.16949
AL      0.25000      0.62503      0.12503      0.00000      0.02336      0.02336
AL      0.25000      0.50000      0.25000      0.00000      0.00000      0.00000
AL      0.37497      0.62503      0.25000     -0.02336      0.02336     -0.00000
AL      0.37522      0.50000      0.37522      0.16949      0.00000      0.16949
AL      0.25000      0.62503      0.37497      0.00000      0.02336     -0.02336
AL      0.25000      0.75000      0.00000      0.00000      0.00000      0.00000
AL      0.37522      0.87522      0.00000      0.16949      0.16949      0.00000
AL      0.37497      0.75000      0.12503     -0.02336      0.00000      0.02336
AL      0.25000      0.87497      0.12503     -0.00000     -0.02336      0.02336
AL      0.25000      0.75000      0.25000      0.00000      0.00000      0.00000
AL      0.37497      0.87497      0.25000     -0.02336     -0.02336     -0.00000
AL      0.37497      0.75000      0.37497     -0.02336      0.00000     -0.02336
AL      0.25000      0.87497      0.37497      0.00000     -0.02336     -0.02336
AL      0.12478      0.62478      0.50000     -0.16949     -0.16949     -0.00000
AL      0.12478      0.50000      0.62478     -0.16949     -0.00000     -0.16949
AL      0.00000      0.62478      0.62478     -0.00000     -0.16949     -0.16949
AL      0.00000      0.50000      0.75000      0.00000      0.00000      0.00000
AL      0.12503      0.62503      0.75000      0.02336      0.02336      0.00000
AL      0.12478      0.50000      0.87522     -0.16949     -0.00000      0.16949
AL      0.00000      0.62478      0.87522      0.00000     -0.16949      0.16949
AL      0.00000      0.75000      0.50000      0.00000      0.00000      0.00000
AL      0.12478      0.87522      0.50000     -0.16949      0.16949      0.00000
AL      0.12503      0.75000      0.62503      0.02336      0.00000      0.02336
AL      0.00000      0.87522      0.62478      0.00000      0.16949     -0.16949
AL      0.00000      0.75000      0.75000      0.00000      0.00000      0.00000
AL      0.12503      0.87497      0.75000      0.02336     -0.02336     -0.00000
AL      0.12503      0.75000      0.87497      0.02336      0.00000     -0.02336
AL      0.00000      0.87522      0.87522      0.00000      0.16949      0.16949
AL      0.25000      0.50000      0.50000      0.00000      0.00000      0.00000
AL      0.37522      0.62478      0.50000      0.16949     -0.16949      0.00000
AL      0.37522      0.50000      0.62478      0.16949      0.00000     -0.16949
AL      0.25000      0.62503      0.62503      0.00000      0.02336      0.02336
AL      0.25000      0.50000      0.75000      0.00000      0.00000      0.00000
AL      0.37497      0.62503      0.75000     -0.02336      0.02336     -0.00000
AL      0.37522      0.50000      0.87522      0.16949      0.00000      0.16949
AL      0.25000      0.62503      0.87497      0.00000      0.02336     -0.02336
AL      0.25000      0.75000      0.50000      0.00000      0.00000      0.00000
AL      0.37522      0.87522      0.50000      0.16949      0.16949      0.00000
AL      0.37497      0.75000      0.62503     -0.02336      0.00000      0.02336
AL      0.25000      0.87497      0.62503     -0.00000     -0.02336      0.02336
AL      0.25000      0.75000      0.75000      0.00000      0.00000      0.00000
AL      0.37497      0.87497      0.75000     -0.02336     -0.02336     -0.00000
AL      0.37497      0.75000      0.87497     -0.02336      0.00000     -0.02336
AL      0.25000      0.87497      0.87497      0.00000     -0.02336     -0.02336
AL      0.62478      0.12478      0.00000     -0.16949     -0.16949     -0.00000
AL      0.62478      0.00000      0.12478     -0.16949     -0.00000     -0.16949
AL      0.50000      0.12478      0.12478     -0.00000     -0.16949     -0.16949
AL      0.50000      0.00000      0.25000      0.00000      0.00000      0.00000
AL      0.62503      0.12503      0.25000      0.02336      0.02336      0.00000
AL      0.62478      0.00000      0.37522     -0.16949     -0.00000      0.16949
AL      0.50000      0.12478      0.37522      0.00000     -0.16949      0.16949
AL      0.50000      0.25000      0.00000      0.00000      0.00000      0.00000
AL      0.62478      0.37522      0.00000     -0.16949      0.16949      0.00000
AL      0.62503      0.25000      0.12503      0.02336      0.00000      0.02336
AL      0.50000      0.37522      0.12478      0.00000      0.16949     -0.16949
AL      0.50000      0.25000      0.25000      0.00000      0.00000      0.00000
AL      0.62503      0.37497      0.25000      0.02336     -0.02336     -0.00000
AL      0.62503      0.25000      0.37497      0.02336      0.00000     -0.02336
AL      0.50000      0.37522      0.37522      0.00000      0.16949      0.16949
AL      0.75000      0.00000      0.00000      0.00000      0.00000      0.00000
AL      0.87522      0.12478      0.00000      0.16949     -0.16949      0.00000
AL      0.87522      0.00000      0.12478      0.16949      0.00000     -0.16949
AL      0.75000      0.12503      0.12503      0.00000      0.02336      0.02336
AL      0.75000      0.00000      0.25000      0.00000      0.00000      0.00000
AL      0.87497      0.12503      0.25000     -0.02336      0.02336     -0.00000
AL      0.87522      0.00000      0.37522      0.16949      0.00000      0.16949
AL      0.75000      0.12503      0.37497      0.00000      0.02336     -0.02336
AL      0.75000      0.25000      0.00000      0.00000      0.00000      0.00000
AL      0.87522      0.37522      0.00000      0.16949      0.16949      0.00000
AL      0.87497      0.25000      0.12503     -0.02336      0.00000      0.02336
AL      0.75000      0.37497      0.12503     -0.00000     -0.02336      0.02336
AL      0.75000      0.25000      0.25000      0.00000      0.00000      0.00000
AL      0.87497      0.37497      0.25000     -0.02336     -0.02336     -0.00000
AL      0.87497      0.25000      0.37497     -0.02336      0.00000     -0.02336
AL      0.75000      0.37497      0.37497      0.00000     -0.02336     -0.02336
AL      0.62478      0.12478      0.50000     -0.16949     -0.16949     -0.00000
AL      0.62478      0.00000      0.62478     -0.16949     -0.00000     -0.16949
AL      0.50000      0.12478      0.62478     -0.00000     -0.16949     -0.16949
AL      0.50000      0.00000      0.75000      0.00000      0.00000      0.00000
AL      0.62503      0.12503      0.75000      0.02336      0.02336      0.00000
AL      0.62478      0.00000      0.87522     -0.16949     -0.00000      0.16949
AL      0.50000      0.12478      0.87522      0.00000     -0.16949      0.16949
AL      0.50000      0.25000      0.50000      0.00000      0.00000      0.00000
AL      0.62478      0.37522      0.50000     -0.16949      0.16949      0.00000
AL      0.62503      0.25000      0.62503      0.02336      0.00000      0.02336
AL      0.50000      0.37522      0.62478      0.00000      0.16949     -0.16949
AL      0.50000      0.25000      0.75000      0.00000      0.00000      0.00000
AL      0.62503      0.37497      0.75000      0.02336     -0.02336     -0.00000
AL      0.62503      0.25000      0.87497      0.02336      0.00000     -0.02336
AL      0.50000      0.37522      0.87522      0.00000      0.16949      0.16949
AL      0.75000      0.00000      0.50000      0.00000      0.00000      0.00000
AL      0.87522      0.12478      0.50000      0.16949     -0.16949      0.00000
AL      0.87522      0.00000      0.62478      0.16949      0.00000     -0.16949
AL      0.75000      0.12503      0.62503      0.00000      0.02336      0.02336
AL      0.75000      0.00000      0.75000      0.00000      0.00000      0.00000
AL      0.87497      0.12503      0.75000     -0.02336      0.02336     -0.00000
AL      0.87522      0.00000      0.87522      0.16949      0.00000      0.16949
AL      0.75000      0.12503      0.87497      0.00000      0.02336     -0.02336
AL      0.75000      0.25000      0.50000      0.00000      0.00000      0.00000
AL      0.87522      0.37522      0.50000      0.16949      0.16949      0.00000
AL      0.87497      0.25000      0.62503     -0.02336      0.00000      0.02336
AL      0.75000      0.37497      0.62503     -0.00000     -0.02336      0.02336
AL      0.75000      0.25000      0.75000      0.00000      0.00000      0.00000
AL      0.87497      0.37497      0.75000     -0.02336     -0.02336     -0.00000
AL      0.87497      0.25000      0.87497     -0.02336      0.00000     -0.02336
AL      0.75000      0.37497      0.87497      0.00000     -0.02336     -0.02336
AL      0.62478      0.62478      0.00000     -0.16949     -0.16949     -0.00000
AL      0.62478      0.50000      0.12478     -0.16949     -0.00000     -0.16949
AL      0.50000      0.62478      0.12478     -0.00000     -0.16949     -0.16949
AL      0.50000      0.50000      0.25000      0.00000      0.00000      0.00000
AL      0.62503      0.62503      0.25000      0.02336      0.02336      0.00000
AL      0.62478      0.50000      0.37522     -0.16949     -0.00000      0.16949
AL      0.50000      0.62478      0.37522      0.00000     -0.16949      0.16949
AL      0.50000      0.75000      0.00000      0.00000      0.00000      0.00000
AL      0.62478      0.87522      0.00000     -0.16949      0.16949      0.00000
AL      0.62503      0.75000      0.12503      0.02336      0.00000      0.02336
AL      0.50000      0.87522      0.12478      0.00000      0.16949     -0.16949
AL      0.50000      0.75000      0.25000      0.00000      0.00000      0.00000
AL      0.62503      0.87497      0.25000      0.02336     -0.02336     -0.00000
AL      0.62503      0.75000      0.37497      0.02336      0.00000     -0.02336
AL      0.50000      0.87522      0.37522      0.00000      0.16949      0.16949
AL      0.75000      0.50000      0.00000      0.00000      0.00000      0.00000
AL      0.87522      0.62478      0.00000      0.16949     -0.16949      0.00000
AL      0.87522      0.50000      0.12478      0.16949      0.00000     -0.16949
AL      0.75000      0.62503      0.12503      0.00000      0.02336      0.02336
AL      0.75000      0.50000      0.25000      0.00000      0.00000      0.00000
AL      0.87497      0.62503      0.25000     -0.02336      0.02336     -0.00000
AL      0.87522      0.50000      0.37522      0.16949      0.00000      0.16949
AL      0.75000      0.62503      0.37497      0.00000      0.02336     -0.02336
AL      0.75000      0.75000      0.00000      0.00000      0.00000      0.00000
AL      0.87522      0.87522      0.00000      0.16949      0.16949      0.00000
AL      0.87497      0.75000      0.12503     -0.02336      0.00000      0.02336
AL      0.75000      0.87497      0.12503     -0.00000     -0.02336      0.02336
AL      0.75000      0.75000      0.25000      0.00000      0.00000      0.00000
AL      0.87497      0.87497      0.25000     -0.02336     -0.02336     -0.00000
AL      0.87497      0.75000      0.37497     -0.02336      0.00000     -0.02336
AL      0.75000      0.87497      0.37497      0.00000     -0.02336     -0.02336
AL      0.62478      0.62478      0.50000     -0.16949     -0.16949     -0.00000
AL      0.62478      0.50000      0.62478     -0.16949     -0.00000     -0.16949
AL      0.50000      0.62478      0.62478     -0.00000     -0.16949     -0.16949
AL      0.50000      0.50000      0.75000      0.00000      0.00000      0.00000
AL      0.62503      0.62503      0.75000      0.02336      0.02336      0.00000
AL      0.62478      0.50000      0.87522     -0.16949     -0.00000      0.16949
AL      0.50000      0.62478      0.87522      0.00000     -0.16949      0.16949
AL      0.50000      0.75000      0.50000      0.00000      0.00000      0.00000
AL      0.62478      0.87522      0.50000     -0.16949      0.16949      0.00000
AL      0.62503      0.75000      0.62503      0.02336      0.00000      0.02336
AL      0.50000      0.87522      0.62478      0.00000      0.16949     -0.16949
AL      0.50000      0.75000      0.75000      0.00000      0.00000      0.00000
AL      0.62503      0.87497      0.75000      0.02336     -0.02336     -0.00000
AL      0.62503      0.75000      0.87497      0.02336      0.00000     -0.02336
AL      0.50000      0.87522      0.87522      0.00000      0.16949      0.16949
AL      0.75000      0.50000      0.50000      0.00000      0.00000      0.00000
AL      0.87522      0.62478      0.50000      0.16949     -0.16949      0.00000
AL      0.87522      0.50000      0.62478      0.16949      0.00000     -0.16949
AL      0.75000      0.62503      0.62503      0.00000      0.02336      0.02336
AL      0.75000      0.50000      0.75000      0.00000      0.00000      0.00000
AL      0.87497      0.62503      0.75000     -0.02336      0.02336     -0.00000
AL      0.87522      0.50000      0.87522      0.16949      0.00000      0.16949
AL      0.75000      0.62503      0.87497      0.00000      0.02336     -0.02336
AL      0.75000      0.75000      0.50000      0.00000      0.00000      0.00000
AL      0.87522      0.87522      0.50000      0.16949      0.16949      0.00000
AL      0.87497      0.75000      0.62503     -0.02336      0.00000      0.02336
AL      0.75000      0.87497      0.62503     -0.00000     -0.02336      0.02336
AL      0.75000      0.75000      0.75000      0.00000      0.00000      0.00000
AL      0.87497      0.87497      0.75000     -0.02336     -0.02336     -0.00000
AL      0.87497      0.75000      0.87497     -0.02336      0.00000     -0.02336
AL      0.75000      0.87497      0.87497      0.00000     -0.02336     -0.02336
