/* Converted from PWscf output file */ 
#L_UNITS ang 
#E_UNITS eV 
#S_UNITS GPA 
#F_UNITS EV/ANG 
#ALAT 	  16.10351     // a0 
#X 	   1.00000     0.00000     0.00000     // X 
#Y 	   0.00000     1.00000     0.00000     // Y 
#Z 	   0.00000     0.00000     1.00000     // Z 
#SX 	  -0.02202     0.00000     0.00000     // SX 
#SY 	   0.00000    -0.02202     0.00000     // SY 
#SZ 	   0.00000     0.00000    -0.02202     // SZ 
#EPA 	  -3.34845     // Energy per Atom 
#RCUT 	6.5        // Rcut 
AL      0.12287      0.12287      0.00000      0.00161      0.00161     -0.00000
AL      0.12287      0.00000      0.12287      0.00161     -0.00000      0.00161
AL      0.00000      0.12287      0.12287      0.00000      0.00161      0.00161
AL      0.00000      0.00000      0.25000      0.00000      0.00000      0.00000
AL      0.12499      0.12499      0.25000     -0.01424     -0.01424      0.00000
AL      0.12287      0.00000      0.37713      0.00161     -0.00000     -0.00161
AL      0.00000      0.12287      0.37713      0.00000      0.00161     -0.00161
AL      0.00000      0.25000      0.00000      0.00000      0.00000      0.00000
AL      0.12287      0.37713      0.00000      0.00161     -0.00161     -0.00000
AL      0.12499      0.25000      0.12499     -0.01424      0.00000     -0.01424
AL      0.00000      0.37713      0.12287      0.00000     -0.00161      0.00161
AL      0.00000      0.25000      0.25000      0.00000      0.00000      0.00000
AL      0.12499      0.37501      0.25000     -0.01424      0.01424     -0.00000
AL      0.12499      0.25000      0.37501     -0.01424      0.00000      0.01424
AL      0.00000      0.37713      0.37713      0.00000     -0.00161     -0.00161
AL      0.25000      0.00000      0.00000      0.00000      0.00000      0.00000
AL      0.37713      0.12287      0.00000     -0.00161      0.00161     -0.00000
AL      0.37713      0.00000      0.12287     -0.00161     -0.00000      0.00161
AL      0.25000      0.12499      0.12499      0.00000     -0.01424     -0.01424
AL      0.25000      0.00000      0.25000      0.00000      0.00000      0.00000
AL      0.37501      0.12499      0.25000      0.01424     -0.01424     -0.00000
AL      0.37713      0.00000      0.37713     -0.00161     -0.00000     -0.00161
AL      0.25000      0.12499      0.37501      0.00000     -0.01424      0.01424
AL      0.25000      0.25000      0.00000      0.00000      0.00000      0.00000
AL      0.37713      0.37713      0.00000     -0.00161     -0.00161     -0.00000
AL      0.37501      0.25000      0.12499      0.01424      0.00000     -0.01424
AL      0.25000      0.37501      0.12499      0.00000      0.01424     -0.01424
AL      0.25000      0.25000      0.25000      0.00000      0.00000      0.00000
AL      0.37501      0.37501      0.25000      0.01424      0.01424      0.00000
AL      0.37501      0.25000      0.37501      0.01424      0.00000      0.01424
AL      0.25000      0.37501      0.37501      0.00000      0.01424      0.01424
AL      0.12287      0.12287      0.50000      0.00161      0.00161     -0.00000
AL      0.12287      0.00000      0.62287      0.00161     -0.00000      0.00161
AL      0.00000      0.12287      0.62287      0.00000      0.00161      0.00161
AL      0.00000      0.00000      0.75000      0.00000      0.00000      0.00000
AL      0.12499      0.12499      0.75000     -0.01424     -0.01424      0.00000
AL      0.12287      0.00000      0.87713      0.00161     -0.00000     -0.00161
AL      0.00000      0.12287      0.87713      0.00000      0.00161     -0.00161
AL      0.00000      0.25000      0.50000      0.00000      0.00000      0.00000
AL      0.12287      0.37713      0.50000      0.00161     -0.00161     -0.00000
AL      0.12499      0.25000      0.62499     -0.01424      0.00000     -0.01424
AL      0.00000      0.37713      0.62287      0.00000     -0.00161      0.00161
AL      0.00000      0.25000      0.75000      0.00000      0.00000      0.00000
AL      0.12499      0.37501      0.75000     -0.01424      0.01424     -0.00000
AL      0.12499      0.25000      0.87501     -0.01424      0.00000      0.01424
AL      0.00000      0.37713      0.87713      0.00000     -0.00161     -0.00161
AL      0.25000      0.00000      0.50000      0.00000      0.00000      0.00000
AL      0.37713      0.12287      0.50000     -0.00161      0.00161     -0.00000
AL      0.37713      0.00000      0.62287     -0.00161     -0.00000      0.00161
AL      0.25000      0.12499      0.62499      0.00000     -0.01424     -0.01424
AL      0.25000      0.00000      0.75000      0.00000      0.00000      0.00000
AL      0.37501      0.12499      0.75000      0.01424     -0.01424     -0.00000
AL      0.37713      0.00000      0.87713     -0.00161     -0.00000     -0.00161
AL      0.25000      0.12499      0.87501      0.00000     -0.01424      0.01424
AL      0.25000      0.25000      0.50000      0.00000      0.00000      0.00000
AL      0.37713      0.37713      0.50000     -0.00161     -0.00161     -0.00000
AL      0.37501      0.25000      0.62499      0.01424      0.00000     -0.01424
AL      0.25000      0.37501      0.62499      0.00000      0.01424     -0.01424
AL      0.25000      0.25000      0.75000      0.00000      0.00000      0.00000
AL      0.37501      0.37501      0.75000      0.01424      0.01424      0.00000
AL      0.37501      0.25000      0.87501      0.01424      0.00000      0.01424
AL      0.25000      0.37501      0.87501      0.00000      0.01424      0.01424
AL      0.12287      0.62287      0.00000      0.00161      0.00161     -0.00000
AL      0.12287      0.50000      0.12287      0.00161     -0.00000      0.00161
AL      0.00000      0.62287      0.12287      0.00000      0.00161      0.00161
AL      0.00000      0.50000      0.25000      0.00000      0.00000      0.00000
AL      0.12499      0.62499      0.25000     -0.01424     -0.01424      0.00000
AL      0.12287      0.50000      0.37713      0.00161     -0.00000     -0.00161
AL      0.00000      0.62287      0.37713      0.00000      0.00161     -0.00161
AL      0.00000      0.75000      0.00000      0.00000      0.00000      0.00000
AL      0.12287      0.87713      0.00000      0.00161     -0.00161     -0.00000
AL      0.12499      0.75000      0.12499     -0.01424      0.00000     -0.01424
AL      0.00000      0.87713      0.12287      0.00000     -0.00161      0.00161
AL      0.00000      0.75000      0.25000      0.00000      0.00000      0.00000
AL      0.12499      0.87501      0.25000     -0.01424      0.01424     -0.00000
AL      0.12499      0.75000      0.37501     -0.01424      0.00000      0.01424
AL      0.00000      0.87713      0.37713      0.00000     -0.00161     -0.00161
AL      0.25000      0.50000      0.00000      0.00000      0.00000      0.00000
AL      0.37713      0.62287      0.00000     -0.00161      0.00161     -0.00000
AL      0.37713      0.50000      0.12287     -0.00161     -0.00000      0.00161
AL      0.25000      0.62499      0.12499      0.00000     -0.01424     -0.01424
AL      0.25000      0.50000      0.25000      0.00000      0.00000      0.00000
AL      0.37501      0.62499      0.25000      0.01424     -0.01424     -0.00000
AL      0.37713      0.50000      0.37713     -0.00161     -0.00000     -0.00161
AL      0.25000      0.62499      0.37501      0.00000     -0.01424      0.01424
AL      0.25000      0.75000      0.00000      0.00000      0.00000      0.00000
AL      0.37713      0.87713      0.00000     -0.00161     -0.00161     -0.00000
AL      0.37501      0.75000      0.12499      0.01424      0.00000     -0.01424
AL      0.25000      0.87501      0.12499      0.00000      0.01424     -0.01424
AL      0.25000      0.75000      0.25000      0.00000      0.00000      0.00000
AL      0.37501      0.87501      0.25000      0.01424      0.01424      0.00000
AL      0.37501      0.75000      0.37501      0.01424      0.00000      0.01424
AL      0.25000      0.87501      0.37501      0.00000      0.01424      0.01424
AL      0.12287      0.62287      0.50000      0.00161      0.00161     -0.00000
AL      0.12287      0.50000      0.62287      0.00161     -0.00000      0.00161
AL      0.00000      0.62287      0.62287      0.00000      0.00161      0.00161
AL      0.00000      0.50000      0.75000      0.00000      0.00000      0.00000
AL      0.12499      0.62499      0.75000     -0.01424     -0.01424      0.00000
AL      0.12287      0.50000      0.87713      0.00161     -0.00000     -0.00161
AL      0.00000      0.62287      0.87713      0.00000      0.00161     -0.00161
AL      0.00000      0.75000      0.50000      0.00000      0.00000      0.00000
AL      0.12287      0.87713      0.50000      0.00161     -0.00161     -0.00000
AL      0.12499      0.75000      0.62499     -0.01424      0.00000     -0.01424
AL      0.00000      0.87713      0.62287      0.00000     -0.00161      0.00161
AL      0.00000      0.75000      0.75000      0.00000      0.00000      0.00000
AL      0.12499      0.87501      0.75000     -0.01424      0.01424     -0.00000
AL      0.12499      0.75000      0.87501     -0.01424      0.00000      0.01424
AL      0.00000      0.87713      0.87713      0.00000     -0.00161     -0.00161
AL      0.25000      0.50000      0.50000      0.00000      0.00000      0.00000
AL      0.37713      0.62287      0.50000     -0.00161      0.00161     -0.00000
AL      0.37713      0.50000      0.62287     -0.00161     -0.00000      0.00161
AL      0.25000      0.62499      0.62499      0.00000     -0.01424     -0.01424
AL      0.25000      0.50000      0.75000      0.00000      0.00000      0.00000
AL      0.37501      0.62499      0.75000      0.01424     -0.01424     -0.00000
AL      0.37713      0.50000      0.87713     -0.00161     -0.00000     -0.00161
AL      0.25000      0.62499      0.87501      0.00000     -0.01424      0.01424
AL      0.25000      0.75000      0.50000      0.00000      0.00000      0.00000
AL      0.37713      0.87713      0.50000     -0.00161     -0.00161     -0.00000
AL      0.37501      0.75000      0.62499      0.01424      0.00000     -0.01424
AL      0.25000      0.87501      0.62499      0.00000      0.01424     -0.01424
AL      0.25000      0.75000      0.75000      0.00000      0.00000      0.00000
AL      0.37501      0.87501      0.75000      0.01424      0.01424      0.00000
AL      0.37501      0.75000      0.87501      0.01424      0.00000      0.01424
AL      0.25000      0.87501      0.87501      0.00000      0.01424      0.01424
AL      0.62287      0.12287      0.00000      0.00161      0.00161     -0.00000
AL      0.62287      0.00000      0.12287      0.00161     -0.00000      0.00161
AL      0.50000      0.12287      0.12287      0.00000      0.00161      0.00161
AL      0.50000      0.00000      0.25000      0.00000      0.00000      0.00000
AL      0.62499      0.12499      0.25000     -0.01424     -0.01424      0.00000
AL      0.62287      0.00000      0.37713      0.00161     -0.00000     -0.00161
AL      0.50000      0.12287      0.37713      0.00000      0.00161     -0.00161
AL      0.50000      0.25000      0.00000      0.00000      0.00000      0.00000
AL      0.62287      0.37713      0.00000      0.00161     -0.00161     -0.00000
AL      0.62499      0.25000      0.12499     -0.01424      0.00000     -0.01424
AL      0.50000      0.37713      0.12287      0.00000     -0.00161      0.00161
AL      0.50000      0.25000      0.25000      0.00000      0.00000      0.00000
AL      0.62499      0.37501      0.25000     -0.01424      0.01424     -0.00000
AL      0.62499      0.25000      0.37501     -0.01424      0.00000      0.01424
AL      0.50000      0.37713      0.37713      0.00000     -0.00161     -0.00161
AL      0.75000      0.00000      0.00000      0.00000      0.00000      0.00000
AL      0.87713      0.12287      0.00000     -0.00161      0.00161     -0.00000
AL      0.87713      0.00000      0.12287     -0.00161     -0.00000      0.00161
AL      0.75000      0.12499      0.12499      0.00000     -0.01424     -0.01424
AL      0.75000      0.00000      0.25000      0.00000      0.00000      0.00000
AL      0.87501      0.12499      0.25000      0.01424     -0.01424     -0.00000
AL      0.87713      0.00000      0.37713     -0.00161     -0.00000     -0.00161
AL      0.75000      0.12499      0.37501      0.00000     -0.01424      0.01424
AL      0.75000      0.25000      0.00000      0.00000      0.00000      0.00000
AL      0.87713      0.37713      0.00000     -0.00161     -0.00161     -0.00000
AL      0.87501      0.25000      0.12499      0.01424      0.00000     -0.01424
AL      0.75000      0.37501      0.12499      0.00000      0.01424     -0.01424
AL      0.75000      0.25000      0.25000      0.00000      0.00000      0.00000
AL      0.87501      0.37501      0.25000      0.01424      0.01424      0.00000
AL      0.87501      0.25000      0.37501      0.01424      0.00000      0.01424
AL      0.75000      0.37501      0.37501      0.00000      0.01424      0.01424
AL      0.62287      0.12287      0.50000      0.00161      0.00161     -0.00000
AL      0.62287      0.00000      0.62287      0.00161     -0.00000      0.00161
AL      0.50000      0.12287      0.62287      0.00000      0.00161      0.00161
AL      0.50000      0.00000      0.75000      0.00000      0.00000      0.00000
AL      0.62499      0.12499      0.75000     -0.01424     -0.01424      0.00000
AL      0.62287      0.00000      0.87713      0.00161     -0.00000     -0.00161
AL      0.50000      0.12287      0.87713      0.00000      0.00161     -0.00161
AL      0.50000      0.25000      0.50000      0.00000      0.00000      0.00000
AL      0.62287      0.37713      0.50000      0.00161     -0.00161     -0.00000
AL      0.62499      0.25000      0.62499     -0.01424      0.00000     -0.01424
AL      0.50000      0.37713      0.62287      0.00000     -0.00161      0.00161
AL      0.50000      0.25000      0.75000      0.00000      0.00000      0.00000
AL      0.62499      0.37501      0.75000     -0.01424      0.01424     -0.00000
AL      0.62499      0.25000      0.87501     -0.01424      0.00000      0.01424
AL      0.50000      0.37713      0.87713      0.00000     -0.00161     -0.00161
AL      0.75000      0.00000      0.50000      0.00000      0.00000      0.00000
AL      0.87713      0.12287      0.50000     -0.00161      0.00161     -0.00000
AL      0.87713      0.00000      0.62287     -0.00161     -0.00000      0.00161
AL      0.75000      0.12499      0.62499      0.00000     -0.01424     -0.01424
AL      0.75000      0.00000      0.75000      0.00000      0.00000      0.00000
AL      0.87501      0.12499      0.75000      0.01424     -0.01424     -0.00000
AL      0.87713      0.00000      0.87713     -0.00161     -0.00000     -0.00161
AL      0.75000      0.12499      0.87501      0.00000     -0.01424      0.01424
AL      0.75000      0.25000      0.50000      0.00000      0.00000      0.00000
AL      0.87713      0.37713      0.50000     -0.00161     -0.00161     -0.00000
AL      0.87501      0.25000      0.62499      0.01424      0.00000     -0.01424
AL      0.75000      0.37501      0.62499      0.00000      0.01424     -0.01424
AL      0.75000      0.25000      0.75000      0.00000      0.00000      0.00000
AL      0.87501      0.37501      0.75000      0.01424      0.01424      0.00000
AL      0.87501      0.25000      0.87501      0.01424      0.00000      0.01424
AL      0.75000      0.37501      0.87501      0.00000      0.01424      0.01424
AL      0.62287      0.62287      0.00000      0.00161      0.00161     -0.00000
AL      0.62287      0.50000      0.12287      0.00161     -0.00000      0.00161
AL      0.50000      0.62287      0.12287      0.00000      0.00161      0.00161
AL      0.50000      0.50000      0.25000      0.00000      0.00000      0.00000
AL      0.62499      0.62499      0.25000     -0.01424     -0.01424      0.00000
AL      0.62287      0.50000      0.37713      0.00161     -0.00000     -0.00161
AL      0.50000      0.62287      0.37713      0.00000      0.00161     -0.00161
AL      0.50000      0.75000      0.00000      0.00000      0.00000      0.00000
AL      0.62287      0.87713      0.00000      0.00161     -0.00161     -0.00000
AL      0.62499      0.75000      0.12499     -0.01424      0.00000     -0.01424
AL      0.50000      0.87713      0.12287      0.00000     -0.00161      0.00161
AL      0.50000      0.75000      0.25000      0.00000      0.00000      0.00000
AL      0.62499      0.87501      0.25000     -0.01424      0.01424     -0.00000
AL      0.62499      0.75000      0.37501     -0.01424      0.00000      0.01424
AL      0.50000      0.87713      0.37713      0.00000     -0.00161     -0.00161
AL      0.75000      0.50000      0.00000      0.00000      0.00000      0.00000
AL      0.87713      0.62287      0.00000     -0.00161      0.00161     -0.00000
AL      0.87713      0.50000      0.12287     -0.00161     -0.00000      0.00161
AL      0.75000      0.62499      0.12499      0.00000     -0.01424     -0.01424
AL      0.75000      0.50000      0.25000      0.00000      0.00000      0.00000
AL      0.87501      0.62499      0.25000      0.01424     -0.01424     -0.00000
AL      0.87713      0.50000      0.37713     -0.00161     -0.00000     -0.00161
AL      0.75000      0.62499      0.37501      0.00000     -0.01424      0.01424
AL      0.75000      0.75000      0.00000      0.00000      0.00000      0.00000
AL      0.87713      0.87713      0.00000     -0.00161     -0.00161     -0.00000
AL      0.87501      0.75000      0.12499      0.01424      0.00000     -0.01424
AL      0.75000      0.87501      0.12499      0.00000      0.01424     -0.01424
AL      0.75000      0.75000      0.25000      0.00000      0.00000      0.00000
AL      0.87501      0.87501      0.25000      0.01424      0.01424      0.00000
AL      0.87501      0.75000      0.37501      0.01424      0.00000      0.01424
AL      0.75000      0.87501      0.37501      0.00000      0.01424      0.01424
AL      0.62287      0.62287      0.50000      0.00161      0.00161     -0.00000
AL      0.62287      0.50000      0.62287      0.00161     -0.00000      0.00161
AL      0.50000      0.62287      0.62287      0.00000      0.00161      0.00161
AL      0.50000      0.50000      0.75000      0.00000      0.00000      0.00000
AL      0.62499      0.62499      0.75000     -0.01424     -0.01424      0.00000
AL      0.62287      0.50000      0.87713      0.00161     -0.00000     -0.00161
AL      0.50000      0.62287      0.87713      0.00000      0.00161     -0.00161
AL      0.50000      0.75000      0.50000      0.00000      0.00000      0.00000
AL      0.62287      0.87713      0.50000      0.00161     -0.00161     -0.00000
AL      0.62499      0.75000      0.62499     -0.01424      0.00000     -0.01424
AL      0.50000      0.87713      0.62287      0.00000     -0.00161      0.00161
AL      0.50000      0.75000      0.75000      0.00000      0.00000      0.00000
AL      0.62499      0.87501      0.75000     -0.01424      0.01424     -0.00000
AL      0.62499      0.75000      0.87501     -0.01424      0.00000      0.01424
AL      0.50000      0.87713      0.87713      0.00000     -0.00161     -0.00161
AL      0.75000      0.50000      0.50000      0.00000      0.00000      0.00000
AL      0.87713      0.62287      0.50000     -0.00161      0.00161     -0.00000
AL      0.87713      0.50000      0.62287     -0.00161     -0.00000      0.00161
AL      0.75000      0.62499      0.62499      0.00000     -0.01424     -0.01424
AL      0.75000      0.50000      0.75000      0.00000      0.00000      0.00000
AL      0.87501      0.62499      0.75000      0.01424     -0.01424     -0.00000
AL      0.87713      0.50000      0.87713     -0.00161     -0.00000     -0.00161
AL      0.75000      0.62499      0.87501      0.00000     -0.01424      0.01424
AL      0.75000      0.75000      0.50000      0.00000      0.00000      0.00000
AL      0.87713      0.87713      0.50000     -0.00161     -0.00161     -0.00000
AL      0.87501      0.75000      0.62499      0.01424      0.00000     -0.01424
AL      0.75000      0.87501      0.62499      0.00000      0.01424     -0.01424
AL      0.75000      0.75000      0.75000      0.00000      0.00000      0.00000
AL      0.87501      0.87501      0.75000      0.01424      0.01424      0.00000
AL      0.87501      0.75000      0.87501      0.01424      0.00000      0.01424
AL      0.75000      0.87501      0.87501      0.00000      0.01424      0.01424
