/* Converted from PWscf output file */ 
#L_UNITS ang 
#E_UNITS eV 
#S_UNITS GPA 
#F_UNITS EV/ANG 
#ALAT 	   8.11118     // a0 
#X 	   1.00000     0.00000     0.00000     // X 
#Y 	   0.00000     0.99558     0.00000     // Y 
#Z 	   0.00000     0.00000     0.99558     // Z 
#SX 	  -0.48607     0.00000     0.00000     // SX 
#SY 	   0.00000    -0.25594     0.00000     // SY 
#SZ 	   0.00000     0.00000    -0.25594     // SZ 
#EPA 	  -3.36988     // Energy per Atom 
#RCUT 	6.5        // Rcut 
AL      0.00000      0.00000      0.00000      0.00000      0.00000      0.00000
AL      0.25000      0.25000      0.00000     -0.00012      0.00007      0.00000
AL      0.25000      0.00000      0.25000     -0.00012     -0.00000      0.00007
AL      0.00000      0.25000      0.25000      0.00000      0.00018      0.00018
AL      0.00000      0.00000      0.50000      0.00000      0.00000      0.00000
AL      0.25000      0.25000      0.50000     -0.00023      0.00014     -0.00000
AL      0.25000      0.00000      0.75000     -0.00012      0.00000     -0.00007
AL      0.00000      0.25000      0.75000     -0.00000      0.00018     -0.00018
AL      0.00000      0.50000      0.00000      0.00000      0.00000      0.00000
AL      0.25000      0.75000      0.00000     -0.00012     -0.00007      0.00000
AL      0.25000      0.50000      0.25000     -0.00023     -0.00000      0.00014
AL      0.00000      0.75000      0.25000      0.00000     -0.00018      0.00018
AL      0.00000      0.50000      0.50000      0.00000      0.00000      0.00000
AL      0.25000      0.75000      0.50000     -0.00023     -0.00014      0.00000
AL      0.25000      0.50000      0.75000     -0.00023      0.00000     -0.00014
AL      0.00000      0.75000      0.75000      0.00000     -0.00018     -0.00018
AL      0.50000      0.00000      0.00000      0.00000      0.00000      0.00000
AL      0.75000      0.25000      0.00000      0.00012      0.00007      0.00000
AL      0.75000      0.00000      0.25000      0.00012      0.00000      0.00007
AL      0.50000      0.25000      0.25000      0.00000      0.00007      0.00007
AL      0.50000      0.00000      0.50000      0.00000      0.00000      0.00000
AL      0.75000      0.25000      0.50000      0.00023      0.00014     -0.00000
AL      0.75000      0.00000      0.75000      0.00012      0.00000     -0.00007
AL      0.50000      0.25000      0.75000     -0.00000      0.00007     -0.00007
AL      0.50000      0.50000      0.00000      0.00000      0.00000      0.00000
AL      0.75000      0.75000      0.00000      0.00012     -0.00007      0.00000
AL      0.75000      0.50000      0.25000      0.00023      0.00000      0.00014
AL      0.50000      0.75000      0.25000      0.00000     -0.00007      0.00007
AL      0.50000      0.50000      0.50000      0.00000      0.00000      0.00000
AL      0.75000      0.75000      0.50000      0.00023     -0.00014      0.00000
AL      0.75000      0.50000      0.75000      0.00023      0.00000     -0.00014
AL      0.50000      0.75000      0.75000      0.00000     -0.00007     -0.00007
