/* Converted from PWscf output file */ 
#L_UNITS ang 
#E_UNITS eV 
#S_UNITS GPA 
#F_UNITS EV/ANG 
#ALAT 	   8.09772     // a0 
#X 	   1.00000     0.00000     0.00000     // X 
#Y 	   0.00000     0.99723     0.00000     // Y 
#Z 	   0.00000     0.00000     0.99723     // Z 
#SX 	  -0.30348     0.00000     0.00000     // SX 
#SY 	   0.00000    -0.15867     0.00000     // SY 
#SZ 	   0.00000     0.00000    -0.15867     // SZ 
#EPA 	  -3.36995     // Energy per Atom 
#RCUT 	6.5        // Rcut 
AL      0.00000      0.00000      0.00000      0.00000      0.00000      0.00000
AL      0.25000      0.25000      0.00000     -0.00010      0.00006      0.00000
AL      0.25000      0.00000      0.25000     -0.00010      0.00000      0.00006
AL      0.00000      0.25000      0.25000      0.00000      0.00017      0.00017
AL      0.00000      0.00000      0.50000      0.00000      0.00000      0.00000
AL      0.25000      0.25000      0.50000     -0.00022      0.00012      0.00000
AL      0.25000      0.00000      0.75000     -0.00010     -0.00000     -0.00006
AL      0.00000      0.25000      0.75000      0.00000      0.00017     -0.00017
AL      0.00000      0.50000      0.00000      0.00000      0.00000      0.00000
AL      0.25000      0.75000      0.00000     -0.00010     -0.00006      0.00000
AL      0.25000      0.50000      0.25000     -0.00022      0.00000      0.00012
AL      0.00000      0.75000      0.25000      0.00000     -0.00017      0.00017
AL      0.00000      0.50000      0.50000      0.00000      0.00000      0.00000
AL      0.25000      0.75000      0.50000     -0.00022     -0.00012      0.00000
AL      0.25000      0.50000      0.75000     -0.00022      0.00000     -0.00012
AL      0.00000      0.75000      0.75000      0.00000     -0.00017     -0.00017
AL      0.50000      0.00000      0.00000      0.00000      0.00000      0.00000
AL      0.75000      0.25000      0.00000      0.00010      0.00006      0.00000
AL      0.75000      0.00000      0.25000      0.00010      0.00000      0.00006
AL      0.50000      0.25000      0.25000      0.00000      0.00005      0.00005
AL      0.50000      0.00000      0.50000      0.00000      0.00000      0.00000
AL      0.75000      0.25000      0.50000      0.00022      0.00012      0.00000
AL      0.75000      0.00000      0.75000      0.00010     -0.00000     -0.00006
AL      0.50000      0.25000      0.75000      0.00000      0.00005     -0.00005
AL      0.50000      0.50000      0.00000      0.00000      0.00000     -0.00000
AL      0.75000      0.75000      0.00000      0.00010     -0.00006      0.00000
AL      0.75000      0.50000      0.25000      0.00022      0.00000      0.00012
AL      0.50000      0.75000      0.25000      0.00000     -0.00005      0.00005
AL      0.50000      0.50000      0.50000      0.00000      0.00000      0.00000
AL      0.75000      0.75000      0.50000      0.00022     -0.00012      0.00000
AL      0.75000      0.50000      0.75000      0.00022      0.00000     -0.00012
AL      0.50000      0.75000      0.75000      0.00000     -0.00005     -0.00005
