/* Converted from PWscf output file */ 
#L_UNITS ang 
#E_UNITS eV 
#S_UNITS GPA 
#F_UNITS EV/ANG 
#ALAT 	   8.08852     // a0 
#X 	   1.00000     0.00000     0.00000     // X 
#Y 	   0.00000     0.99813     0.00000     // Y 
#Z 	   0.00000     0.00000     0.99813     // Z 
#SX 	  -0.21832     0.00000     0.00000     // SX 
#SY 	   0.00000    -0.06358     0.00000     // SY 
#SZ 	   0.00000     0.00000    -0.06358     // SZ 
#EPA 	  -3.37144     // Energy per Atom 
#RCUT 	6.5        // Rcut 
AL      0.00000      0.00000      0.00000      0.00000      0.00000      0.00000
AL      0.25000      0.25000      0.00000      0.00000      0.00000      0.00000
AL      0.25000      0.00000      0.25000      0.00000      0.00000     -0.00000
AL      0.00000      0.25000      0.25000      0.00000      0.00000     -0.00000
AL      0.00000      0.00000      0.50000      0.00000      0.00000      0.00000
AL      0.25000      0.25000      0.50000      0.00000      0.00000      0.00000
AL      0.25000      0.00000      0.75000      0.00000      0.00000     -0.00000
AL      0.00000      0.25000      0.75000      0.00000      0.00000     -0.00000
AL      0.00000      0.50000      0.00000      0.00000      0.00000      0.00000
AL      0.25000      0.75000      0.00000      0.00000      0.00000      0.00000
AL      0.25000      0.50000      0.25000      0.00000      0.00000     -0.00000
AL      0.00000      0.75000      0.25000      0.00000      0.00000     -0.00000
AL      0.00000      0.50000      0.50000      0.00000      0.00000      0.00000
AL      0.25000      0.75000      0.50000      0.00000      0.00000      0.00000
AL      0.25000      0.50000      0.75000      0.00000      0.00000     -0.00000
AL      0.00000      0.75000      0.75000      0.00000      0.00000     -0.00000
AL      0.50000      0.00000      0.00000      0.00000      0.00000      0.00000
AL      0.75000      0.25000      0.00000      0.00000      0.00000      0.00000
AL      0.75000      0.00000      0.25000      0.00000      0.00000     -0.00000
AL      0.50000      0.25000      0.25000      0.00000      0.00000     -0.00000
AL      0.50000      0.00000      0.50000      0.00000      0.00000      0.00000
AL      0.75000      0.25000      0.50000      0.00000      0.00000      0.00000
AL      0.75000      0.00000      0.75000      0.00000      0.00000     -0.00000
AL      0.50000      0.25000      0.75000      0.00000      0.00000     -0.00000
AL      0.50000      0.50000      0.00000      0.00000      0.00000      0.00000
AL      0.75000      0.75000      0.00000      0.00000      0.00000      0.00000
AL      0.75000      0.50000      0.25000      0.00000      0.00000     -0.00000
AL      0.50000      0.75000      0.25000      0.00000      0.00000     -0.00000
AL      0.50000      0.50000      0.50000      0.00000      0.00000      0.00000
AL      0.75000      0.75000      0.50000      0.00000      0.00000      0.00000
AL      0.75000      0.50000      0.75000      0.00000      0.00000     -0.00000
AL      0.50000      0.75000      0.75000      0.00000      0.00000     -0.00000
