/* Converted from PWscf output file */ 
#L_UNITS ang 
#E_UNITS eV 
#S_UNITS GPA 
#F_UNITS EV/ANG 
#ALAT 	   8.07529     // a0 
#X 	   1.00000     0.00000     0.00000     // X 
#Y 	   0.00000     1.00167     0.00000     // Y 
#Z 	   0.00000     0.00000     1.00000     // Z 
#SX 	  -0.09202     0.00000     0.00000     // SX 
#SY 	   0.00000    -0.17923     0.00000     // SY 
#SZ 	   0.00000     0.00000    -0.09202     // SZ 
#EPA 	  -3.36998     // Energy per Atom 
#RCUT 	6.5        // Rcut 
AL      0.00000      0.00000      0.00000      0.00000      0.00000      0.00000
AL      0.25000      0.25000      0.00000     -0.00002     -0.00029      0.00000
AL      0.25000      0.00000      0.25000      0.00012      0.00000      0.00012
AL      0.00000      0.25000      0.25000      0.00000     -0.00029     -0.00002
AL      0.00000      0.00000      0.50000      0.00000     -0.00000      0.00000
AL      0.25000      0.25000      0.50000      0.00021     -0.00040     -0.00000
AL      0.25000      0.00000      0.75000      0.00012      0.00000     -0.00012
AL      0.00000      0.25000      0.75000      0.00000     -0.00029      0.00002
AL      0.00000      0.50000      0.00000      0.00000      0.00000      0.00000
AL      0.25000      0.75000      0.00000     -0.00002      0.00029      0.00000
AL      0.25000      0.50000      0.25000     -0.00001      0.00000     -0.00001
AL      0.00000      0.75000      0.25000      0.00000      0.00029     -0.00002
AL      0.00000      0.50000      0.50000      0.00000     -0.00000      0.00000
AL      0.25000      0.75000      0.50000      0.00021      0.00040     -0.00000
AL      0.25000      0.50000      0.75000     -0.00001     -0.00000      0.00001
AL      0.00000      0.75000      0.75000      0.00000      0.00029      0.00002
AL      0.50000      0.00000      0.00000      0.00000      0.00000      0.00000
AL      0.75000      0.25000      0.00000      0.00002     -0.00029      0.00000
AL      0.75000      0.00000      0.25000     -0.00012      0.00000      0.00012
AL      0.50000      0.25000      0.25000     -0.00000     -0.00040      0.00021
AL      0.50000      0.00000      0.50000      0.00000      0.00000      0.00000
AL      0.75000      0.25000      0.50000     -0.00021     -0.00040     -0.00000
AL      0.75000      0.00000      0.75000     -0.00012      0.00000     -0.00012
AL      0.50000      0.25000      0.75000      0.00000     -0.00040     -0.00021
AL      0.50000      0.50000      0.00000      0.00000     -0.00000      0.00000
AL      0.75000      0.75000      0.00000      0.00002      0.00029      0.00000
AL      0.75000      0.50000      0.25000      0.00001     -0.00000     -0.00001
AL      0.50000      0.75000      0.25000      0.00000      0.00040      0.00021
AL      0.50000      0.50000      0.50000      0.00000     -0.00000      0.00000
AL      0.75000      0.75000      0.50000     -0.00021      0.00040      0.00000
AL      0.75000      0.50000      0.75000      0.00001      0.00000      0.00001
AL      0.50000      0.75000      0.75000      0.00000      0.00040     -0.00021
