/* Converted from PWscf output file */ 
#L_UNITS ang 
#E_UNITS eV 
#S_UNITS GPA 
#F_UNITS EV/ANG 
#ALAT 	   8.07529     // a0 
#X 	   1.00000     0.00000     0.00000     // X 
#Y 	   0.00000     1.00000     0.00000     // Y 
#Z 	   0.00000     0.00000     1.00222     // Z 
#SX 	  -0.12542     0.00000     0.00000     // SX 
#SY 	   0.00000    -0.12542     0.00000     // SY 
#SZ 	   0.00000     0.00000    -0.24150     // SZ 
#EPA 	  -3.36997     // Energy per Atom 
#RCUT 	6.5        // Rcut 
AL      0.00000      0.00000      0.00000      0.00000      0.00000      0.00000
AL      0.25000      0.25000      0.00000      0.00029      0.00029     -0.00000
AL      0.25000      0.00000      0.25000      0.00019      0.00000     -0.00006
AL      0.00000      0.25000      0.25000      0.00000      0.00019     -0.00006
AL      0.00000      0.00000      0.50000      0.00000      0.00000      0.00000
AL      0.25000      0.25000      0.50000      0.00018      0.00018      0.00000
AL      0.25000      0.00000      0.75000      0.00019      0.00000      0.00006
AL      0.00000      0.25000      0.75000     -0.00000      0.00019      0.00006
AL      0.00000      0.50000      0.00000      0.00000      0.00000      0.00000
AL      0.25000      0.75000      0.00000      0.00029     -0.00029      0.00000
AL      0.25000      0.50000      0.25000      0.00025      0.00000     -0.00016
AL      0.00000      0.75000      0.25000     -0.00000     -0.00019     -0.00006
AL      0.00000      0.50000      0.50000      0.00000      0.00000      0.00000
AL      0.25000      0.75000      0.50000      0.00018     -0.00018      0.00000
AL      0.25000      0.50000      0.75000      0.00025      0.00000      0.00016
AL      0.00000      0.75000      0.75000      0.00000     -0.00019      0.00006
AL      0.50000      0.00000      0.00000      0.00000      0.00000      0.00000
AL      0.75000      0.25000      0.00000     -0.00029      0.00029      0.00000
AL      0.75000      0.00000      0.25000     -0.00019     -0.00000     -0.00006
AL      0.50000      0.25000      0.25000      0.00000      0.00025     -0.00016
AL      0.50000      0.00000      0.50000      0.00000      0.00000      0.00000
AL      0.75000      0.25000      0.50000     -0.00018      0.00018      0.00000
AL      0.75000      0.00000      0.75000     -0.00019     -0.00000      0.00006
AL      0.50000      0.25000      0.75000      0.00000      0.00025      0.00016
AL      0.50000      0.50000      0.00000      0.00000      0.00000      0.00000
AL      0.75000      0.75000      0.00000     -0.00029     -0.00029     -0.00000
AL      0.75000      0.50000      0.25000     -0.00025     -0.00000     -0.00016
AL      0.50000      0.75000      0.25000      0.00000     -0.00025     -0.00016
AL      0.50000      0.50000      0.50000      0.00000      0.00000      0.00000
AL      0.75000      0.75000      0.50000     -0.00018     -0.00018      0.00000
AL      0.75000      0.50000      0.75000     -0.00025     -0.00000      0.00016
AL      0.50000      0.75000      0.75000      0.00000     -0.00025      0.00016
