/* Converted from PWscf output file */ 
#L_UNITS ang 
#E_UNITS eV 
#S_UNITS GPA 
#F_UNITS EV/ANG 
#ALAT 	   8.07531     // a0 
#X 	   1.00000     0.00000     0.00000     // X 
#Y 	   0.00000     1.00000     0.00222     // Y 
#Z 	   0.00000     0.00222     1.00000     // Z 
#SX 	   0.00540     0.00000     0.00000     // SX 
#SY 	   0.00000     0.00744    -0.15094     // SY 
#SZ 	   0.00000    -0.15094     0.00744     // SZ 
#EPA 	  -3.36996     // Energy per Atom 
#RCUT 	6.5        // Rcut 
AL      0.00000      0.00000      0.00000      0.00000      0.00000      0.00000
AL      0.25000      0.25000      0.00000      0.00009      0.00003      0.00037
AL      0.25000      0.00000      0.25000      0.00009      0.00037      0.00003
AL      0.00000      0.25000      0.25000      0.00000     -0.00013     -0.00013
AL      0.00000      0.00000      0.50000      0.00000      0.00000      0.00000
AL      0.25000      0.25000      0.50000      0.00016     -0.00016     -0.00039
AL      0.25000      0.00000      0.75000      0.00009     -0.00037     -0.00003
AL      0.00000      0.25000      0.75000     -0.00000     -0.00006      0.00006
AL      0.00000      0.50000      0.00000      0.00000      0.00000      0.00000
AL      0.25000      0.75000      0.00000      0.00009     -0.00003     -0.00037
AL      0.25000      0.50000      0.25000      0.00016     -0.00039     -0.00016
AL      0.00000      0.75000      0.25000     -0.00000      0.00006     -0.00006
AL      0.00000      0.50000      0.50000      0.00000      0.00000      0.00000
AL      0.25000      0.75000      0.50000      0.00016      0.00016      0.00039
AL      0.25000      0.50000      0.75000      0.00016      0.00039      0.00016
AL      0.00000      0.75000      0.75000      0.00000      0.00013      0.00013
AL      0.50000      0.00000      0.00000      0.00000      0.00000      0.00000
AL      0.75000      0.25000      0.00000     -0.00009      0.00003      0.00037
AL      0.75000      0.00000      0.25000     -0.00009      0.00037      0.00003
AL      0.50000      0.25000      0.25000      0.00000      0.00002      0.00002
AL      0.50000      0.00000      0.50000      0.00000      0.00000      0.00000
AL      0.75000      0.25000      0.50000     -0.00016     -0.00016     -0.00039
AL      0.75000      0.00000      0.75000     -0.00009     -0.00037     -0.00003
AL      0.50000      0.25000      0.75000      0.00000     -0.00005      0.00005
AL      0.50000      0.50000      0.00000      0.00000      0.00000      0.00000
AL      0.75000      0.75000      0.00000     -0.00009     -0.00003     -0.00037
AL      0.75000      0.50000      0.25000     -0.00016     -0.00039     -0.00016
AL      0.50000      0.75000      0.25000      0.00000      0.00005     -0.00005
AL      0.50000      0.50000      0.50000      0.00000      0.00000      0.00000
AL      0.75000      0.75000      0.50000     -0.00016      0.00016      0.00039
AL      0.75000      0.50000      0.75000     -0.00016      0.00039      0.00016
AL      0.50000      0.75000      0.75000      0.00000     -0.00002     -0.00002
