/* Converted from PWscf output file */ 
#L_UNITS ang 
#E_UNITS eV 
#S_UNITS GPA 
#F_UNITS EV/ANG 
#ALAT 	   8.07532     // a0 
#X 	   1.00000     0.00000     0.00000     // X 
#Y 	   0.00000     1.00000     0.00333     // Y 
#Z 	   0.00000     0.00333     1.00000     // Z 
#SX 	   0.00496     0.00000     0.00000     // SX 
#SY 	   0.00000     0.00977    -0.22663     // SY 
#SZ 	   0.00000    -0.22663     0.00977     // SZ 
#EPA 	  -3.36992     // Energy per Atom 
#RCUT 	6.5        // Rcut 
AL      0.00000      0.00000      0.00000      0.00000      0.00000      0.00000
AL      0.25000      0.25000      0.00000      0.00037     -0.00023     -0.00016
AL      0.25000      0.00000      0.25000      0.00037     -0.00016     -0.00023
AL      0.00000      0.25000      0.25000      0.00000     -0.00030     -0.00030
AL      0.00000      0.00000      0.50000      0.00000      0.00000      0.00000
AL      0.25000      0.25000      0.50000      0.00040     -0.00029      0.00014
AL      0.25000      0.00000      0.75000      0.00037      0.00016      0.00023
AL      0.00000      0.25000      0.75000      0.00000     -0.00025      0.00025
AL      0.00000      0.50000      0.00000      0.00000      0.00000      0.00000
AL      0.25000      0.75000      0.00000      0.00037      0.00023      0.00016
AL      0.25000      0.50000      0.25000      0.00040      0.00014     -0.00029
AL      0.00000      0.75000      0.25000      0.00000      0.00025     -0.00025
AL      0.00000      0.50000      0.50000      0.00000      0.00000      0.00000
AL      0.25000      0.75000      0.50000      0.00040      0.00029     -0.00014
AL      0.25000      0.50000      0.75000      0.00040     -0.00014      0.00029
AL      0.00000      0.75000      0.75000      0.00000      0.00030      0.00030
AL      0.50000      0.00000      0.00000      0.00000      0.00000      0.00000
AL      0.75000      0.25000      0.00000     -0.00037     -0.00023     -0.00016
AL      0.75000      0.00000      0.25000     -0.00037     -0.00016     -0.00023
AL      0.50000      0.25000      0.25000      0.00000     -0.00022     -0.00022
AL      0.50000      0.00000      0.50000      0.00000      0.00000      0.00000
AL      0.75000      0.25000      0.50000     -0.00040     -0.00029      0.00014
AL      0.75000      0.00000      0.75000     -0.00037      0.00016      0.00023
AL      0.50000      0.25000      0.75000     -0.00000     -0.00026      0.00026
AL      0.50000      0.50000      0.00000      0.00000      0.00000      0.00000
AL      0.75000      0.75000      0.00000     -0.00037      0.00023      0.00016
AL      0.75000      0.50000      0.25000     -0.00040      0.00014     -0.00029
AL      0.50000      0.75000      0.25000     -0.00000      0.00026     -0.00026
AL      0.50000      0.50000      0.50000      0.00000      0.00000      0.00000
AL      0.75000      0.75000      0.50000     -0.00040      0.00029     -0.00014
AL      0.75000      0.50000      0.75000     -0.00040     -0.00014      0.00029
AL      0.50000      0.75000      0.75000      0.00000      0.00022      0.00022
