/* Converted from PWscf output file */ 
#L_UNITS ang 
#E_UNITS eV 
#S_UNITS GPA 
#F_UNITS EV/ANG 
#ALAT 	   8.07529     // a0 
#X 	   1.00000     0.00000     0.00000     // X 
#Y 	   0.00000     1.00000     0.00056     // Y 
#Z 	   0.00000     0.00056     1.00000     // Z 
#SX 	   0.00438     0.00000     0.00000     // SX 
#SY 	   0.00000     0.00452    -0.03763     // SY 
#SZ 	   0.00000    -0.03763     0.00452     // SZ 
#EPA 	  -3.36999     // Energy per Atom 
#RCUT 	6.5        // Rcut 
AL      0.00000      0.00000      0.00000      0.00000      0.00000      0.00000
AL      0.25000      0.25000     -0.00000      0.00033     -0.00024     -0.00021
AL      0.25000     -0.00000      0.25000      0.00033     -0.00021     -0.00024
AL      0.00000      0.25000      0.25000      0.00000     -0.00028     -0.00028
AL      0.00000     -0.00000      0.50000      0.00000      0.00000      0.00000
AL      0.25000      0.25000      0.50000      0.00036     -0.00027      0.00020
AL      0.25000     -0.00000      0.75000      0.00033      0.00021      0.00024
AL      0.00000      0.25000      0.75000      0.00000     -0.00024      0.00024
AL      0.00000      0.50000     -0.00000      0.00000      0.00000      0.00000
AL      0.25000      0.75000     -0.00000      0.00033      0.00024      0.00021
AL      0.25000      0.50000      0.25000      0.00036      0.00020     -0.00027
AL      0.00000      0.75000      0.25000      0.00000      0.00024     -0.00024
AL      0.00000      0.50000      0.50000      0.00000      0.00000      0.00000
AL      0.25000      0.75000      0.50000      0.00036      0.00027     -0.00020
AL      0.25000      0.50000      0.75000      0.00036     -0.00020      0.00027
AL      0.00000      0.75000      0.75000      0.00000      0.00028      0.00028
AL      0.50000      0.00000      0.00000      0.00000      0.00000      0.00000
AL      0.75000      0.25000     -0.00000     -0.00033     -0.00024     -0.00021
AL      0.75000     -0.00000      0.25000     -0.00033     -0.00021     -0.00024
AL      0.50000      0.25000      0.25000      0.00000     -0.00022     -0.00022
AL      0.50000     -0.00000      0.50000      0.00000      0.00000      0.00000
AL      0.75000      0.25000      0.50000     -0.00036     -0.00027      0.00020
AL      0.75000     -0.00000      0.75000     -0.00033      0.00021      0.00024
AL      0.50000      0.25000      0.75000      0.00000     -0.00025      0.00025
AL      0.50000      0.50000     -0.00000      0.00000      0.00000      0.00000
AL      0.75000      0.75000     -0.00000     -0.00033      0.00024      0.00021
AL      0.75000      0.50000      0.25000     -0.00036      0.00020     -0.00027
AL      0.50000      0.75000      0.25000      0.00000      0.00025     -0.00025
AL      0.50000      0.50000      0.50000      0.00000      0.00000      0.00000
AL      0.75000      0.75000      0.50000     -0.00036      0.00027     -0.00020
AL      0.75000      0.50000      0.75000     -0.00036     -0.00020      0.00027
AL      0.50000      0.75000      0.75000      0.00000      0.00022      0.00022
