/* Converted from PWscf output file */ 
#L_UNITS ang 
#E_UNITS eV 
#S_UNITS GPA 
#F_UNITS EV/ANG 
#ALAT 	   8.07533     // a0 
#X 	   1.00000     0.00000     0.00000     // X 
#Y 	   0.00000     1.00000     0.00389     // Y 
#Z 	   0.00000     0.00389     1.00000     // Z 
#SX 	   0.00583     0.00000     0.00000     // SX 
#SY 	   0.00000     0.01240    -0.26455     // SY 
#SZ 	   0.00000    -0.26455     0.01240     // SZ 
#EPA 	  -3.36989     // Energy per Atom 
#RCUT 	6.5        // Rcut 
AL      0.00000      0.00000      0.00000      0.00000      0.00000      0.00000
AL      0.25000      0.25000     -0.00000      0.00009      0.00001      0.00034
AL      0.25000     -0.00000      0.25000      0.00009      0.00034      0.00001
AL      0.00000      0.25000      0.25000      0.00000     -0.00014     -0.00014
AL      0.00000     -0.00000      0.50000     -0.00000      0.00000      0.00000
AL      0.25000      0.25000      0.50000      0.00018     -0.00015     -0.00036
AL      0.25000     -0.00000      0.75000      0.00009     -0.00034     -0.00001
AL      0.00000      0.25000      0.75000      0.00000     -0.00007      0.00007
AL      0.00000      0.50000      0.00000      0.00000      0.00000      0.00000
AL      0.25000      0.75000     -0.00000      0.00009     -0.00001     -0.00034
AL      0.25000      0.50000      0.25000      0.00018     -0.00036     -0.00015
AL      0.00000      0.75000      0.25000      0.00000      0.00007     -0.00007
AL      0.00000      0.50000      0.50000      0.00000      0.00000      0.00000
AL      0.25000      0.75000      0.50000      0.00018      0.00015      0.00036
AL      0.25000      0.50000      0.75000      0.00018      0.00036      0.00015
AL      0.00000      0.75000      0.75000      0.00000      0.00014      0.00014
AL      0.50000      0.00000      0.00000      0.00000      0.00000      0.00000
AL      0.75000      0.25000     -0.00000     -0.00009      0.00001      0.00034
AL      0.75000     -0.00000      0.25000     -0.00009      0.00034      0.00001
AL      0.50000      0.25000      0.25000      0.00000      0.00002      0.00002
AL      0.50000     -0.00000      0.50000      0.00000      0.00000      0.00000
AL      0.75000      0.25000      0.50000     -0.00018     -0.00015     -0.00036
AL      0.75000     -0.00000      0.75000     -0.00009     -0.00034     -0.00001
AL      0.50000      0.25000      0.75000     -0.00000     -0.00005      0.00005
AL      0.50000      0.50000      0.00000      0.00000      0.00000      0.00000
AL      0.75000      0.75000     -0.00000     -0.00009     -0.00001     -0.00034
AL      0.75000      0.50000      0.25000     -0.00018     -0.00036     -0.00015
AL      0.50000      0.75000      0.25000     -0.00000      0.00005     -0.00005
AL      0.50000      0.50000      0.50000      0.00000      0.00000      0.00000
AL      0.75000      0.75000      0.50000     -0.00018      0.00015      0.00036
AL      0.75000      0.50000      0.75000     -0.00018      0.00036      0.00015
AL      0.50000      0.75000      0.75000      0.00000     -0.00002     -0.00002
