/* Converted from PWscf output file */ 
#L_UNITS ang 
#E_UNITS eV 
#S_UNITS GPA 
#F_UNITS EV/ANG 
#ALAT 	   8.07532     // a0 
#X 	   1.00000     0.00000     0.00000     // X 
#Y 	   0.00000     1.00000     0.00278     // Y 
#Z 	   0.00000     0.00278     1.00000     // Z 
#SX 	   0.00525     0.00000     0.00000     // SX 
#SY 	   0.00000     0.00846    -0.18871     // SY 
#SZ 	   0.00000    -0.18871     0.00846     // SZ 
#EPA 	  -3.36994     // Energy per Atom 
#RCUT 	6.5        // Rcut 
AL      0.00000      0.00000      0.00000      0.00000      0.00000      0.00000
AL      0.25000      0.25000     -0.00000      0.00017     -0.00006      0.00019
AL      0.25000     -0.00000      0.25000      0.00017      0.00019     -0.00006
AL      0.00000      0.25000      0.25000      0.00000     -0.00019     -0.00019
AL      0.00000     -0.00000      0.50000      0.00000      0.00000      0.00000
AL      0.25000      0.25000      0.50000      0.00025     -0.00021     -0.00022
AL      0.25000     -0.00000      0.75000      0.00017     -0.00019      0.00006
AL      0.00000      0.25000      0.75000      0.00000     -0.00015      0.00015
AL      0.00000      0.50000     -0.00000      0.00000      0.00000      0.00000
AL      0.25000      0.75000     -0.00000      0.00017      0.00006     -0.00019
AL      0.25000      0.50000      0.25000      0.00025     -0.00022     -0.00021
AL      0.00000      0.75000      0.25000      0.00000      0.00015     -0.00015
AL      0.00000      0.50000      0.50000      0.00000      0.00000      0.00000
AL      0.25000      0.75000      0.50000      0.00025      0.00021      0.00022
AL      0.25000      0.50000      0.75000      0.00025      0.00022      0.00021
AL      0.00000      0.75000      0.75000      0.00000      0.00019      0.00019
AL      0.50000      0.00000      0.00000      0.00000      0.00000      0.00000
AL      0.75000      0.25000     -0.00000     -0.00017     -0.00006      0.00019
AL      0.75000     -0.00000      0.25000     -0.00017      0.00019     -0.00006
AL      0.50000      0.25000      0.25000      0.00000     -0.00006     -0.00006
AL      0.50000     -0.00000      0.50000      0.00000      0.00000      0.00000
AL      0.75000      0.25000      0.50000     -0.00025     -0.00021     -0.00022
AL      0.75000     -0.00000      0.75000     -0.00017     -0.00019      0.00006
AL      0.50000      0.25000      0.75000     -0.00000     -0.00012      0.00012
AL      0.50000      0.50000     -0.00000      0.00000      0.00000      0.00000
AL      0.75000      0.75000     -0.00000     -0.00017      0.00006     -0.00019
AL      0.75000      0.50000      0.25000     -0.00025     -0.00022     -0.00021
AL      0.50000      0.75000      0.25000     -0.00000      0.00012     -0.00012
AL      0.50000      0.50000      0.50000      0.00000      0.00000      0.00000
AL      0.75000      0.75000      0.50000     -0.00025      0.00021      0.00022
AL      0.75000      0.50000      0.75000     -0.00025      0.00022      0.00021
AL      0.50000      0.75000      0.75000      0.00000      0.00006      0.00006
