/* Converted from PWscf output file */ 
#L_UNITS ang 
#E_UNITS eV 
#S_UNITS GPA 
#F_UNITS EV/ANG 
#ALAT 	   8.07529     // a0 
#X 	   1.00000     0.00000     0.00000     // X 
#Y 	   0.00000     1.00000     0.00111     // Y 
#Z 	   0.00000     0.00111     1.00000     // Z 
#SX 	   0.00729     0.00000     0.00000     // SX 
#SY 	   0.00000     0.00788    -0.07540     // SY 
#SZ 	   0.00000    -0.07540     0.00788     // SZ 
#EPA 	  -3.36999     // Energy per Atom 
#RCUT 	6.5        // Rcut 
AL      0.00000      0.00000      0.00000      0.00000      0.00000      0.00000
AL      0.25000      0.25000      0.00000     -0.00018      0.00025      0.00025
AL      0.25000      0.00000      0.25000     -0.00018      0.00025      0.00025
AL      0.00000      0.25000      0.25000      0.00000      0.00017      0.00017
AL      0.00000      0.00000      0.50000      0.00000      0.00000      0.00000
AL      0.25000      0.25000      0.50000     -0.00018      0.00008     -0.00026
AL      0.25000      0.00000      0.75000     -0.00018     -0.00025     -0.00025
AL      0.00000      0.25000      0.75000     -0.00000      0.00015     -0.00015
AL      0.00000      0.50000      0.00000      0.00000      0.00000      0.00000
AL      0.25000      0.75000      0.00000     -0.00018     -0.00025     -0.00025
AL      0.25000      0.50000      0.25000     -0.00018     -0.00026      0.00008
AL      0.00000      0.75000      0.25000     -0.00000     -0.00015      0.00015
AL      0.00000      0.50000      0.50000      0.00000      0.00000      0.00000
AL      0.25000      0.75000      0.50000     -0.00018     -0.00008      0.00026
AL      0.25000      0.50000      0.75000     -0.00018      0.00026     -0.00008
AL      0.00000      0.75000      0.75000      0.00000     -0.00017     -0.00017
AL      0.50000      0.00000      0.00000      0.00000      0.00000      0.00000
AL      0.75000      0.25000      0.00000      0.00018      0.00025      0.00025
AL      0.75000      0.00000      0.25000      0.00018      0.00025      0.00025
AL      0.50000      0.25000      0.25000      0.00000      0.00015      0.00015
AL      0.50000      0.00000      0.50000      0.00000      0.00000      0.00000
AL      0.75000      0.25000      0.50000      0.00018      0.00008     -0.00026
AL      0.75000      0.00000      0.75000      0.00018     -0.00025     -0.00025
AL      0.50000      0.25000      0.75000      0.00000      0.00018     -0.00018
AL      0.50000      0.50000      0.00000      0.00000      0.00000      0.00000
AL      0.75000      0.75000      0.00000      0.00018     -0.00025     -0.00025
AL      0.75000      0.50000      0.25000      0.00018     -0.00026      0.00008
AL      0.50000      0.75000      0.25000      0.00000     -0.00018      0.00018
AL      0.50000      0.50000      0.50000      0.00000      0.00000      0.00000
AL      0.75000      0.75000      0.50000      0.00018     -0.00008      0.00026
AL      0.75000      0.50000      0.75000      0.00018      0.00026     -0.00008
AL      0.50000      0.75000      0.75000      0.00000     -0.00015     -0.00015
