/* Converted from PWscf output file */ 
#L_UNITS ang 
#E_UNITS eV 
#S_UNITS GPA 
#F_UNITS EV/ANG 
#ALAT 	   8.07531     // a0 
#X 	   1.00000     0.00000     0.00222     // X 
#Y 	   0.00000     1.00000     0.00000     // Y 
#Z 	   0.00222     0.00000     1.00000     // Z 
#SX 	   0.00933     0.00000    -0.15094     // SX 
#SY 	   0.00000     0.00744     0.00000     // SY 
#SZ 	  -0.15094     0.00000     0.00933     // SZ 
#EPA 	  -3.36996     // Energy per Atom 
#RCUT 	6.5        // Rcut 
AL      0.00000      0.00000      0.00000      0.00000      0.00000      0.00000
AL      0.25000      0.25000      0.00000     -0.00008      0.00003     -0.00008
AL      0.25000      0.00000      0.25000     -0.00001      0.00000     -0.00001
AL      0.00000      0.25000      0.25000     -0.00008      0.00003     -0.00008
AL      0.00000      0.00000      0.50000      0.00000      0.00000      0.00000
AL      0.25000      0.25000      0.50000      0.00004     -0.00005      0.00014
AL      0.25000      0.00000      0.75000      0.00005     -0.00000     -0.00005
AL      0.00000      0.25000      0.75000      0.00008      0.00003      0.00008
AL      0.00000      0.50000      0.00000      0.00000      0.00000      0.00000
AL      0.25000      0.75000      0.00000     -0.00008     -0.00003     -0.00008
AL      0.25000      0.50000      0.25000     -0.00012      0.00000     -0.00012
AL      0.00000      0.75000      0.25000     -0.00008     -0.00003     -0.00008
AL      0.00000      0.50000      0.50000      0.00000      0.00000      0.00000
AL      0.25000      0.75000      0.50000      0.00004      0.00005      0.00014
AL      0.25000      0.50000      0.75000     -0.00006      0.00000      0.00006
AL      0.00000      0.75000      0.75000      0.00008     -0.00003      0.00008
AL      0.50000      0.00000      0.00000      0.00000      0.00000      0.00000
AL      0.75000      0.25000      0.00000      0.00008      0.00003      0.00008
AL      0.75000      0.00000      0.25000     -0.00005     -0.00000      0.00005
AL      0.50000      0.25000      0.25000      0.00014     -0.00005      0.00004
AL      0.50000      0.00000      0.50000      0.00000      0.00000      0.00000
AL      0.75000      0.25000      0.50000     -0.00004     -0.00005     -0.00014
AL      0.75000      0.00000      0.75000      0.00001      0.00000      0.00001
AL      0.50000      0.25000      0.75000     -0.00014     -0.00005     -0.00004
AL      0.50000      0.50000      0.00000      0.00000      0.00000      0.00000
AL      0.75000      0.75000      0.00000      0.00008     -0.00003      0.00008
AL      0.75000      0.50000      0.25000      0.00006      0.00000     -0.00006
AL      0.50000      0.75000      0.25000      0.00014      0.00005      0.00004
AL      0.50000      0.50000      0.50000      0.00000      0.00000      0.00000
AL      0.75000      0.75000      0.50000     -0.00004      0.00005     -0.00014
AL      0.75000      0.50000      0.75000      0.00012      0.00000      0.00012
AL      0.50000      0.75000      0.75000     -0.00014      0.00005     -0.00004
