/* Converted from PWscf output file */ 
#L_UNITS ang 
#E_UNITS eV 
#S_UNITS GPA 
#F_UNITS EV/ANG 
#ALAT 	   8.07529     // a0 
#X 	   1.00000     0.00111     0.00000     // X 
#Y 	   0.00111     1.00000     0.00000     // Y 
#Z 	   0.00000     0.00000     1.00000     // Z 
#SX 	   0.00802    -0.07540     0.00000     // SX 
#SY 	  -0.07540     0.00802     0.00000     // SY 
#SZ 	   0.00000     0.00000     0.00758     // SZ 
#EPA 	  -3.36999     // Energy per Atom 
#RCUT 	6.5        // Rcut 
AL      0.00000      0.00000      0.00000      0.00000      0.00000      0.00000
AL      0.25000      0.25000      0.00000      0.00042      0.00042      0.00000
AL      0.25000      0.00000      0.25000      0.00012     -0.00030     -0.00005
AL      0.00000      0.25000      0.25000     -0.00030      0.00012     -0.00005
AL      0.00000      0.00000      0.50000      0.00000      0.00000      0.00000
AL      0.25000      0.25000      0.50000      0.00005      0.00005      0.00000
AL      0.25000      0.00000      0.75000      0.00012     -0.00030      0.00005
AL      0.00000      0.25000      0.75000     -0.00030      0.00012      0.00005
AL      0.00000      0.50000      0.00000      0.00000      0.00000      0.00000
AL      0.25000      0.75000      0.00000      0.00032     -0.00032      0.00000
AL      0.25000      0.50000      0.25000      0.00040      0.00025     -0.00033
AL      0.00000      0.75000      0.25000      0.00030     -0.00012     -0.00005
AL      0.00000      0.50000      0.50000      0.00000      0.00000      0.00000
AL      0.25000      0.75000      0.50000      0.00012     -0.00012      0.00000
AL      0.25000      0.50000      0.75000      0.00040      0.00025      0.00033
AL      0.00000      0.75000      0.75000      0.00030     -0.00012      0.00005
AL      0.50000      0.00000      0.00000      0.00000      0.00000      0.00000
AL      0.75000      0.25000      0.00000     -0.00032      0.00032      0.00000
AL      0.75000      0.00000      0.25000     -0.00012      0.00030     -0.00005
AL      0.50000      0.25000      0.25000      0.00025      0.00040     -0.00033
AL      0.50000      0.00000      0.50000      0.00000      0.00000      0.00000
AL      0.75000      0.25000      0.50000     -0.00012      0.00012      0.00000
AL      0.75000      0.00000      0.75000     -0.00012      0.00030      0.00005
AL      0.50000      0.25000      0.75000      0.00025      0.00040      0.00033
AL      0.50000      0.50000      0.00000      0.00000      0.00000      0.00000
AL      0.75000      0.75000      0.00000     -0.00042     -0.00042      0.00000
AL      0.75000      0.50000      0.25000     -0.00040     -0.00025     -0.00033
AL      0.50000      0.75000      0.25000     -0.00025     -0.00040     -0.00033
AL      0.50000      0.50000      0.50000      0.00000      0.00000      0.00000
AL      0.75000      0.75000      0.50000     -0.00005     -0.00005      0.00000
AL      0.75000      0.50000      0.75000     -0.00040     -0.00025      0.00033
AL      0.50000      0.75000      0.75000     -0.00025     -0.00040      0.00033
