/* Converted from PWscf output file */ 
#L_UNITS ang 
#E_UNITS eV 
#S_UNITS GPA 
#F_UNITS EV/ANG 
#ALAT 	   8.07530     // a0 
#X 	   1.00000     0.00167     0.00000     // X 
#Y 	   0.00167     1.00000     0.00000     // Y 
#Z 	   0.00000     0.00000     1.00000     // Z 
#SX 	   0.00817    -0.11317     0.00000     // SX 
#SY 	  -0.11317     0.00817     0.00000     // SY 
#SZ 	   0.00000     0.00000     0.00700     // SZ 
#EPA 	  -3.36998     // Energy per Atom 
#RCUT 	6.5        // Rcut 
AL      0.00000      0.00000      0.00000      0.00000      0.00000      0.00000
AL      0.25000      0.25000      0.00000      0.00034      0.00034      0.00000
AL      0.25000     -0.00000      0.25000      0.00011     -0.00018     -0.00006
AL     -0.00000      0.25000      0.25000     -0.00018      0.00011     -0.00006
AL      0.00000      0.00000      0.50000      0.00000      0.00000      0.00000
AL      0.25000      0.25000      0.50000      0.00007      0.00007      0.00000
AL      0.25000     -0.00000      0.75000      0.00011     -0.00018      0.00006
AL     -0.00000      0.25000      0.75000     -0.00018      0.00011      0.00006
AL     -0.00000      0.50000      0.00000      0.00000      0.00000      0.00000
AL      0.25000      0.75000      0.00000      0.00024     -0.00024      0.00000
AL      0.25000      0.50000      0.25000      0.00029      0.00012     -0.00023
AL     -0.00000      0.75000      0.25000      0.00018     -0.00011     -0.00006
AL     -0.00000      0.50000      0.50000      0.00000      0.00000      0.00000
AL      0.25000      0.75000      0.50000      0.00011     -0.00011     -0.00000
AL      0.25000      0.50000      0.75000      0.00029      0.00012      0.00023
AL     -0.00000      0.75000      0.75000      0.00018     -0.00011      0.00006
AL      0.50000     -0.00000      0.00000      0.00000      0.00000      0.00000
AL      0.75000      0.25000      0.00000     -0.00024      0.00024      0.00000
AL      0.75000     -0.00000      0.25000     -0.00011      0.00018     -0.00006
AL      0.50000      0.25000      0.25000      0.00012      0.00029     -0.00023
AL      0.50000     -0.00000      0.50000      0.00000      0.00000      0.00000
AL      0.75000      0.25000      0.50000     -0.00011      0.00011     -0.00000
AL      0.75000     -0.00000      0.75000     -0.00011      0.00018      0.00006
AL      0.50000      0.25000      0.75000      0.00012      0.00029      0.00023
AL      0.50000      0.50000      0.00000      0.00000      0.00000      0.00000
AL      0.75000      0.75000      0.00000     -0.00034     -0.00034      0.00000
AL      0.75000      0.50000      0.25000     -0.00029     -0.00012     -0.00023
AL      0.50000      0.75000      0.25000     -0.00012     -0.00029     -0.00023
AL      0.50000      0.50000      0.50000      0.00000      0.00000      0.00000
AL      0.75000      0.75000      0.50000     -0.00007     -0.00007      0.00000
AL      0.75000      0.50000      0.75000     -0.00029     -0.00012      0.00023
AL      0.50000      0.75000      0.75000     -0.00012     -0.00029      0.00023
