/* Converted from PWscf output file */ 
#L_UNITS ang 
#E_UNITS eV 
#S_UNITS GPA 
#F_UNITS EV/ANG 
#ALAT 	   8.11123     // a0 
#X 	   1.00000     0.00000     0.00000     // X 
#Y 	   0.00000     0.99115     0.00000     // Y 
#Z 	   0.00000     0.00000     0.99558     // Z 
#SX 	  -0.22342     0.00000     0.00000     // SX 
#SY 	   0.00000     0.24836     0.00000     // SY 
#SZ 	   0.00000     0.00000     0.01342     // SZ 
#EPA 	  -3.36989     // Energy per Atom 
#RCUT 	6.5        // Rcut 
AL      0.00000      0.00000      0.00000      0.00000      0.00000      0.00000
AL      0.25000      0.25000      0.00000     -0.00025      0.00062      0.00000
AL      0.25000      0.00000      0.25000     -0.00023      0.00000     -0.00000
AL      0.00000      0.25000      0.25000      0.00000      0.00059     -0.00017
AL      0.00000      0.00000      0.50000      0.00000      0.00000      0.00000
AL      0.25000      0.25000      0.50000     -0.00024      0.00047      0.00000
AL      0.25000      0.00000      0.75000     -0.00023     -0.00000      0.00000
AL      0.00000      0.25000      0.75000      0.00000      0.00059      0.00017
AL      0.00000      0.50000      0.00000      0.00000      0.00000      0.00000
AL      0.25000      0.75000      0.00000     -0.00025     -0.00062      0.00000
AL      0.25000      0.50000      0.25000     -0.00030     -0.00000     -0.00022
AL      0.00000      0.75000      0.25000      0.00000     -0.00059     -0.00017
AL      0.00000      0.50000      0.50000      0.00000      0.00000      0.00000
AL      0.25000      0.75000      0.50000     -0.00024     -0.00047     -0.00000
AL      0.25000      0.50000      0.75000     -0.00030      0.00000      0.00022
AL      0.00000      0.75000      0.75000      0.00000     -0.00059      0.00017
AL      0.50000      0.00000      0.00000      0.00000      0.00000      0.00000
AL      0.75000      0.25000      0.00000      0.00025      0.00062      0.00000
AL      0.75000      0.00000      0.25000      0.00023     -0.00000     -0.00000
AL      0.50000      0.25000      0.25000     -0.00000      0.00049     -0.00006
AL      0.50000      0.00000      0.50000      0.00000      0.00000      0.00000
AL      0.75000      0.25000      0.50000      0.00024      0.00047     -0.00000
AL      0.75000      0.00000      0.75000      0.00023      0.00000      0.00000
AL      0.50000      0.25000      0.75000      0.00000      0.00049      0.00006
AL      0.50000      0.50000      0.00000      0.00000      0.00000      0.00000
AL      0.75000      0.75000      0.00000      0.00025     -0.00062      0.00000
AL      0.75000      0.50000      0.25000      0.00030      0.00000     -0.00022
AL      0.50000      0.75000      0.25000      0.00000     -0.00049     -0.00006
AL      0.50000      0.50000      0.50000      0.00000      0.00000      0.00000
AL      0.75000      0.75000      0.50000      0.00024     -0.00047      0.00000
AL      0.75000      0.50000      0.75000      0.00030     -0.00000      0.00022
AL      0.50000      0.75000      0.75000     -0.00000     -0.00049      0.00006
