/* Converted from PWscf output file */ 
#L_UNITS ang 
#E_UNITS eV 
#S_UNITS GPA 
#F_UNITS EV/ANG 
#ALAT 	   8.07978     // a0 
#X 	   1.00000     0.00000     0.00000     // X 
#Y 	   0.00000     0.99889     0.00000     // Y 
#Z 	   0.00000     0.00000     0.99944     // Z 
#SX 	  -0.02129     0.00000     0.00000     // SX 
#SY 	   0.00000     0.03675     0.00000     // SY 
#SZ 	   0.00000     0.00000     0.00802     // SZ 
#EPA 	  -3.36999     // Energy per Atom 
#RCUT 	6.5        // Rcut 
AL      0.00000      0.00000      0.00000      0.00000      0.00000      0.00000
AL      0.25000      0.25000      0.00000     -0.00007      0.00016      0.00000
AL      0.25000      0.00000      0.25000     -0.00004      0.00000      0.00003
AL      0.00000      0.25000      0.25000      0.00000      0.00020     -0.00011
AL      0.00000      0.00000      0.50000      0.00000      0.00000      0.00000
AL      0.25000      0.25000      0.50000     -0.00005      0.00007      0.00000
AL      0.25000      0.00000      0.75000     -0.00004      0.00000     -0.00003
AL      0.00000      0.25000      0.75000     -0.00000      0.00020      0.00011
AL      0.00000      0.50000      0.00000      0.00000      0.00000      0.00000
AL      0.25000      0.75000      0.00000     -0.00007     -0.00016      0.00000
AL      0.25000      0.50000      0.25000     -0.00017      0.00000     -0.00010
AL      0.00000      0.75000      0.25000     -0.00000     -0.00020     -0.00011
AL      0.00000      0.50000      0.50000      0.00000      0.00000      0.00000
AL      0.25000      0.75000      0.50000     -0.00005     -0.00007      0.00000
AL      0.25000      0.50000      0.75000     -0.00017      0.00000      0.00010
AL      0.00000      0.75000      0.75000      0.00000     -0.00020      0.00011
AL      0.50000      0.00000      0.00000      0.00000      0.00000      0.00000
AL      0.75000      0.25000      0.00000      0.00007      0.00016      0.00000
AL      0.75000      0.00000      0.25000      0.00004      0.00000      0.00003
AL      0.50000      0.25000      0.25000      0.00000      0.00005     -0.00000
AL      0.50000      0.00000      0.50000      0.00000      0.00000      0.00000
AL      0.75000      0.25000      0.50000      0.00005      0.00007      0.00000
AL      0.75000      0.00000      0.75000      0.00004      0.00000     -0.00003
AL      0.50000      0.25000      0.75000      0.00000      0.00005      0.00000
AL      0.50000      0.50000      0.00000      0.00000      0.00000      0.00000
AL      0.75000      0.75000      0.00000      0.00007     -0.00016      0.00000
AL      0.75000      0.50000      0.25000      0.00017      0.00000     -0.00010
AL      0.50000      0.75000      0.25000      0.00000     -0.00005     -0.00000
AL      0.50000      0.50000      0.50000      0.00000      0.00000      0.00000
AL      0.75000      0.75000      0.50000      0.00005     -0.00007      0.00000
AL      0.75000      0.50000      0.75000      0.00017     -0.00000      0.00010
AL      0.50000      0.75000      0.75000     -0.00000     -0.00005      0.00000
