/* Converted from PWscf output file */ 
#L_UNITS ang 
#E_UNITS eV 
#S_UNITS GPA 
#F_UNITS EV/ANG 
#ALAT 	   8.10674     // a0 
#X 	   1.00000     0.00000     0.00000     // X 
#Y 	   0.00000     0.99225     0.00000     // Y 
#Z 	   0.00000     0.00000     0.99613     // Z 
#SX 	  -0.19484     0.00000     0.00000     // SX 
#SY 	   0.00000     0.21788     0.00000     // SY 
#SZ 	   0.00000     0.00000     0.01225     // SZ 
#EPA 	  -3.36991     // Energy per Atom 
#RCUT 	6.5        // Rcut 
AL      0.00000      0.00000      0.00000      0.00000      0.00000      0.00000
AL      0.25000      0.25000      0.00000     -0.00018      0.00046      0.00000
AL      0.25000      0.00000      0.25000     -0.00012      0.00000     -0.00000
AL      0.00000      0.25000      0.25000      0.00000      0.00048     -0.00015
AL      0.00000      0.00000      0.50000      0.00000      0.00000      0.00000
AL      0.25000      0.25000      0.50000     -0.00015      0.00037     -0.00000
AL      0.25000      0.00000      0.75000     -0.00012      0.00000      0.00000
AL      0.00000      0.25000      0.75000      0.00000      0.00048      0.00015
AL      0.00000      0.50000      0.00000      0.00000      0.00000      0.00000
AL      0.25000      0.75000      0.00000     -0.00018     -0.00046     -0.00000
AL      0.25000      0.50000      0.25000     -0.00025      0.00000     -0.00017
AL      0.00000      0.75000      0.25000      0.00000     -0.00048     -0.00015
AL      0.00000      0.50000      0.50000      0.00000      0.00000      0.00000
AL      0.25000      0.75000      0.50000     -0.00015     -0.00037      0.00000
AL      0.25000      0.50000      0.75000     -0.00025      0.00000      0.00017
AL      0.00000      0.75000      0.75000     -0.00000     -0.00048      0.00015
AL      0.50000      0.00000      0.00000      0.00000      0.00000      0.00000
AL      0.75000      0.25000      0.00000      0.00018      0.00046     -0.00000
AL      0.75000      0.00000      0.25000      0.00012     -0.00000     -0.00000
AL      0.50000      0.25000      0.25000      0.00000      0.00033     -0.00004
AL      0.50000      0.00000      0.50000      0.00000      0.00000      0.00000
AL      0.75000      0.25000      0.50000      0.00015      0.00037      0.00000
AL      0.75000      0.00000      0.75000      0.00012      0.00000      0.00000
AL      0.50000      0.25000      0.75000     -0.00000      0.00033      0.00004
AL      0.50000      0.50000      0.00000      0.00000      0.00000      0.00000
AL      0.75000      0.75000      0.00000      0.00018     -0.00046      0.00000
AL      0.75000      0.50000      0.25000      0.00025      0.00000     -0.00017
AL      0.50000      0.75000      0.25000      0.00000     -0.00033     -0.00004
AL      0.50000      0.50000      0.50000      0.00000      0.00000      0.00000
AL      0.75000      0.75000      0.50000      0.00015     -0.00037     -0.00000
AL      0.75000      0.50000      0.75000      0.00025     -0.00000      0.00017
AL      0.50000      0.75000      0.75000      0.00000     -0.00033      0.00004
