/* Converted from PWscf output file */ 
#L_UNITS ang 
#E_UNITS eV 
#S_UNITS GPA 
#F_UNITS EV/ANG 
#ALAT 	   8.11123     // a0 
#X 	   1.00000     0.00000     0.00000     // X 
#Y 	   0.00000     0.99558     0.00000     // Y 
#Z 	   0.00000     0.00000     0.99115     // Z 
#SX 	  -0.22327     0.00000     0.00000     // SX 
#SY 	   0.00000     0.01356     0.00000     // SY 
#SZ 	   0.00000     0.00000     0.24850     // SZ 
#EPA 	  -3.36989     // Energy per Atom 
#RCUT 	6.5        // Rcut 
AL      0.00000      0.00000      0.00000      0.00000      0.00000      0.00000
AL      0.25000      0.25000      0.00000     -0.00024      0.00055      0.00000
AL      0.25000      0.00000      0.25000     -0.00020     -0.00000     -0.00001
AL      0.00000      0.25000      0.25000      0.00000      0.00058     -0.00015
AL      0.00000      0.00000      0.50000      0.00000      0.00000      0.00000
AL      0.25000      0.25000      0.50000     -0.00024      0.00047      0.00000
AL      0.25000      0.00000      0.75000     -0.00020      0.00000      0.00001
AL      0.00000      0.25000      0.75000     -0.00000      0.00058      0.00015
AL      0.00000      0.50000      0.00000      0.00000      0.00000      0.00000
AL      0.25000      0.75000      0.00000     -0.00024     -0.00055     -0.00000
AL      0.25000      0.50000      0.25000     -0.00030      0.00000     -0.00018
AL      0.00000      0.75000      0.25000     -0.00000     -0.00058     -0.00015
AL      0.00000      0.50000      0.50000      0.00000      0.00000      0.00000
AL      0.25000      0.75000      0.50000     -0.00024     -0.00047      0.00000
AL      0.25000      0.50000      0.75000     -0.00030      0.00000      0.00018
AL      0.00000      0.75000      0.75000      0.00000     -0.00058      0.00015
AL      0.50000      0.00000      0.00000      0.00000      0.00000      0.00000
AL      0.75000      0.25000      0.00000      0.00024      0.00055     -0.00000
AL      0.75000      0.00000      0.25000      0.00020      0.00000     -0.00001
AL      0.50000      0.25000      0.25000     -0.00000      0.00043     -0.00004
AL      0.50000      0.00000      0.50000      0.00000      0.00000      0.00000
AL      0.75000      0.25000      0.50000      0.00024      0.00047      0.00000
AL      0.75000      0.00000      0.75000      0.00020     -0.00000      0.00001
AL      0.50000      0.25000      0.75000      0.00000      0.00043      0.00004
AL      0.50000      0.50000      0.00000      0.00000      0.00000      0.00000
AL      0.75000      0.75000      0.00000      0.00024     -0.00055      0.00000
AL      0.75000      0.50000      0.25000      0.00030      0.00000     -0.00018
AL      0.50000      0.75000      0.25000      0.00000     -0.00043     -0.00004
AL      0.50000      0.50000      0.50000      0.00000      0.00000      0.00000
AL      0.75000      0.75000      0.50000      0.00024     -0.00047      0.00000
AL      0.75000      0.50000      0.75000      0.00030     -0.00000      0.00018
AL      0.50000      0.75000      0.75000     -0.00000     -0.00043      0.00004
