/* Converted from PWscf output file */ 
#L_UNITS ang 
#E_UNITS eV 
#S_UNITS GPA 
#F_UNITS EV/ANG 
#ALAT 	   8.08427     // a0 
#X 	   1.00000     0.00000     0.00000     // X 
#Y 	   0.00000     0.99889     0.00000     // Y 
#Z 	   0.00000     0.00000     0.99778     // Z 
#SX 	  -0.05061     0.00000     0.00000     // SX 
#SY 	   0.00000     0.00831     0.00000     // SY 
#SZ 	   0.00000     0.00000     0.06650     // SZ 
#EPA 	  -3.36999     // Energy per Atom 
#RCUT 	6.5        // Rcut 
AL      0.00000      0.00000      0.00000      0.00000      0.00000      0.00000
AL      0.25000      0.25000      0.00000     -0.00009      0.00023     -0.00000
AL      0.25000      0.00000      0.25000     -0.00004      0.00000      0.00003
AL      0.00000      0.25000      0.25000      0.00000      0.00027     -0.00011
AL      0.00000      0.00000      0.50000      0.00000      0.00000      0.00000
AL      0.25000      0.25000      0.50000     -0.00007      0.00013     -0.00000
AL      0.25000      0.00000      0.75000     -0.00004      0.00000     -0.00003
AL      0.00000      0.25000      0.75000      0.00000      0.00027      0.00011
AL      0.00000      0.50000      0.00000      0.00000      0.00000      0.00000
AL      0.25000      0.75000      0.00000     -0.00009     -0.00023      0.00000
AL      0.25000      0.50000      0.25000     -0.00021     -0.00000     -0.00012
AL      0.00000      0.75000      0.25000      0.00000     -0.00027     -0.00011
AL      0.00000      0.50000      0.50000      0.00000      0.00000      0.00000
AL      0.25000      0.75000      0.50000     -0.00007     -0.00013      0.00000
AL      0.25000      0.50000      0.75000     -0.00021      0.00000      0.00012
AL      0.00000      0.75000      0.75000     -0.00000     -0.00027      0.00011
AL      0.50000      0.00000      0.00000      0.00000      0.00000      0.00000
AL      0.75000      0.25000      0.00000      0.00009      0.00023      0.00000
AL      0.75000      0.00000      0.25000      0.00004      0.00000      0.00003
AL      0.50000      0.25000      0.25000      0.00000      0.00008     -0.00000
AL      0.50000      0.00000      0.50000      0.00000      0.00000      0.00000
AL      0.75000      0.25000      0.50000      0.00007      0.00013      0.00000
AL      0.75000      0.00000      0.75000      0.00004      0.00000     -0.00003
AL      0.50000      0.25000      0.75000      0.00000      0.00008      0.00000
AL      0.50000      0.50000      0.00000      0.00000      0.00000      0.00000
AL      0.75000      0.75000      0.00000      0.00009     -0.00023     -0.00000
AL      0.75000      0.50000      0.25000      0.00021      0.00000     -0.00012
AL      0.50000      0.75000      0.25000      0.00000     -0.00008     -0.00000
AL      0.50000      0.50000      0.50000      0.00000      0.00000      0.00000
AL      0.75000      0.75000      0.50000      0.00007     -0.00013     -0.00000
AL      0.75000      0.50000      0.75000      0.00021     -0.00000      0.00012
AL      0.50000      0.75000      0.75000      0.00000     -0.00008      0.00000
