/* Converted from PWscf output file */ 
#L_UNITS ang 
#E_UNITS eV 
#S_UNITS GPA 
#F_UNITS EV/ANG 
#ALAT 	   8.09774     // a0 
#X 	   1.00000     0.00000     0.00000     // X 
#Y 	   0.00000     0.99723     0.00000     // Y 
#Z 	   0.00000     0.00000     0.99446     // Z 
#SX 	  -0.13723     0.00000     0.00000     // SX 
#SY 	   0.00000     0.01050     0.00000     // SY 
#SZ 	   0.00000     0.00000     0.15736     // SZ 
#EPA 	  -3.36995     // Energy per Atom 
#RCUT 	6.5        // Rcut 
AL      0.00000      0.00000      0.00000      0.00000      0.00000      0.00000
AL      0.25000      0.25000      0.00000     -0.00032      0.00091      0.00000
AL      0.25000      0.00000      0.25000     -0.00037      0.00000      0.00004
AL      0.00000      0.25000      0.25000      0.00000      0.00073     -0.00015
AL      0.00000      0.00000      0.50000      0.00000      0.00000      0.00000
AL      0.25000      0.25000      0.50000     -0.00039      0.00061      0.00000
AL      0.25000      0.00000      0.75000     -0.00037      0.00000     -0.00004
AL      0.00000      0.25000      0.75000      0.00000      0.00073      0.00015
AL      0.00000      0.50000      0.00000      0.00000      0.00000      0.00000
AL      0.25000      0.75000      0.00000     -0.00032     -0.00091      0.00000
AL      0.25000      0.50000      0.25000     -0.00034     -0.00000     -0.00032
AL      0.00000      0.75000      0.25000      0.00000     -0.00073     -0.00015
AL      0.00000      0.50000      0.50000      0.00000      0.00000      0.00000
AL      0.25000      0.75000      0.50000     -0.00039     -0.00061     -0.00000
AL      0.25000      0.50000      0.75000     -0.00034      0.00000      0.00032
AL      0.00000      0.75000      0.75000      0.00000     -0.00073      0.00015
AL      0.50000      0.00000      0.00000      0.00000      0.00000      0.00000
AL      0.75000      0.25000      0.00000      0.00032      0.00091      0.00000
AL      0.75000      0.00000      0.25000      0.00037      0.00000      0.00004
AL      0.50000      0.25000      0.25000      0.00000      0.00079     -0.00013
AL      0.50000      0.00000      0.50000      0.00000      0.00000      0.00000
AL      0.75000      0.25000      0.50000      0.00039      0.00061     -0.00000
AL      0.75000      0.00000      0.75000      0.00037     -0.00000     -0.00004
AL      0.50000      0.25000      0.75000     -0.00000      0.00079      0.00013
AL      0.50000      0.50000      0.00000      0.00000      0.00000      0.00000
AL      0.75000      0.75000      0.00000      0.00032     -0.00091      0.00000
AL      0.75000      0.50000      0.25000      0.00034      0.00000     -0.00032
AL      0.50000      0.75000      0.25000      0.00000     -0.00079     -0.00013
AL      0.50000      0.50000      0.50000      0.00000      0.00000      0.00000
AL      0.75000      0.75000      0.50000      0.00039     -0.00061      0.00000
AL      0.75000      0.50000      0.75000      0.00034     -0.00000      0.00032
AL      0.50000      0.75000      0.75000      0.00000     -0.00079      0.00013
