/* Converted from PWscf output file */ 
#L_UNITS ang 
#E_UNITS eV 
#S_UNITS GPA 
#F_UNITS EV/ANG 
#ALAT 	   8.07530     // a0 
#X 	   1.00000     0.00000     0.00000     // X 
#Y 	   0.00000     1.00167     0.00000     // Y 
#Z 	   0.00000     0.00000     0.99833     // Z 
#SX 	   0.00933     0.00000     0.00000     // SX 
#SY 	   0.00000    -0.07933     0.00000     // SY 
#SZ 	   0.00000     0.00000     0.09698     // SZ 
#EPA 	  -3.36998     // Energy per Atom 
#RCUT 	6.5        // Rcut 
AL      0.00000      0.00000      0.00000      0.00000      0.00000      0.00000
AL      0.25000      0.25000      0.00000     -0.00022      0.00060      0.00000
AL      0.25000      0.00000      0.25000     -0.00019     -0.00000      0.00000
AL      0.00000      0.25000      0.25000     -0.00000      0.00056     -0.00017
AL      0.00000      0.00000      0.50000      0.00000      0.00000      0.00000
AL      0.25000      0.25000      0.50000     -0.00020      0.00045     -0.00000
AL      0.25000      0.00000      0.75000     -0.00019      0.00000     -0.00000
AL      0.00000      0.25000      0.75000      0.00000      0.00056      0.00017
AL      0.00000      0.50000      0.00000      0.00000      0.00000      0.00000
AL      0.25000      0.75000      0.00000     -0.00022     -0.00060      0.00000
AL      0.25000      0.50000      0.25000     -0.00027      0.00000     -0.00023
AL      0.00000      0.75000      0.25000      0.00000     -0.00056     -0.00017
AL      0.00000      0.50000      0.50000      0.00000      0.00000      0.00000
AL      0.25000      0.75000      0.50000     -0.00020     -0.00045      0.00000
AL      0.25000      0.50000      0.75000     -0.00027      0.00000      0.00023
AL      0.00000      0.75000      0.75000      0.00000     -0.00056      0.00017
AL      0.50000      0.00000      0.00000      0.00000      0.00000      0.00000
AL      0.75000      0.25000      0.00000      0.00022      0.00060      0.00000
AL      0.75000      0.00000      0.25000      0.00019      0.00000      0.00000
AL      0.50000      0.25000      0.25000      0.00000      0.00047     -0.00006
AL      0.50000      0.00000      0.50000      0.00000      0.00000      0.00000
AL      0.75000      0.25000      0.50000      0.00020      0.00045      0.00000
AL      0.75000      0.00000      0.75000      0.00019     -0.00000     -0.00000
AL      0.50000      0.25000      0.75000      0.00000      0.00047      0.00006
AL      0.50000      0.50000      0.00000      0.00000      0.00000      0.00000
AL      0.75000      0.75000      0.00000      0.00022     -0.00060      0.00000
AL      0.75000      0.50000      0.25000      0.00027      0.00000     -0.00023
AL      0.50000      0.75000      0.25000      0.00000     -0.00047     -0.00006
AL      0.50000      0.50000      0.50000      0.00000      0.00000      0.00000
AL      0.75000      0.75000      0.50000      0.00020     -0.00045     -0.00000
AL      0.75000      0.50000      0.75000      0.00027      0.00000      0.00023
AL      0.50000      0.75000      0.75000     -0.00000     -0.00047      0.00006
