/* Converted from PWscf output file */ 
#L_UNITS ang 
#E_UNITS eV 
#S_UNITS GPA 
#F_UNITS EV/ANG 
#ALAT 	   8.07531     // a0 
#X 	   1.00000     0.00000     0.00000     // X 
#Y 	   0.00000     1.00222     0.00000     // Y 
#Z 	   0.00000     0.00000     0.99778     // Z 
#SX 	   0.00963     0.00000     0.00000     // SX 
#SY 	   0.00000    -0.10865     0.00000     // SY 
#SZ 	   0.00000     0.00000     0.12688     // SZ 
#EPA 	  -3.36997     // Energy per Atom 
#RCUT 	6.5        // Rcut 
AL      0.00000      0.00000      0.00000      0.00000      0.00000      0.00000
AL      0.25000      0.25000      0.00000     -0.00022      0.00065      0.00000
AL      0.25000      0.00000      0.25000     -0.00023      0.00000      0.00003
AL      0.00000      0.25000      0.25000     -0.00000      0.00055     -0.00017
AL      0.00000      0.00000      0.50000      0.00000      0.00000      0.00000
AL      0.25000      0.25000      0.50000     -0.00024      0.00041      0.00000
AL      0.25000      0.00000      0.75000     -0.00023     -0.00000     -0.00003
AL      0.00000      0.25000      0.75000      0.00000      0.00055      0.00017
AL      0.00000      0.50000      0.00000      0.00000      0.00000      0.00000
AL      0.25000      0.75000      0.00000     -0.00022     -0.00065      0.00000
AL      0.25000      0.50000      0.25000     -0.00028     -0.00000     -0.00029
AL      0.00000      0.75000      0.25000      0.00000     -0.00055     -0.00017
AL      0.00000      0.50000      0.50000      0.00000      0.00000      0.00000
AL      0.25000      0.75000      0.50000     -0.00024     -0.00041      0.00000
AL      0.25000      0.50000      0.75000     -0.00028      0.00000      0.00029
AL      0.00000      0.75000      0.75000      0.00000     -0.00055      0.00017
AL      0.50000      0.00000      0.00000      0.00000      0.00000      0.00000
AL      0.75000      0.25000      0.00000      0.00022      0.00065      0.00000
AL      0.75000      0.00000      0.25000      0.00023     -0.00000      0.00003
AL      0.50000      0.25000      0.25000     -0.00000      0.00050     -0.00008
AL      0.50000      0.00000      0.50000      0.00000      0.00000      0.00000
AL      0.75000      0.25000      0.50000      0.00024      0.00041      0.00000
AL      0.75000      0.00000      0.75000      0.00023      0.00000     -0.00003
AL      0.50000      0.25000      0.75000      0.00000      0.00050      0.00008
AL      0.50000      0.50000      0.00000      0.00000      0.00000      0.00000
AL      0.75000      0.75000      0.00000      0.00022     -0.00065      0.00000
AL      0.75000      0.50000      0.25000      0.00028      0.00000     -0.00029
AL      0.50000      0.75000      0.25000      0.00000     -0.00050     -0.00008
AL      0.50000      0.50000      0.50000      0.00000      0.00000      0.00000
AL      0.75000      0.75000      0.50000      0.00024     -0.00041      0.00000
AL      0.75000      0.50000      0.75000      0.00028     -0.00000      0.00029
AL      0.50000      0.75000      0.75000     -0.00000     -0.00050      0.00008
