/* Converted from PWscf output file */ 
#L_UNITS ang 
#E_UNITS eV 
#S_UNITS GPA 
#F_UNITS EV/ANG 
#ALAT 	   8.07532     // a0 
#X 	   1.00000     0.00000     0.00000     // X 
#Y 	   0.00000     1.00278     0.00000     // Y 
#Z 	   0.00000     0.00000     0.99722     // Z 
#SX 	   0.01021     0.00000     0.00000     // SX 
#SY 	   0.00000    -0.13767     0.00000     // SY 
#SZ 	   0.00000     0.00000     0.15692     // SZ 
#EPA 	  -3.36995     // Energy per Atom 
#RCUT 	6.5        // Rcut 
AL      0.00000      0.00000      0.00000      0.00000      0.00000      0.00000
AL      0.25000      0.25000      0.00000     -0.00016      0.00046      0.00000
AL      0.25000      0.00000      0.25000     -0.00011     -0.00000      0.00001
AL      0.00000      0.25000      0.25000     -0.00000      0.00047     -0.00014
AL      0.00000      0.00000      0.50000      0.00000      0.00000      0.00000
AL      0.25000      0.25000      0.50000     -0.00015      0.00035     -0.00000
AL      0.25000      0.00000      0.75000     -0.00011      0.00000     -0.00001
AL      0.00000      0.25000      0.75000      0.00000      0.00047      0.00014
AL      0.00000      0.50000      0.00000      0.00000      0.00000      0.00000
AL      0.25000      0.75000      0.00000     -0.00016     -0.00046      0.00000
AL      0.25000      0.50000      0.25000     -0.00025      0.00000     -0.00018
AL      0.00000      0.75000      0.25000      0.00000     -0.00047     -0.00014
AL      0.00000      0.50000      0.50000      0.00000      0.00000      0.00000
AL      0.25000      0.75000      0.50000     -0.00015     -0.00035      0.00000
AL      0.25000      0.50000      0.75000     -0.00025      0.00000      0.00018
AL      0.00000      0.75000      0.75000      0.00000     -0.00047      0.00014
AL      0.50000      0.00000      0.00000      0.00000      0.00000      0.00000
AL      0.75000      0.25000      0.00000      0.00016      0.00046      0.00000
AL      0.75000      0.00000      0.25000      0.00011      0.00000      0.00001
AL      0.50000      0.25000      0.25000     -0.00000      0.00032     -0.00003
AL      0.50000      0.00000      0.50000      0.00000      0.00000      0.00000
AL      0.75000      0.25000      0.50000      0.00015      0.00035      0.00000
AL      0.75000      0.00000      0.75000      0.00011      0.00000     -0.00001
AL      0.50000      0.25000      0.75000      0.00000      0.00032      0.00003
AL      0.50000      0.50000      0.00000      0.00000      0.00000      0.00000
AL      0.75000      0.75000      0.00000      0.00016     -0.00046      0.00000
AL      0.75000      0.50000      0.25000      0.00025      0.00000     -0.00018
AL      0.50000      0.75000      0.25000      0.00000     -0.00032     -0.00003
AL      0.50000      0.50000      0.50000      0.00000      0.00000      0.00000
AL      0.75000      0.75000      0.50000      0.00015     -0.00035     -0.00000
AL      0.75000      0.50000      0.75000      0.00025     -0.00000      0.00018
AL      0.50000      0.75000      0.75000      0.00000     -0.00032      0.00003
