/* Converted from PWscf output file */ 
#L_UNITS ang 
#E_UNITS eV 
#S_UNITS GPA 
#F_UNITS EV/ANG 
#ALAT 	   8.07566     // a0 
#X 	   1.00000     0.00000     0.00000     // X 
#Y 	   0.00000     1.00000     0.00000     // Y 
#Z 	   0.00000     0.00000     1.00000     // Z 
#SX 	   0.26980     0.01954     0.00160     // SX 
#SY 	   0.01954     0.28584     0.01648     // SY 
#SZ 	   0.00160     0.01648     0.29007     // SZ 
#EPA 	  -3.36101     // Energy per Atom 
#RCUT 	6.5        // Rcut 
AL      0.99842      0.99399      0.00171      0.06946      0.21265     -0.02341
AL      0.24062      0.24858      0.00666      0.27857     -0.01549     -0.33005
AL      0.25108      0.00607      0.25054      0.09700     -0.27701      0.07117
AL      0.00284      0.24745      0.25167     -0.23126     -0.04643     -0.05050
AL      0.00510      0.00203      0.50123     -0.16310     -0.06094     -0.13560
AL      0.25565      0.25076      0.50625     -0.09363     -0.06817     -0.15629
AL      0.25748      0.99414      0.75034     -0.21465      0.15748      0.11594
AL      0.99934      0.24393      0.74919      0.14241      0.00524      0.20866
AL      0.99970      0.50122      0.00234     -0.22291     -0.08074     -0.21292
AL      0.24099      0.74785      0.99538      0.45443      0.11410      0.09904
AL      0.24374      0.49932      0.24485      0.30006      0.01527      0.24183
AL      0.00762      0.74879      0.24660     -0.30609      0.09191      0.32309
AL      0.99932      0.48290      0.49838      0.17316      0.66799      0.11001
AL      0.24871      0.75203      0.49792      0.07497     -0.19265      0.04546
AL      0.24781      0.49617      0.75373      0.01586      0.07239     -0.14968
AL      0.00269      0.75768      0.74489     -0.14328     -0.42013     -0.00977
AL      0.50075      0.00846      0.99962     -0.12417     -0.27806      0.12417
AL      0.75307      0.24781      0.99782     -0.08769      0.18938      0.12647
AL      0.74594      0.00443      0.24872      0.13036     -0.10304      0.19920
AL      0.49711      0.24894      0.25544      0.15534      0.15602     -0.08498
AL      0.50486      0.99848      0.51206     -0.05346     -0.08134     -0.49120
AL      0.75486      0.25331      0.50407     -0.27695     -0.27465     -0.16174
AL      0.75045      0.99604      0.75377      0.10201      0.07420     -0.06853
AL      0.50021      0.24213      0.74564      0.05160      0.40306      0.29294
AL      0.49696      0.49924      0.99631      0.11582     -0.11393      0.16935
AL      0.75230      0.75324      0.00450     -0.14608     -0.18452     -0.07039
AL      0.75165      0.50292      0.25328     -0.09629     -0.11302     -0.15081
AL      0.49830      0.74858      0.25171     -0.06329      0.12302     -0.15637
AL      0.49900      0.50181      0.49932     -0.02316     -0.01457      0.06528
AL      0.74862      0.75143      0.49932      0.23374     -0.05712     -0.03224
AL      0.75302      0.49679      0.74943     -0.03058      0.15874      0.09147
AL      0.50483      0.74685      0.75408     -0.11820     -0.05966      0.00040
