/* Converted from PWscf output file */ 
#L_UNITS ang 
#E_UNITS eV 
#S_UNITS GPA 
#F_UNITS EV/ANG 
#ALAT 	   8.07566     // a0 
#X 	   1.00000     0.00000     0.00000     // X 
#Y 	   0.00000     1.00000     0.00000     // Y 
#Z 	   0.00000     0.00000     1.00000     // Z 
#SX 	   0.55214    -0.01706     0.07773     // SX 
#SY 	  -0.01706     0.55753     0.03690     // SY 
#SZ 	   0.07773     0.03690     0.62826     // SZ 
#EPA 	  -3.35190     // Energy per Atom 
#RCUT 	6.5        // Rcut 
AL      0.99623      0.00318      0.99420     -0.09343     -0.15828      0.32248
AL      0.23848      0.26244      0.99961      0.32005     -0.25451     -0.03757
AL      0.25331      0.00768      0.25261     -0.33372     -0.26854     -0.09388
AL      0.99444      0.25270      0.24712      0.13890     -0.03079      0.19058
AL      0.99882      0.99416      0.50974      0.02990      0.25761     -0.41167
AL      0.24841      0.24762      0.48988      0.10741     -0.01545      0.47364
AL      0.25098      0.99452      0.75729      0.09139      0.36450     -0.11075
AL      0.00762      0.24579      0.75567     -0.33663      0.21936     -0.42129
AL      0.99444      0.50165      0.99624      0.05330      0.13691     -0.11259
AL      0.24527      0.75563      0.99941      0.13840     -0.18621      0.20866
AL      0.25784      0.49464      0.25282     -0.26707      0.48106      0.03067
AL      0.99488      0.74369      0.23906      0.16572      0.28036      0.41578
AL      0.01106      0.49559      0.49892     -0.32492      0.25948      0.02564
AL      0.25483      0.76408      0.50419     -0.21326     -0.41262     -0.32735
AL      0.25280      0.51166      0.74856     -0.20170     -0.31856      0.06560
AL      0.99513      0.75473      0.75329      0.02010     -0.26113     -0.01943
AL      0.49160      0.01300      0.00555      0.22142     -0.23163     -0.29748
AL      0.75448      0.25323      0.00403     -0.25439     -0.10275     -0.45011
AL      0.75112      0.00967      0.25532      0.01896     -0.31519     -0.05562
AL      0.49836      0.24958      0.24513      0.14944      0.02811      0.39537
AL      0.50282      0.99856      0.51021     -0.17614      0.20857     -0.36393
AL      0.74806      0.25669      0.49906      0.14863      0.01262      0.04883
AL      0.74196      0.99508      0.74127      0.16132      0.40069      0.61193
AL      0.49834      0.25530      0.74744     -0.05660     -0.07592      0.19710
AL      0.49822      0.49464      0.01185     -0.12252      0.18919     -0.57579
AL      0.73380      0.75166      0.00312      0.35418      0.31098     -0.26585
AL      0.74542      0.50716      0.23823      0.15182     -0.16270      0.64351
AL      0.50229      0.75665      0.24624     -0.27181     -0.00648      0.32308
AL      0.50116      0.50246      0.50589     -0.13037     -0.02807     -0.46318
AL      0.74642      0.75336      0.50647      0.22737     -0.19491     -0.58137
AL      0.74345      0.51170      0.74273      0.43801     -0.51897      0.36841
AL      0.49961      0.74170      0.75099     -0.15375      0.39328      0.26658
