/* Converted from PWscf output file */ 
#L_UNITS ang 
#E_UNITS eV 
#S_UNITS GPA 
#F_UNITS EV/ANG 
#ALAT 	   8.07566     // a0 
#X 	   1.00000     0.00000     0.00000     // X 
#Y 	   0.00000     1.00000     0.00000     // Y 
#Z 	   0.00000     0.00000     1.00000     // Z 
#SX 	   0.01152     0.00117    -0.00015     // SX 
#SY 	   0.00117     0.01269    -0.00102     // SY 
#SZ 	  -0.00015    -0.00102     0.01123     // SZ 
#EPA 	  -3.36912     // Energy per Atom 
#RCUT 	6.5        // Rcut 
AL      0.00025      0.00076      0.00062     -0.03732     -0.04211      0.00255
AL      0.24963      0.24918      0.99850     -0.01866      0.05734      0.06330
AL      0.25024      0.99980      0.24982     -0.03189      0.00919      0.02011
AL      0.99918      0.25079      0.24959      0.04267     -0.01089      0.02126
AL      0.99940      0.99814      0.50175      0.02039      0.09403     -0.05998
AL      0.25030      0.24889      0.50059     -0.05800      0.02475     -0.02606
AL      0.24991      0.00174      0.75068     -0.02962     -0.08326     -0.02634
AL      0.99721      0.24892      0.75092      0.07455      0.03501     -0.02851
AL      0.00008      0.50139      0.99847      0.03169     -0.04492      0.06623
AL      0.25005      0.75040      0.99971     -0.00842     -0.01331     -0.01059
AL      0.25235      0.50038      0.25049     -0.08369     -0.02305     -0.01074
AL      0.00047      0.75040      0.24996     -0.02295     -0.02256     -0.01357
AL      0.00155      0.49917      0.50032     -0.04898      0.00765     -0.01882
AL      0.24908      0.74995      0.50016      0.06299      0.00686      0.00217
AL      0.25064      0.49942      0.74957     -0.02072      0.00759      0.02455
AL      0.99937      0.74980      0.74933      0.03088      0.00883      0.03674
AL      0.49962      0.00040      0.99967      0.01262     -0.01287      0.03526
AL      0.74905      0.25063      0.00041      0.00319     -0.01706      0.01474
AL      0.74905      0.00086      0.25063      0.03490     -0.01734     -0.02283
AL      0.49867      0.24929      0.25071      0.03345      0.02355     -0.00486
AL      0.49975      0.00051      0.50011      0.00632     -0.05366     -0.00020
AL      0.75011      0.25053      0.50089      0.00306     -0.01727     -0.03587
AL      0.74895      0.99988      0.75164      0.01628     -0.00543     -0.03010
AL      0.49942      0.24855      0.74926      0.02823      0.05639      0.03817
AL      0.49950      0.49878      0.00131     -0.00063      0.02286     -0.06382
AL      0.74959      0.74922      0.99916      0.01138      0.04304      0.04099
AL      0.74949      0.50029      0.24940      0.02727      0.00276      0.05134
AL      0.50030      0.75005      0.24906      0.00407      0.00742      0.05235
AL      0.50095      0.49958      0.50212     -0.00171      0.04058     -0.05888
AL      0.75100      0.75148      0.49996     -0.05413     -0.07322     -0.00080
AL      0.74994      0.49954      0.75099     -0.02006      0.02784     -0.03657
AL      0.49966      0.75090      0.75049     -0.00717     -0.03874     -0.02125
