/* Converted from PWscf output file */ 
#L_UNITS ang 
#E_UNITS eV 
#S_UNITS GPA 
#F_UNITS EV/ANG 
#ALAT 	   8.07566     // a0 
#X 	   1.00000     0.00000     0.00000     // X 
#Y 	   0.00000     1.00000     0.00000     // Y 
#Z 	   0.00000     0.00000     1.00000     // Z 
#SX 	   0.40572    -0.01765    -0.05498     // SX 
#SY 	  -0.01765     0.41286     0.04871     // SY 
#SZ 	  -0.05498     0.04871     0.42715     // SZ 
#EPA 	  -3.35680     // Energy per Atom 
#RCUT 	6.5        // Rcut 
AL      0.99757      0.98995      0.99457      0.11427      0.40053      0.03641
AL      0.24036      0.24707      0.00220      0.22077     -0.03760     -0.10693
AL      0.25509      0.99487      0.24413     -0.17538      0.08722      0.30306
AL      0.99018      0.25185      0.24853      0.33419     -0.19942     -0.11923
AL      0.99014      0.99934      0.50241      0.44515     -0.02425     -0.24105
AL      0.24415      0.25189      0.49377      0.07196     -0.28842      0.14853
AL      0.25271      0.98859      0.74700     -0.06066      0.42686      0.09093
AL      0.99797      0.25416      0.75589      0.16305     -0.30070     -0.21338
AL      0.00489      0.50368      0.99089     -0.17661     -0.06352      0.41828
AL      0.25047      0.74817      0.00017      0.15108     -0.04988      0.01188
AL      0.24623      0.49249      0.24937     -0.01953      0.26255     -0.07673
AL      0.99401      0.76023      0.24820      0.21822     -0.39027      0.29100
AL      0.99602      0.50040      0.50576      0.10971      0.10931     -0.23565
AL      0.25014      0.74937      0.50025     -0.00869     -0.01853     -0.22958
AL      0.24964      0.49831      0.74908      0.14817      0.01588     -0.04901
AL      0.00090      0.75080      0.74868     -0.11652     -0.08313     -0.07490
AL      0.50451      0.01017      0.00921     -0.28329     -0.60090     -0.65867
AL      0.74816      0.24105      0.99582      0.21065      0.31136     -0.05717
AL      0.74400      0.00245      0.24279      0.22360     -0.23996      0.39844
AL      0.50401      0.24694      0.24143     -0.25723      0.30018      0.42760
AL      0.50493      0.00363      0.50469     -0.26318     -0.07265     -0.33479
AL      0.75785      0.24745      0.49669     -0.42521      0.17231      0.13511
AL      0.75137      0.00137      0.73856     -0.11630     -0.11248      0.51475
AL      0.49489      0.24983      0.75180     -0.00371     -0.03386     -0.13166
AL      0.50609      0.50101      0.99564     -0.22468     -0.12961      0.07260
AL      0.75617      0.74726      0.00634     -0.25549      0.01150     -0.37380
AL      0.75151      0.49324      0.25059      0.05616      0.18415     -0.09435
AL      0.50526      0.73911      0.24346     -0.21434      0.28593      0.20671
AL      0.49665      0.49815      0.49412      0.05913     -0.14624      0.16464
AL      0.74225      0.74272      0.50505      0.19606      0.08566     -0.24955
AL      0.75052      0.49374      0.75412     -0.12136      0.13267     -0.14916
AL      0.50260      0.74919      0.74956      0.00003      0.00527      0.17564
