/* Converted from PWscf output file */ 
#L_UNITS ang 
#E_UNITS eV 
#S_UNITS GPA 
#F_UNITS EV/ANG 
#ALAT 	   8.07566     // a0 
#X 	   1.00000     0.00000     0.00000     // X 
#Y 	   0.00000     1.00000     0.00000     // Y 
#Z 	   0.00000     0.00000     1.00000     // Z 
#SX 	   0.13067     0.01663     0.02100     // SX 
#SY 	   0.01663     0.12396    -0.00890     // SY 
#SZ 	   0.02100    -0.00890     0.11842     // SZ 
#EPA 	  -3.36564     // Energy per Atom 
#RCUT 	6.5        // Rcut 
AL      0.00183      0.99917      0.00031     -0.03432      0.14746     -0.16167
AL      0.25033      0.25546      0.00284     -0.00128     -0.20413     -0.13358
AL      0.24830      0.99500      0.24658      0.10136      0.16344      0.11274
AL      0.00162      0.24847      0.24664     -0.09101      0.00969      0.07830
AL      0.99940      0.00284      0.50061      0.10437     -0.08699     -0.01082
AL      0.25238      0.24981      0.49368     -0.04204     -0.09427      0.19733
AL      0.25968      0.99938      0.75295     -0.42540      0.16952     -0.11400
AL      0.00086      0.25193      0.74596      0.10093     -0.09505      0.10628
AL      0.99805      0.49901      0.99661      0.11774      0.07428      0.12110
AL      0.24839      0.75223      0.99738     -0.03119     -0.16244      0.13699
AL      0.24791      0.49691      0.25038      0.08454      0.28574     -0.01750
AL      0.99732      0.75473      0.24798      0.15811     -0.24378      0.13216
AL      0.00327      0.49736      0.49935     -0.07904      0.18719      0.00239
AL      0.25313      0.75409      0.49985     -0.20654     -0.17628     -0.09747
AL      0.25057      0.50145      0.75252     -0.10002     -0.06076     -0.17750
AL      0.99709      0.75159      0.74935      0.10706     -0.00542     -0.11439
AL      0.49821      0.99735      0.00088      0.20432      0.10412     -0.03466
AL      0.75140      0.25185      0.00085     -0.10557     -0.11006     -0.03636
AL      0.75104      0.99766      0.24962     -0.02926      0.17377     -0.00712
AL      0.50127      0.24824      0.24921      0.02687      0.01546     -0.05845
AL      0.50067      0.99828      0.50055      0.05218      0.12209     -0.05792
AL      0.74932      0.25129      0.49813      0.02647     -0.00625      0.01721
AL      0.75334      0.00396      0.74802     -0.17102     -0.11481      0.10619
AL      0.49703      0.25017      0.75047      0.14148      0.02226      0.01169
AL      0.49745      0.50394      0.99888      0.11615     -0.07136      0.11400
AL      0.75365      0.74889      0.00051     -0.19260      0.10995     -0.13854
AL      0.75266      0.50235      0.24976     -0.05321     -0.10786     -0.00509
AL      0.50490      0.75208      0.24910     -0.22129     -0.15800     -0.01595
AL      0.50186      0.49697      0.49955     -0.06646      0.08730     -0.01813
AL      0.74651      0.74908      0.49799      0.15021     -0.02101      0.16909
AL      0.75018      0.50026      0.75440     -0.07941      0.02270     -0.20618
AL      0.49189      0.74788      0.74689      0.43788      0.02349      0.09986
