/* Converted from PWscf output file */ 
#L_UNITS ang 
#E_UNITS eV 
#S_UNITS GPA 
#F_UNITS EV/ANG 
#ALAT 	   8.07566     // a0 
#X 	   1.00000     0.00000     0.00000     // X 
#Y 	   0.00000     1.00000     0.00000     // Y 
#Z 	   0.00000     0.00000     1.00000     // Z 
#SX 	   0.00321    -0.00029     0.00029     // SX 
#SY 	  -0.00029     0.00365     0.00029     // SY 
#SZ 	   0.00029     0.00029     0.00335     // SZ 
#EPA 	  -3.36936     // Energy per Atom 
#RCUT 	6.5        // Rcut 
AL      0.99963      0.99950      0.00024      0.01463      0.02006     -0.01590
AL      0.25052      0.24957      0.00013     -0.02088      0.00262     -0.02026
AL      0.24961      0.00030      0.25033      0.03117     -0.00310      0.01127
AL      0.99988      0.24995      0.25034      0.01020      0.00926     -0.00201
AL      0.99923      0.99936      0.49953      0.02344      0.03044      0.02492
AL      0.25047      0.25058      0.50064     -0.02317     -0.02967     -0.01819
AL      0.25038      0.99985      0.74868     -0.02739      0.00718      0.05265
AL      0.00002      0.24977      0.75031      0.01275      0.00493     -0.00166
AL      0.00002      0.50024      0.00039      0.02267     -0.01440     -0.00228
AL      0.24973      0.75017      0.00087      0.00676     -0.00488     -0.02352
AL      0.25055      0.49908      0.25032     -0.02282      0.03023     -0.00777
AL      0.00060      0.75070      0.25111     -0.02070     -0.03735     -0.02022
AL      0.00059      0.50050      0.50030     -0.02050     -0.01371     -0.00331
AL      0.25031      0.75010      0.50023      0.00808     -0.00199     -0.01324
AL      0.25061      0.50008      0.74972     -0.02638      0.00486      0.03230
AL      0.99990      0.75031      0.75024      0.00413     -0.00993     -0.00070
AL      0.50002      0.99963      0.00024      0.00491      0.00107     -0.00569
AL      0.75043      0.25017      0.00039     -0.01760     -0.00891     -0.01042
AL      0.74961      0.00051      0.24993     -0.00671     -0.02363      0.00337
AL      0.49958      0.25024      0.24984      0.02043     -0.01765      0.01621
AL      0.50085      0.00022      0.50123     -0.02697     -0.00617     -0.07266
AL      0.75046      0.25014      0.50009     -0.00169      0.01163     -0.01108
AL      0.74955      0.00050      0.74944      0.02480     -0.02372      0.04365
AL      0.50038      0.24989      0.74965     -0.00587      0.00510      0.03345
AL      0.49989      0.50025      0.99962      0.00060     -0.01009      0.00232
AL      0.75098      0.74904      0.00066     -0.03000      0.03814     -0.02064
AL      0.74944      0.49998      0.24999      0.02996     -0.00481      0.01683
AL      0.50030      0.74909      0.24996     -0.01395      0.04053      0.01429
AL      0.50017      0.49990      0.50059      0.00528      0.00339     -0.01463
AL      0.74960      0.74959      0.50025      0.01058      0.00359     -0.00253
AL      0.74976      0.49962      0.75033      0.01783      0.01428     -0.00664
AL      0.49979      0.75049      0.75011      0.01642     -0.01731      0.02208
