/* Converted from PWscf output file */ 
#L_UNITS ang 
#E_UNITS eV 
#S_UNITS GPA 
#F_UNITS EV/ANG 
#ALAT 	   8.07566     // a0 
#X 	   1.00000     0.00000     0.00000     // X 
#Y 	   0.00000     1.00000     0.00000     // Y 
#Z 	   0.00000     0.00000     1.00000     // Z 
#SX 	   0.07613     0.00438    -0.01050     // SX 
#SY 	   0.00438     0.08094     0.00992     // SY 
#SZ 	  -0.01050     0.00992     0.05921     // SZ 
#EPA 	  -3.36740     // Energy per Atom 
#RCUT 	6.5        // Rcut 
AL      0.00223      0.99762      0.99965     -0.04457      0.12305      0.00705
AL      0.25018      0.24963      0.99826      0.00050     -0.04751      0.00110
AL      0.25400      0.00319      0.24878     -0.07842     -0.06922      0.00844
AL      0.00226      0.25266      0.24846      0.02369     -0.01534      0.05111
AL      0.00357      0.00421      0.49763     -0.04241     -0.20253     -0.05006
AL      0.24818      0.25066      0.50394      0.11144     -0.00220     -0.13332
AL      0.24768      0.99637      0.74941      0.11751      0.06719     -0.00649
AL      0.99782      0.24941      0.74665      0.02806      0.07154      0.15855
AL      0.00202      0.49844      0.00039     -0.06958      0.05039     -0.11207
AL      0.24756      0.74636      0.00091      0.09882      0.10269     -0.10449
AL      0.25189      0.50177      0.25183     -0.03156     -0.12324      0.04239
AL      0.00315      0.74993      0.24749     -0.10723      0.02673      0.10741
AL      0.99901      0.50674      0.50386      0.02942     -0.18207     -0.13564
AL      0.25034      0.74936      0.49613      0.03031      0.05003      0.11591
AL      0.25127      0.49639      0.74854     -0.05319      0.16982      0.03872
AL      0.99640      0.75374      0.74818      0.14127     -0.11109      0.05252
AL      0.50091      0.99904      0.99644      0.00964      0.02063      0.04237
AL      0.75199      0.25142      0.00253     -0.07796     -0.04716     -0.07567
AL      0.75411      0.99679      0.24930     -0.04781      0.07742     -0.02337
AL      0.49932      0.24794      0.25211      0.07844      0.05052     -0.06094
AL      0.50398      0.99857      0.49914     -0.12073      0.08061      0.05379
AL      0.75432      0.24690      0.49623     -0.10312      0.14413      0.04202
AL      0.75253      0.00165      0.74811     -0.07642     -0.01091      0.06258
AL      0.50148      0.24960      0.75007      0.02593     -0.02513     -0.00712
AL      0.49542      0.49949      0.00331      0.18306      0.00449     -0.08731
AL      0.74955      0.75026      0.99913     -0.01059     -0.05175     -0.02103
AL      0.75143      0.50145      0.24955     -0.02542     -0.00266      0.01598
AL      0.50075      0.75332      0.24938      0.01805     -0.09475     -0.01493
AL      0.50356      0.49771      0.50018     -0.08981      0.00729     -0.05608
AL      0.74748      0.74834      0.50247      0.11173      0.11386     -0.15580
AL      0.74832      0.50276      0.74909      0.02516     -0.15693      0.13703
AL      0.49886      0.74972      0.74743     -0.05422     -0.01789      0.10732
