/* Converted from PWscf output file */ 
#L_UNITS ang 
#E_UNITS eV 
#S_UNITS GPA 
#F_UNITS EV/ANG 
#ALAT 	   8.07566     // a0 
#X 	   1.00000     0.00000     0.00000     // X 
#Y 	   0.00000     1.00000     0.00000     // Y 
#Z 	   0.00000     0.00000     1.00000     // Z 
#SX 	   0.00438     0.00000    -0.00058     // SX 
#SY 	   0.00000     0.00481    -0.00029     // SY 
#SZ 	  -0.00058    -0.00029     0.00423     // SZ 
#EPA 	  -3.36933     // Energy per Atom 
#RCUT 	6.5        // Rcut 
AL      0.99920      0.99973      0.00047      0.03380      0.02084     -0.01299
AL      0.24950      0.25023      0.00084      0.00457     -0.03262     -0.04387
AL      0.24949      0.00013      0.25047      0.00586     -0.02557     -0.01291
AL      0.99977      0.24979      0.25100      0.00202     -0.00111     -0.00758
AL      0.99980      0.99986      0.50017     -0.00797     -0.00769     -0.00684
AL      0.25050      0.24927      0.50063     -0.00837      0.02530     -0.00381
AL      0.24968      0.99871      0.75035      0.00628      0.05960      0.00343
AL      0.00029      0.24971      0.74968      0.00579     -0.00170      0.01822
AL      0.00001      0.49886      0.00043      0.00072      0.02886     -0.02072
AL      0.24974      0.74959      0.00010      0.00224      0.01669      0.01602
AL      0.25040      0.50009      0.24861     -0.03571      0.01168      0.07414
AL      0.99919      0.75027      0.24967      0.02117     -0.02143      0.03622
AL      0.00037      0.49923      0.50066     -0.00600      0.03292     -0.02124
AL      0.25008      0.74957      0.50073     -0.01112      0.00096     -0.05415
AL      0.25031      0.50024      0.75028      0.00211     -0.02551      0.00135
AL      0.00066      0.75000      0.75033     -0.03252     -0.01982     -0.01390
AL      0.49979      0.00042      0.99978     -0.00066     -0.00525      0.00409
AL      0.75055      0.25014      0.99935     -0.02500     -0.00991      0.03099
AL      0.74926      0.00051      0.24937      0.00626     -0.00171      0.02143
AL      0.49860      0.25032      0.25001      0.05242     -0.01101      0.00202
AL      0.50012      0.99976      0.49935     -0.01050      0.00823      0.01794
AL      0.74937      0.25040      0.50070      0.00649     -0.01020     -0.03398
AL      0.74985      0.00060      0.74965      0.00009     -0.01893      0.00748
AL      0.50020      0.25037      0.75008     -0.03212     -0.01289      0.00498
AL      0.50009      0.49989      0.00086      0.01604      0.01116     -0.03734
AL      0.75143      0.75013      0.99886     -0.05755     -0.01022      0.02161
AL      0.75053      0.49954      0.24977     -0.01312      0.01735      0.01536
AL      0.50044      0.75011      0.24921     -0.00442      0.00689      0.01033
AL      0.50011      0.50070      0.49926     -0.00898     -0.01319      0.01680
AL      0.74942      0.75030      0.50072      0.02862     -0.01813     -0.02035
AL      0.74931      0.49959      0.75050      0.02007      0.03179     -0.01776
AL      0.49915      0.75070      0.75029      0.03949     -0.02537      0.00502
