/* Converted from PWscf output file */ 
#L_UNITS ang 
#E_UNITS eV 
#S_UNITS GPA 
#F_UNITS EV/ANG 
#ALAT 	   8.07566     // a0 
#X 	   1.00000     0.00000     0.00000     // X 
#Y 	   0.00000     1.00000     0.00000     // Y 
#Z 	   0.00000     0.00000     1.00000     // Z 
#SX 	   0.22065    -0.01327    -0.01546     // SX 
#SY 	  -0.01327     0.25317    -0.05294     // SY 
#SZ 	  -0.01546    -0.05294     0.21234     // SZ 
#EPA 	  -3.36250     // Energy per Atom 
#RCUT 	6.5        // Rcut 
AL      0.00528      0.00045      0.00258     -0.14941     -0.02220     -0.08569
AL      0.24688      0.24469      0.00324      0.21612      0.22655     -0.19361
AL      0.25346      0.00566      0.25307     -0.04334     -0.28615      0.05910
AL      0.99995      0.24711      0.25442      0.02068      0.17776     -0.16088
AL      0.99282      0.00363      0.50020      0.23226     -0.25320      0.03636
AL      0.24590      0.25330      0.50331      0.27984     -0.18179     -0.05539
AL      0.25441      0.99957      0.74813     -0.21388      0.05138      0.11839
AL      0.00246      0.25363      0.74515     -0.05955     -0.08751      0.35050
AL      0.00538      0.50224      0.00191     -0.08063     -0.10569     -0.01145
AL      0.25067      0.74817      0.00803      0.08879      0.08048     -0.12568
AL      0.25287      0.49628      0.25488     -0.13661      0.01387     -0.18133
AL      0.00368      0.75581      0.25283     -0.18798     -0.17116      0.09221
AL      0.00452      0.49498      0.50561     -0.25088      0.41050     -0.21696
AL      0.25839      0.74742      0.50039     -0.36047      0.17122     -0.08519
AL      0.25496      0.50383      0.74506      0.01471     -0.15021      0.29744
AL      0.00655      0.75121      0.75207     -0.10941     -0.00470     -0.12265
AL      0.50467      0.99291      0.99898     -0.12593      0.15087      0.03405
AL      0.75427      0.25316      0.99883     -0.05480     -0.02401     -0.03212
AL      0.74561      0.00936      0.24667      0.14830     -0.46454      0.08375
AL      0.49988      0.24247      0.24949     -0.04907      0.29219     -0.04436
AL      0.49735      0.99992      0.50417      0.18726      0.03818     -0.16468
AL      0.75192      0.25203      0.49867     -0.16408     -0.00860      0.08884
AL      0.75358      0.00264      0.75236      0.00158     -0.05793     -0.05814
AL      0.50280      0.24821      0.74779     -0.10481      0.08692      0.12435
AL      0.49991      0.50280      0.99890     -0.06706     -0.21163      0.04888
AL      0.75353      0.74743      0.99318      0.03044      0.08304      0.29163
AL      0.74799      0.49590      0.25016      0.26619      0.14261     -0.08104
AL      0.50326      0.74245      0.25434      0.03118      0.36243     -0.24806
AL      0.50245      0.50129      0.49247     -0.00970     -0.27703      0.31383
AL      0.74669      0.74787      0.50178      0.26542      0.12247     -0.02795
AL      0.74336      0.50057      0.75143      0.24847     -0.00087     -0.11305
AL      0.49767      0.75304      0.74931      0.13636     -0.10324      0.06890
