/* Converted from PWscf output file */ 
#L_UNITS ang 
#E_UNITS eV 
#S_UNITS GPA 
#F_UNITS EV/ANG 
#ALAT 	   8.07566     // a0 
#X 	   1.00000     0.00000     0.00000     // X 
#Y 	   0.00000     1.00000     0.00000     // Y 
#Z 	   0.00000     0.00000     1.00000     // Z 
#SX 	   0.01240    -0.00044    -0.00160     // SX 
#SY 	  -0.00044     0.01210    -0.00117     // SY 
#SZ 	  -0.00160    -0.00117     0.01210     // SZ 
#EPA 	  -3.36911     // Energy per Atom 
#RCUT 	6.5        // Rcut 
AL      0.99976      0.99997      0.99845      0.00375     -0.01099      0.04706
AL      0.25048      0.25013      0.00068     -0.01502     -0.00612      0.00922
AL      0.25054      0.99889      0.24980     -0.01897      0.03210      0.00437
AL      0.00021      0.24832      0.24961      0.01828      0.04893     -0.01031
AL      0.00103      0.99793      0.50058     -0.04306      0.03187     -0.02601
AL      0.24958      0.24910      0.49961      0.00348      0.02204      0.02510
AL      0.24971      0.99993      0.75098      0.01717      0.00296     -0.03457
AL      0.00002      0.24972      0.74923     -0.01027      0.01247      0.00338
AL      0.00062      0.50032      0.99762     -0.01558     -0.06076      0.08843
AL      0.24976      0.74965      0.99866     -0.00497      0.01666      0.03427
AL      0.25025      0.50013      0.24910     -0.01875     -0.01166      0.02325
AL      0.00136      0.75058      0.24928     -0.06326     -0.01552     -0.00148
AL      0.00015      0.50007      0.49888     -0.01691     -0.01739      0.01694
AL      0.24929      0.74886      0.50138      0.04333      0.02557     -0.02068
AL      0.24994      0.50029      0.75106      0.00717     -0.03641     -0.04495
AL      0.99874      0.74934      0.75044      0.02787      0.00872     -0.04010
AL      0.49949      0.99972      0.00052      0.02446      0.00032     -0.00642
AL      0.74955      0.24861      0.00021      0.02411      0.04638     -0.02780
AL      0.74960      0.00176      0.24923      0.02586     -0.11567      0.02198
AL      0.50072      0.25036      0.25166     -0.03643      0.00891     -0.04776
AL      0.49992      0.00109      0.50036     -0.00210     -0.04175      0.02827
AL      0.75089      0.24931      0.49900     -0.01700      0.02902      0.07484
AL      0.75022      0.99876      0.75006     -0.02602      0.03813     -0.01410
AL      0.49956      0.25051      0.75278      0.02198     -0.01387     -0.08382
AL      0.50066      0.50119      0.00128     -0.02960     -0.04885     -0.01328
AL      0.75016      0.74760      0.99965      0.00225      0.10737      0.05449
AL      0.75061      0.49950      0.24840      0.00329      0.01984      0.06035
AL      0.49864      0.75125      0.24937      0.05592     -0.03855      0.05711
AL      0.49869      0.49929      0.50081      0.04844      0.01487     -0.01351
AL      0.74900      0.74917      0.49998      0.00406      0.01088     -0.04954
AL      0.74947      0.50050      0.75093      0.00218     -0.06759     -0.06822
AL      0.50020      0.75020      0.75114     -0.01565      0.00810     -0.04651
