/* Converted from PWscf output file */ 
#L_UNITS ang 
#E_UNITS eV 
#S_UNITS GPA 
#F_UNITS EV/ANG 
#ALAT 	   8.07566     // a0 
#X 	   1.00000     0.00000     0.00000     // X 
#Y 	   0.00000     1.00000     0.00000     // Y 
#Z 	   0.00000     0.00000     1.00000     // Z 
#SX 	   0.00438     0.00044    -0.00000     // SX 
#SY 	   0.00044     0.00438    -0.00029     // SY 
#SZ 	  -0.00000    -0.00029     0.00510     // SZ 
#EPA 	  -3.36932     // Energy per Atom 
#RCUT 	6.5        // Rcut 
AL      0.99914      0.99966      0.00059      0.02705      0.01221     -0.02957
AL      0.25026      0.24949      0.99984     -0.01892      0.01672      0.02836
AL      0.24967      0.00028      0.25008      0.03769     -0.00190     -0.00204
AL      0.99997      0.24919      0.25043     -0.01287      0.04635     -0.02722
AL      0.00006      0.00059      0.50041     -0.01230     -0.02981      0.01891
AL      0.24982      0.24988      0.49958      0.01734      0.00183      0.01987
AL      0.25068      0.00086      0.75062     -0.03511     -0.03718     -0.01691
AL      0.99964      0.24993      0.75029      0.00933     -0.01419     -0.01000
AL      0.00131      0.49989      0.99996     -0.03815      0.00244      0.04032
AL      0.25095      0.75036      0.99965     -0.01475     -0.00313      0.02393
AL      0.25064      0.49987      0.25148     -0.01034      0.01225     -0.05170
AL      0.00072      0.75090      0.24980     -0.01605     -0.05045      0.01230
AL      0.99999      0.49981      0.50043     -0.00974      0.01362     -0.01965
AL      0.24918      0.75060      0.50004      0.03768     -0.01197      0.02931
AL      0.24928      0.49979      0.75062      0.03240      0.01146     -0.03951
AL      0.99978      0.74992      0.75097      0.00263      0.01831     -0.02911
AL      0.50052      0.00081      0.99952     -0.00737     -0.02200      0.03303
AL      0.75007      0.25008      0.99867      0.01470      0.00893      0.04558
AL      0.75047      0.99930      0.25007     -0.01790      0.03310      0.00411
AL      0.50076      0.25004      0.24929     -0.01249     -0.01332      0.01567
AL      0.50056      0.00006      0.50115     -0.03370     -0.00114     -0.04653
AL      0.74972      0.24985      0.49967      0.00768      0.00132      0.00604
AL      0.74935      0.99940      0.74982      0.03845      0.01221     -0.00047
AL      0.49967      0.24977      0.75009      0.00877      0.02736     -0.02203
AL      0.49968      0.49967      0.99918      0.00680      0.00941      0.03419
AL      0.74950      0.74990      0.00045      0.02359     -0.01819     -0.00896
AL      0.74961      0.50050      0.24988      0.03512     -0.02101     -0.01778
AL      0.50048      0.75100      0.24998     -0.03772     -0.02270      0.00310
AL      0.50025      0.49951      0.49990     -0.02357      0.02142      0.01875
AL      0.74908      0.74954      0.49974      0.05020      0.01006      0.00935
AL      0.75036      0.49991      0.74959     -0.00581      0.00108      0.01448
AL      0.50083      0.74986      0.75075     -0.04264     -0.01311     -0.03578
