/* Converted from PWscf output file */ 
#L_UNITS ang 
#E_UNITS eV 
#S_UNITS GPA 
#F_UNITS EV/ANG 
#ALAT 	   8.07566     // a0 
#X 	   1.00000     0.00000     0.00000     // X 
#Y 	   0.00000     1.00000     0.00000     // Y 
#Z 	   0.00000     0.00000     1.00000     // Z 
#SX 	   0.00510    -0.00175    -0.00029     // SX 
#SY 	  -0.00175     0.00481     0.00073     // SY 
#SZ 	  -0.00029     0.00073     0.00510     // SZ 
#EPA 	  -3.36931     // Energy per Atom 
#RCUT 	6.5        // Rcut 
AL      0.99996      0.00043      0.00041     -0.00144     -0.00449     -0.00061
AL      0.25053      0.24979      0.00010      0.00979      0.00238     -0.00220
AL      0.25085      0.99991      0.24929     -0.03319      0.01797      0.02411
AL      0.00039      0.25077      0.24994     -0.01313     -0.05543      0.00541
AL      0.99986      0.99980      0.50031      0.00998      0.02313     -0.00607
AL      0.24988      0.25058      0.50012     -0.00002     -0.05106      0.00778
AL      0.25060      0.99951      0.74994     -0.03408      0.04461     -0.00744
AL      0.99936      0.25046      0.75101      0.02305     -0.03283     -0.03764
AL      0.00131      0.49902      0.00031     -0.03129      0.04935      0.00420
AL      0.25055      0.75022      0.99931     -0.04836     -0.00627      0.02653
AL      0.25018      0.49988      0.25091     -0.00580      0.01369     -0.02802
AL      0.99999      0.75058      0.25035     -0.00318     -0.01949     -0.00820
AL      0.00085      0.49914      0.49968     -0.04486      0.05118      0.01860
AL      0.25001      0.75045      0.50038     -0.01178     -0.01494     -0.01533
AL      0.24931      0.50008      0.74961      0.02494     -0.00577      0.00960
AL      0.99954      0.75002      0.75078      0.00391     -0.00328     -0.02240
AL      0.50041      0.99974      0.99950      0.00360      0.01529      0.01201
AL      0.74962      0.25049      0.99935     -0.00389     -0.00726      0.02657
AL      0.74891      0.00017      0.25041      0.04326     -0.00322     -0.02540
AL      0.50057      0.25032      0.25057     -0.02476     -0.00930     -0.04260
AL      0.50039      0.00019      0.49906     -0.02556      0.00422      0.03544
AL      0.74967      0.25035      0.49977      0.03466     -0.01892      0.02083
AL      0.74970      0.00006      0.75008      0.00140      0.00067     -0.00722
AL      0.49986      0.25048      0.75006     -0.00447     -0.00671      0.00260
AL      0.49925      0.50138      0.00076      0.02677     -0.04533     -0.03643
AL      0.75031      0.74999      0.00014     -0.00899     -0.00904      0.00431
AL      0.75034      0.49931      0.24968      0.00107      0.04830      0.00368
AL      0.49846      0.74953      0.24963      0.05852      0.00767      0.02190
AL      0.50053      0.49892      0.49964     -0.01174      0.05192      0.01857
AL      0.74928      0.75045      0.50034      0.01672     -0.03322     -0.01945
AL      0.75012      0.50028      0.74972     -0.01233      0.01263      0.01481
AL      0.49848      0.75010      0.74948      0.06120     -0.01647      0.00207
