/* Converted from PWscf output file */ 
#L_UNITS ang 
#E_UNITS eV 
#S_UNITS GPA 
#F_UNITS EV/ANG 
#ALAT 	   8.07566     // a0 
#X 	   1.00000     0.00000     0.00000     // X 
#Y 	   0.00000     1.00000     0.00000     // Y 
#Z 	   0.00000     0.00000     1.00000     // Z 
#SX 	   0.00467    -0.00102     0.00044     // SX 
#SY 	  -0.00102     0.00510    -0.00015     // SY 
#SZ 	   0.00044    -0.00015     0.00510     // SZ 
#EPA 	  -3.36931     // Energy per Atom 
#RCUT 	6.5        // Rcut 
AL      0.99863      0.99969      0.00032      0.04966      0.01321     -0.00391
AL      0.25024      0.24953      0.99972     -0.03110      0.01123      0.01803
AL      0.25018      0.99904      0.25023     -0.00989      0.04671     -0.00830
AL      0.99952      0.24940      0.24956      0.01319      0.01211      0.01737
AL      0.99947      0.99989      0.50082      0.00914     -0.00243     -0.02974
AL      0.24971      0.24965      0.49981      0.00925     -0.00335     -0.00463
AL      0.25014      0.00017      0.75032     -0.02183     -0.01740     -0.01856
AL      0.99947      0.24905      0.74980      0.01514      0.04106      0.02231
AL      0.99993      0.50060      0.99910     -0.01130     -0.02479      0.01428
AL      0.25002      0.75085      0.00047     -0.00513     -0.03590     -0.01991
AL      0.24960      0.49962      0.24968     -0.00928      0.01021      0.00546
AL      0.99893      0.75076      0.24963      0.02730     -0.03531      0.02509
AL      0.99982      0.50016      0.50041      0.00333      0.00851     -0.01812
AL      0.25007      0.75070      0.49973     -0.02062     -0.02568      0.00712
AL      0.24923      0.50007      0.74894      0.02478     -0.00492      0.03694
AL      0.00003      0.75046      0.75052     -0.00823     -0.01492     -0.02073
AL      0.49991      0.99994      0.99875      0.00104     -0.00761      0.06473
AL      0.75005      0.24973      0.00008     -0.00660      0.03620      0.00632
AL      0.74970      0.99913      0.25001     -0.00979      0.03576      0.00570
AL      0.50047      0.24985      0.25027     -0.00827     -0.00865     -0.00142
AL      0.50078      0.99917      0.49976     -0.02940      0.04034      0.01279
AL      0.75009      0.25010      0.50131     -0.01340     -0.01446     -0.04457
AL      0.74992      0.00011      0.75087     -0.00243     -0.01270     -0.02590
AL      0.49947      0.24840      0.75072      0.00583      0.05916     -0.03783
AL      0.49964      0.49946      0.00014      0.00469      0.01146     -0.00551
AL      0.74929      0.74991      0.99953     -0.00134     -0.02535      0.01603
AL      0.75066      0.50026      0.25107     -0.02221     -0.00981     -0.03514
AL      0.49966      0.75004      0.25010      0.00987     -0.02454     -0.01791
AL      0.49967      0.49992      0.50010     -0.01563     -0.01415     -0.01235
AL      0.74884      0.75052      0.50060      0.04559     -0.01534     -0.01107
AL      0.74848      0.50035      0.74873      0.03869     -0.02114      0.05474
AL      0.49998      0.74989      0.74992     -0.03106     -0.00753      0.00870
