/* Converted from PWscf output file */ 
#L_UNITS ang 
#E_UNITS eV 
#S_UNITS GPA 
#F_UNITS EV/ANG 
#ALAT 	   8.07566     // a0 
#X 	   1.00000     0.00000     0.00000     // X 
#Y 	   0.00000     1.00000     0.00000     // Y 
#Z 	   0.00000     0.00000     1.00000     // Z 
#SX 	   0.00992     0.00233    -0.00131     // SX 
#SY 	   0.00233     0.01050    -0.00204     // SY 
#SZ 	  -0.00131    -0.00204     0.01108     // SZ 
#EPA 	  -3.36915     // Energy per Atom 
#RCUT 	6.5        // Rcut 
AL      0.00023      0.00018      0.00086     -0.02115     -0.02039     -0.04824
AL      0.24946      0.24887      0.00056     -0.00277      0.04502     -0.02500
AL      0.25020      0.00078      0.24913      0.01104     -0.05517      0.04473
AL      0.99995      0.24909      0.25036     -0.00433      0.06637     -0.02296
AL      0.00042      0.00113      0.49875     -0.00711     -0.04970      0.03827
AL      0.25125      0.25077      0.49824     -0.03109     -0.01913      0.07449
AL      0.24950      0.99993      0.75005      0.00701      0.01748     -0.03339
AL      0.99891      0.24981      0.74913      0.06686     -0.00105      0.03845
AL      0.00113      0.50122      0.00028     -0.04380     -0.06622      0.01147
AL      0.25006      0.74961      0.00036     -0.00124      0.03026     -0.00001
AL      0.25064      0.49998      0.24963     -0.02808     -0.02508      0.02648
AL      0.00131      0.74876      0.25090     -0.05450      0.01968      0.01030
AL      0.99994      0.49885      0.50195      0.01145      0.03255     -0.05219
AL      0.24889      0.74967      0.49992      0.05858      0.02517      0.01483
AL      0.25040      0.50002      0.75135     -0.00329     -0.02442     -0.03549
AL      0.00187      0.74980      0.75025     -0.08045      0.03510      0.00415
AL      0.49899      0.99833      0.99974      0.05787      0.04309      0.01130
AL      0.75022      0.25085      0.99873     -0.00793     -0.02200      0.05198
AL      0.75102      0.00013      0.24894     -0.04287     -0.02750      0.03387
AL      0.50012      0.24892      0.24965      0.02612      0.02254     -0.01867
AL      0.50102      0.00145      0.50036     -0.04192     -0.05474     -0.01233
AL      0.75010      0.25043      0.50032     -0.03088     -0.00874     -0.00477
AL      0.74966      0.00093      0.74907      0.02906     -0.04610      0.05396
AL      0.49900      0.25032      0.75214      0.01049     -0.00192     -0.05023
AL      0.49939      0.50102      0.00110      0.03430     -0.03788     -0.00612
AL      0.75078      0.74972      0.00162     -0.00635      0.00761     -0.03672
AL      0.74964      0.49859      0.25144      0.02432      0.04214     -0.02609
AL      0.49928      0.74949      0.25066      0.04283      0.03484      0.03103
AL      0.49946      0.49978      0.50056      0.01421      0.00953      0.01276
AL      0.74968      0.74977      0.50189      0.02738      0.01396     -0.05991
AL      0.74979      0.49990      0.75094     -0.00513      0.02635      0.00044
AL      0.50026      0.75044      0.75081     -0.00865     -0.01163     -0.02635
