/* Converted from PWscf output file */ 
#L_UNITS ang 
#E_UNITS eV 
#S_UNITS GPA 
#F_UNITS EV/ANG 
#ALAT 	   8.07566     // a0 
#X 	   1.00000     0.00000     0.00000     // X 
#Y 	   0.00000     1.00000     0.00000     // Y 
#Z 	   0.00000     0.00000     1.00000     // Z 
#SX 	   0.00788    -0.00029    -0.00058     // SX 
#SY 	  -0.00029     0.00802     0.00058     // SY 
#SZ 	  -0.00058     0.00058     0.00656     // SZ 
#EPA 	  -3.36925     // Energy per Atom 
#RCUT 	6.5        // Rcut 
AL      0.00068      0.99977      0.00011     -0.02319      0.00518     -0.01750
AL      0.24909      0.25022      0.99935      0.05620      0.01011      0.02416
AL      0.25041      0.99919      0.24912     -0.00416      0.06831      0.03489
AL      0.00084      0.25062      0.24979     -0.01032     -0.03697      0.01985
AL      0.00069      0.99974      0.50149     -0.02472      0.01115     -0.05252
AL      0.24952      0.24955      0.50057      0.02914      0.02432     -0.03868
AL      0.25042      0.00025      0.74974      0.00026     -0.00728      0.02563
AL      0.00037      0.25049      0.74982     -0.01684     -0.01031      0.00232
AL      0.99991      0.50078      0.00061      0.00822     -0.01229     -0.02910
AL      0.24955      0.75111      0.00122      0.01255     -0.02449     -0.05926
AL      0.24890      0.50106      0.24964      0.04037     -0.03528      0.03160
AL      0.99854      0.75031      0.24999      0.02792      0.00344      0.01466
AL      0.99946      0.49983      0.49936      0.01419      0.01190      0.03104
AL      0.25087      0.75079      0.49927     -0.05268     -0.03208      0.02243
AL      0.24974      0.50043      0.74999     -0.00857      0.00491      0.00807
AL      0.99973      0.75069      0.74984      0.01732     -0.02884      0.00291
AL      0.50079      0.00083      0.99957     -0.02014     -0.01954      0.03740
AL      0.75133      0.24875      0.99914     -0.02954      0.04321      0.03490
AL      0.75132      0.00024      0.24983     -0.04085     -0.01272      0.01241
AL      0.50108      0.25134      0.25040     -0.05634     -0.03830     -0.02308
AL      0.49989      0.00041      0.50037      0.01931     -0.00575     -0.02916
AL      0.74962      0.24919      0.50022      0.03170      0.01649     -0.00330
AL      0.74903      0.99973      0.75049      0.04199     -0.01853     -0.02601
AL      0.50083      0.25001      0.75030     -0.03614      0.02537      0.01487
AL      0.49961      0.50152      0.00095     -0.00631     -0.05757     -0.02565
AL      0.74972      0.74888      0.99925     -0.00939      0.04836      0.02954
AL      0.75004      0.49896      0.24950     -0.01733      0.02470      0.01993
AL      0.49922      0.75034      0.25072      0.06269      0.00127     -0.01433
AL      0.49972      0.49984      0.50138      0.00679     -0.00059     -0.04080
AL      0.75033      0.74920      0.49974     -0.02752      0.01658      0.01373
AL      0.75021      0.49944      0.75127     -0.00399      0.01186     -0.04127
AL      0.49913      0.74970      0.74964      0.01938      0.01339      0.02030
