/* Converted from PWscf output file */ 
#L_UNITS ang 
#E_UNITS eV 
#S_UNITS GPA 
#F_UNITS EV/ANG 
#ALAT 	   8.07566     // a0 
#X 	   1.00000     0.00000     0.00000     // X 
#Y 	   0.00000     1.00000     0.00000     // Y 
#Z 	   0.00000     0.00000     1.00000     // Z 
#SX 	   0.00890    -0.00131    -0.00058     // SX 
#SY 	  -0.00131     0.00802    -0.00015     // SY 
#SZ 	  -0.00058    -0.00015     0.00919     // SZ 
#EPA 	  -3.36920     // Energy per Atom 
#RCUT 	6.5        // Rcut 
AL      0.00274      0.99982      0.00066     -0.09266      0.01055     -0.00780
AL      0.25003      0.25103      0.99916      0.03141     -0.02393      0.03038
AL      0.24990      0.00022      0.25059      0.01380      0.02188     -0.01331
AL      0.99934      0.25063      0.24986      0.02353     -0.03607      0.00409
AL      0.99899      0.99920      0.50003      0.04831      0.05022     -0.00133
AL      0.24897      0.25006      0.49988      0.02961     -0.01924     -0.00861
AL      0.25021      0.00061      0.75151      0.01008     -0.00284     -0.06715
AL      0.00091      0.25082      0.75004     -0.02678     -0.03751      0.00716
AL      0.99970      0.49922      0.00048      0.00305      0.06998     -0.02509
AL      0.25146      0.75063      0.99905     -0.03859     -0.05674      0.05135
AL      0.25057      0.49953      0.24927     -0.00994      0.04341      0.01551
AL      0.99971      0.75040      0.25046      0.01687     -0.04416     -0.03568
AL      0.00039      0.49947      0.50087     -0.00962      0.03209     -0.04860
AL      0.24980      0.75081      0.49990      0.01295     -0.01367      0.00350
AL      0.24995      0.50096      0.74944      0.01514     -0.00271      0.02740
AL      0.99974      0.75108      0.74941      0.00453     -0.03626      0.05670
AL      0.50118      0.99882      0.00017     -0.04637      0.06527     -0.00925
AL      0.74944      0.24898      0.99986      0.04556     -0.00584     -0.02068
AL      0.74960      0.99970      0.25007      0.03781      0.01753     -0.00273
AL      0.50063      0.24989      0.24925     -0.03877     -0.01597      0.02781
AL      0.50020      0.00086      0.50051     -0.01517     -0.01991      0.00206
AL      0.75033      0.24943      0.49973     -0.00836      0.02929     -0.00456
AL      0.75077      0.00121      0.74927     -0.00339     -0.02851      0.04120
AL      0.50011      0.24977      0.74934     -0.01184      0.01545      0.02119
AL      0.50139      0.49911      0.00026     -0.03360      0.04271     -0.01962
AL      0.74876      0.75126      0.00008      0.08178     -0.05183     -0.01449
AL      0.75000      0.49876      0.24924     -0.00135      0.06693      0.04071
AL      0.50043      0.75168      0.25111     -0.01821     -0.07872     -0.00865
AL      0.49923      0.49953      0.50004      0.03125      0.02323     -0.01523
AL      0.75094      0.75008      0.50027     -0.05303     -0.03845     -0.00841
AL      0.75060      0.49926      0.74945     -0.01735      0.03245      0.02053
AL      0.50018      0.75007      0.75034      0.01935     -0.00861     -0.03840
