/* Converted from PWscf output file */ 
#L_UNITS ang 
#E_UNITS eV 
#S_UNITS GPA 
#F_UNITS EV/ANG 
#ALAT 	   8.07566     // a0 
#X 	   1.00000     0.00000     0.00000     // X 
#Y 	   0.00000     1.00000     0.00000     // Y 
#Z 	   0.00000     0.00000     1.00000     // Z 
#SX 	   0.00963    -0.00058    -0.00015     // SX 
#SY 	  -0.00058     0.00948     0.00029     // SY 
#SZ 	  -0.00015     0.00029     0.01050     // SZ 
#EPA 	  -3.36916     // Energy per Atom 
#RCUT 	6.5        // Rcut 
AL      0.00005      0.00026      0.00040      0.01259     -0.00296     -0.03166
AL      0.25007      0.25125      0.00067      0.00286     -0.06504     -0.02687
AL      0.25032      0.00045      0.25011      0.00097     -0.00767     -0.01657
AL      0.99954      0.25052      0.24995     -0.00736     -0.01311      0.01337
AL      0.00064      0.99881      0.50069     -0.06044      0.04725     -0.04063
AL      0.24997      0.24826      0.49994     -0.00160      0.07110     -0.00659
AL      0.24948      0.00022      0.74932      0.02670     -0.00842      0.07753
AL      0.99995      0.25039      0.74978     -0.00377     -0.02515      0.01692
AL      0.00079      0.50005      0.99923     -0.06374      0.01627      0.04800
AL      0.25015      0.74969      0.00066      0.01220      0.03754     -0.02026
AL      0.24982      0.49983      0.25098      0.00330      0.02764      0.02092
AL      0.99995      0.75048      0.25005     -0.01850     -0.02060      0.00591
AL      0.99989      0.49929      0.49930      0.00678      0.02758      0.01179
AL      0.24929      0.75144      0.50044      0.03660     -0.06813     -0.02808
AL      0.24917      0.49999      0.75146      0.02941      0.00405     -0.07004
AL      0.99981      0.74966      0.74900     -0.00115      0.00588      0.05349
AL      0.50078      0.00027      0.00060     -0.04910     -0.00471     -0.04532
AL      0.75035      0.24996      0.00053     -0.01335      0.02535     -0.03645
AL      0.74954      0.00040      0.24981      0.03531      0.00131      0.04713
AL      0.50023      0.25101      0.24940     -0.00127     -0.02350      0.05016
AL      0.50076      0.00060      0.49986     -0.01753     -0.00923     -0.02725
AL      0.75057      0.25044      0.50151     -0.00481     -0.01598     -0.06967
AL      0.74912      0.99980      0.74958      0.03830      0.01904      0.03607
AL      0.49947      0.24965      0.74825      0.00280      0.01569      0.09058
AL      0.49883      0.49979      0.00121      0.04822      0.02656     -0.06932
AL      0.75019      0.75078      0.00004     -0.00412     -0.03314     -0.02082
AL      0.74798      0.50125      0.25031      0.08155     -0.02858     -0.00281
AL      0.50113      0.75018      0.25052     -0.06050      0.00977      0.00295
AL      0.50018      0.50036      0.50155     -0.05666     -0.02401     -0.04972
AL      0.74903      0.74967      0.50189      0.05578      0.01614     -0.08019
AL      0.74953      0.50016      0.74991      0.00701     -0.01172      0.05802
AL      0.49998      0.74991      0.74804     -0.03650      0.01077      0.10941
