/* Converted from PWscf output file */ 
#L_UNITS ang 
#E_UNITS eV 
#S_UNITS GPA 
#F_UNITS EV/ANG 
#ALAT 	   8.07566     // a0 
#X 	   1.00000     0.00000     0.00000     // X 
#Y 	   0.00000     1.00000     0.00000     // Y 
#Z 	   0.00000     0.00000     1.00000     // Z 
#SX 	   0.00131    -0.00000    -0.00029     // SX 
#SY 	  -0.00000     0.00146     0.00015     // SY 
#SZ 	  -0.00029     0.00015     0.00146     // SZ 
#EPA 	  -3.36941     // Energy per Atom 
#RCUT 	6.5        // Rcut 
AL      0.00000      0.00010      0.00074      0.00134     -0.00261     -0.03214
AL      0.24948      0.24999      0.00058      0.01546      0.00037     -0.01401
AL      0.25005      0.00006      0.25014      0.00558     -0.00669      0.00587
AL      0.00002      0.24978      0.24976     -0.00069      0.02320      0.02359
AL      0.99997      0.00016      0.50006      0.01135     -0.00633     -0.00623
AL      0.24992      0.25013      0.50050      0.00766     -0.00268     -0.02445
AL      0.25006      0.00006      0.75010      0.00020      0.00271      0.00383
AL      0.00038      0.25011      0.74958     -0.01832     -0.00286      0.01946
AL      0.00006      0.49992      0.99994     -0.00343     -0.00425     -0.00097
AL      0.24977      0.74995      0.99999      0.02263     -0.00117      0.00105
AL      0.25022      0.49994      0.24999      0.00149      0.00216      0.00421
AL      0.00014      0.75008      0.24960      0.00274     -0.00739      0.02188
AL      0.99986      0.50018      0.50000     -0.00526     -0.00352     -0.00762
AL      0.24995      0.75001      0.50058     -0.00027      0.00229     -0.01950
AL      0.25018      0.49955      0.75004     -0.01268      0.01991      0.00722
AL      0.00020      0.75037      0.75013     -0.00597     -0.01337     -0.00114
AL      0.49988      0.00054      0.99953      0.00830     -0.03213      0.01447
AL      0.75012      0.24960      0.00029      0.00911      0.01285     -0.01649
AL      0.75019      0.00042      0.25012     -0.00847     -0.02643     -0.01118
AL      0.50038      0.24964      0.24973     -0.02102      0.02163      0.00954
AL      0.50001      0.00042      0.49974     -0.00578     -0.01186      0.01578
AL      0.74979      0.24934      0.49981      0.00521      0.03604      0.00998
AL      0.75041      0.00012      0.74985     -0.01120     -0.00514      0.01279
AL      0.50000      0.25036      0.75058      0.00257     -0.02032     -0.02119
AL      0.50033      0.49965      0.99916     -0.01573      0.01939      0.03561
AL      0.75063      0.74957      0.00009     -0.02849      0.02201     -0.00538
AL      0.74945      0.50014      0.24991      0.01654     -0.00958      0.00955
AL      0.50015      0.75011      0.25022     -0.00700      0.00140     -0.01747
AL      0.49971      0.50012      0.50040      0.01516     -0.00591     -0.01760
AL      0.75032      0.75042      0.49971     -0.00799     -0.01449      0.01078
AL      0.74980      0.49978      0.75013      0.01965      0.00596     -0.01623
AL      0.50009      0.75012      0.74988      0.00731      0.00682      0.00600
