/* Converted from PWscf output file */ 
#L_UNITS ang 
#E_UNITS eV 
#S_UNITS GPA 
#F_UNITS EV/ANG 
#ALAT 	   8.12477     // a0 
#X 	   1.00000     0.00000     0.00000     // X 
#Y 	   0.00000     1.02678     0.05566     // Y 
#Z 	   0.00000     0.05566     1.02678     // Z 
#SX 	   0.21292     0.00000     0.00000     // SX 
#SY 	   0.00000     0.32040    -0.01560     // SY 
#SZ 	   0.00000    -0.01560     0.32040     // SZ 
#EPA 	  -3.28567     // Energy per Atom 
#RCUT 	6.5        // Rcut 
AL      0.00000     -0.04424     -0.04424     -0.00000     -0.06007     -0.06007
AL      0.27108      0.24335     -0.00808     -0.02325     -0.02243     -0.03275
AL      0.27108     -0.00808      0.24335     -0.02325     -0.03275     -0.02243
AL      0.00000      0.15317      0.15317     -0.00000     -0.13692     -0.13692
AL      0.00000      0.34683      0.34683     -0.00000      0.13692      0.13692
AL      0.00000      0.01918      0.48082      0.00000     -0.04463      0.04463
AL      0.27108      0.25665      0.50808     -0.02325      0.02243      0.03275
AL      0.25315     -0.00229      0.73873     -0.03918      0.01520     -0.02327
AL      0.00000      0.25000      0.75000      0.00000      0.00000      0.00000
AL      0.00000      0.48082      0.01918      0.00000      0.04463     -0.04463
AL      0.25315      0.73873     -0.00229     -0.03918     -0.02327      0.01520
AL      0.27108      0.50808      0.25665     -0.02325      0.03275      0.02243
AL      0.00000      0.75000      0.25000      0.00000      0.00000      0.00000
AL      0.00000      0.54424      0.54424     -0.00000      0.06007      0.06007
AL      0.25315      0.76127      0.50229     -0.03918      0.02327     -0.01520
AL      0.25315      0.50229      0.76127     -0.03918     -0.01520      0.02327
AL      0.00000      0.75000      0.75000      0.00000      0.00000      0.00000
AL      0.50000     -0.01450     -0.01450      0.00000     -0.02785     -0.02785
AL      0.72892      0.24335     -0.00808      0.02325     -0.02243     -0.03275
AL      0.72892     -0.00808      0.24335      0.02325     -0.03275     -0.02243
AL      0.50000      0.25000      0.25000      0.00000      0.00000      0.00000
AL      0.50000      0.00299      0.49701      0.00000     -0.01397      0.01397
AL      0.72892      0.25665      0.50808      0.02325      0.02243      0.03275
AL      0.74685     -0.00229      0.73873      0.03918      0.01520     -0.02327
AL      0.50000      0.25000      0.75000      0.00000      0.00000      0.00000
AL      0.50000      0.49701      0.00299      0.00000      0.01397     -0.01397
AL      0.74685      0.73873     -0.00229      0.03918     -0.02327      0.01520
AL      0.72892      0.50808      0.25665      0.02325      0.03275      0.02243
AL      0.50000      0.75000      0.25000      0.00000      0.00000      0.00000
AL      0.50000      0.51450      0.51450      0.00000      0.02785      0.02785
AL      0.74685      0.76127      0.50229      0.03918      0.02327     -0.01520
AL      0.74685      0.50229      0.76127      0.03918     -0.01520      0.02327
AL      0.50000      0.75000      0.75000      0.00000      0.00000      0.00000
