/* Converted from PWscf output file */ 
#L_UNITS ang 
#E_UNITS eV 
#S_UNITS GPA 
#F_UNITS EV/ANG 
#ALAT 	   8.28299     // a0 
#X 	   1.00000     0.03684     0.03684     // X 
#Y 	   0.03684     1.00000     0.03684     // Y 
#Z 	   0.03684     0.03684     1.00000     // Z 
#SX 	   0.00204     0.01910     0.01910     // SX 
#SY 	   0.01910     0.00204     0.01910     // SY 
#SZ 	   0.01910     0.01910     0.00204     // SZ 
#EPA 	  -3.27860     // Energy per Atom 
#RCUT 	6.5        // Rcut 
AL      0.07624      0.07624      0.07624      0.00997      0.00997      0.00997
AL     -0.07624     -0.07624     -0.07624     -0.00997     -0.00997     -0.00997
AL      0.28467      0.28467      0.02101     -0.00797     -0.00797     -0.00354
AL      0.28467      0.02101      0.28467     -0.00797     -0.00354     -0.00797
AL      0.02101      0.28467      0.28467     -0.00354     -0.00797     -0.00797
AL      0.00000      0.00000      0.50000      0.00000     -0.00000     -0.00000
AL      0.25999      0.25999      0.51761      0.00280      0.00280     -0.00059
AL      0.24385      0.00000      0.75615      0.00373     -0.00000     -0.00373
AL      0.00000      0.24385      0.75615      0.00000      0.00373     -0.00373
AL      0.00000      0.50000      0.00000      0.00000      0.00000      0.00000
AL      0.24385      0.75615      0.00000      0.00373     -0.00373      0.00000
AL      0.25999      0.51761      0.25999      0.00280     -0.00059      0.00280
AL      0.00000      0.75615      0.24385     -0.00000     -0.00373      0.00373
AL      0.00000      0.50000      0.50000      0.00000     -0.00000     -0.00000
AL      0.24757      0.75243      0.50000     -0.00169      0.00169     -0.00000
AL      0.24757      0.50000      0.75243     -0.00169      0.00000      0.00169
AL     -0.02101      0.71533      0.71533      0.00354      0.00797      0.00797
AL      0.50000      0.00000      0.00000     -0.00000      0.00000      0.00000
AL      0.75615      0.24385      0.00000     -0.00373      0.00373     -0.00000
AL      0.75615      0.00000      0.24385     -0.00373      0.00000      0.00373
AL      0.51761      0.25999      0.25999     -0.00059      0.00280      0.00280
AL      0.50000      0.00000      0.50000     -0.00000     -0.00000      0.00000
AL      0.75243      0.24757      0.50000      0.00169     -0.00169      0.00000
AL      0.71533     -0.02101      0.71533      0.00797      0.00354      0.00797
AL      0.50000      0.24757      0.75243     -0.00000     -0.00169      0.00169
AL      0.50000      0.50000      0.00000      0.00000     -0.00000      0.00000
AL      0.71533      0.71533     -0.02101      0.00797      0.00797      0.00354
AL      0.75243      0.50000      0.24757      0.00169     -0.00000     -0.00169
AL      0.50000      0.75243      0.24757      0.00000      0.00169     -0.00169
AL      0.50000      0.50000      0.50000     -0.00000      0.00000      0.00000
AL      0.74001      0.74001      0.48239     -0.00280     -0.00280      0.00059
AL      0.74001      0.48239      0.74001     -0.00280      0.00059     -0.00280
AL      0.48239      0.74001      0.74001      0.00059     -0.00280     -0.00280
