/* Converted from PWscf output file */ 
#L_UNITS ang 
#E_UNITS eV 
#S_UNITS GPA 
#F_UNITS EV/ANG 
#ALAT 	   8.28550     // a0 
#X 	   1.00000     0.03658     0.03658     // X 
#Y 	   0.03658     1.00000     0.03658     // Y 
#Z 	   0.03658     0.03658     1.00000     // Z 
#SX 	  -0.08108     0.03267     0.03267     // SX 
#SY 	   0.03267    -0.08108     0.03267     // SY 
#SZ 	   0.03267     0.03267    -0.08108     // SZ 
#EPA 	  -3.27837     // Energy per Atom 
#RCUT 	6.5        // Rcut 
AL      0.07628      0.07628      0.07628     -0.05598     -0.05598     -0.05598
AL     -0.07628     -0.07628     -0.07628      0.05598      0.05598      0.05598
AL      0.28414      0.28414      0.02096      0.07727      0.07727     -0.07230
AL      0.28414      0.02096      0.28414      0.07727     -0.07230      0.07727
AL      0.02096      0.28414      0.28414     -0.07230      0.07727      0.07727
AL      0.00000      0.00000      0.50000      0.00000      0.00000     -0.00000
AL      0.25929      0.25929      0.51710      0.02947      0.02947      0.01074
AL      0.24377      0.00000      0.75623      0.00724     -0.00000     -0.00724
AL      0.00000      0.24377      0.75623      0.00000      0.00724     -0.00724
AL      0.00000      0.50000      0.00000      0.00000     -0.00000      0.00000
AL      0.24377      0.75623      0.00000      0.00724     -0.00724      0.00000
AL      0.25929      0.51710      0.25929      0.02947      0.01074      0.02947
AL      0.00000      0.75623      0.24377     -0.00000     -0.00724      0.00724
AL      0.00000      0.50000      0.50000     -0.00000      0.00000      0.00000
AL      0.24802      0.75198      0.50000     -0.02550      0.02550     -0.00000
AL      0.24802      0.50000      0.75198     -0.02550      0.00000      0.02550
AL     -0.02096      0.71586      0.71586      0.07230     -0.07727     -0.07727
AL      0.50000      0.00000      0.00000     -0.00000      0.00000     -0.00000
AL      0.75623      0.24377      0.00000     -0.00724      0.00724     -0.00000
AL      0.75623      0.00000      0.24377     -0.00724      0.00000      0.00724
AL      0.51710      0.25929      0.25929      0.01074      0.02947      0.02947
AL      0.50000      0.00000      0.50000     -0.00000     -0.00000      0.00000
AL      0.75198      0.24802      0.50000      0.02550     -0.02550      0.00000
AL      0.71586     -0.02096      0.71586     -0.07727      0.07230     -0.07727
AL      0.50000      0.24802      0.75198     -0.00000     -0.02550      0.02550
AL      0.50000      0.50000      0.00000     -0.00000     -0.00000      0.00000
AL      0.71586      0.71586     -0.02096     -0.07727     -0.07727      0.07230
AL      0.75198      0.50000      0.24802      0.02550     -0.00000     -0.02550
AL      0.50000      0.75198      0.24802      0.00000      0.02550     -0.02550
AL      0.50000      0.50000      0.50000     -0.00000     -0.00000      0.00000
AL      0.74071      0.74071      0.48290     -0.02947     -0.02947     -0.01074
AL      0.74071      0.48290      0.74071     -0.02947     -0.01074     -0.02947
AL      0.48290      0.74071      0.74071     -0.01074     -0.02947     -0.02947
