/* Converted from PWscf output file */ 
#L_UNITS ang 
#E_UNITS eV 
#S_UNITS GPA 
#F_UNITS EV/ANG 
#ALAT 	   8.28348     // a0 
#X 	   1.00000     0.02670     0.02670     // X 
#Y 	   0.02670     1.00000     0.02670     // Y 
#Z 	   0.02670     0.02670     1.00000     // Z 
#SX 	  -0.07977    -0.09786    -0.09786     // SX 
#SY 	  -0.09786    -0.07977    -0.09786     // SY 
#SZ 	  -0.09786    -0.09786    -0.07977     // SZ 
#EPA 	  -3.27340     // Energy per Atom 
#RCUT 	6.5        // Rcut 
AL      0.07561      0.07561      0.07561      0.18225      0.18225      0.18225
AL     -0.07561     -0.07561     -0.07561     -0.18225     -0.18225     -0.18225
AL      0.28200      0.28200      0.00149     -0.06271     -0.06271      0.12891
AL      0.28200      0.00149      0.28200     -0.06271      0.12891     -0.06271
AL      0.00149      0.28200      0.28200      0.12891     -0.06271     -0.06271
AL      0.00000      0.00000      0.50000     -0.00000      0.00000     -0.00000
AL      0.24954      0.24954      0.50680      0.14768      0.14768      0.06483
AL      0.24529      0.00000      0.75471     -0.02745      0.00000      0.02745
AL      0.00000      0.24529      0.75471     -0.00000     -0.02745      0.02745
AL      0.00000      0.50000      0.00000     -0.00000     -0.00000     -0.00000
AL      0.24529      0.75471      0.00000     -0.02745      0.02745     -0.00000
AL      0.24954      0.50680      0.24954      0.14768      0.06483      0.14768
AL      0.00000      0.75471      0.24529      0.00000      0.02745     -0.02745
AL      0.00000      0.50000      0.50000      0.00000     -0.00000     -0.00000
AL      0.25191      0.74809      0.50000      0.05759     -0.05759      0.00000
AL      0.25191      0.50000      0.74809      0.05759     -0.00000     -0.05759
AL     -0.00149      0.71800      0.71800     -0.12891      0.06271      0.06271
AL      0.50000      0.00000      0.00000      0.00000      0.00000      0.00000
AL      0.75471      0.24529      0.00000      0.02745     -0.02745      0.00000
AL      0.75471      0.00000      0.24529      0.02745     -0.00000     -0.02745
AL      0.50680      0.24954      0.24954      0.06483      0.14768      0.14768
AL      0.50000      0.00000      0.50000     -0.00000      0.00000      0.00000
AL      0.74809      0.25191      0.50000     -0.05759      0.05759     -0.00000
AL      0.71800     -0.00149      0.71800      0.06271     -0.12891      0.06271
AL      0.50000      0.25191      0.74809      0.00000      0.05759     -0.05759
AL      0.50000      0.50000      0.00000      0.00000     -0.00000     -0.00000
AL      0.71800      0.71800     -0.00149      0.06271      0.06271     -0.12891
AL      0.74809      0.50000      0.25191     -0.05759      0.00000      0.05759
AL      0.50000      0.74809      0.25191     -0.00000     -0.05759      0.05759
AL      0.50000      0.50000      0.50000     -0.00000      0.00000      0.00000
AL      0.75046      0.75046      0.49320     -0.14768     -0.14768     -0.06483
AL      0.75046      0.49320      0.75046     -0.14768     -0.06483     -0.14768
AL      0.49320      0.75046      0.75046     -0.06483     -0.14768     -0.14768
