/* Converted from PWscf output file */ 
#L_UNITS ang 
#E_UNITS eV 
#S_UNITS GPA 
#F_UNITS EV/ANG 
#ALAT 	   8.25366     // a0 
#X 	   1.00000     0.03259     0.03259     // X 
#Y 	   0.03259     1.00000     0.03259     // Y 
#Z 	   0.03259     0.03259     1.00000     // Z 
#SX 	   0.63366     0.15211     0.15211     // SX 
#SY 	   0.15211     0.63366     0.15211     // SY 
#SZ 	   0.15211     0.15211     0.63366     // SZ 
#EPA 	  -3.27750     // Energy per Atom 
#RCUT 	6.5        // Rcut 
AL      0.07620      0.07620      0.07620      0.02876      0.02876      0.02876
AL     -0.07620     -0.07620     -0.07620     -0.02876     -0.02876     -0.02876
AL      0.28290      0.28290      0.02009      0.11972      0.11972     -0.08408
AL      0.28290      0.02009      0.28290      0.11972     -0.08408      0.11972
AL      0.02009      0.28290      0.28290     -0.08408      0.11972      0.11972
AL      0.00000      0.00000      0.50000      0.00000     -0.00000      0.00000
AL      0.25816      0.25816      0.51612      0.04929      0.04929      0.01812
AL      0.24392      0.00000      0.75608     -0.01057      0.00000      0.01057
AL      0.00000      0.24392      0.75608     -0.00000     -0.01057      0.01057
AL      0.00000      0.50000      0.00000     -0.00000      0.00000     -0.00000
AL      0.24392      0.75608      0.00000     -0.01057      0.01057     -0.00000
AL      0.25816      0.51612      0.25816      0.04929      0.01812      0.04929
AL      0.00000      0.75608      0.24392      0.00000      0.01057     -0.01057
AL      0.00000      0.50000      0.50000     -0.00000      0.00000     -0.00000
AL      0.24857      0.75143      0.50000     -0.02031      0.02031     -0.00000
AL      0.24857      0.50000      0.75143     -0.02031      0.00000      0.02031
AL     -0.02009      0.71710      0.71710      0.08408     -0.11972     -0.11972
AL      0.50000      0.00000      0.00000      0.00000     -0.00000      0.00000
AL      0.75608      0.24392      0.00000      0.01057     -0.01057      0.00000
AL      0.75608      0.00000      0.24392      0.01057     -0.00000     -0.01057
AL      0.51612      0.25816      0.25816      0.01812      0.04929      0.04929
AL      0.50000      0.00000      0.50000      0.00000      0.00000     -0.00000
AL      0.75143      0.24857      0.50000      0.02031     -0.02031      0.00000
AL      0.71710     -0.02009      0.71710     -0.11972      0.08408     -0.11972
AL      0.50000      0.24857      0.75143     -0.00000     -0.02031      0.02031
AL      0.50000      0.50000      0.00000      0.00000     -0.00000     -0.00000
AL      0.71710      0.71710     -0.02009     -0.11972     -0.11972      0.08408
AL      0.75143      0.50000      0.24857      0.02031     -0.00000     -0.02031
AL      0.50000      0.75143      0.24857      0.00000      0.02031     -0.02031
AL      0.50000      0.50000      0.50000      0.00000     -0.00000     -0.00000
AL      0.74184      0.74184      0.48388     -0.04929     -0.04929     -0.01812
AL      0.74184      0.48388      0.74184     -0.04929     -0.01812     -0.04929
AL      0.48388      0.74184      0.74184     -0.01812     -0.04929     -0.04929
