/* Converted from PWscf output file */ 
#L_UNITS ang 
#E_UNITS eV 
#S_UNITS GPA 
#F_UNITS EV/ANG 
#ALAT 	   8.09927     // a0 
#X 	   1.00000     0.00000     0.00000     // X 
#Y 	   0.00000     1.00680     0.00737     // Y 
#Z 	   0.00000     0.00737     1.00680     // Z 
#SX 	   2.28190     0.00000     0.00000     // SX 
#SY 	   0.00000    24.84754    24.46851     // SY 
#SZ 	   0.00000    24.46851    24.84754     // SZ 
#EPA 	  -1.51880     // Energy per Atom 
#RCUT 	6.5        // Rcut 
AL      0.00000     -0.02290     -0.02290      0.00000    -51.23468    -51.23468
AL      0.25026      0.25013     -0.00010      0.58354      0.29338     -0.22820
AL      0.25026     -0.00010      0.25013      0.58354     -0.22820      0.29338
AL      0.00000      0.12311      0.12311      0.00000     51.71079     51.71079
AL      0.00000      0.37689      0.37689      0.00000    -51.71079    -51.71079
AL      0.00000      0.00005      0.49995      0.00000      0.12287     -0.12287
AL      0.25026      0.24987      0.50010      0.58354     -0.29338      0.22820
AL      0.25003     -0.00002      0.74996      0.06351     -0.04894     -0.08893
AL      0.00000      0.25000      0.75000      0.00000      0.00000      0.00000
AL      0.00000      0.49995      0.00005      0.00000     -0.12287      0.12287
AL      0.25003      0.74996     -0.00002      0.06351     -0.08893     -0.04894
AL      0.25026      0.50010      0.24987      0.58354      0.22820     -0.29338
AL      0.00000      0.75000      0.25000      0.00000      0.00000      0.00000
AL      0.00000      0.52290      0.52290      0.00000     51.23468     51.23468
AL      0.25003      0.75004      0.50002      0.06351      0.08893      0.04894
AL      0.25003      0.50002      0.75004      0.06351      0.04894      0.08893
AL      0.00000      0.75000      0.75000      0.00000      0.00000      0.00000
AL      0.50000      0.00000      0.00000      0.00000      0.00605      0.00605
AL      0.74974      0.25013     -0.00010     -0.58354      0.29338     -0.22820
AL      0.74974     -0.00010      0.25013     -0.58354     -0.22820      0.29338
AL      0.50000      0.25000      0.25000      0.00000      0.00000      0.00000
AL      0.50000     -0.00002      0.50002      0.00000     -0.04290      0.04290
AL      0.74974      0.24987      0.50010     -0.58354     -0.29338      0.22820
AL      0.74997     -0.00002      0.74996     -0.06351     -0.04894     -0.08893
AL      0.50000      0.25000      0.75000      0.00000      0.00000      0.00000
AL      0.50000      0.50002     -0.00002      0.00000      0.04290     -0.04290
AL      0.74997      0.74996     -0.00002     -0.06351     -0.08893     -0.04894
AL      0.74974      0.50010      0.24987     -0.58354      0.22820     -0.29338
AL      0.50000      0.75000      0.25000      0.00000      0.00000      0.00000
AL      0.50000      0.50000      0.50000      0.00000     -0.00605     -0.00605
AL      0.74997      0.75004      0.50002     -0.06351      0.08893      0.04894
AL      0.74997      0.50002      0.75004     -0.06351      0.04894      0.08893
AL      0.50000      0.75000      0.75000      0.00000      0.00000      0.00000
