/* Converted from PWscf output file */ 
#L_UNITS ang 
#E_UNITS eV 
#S_UNITS GPA 
#F_UNITS EV/ANG 
#ALAT 	   8.21344     // a0 
#X 	   1.00000     0.00000     0.00000     // X 
#Y 	   0.00000     1.01640     0.00000     // Y 
#Z 	   0.00000     0.00000     1.00000     // Z 
#SX 	   0.00073     0.00000     0.00000     // SX 
#SY 	   0.00000    -0.09786     0.00000     // SY 
#SZ 	   0.00000     0.00000     0.00073     // SZ 
#EPA 	  -3.29102     // Energy per Atom 
#RCUT 	6.5        // Rcut 
AL      0.00000     -0.01317     -0.03575      0.00000     -0.02494      0.01624
AL      0.23834      0.25000      0.01166     -0.00427     -0.00000      0.00427
AL      0.28575     -0.01317      0.25000     -0.01624     -0.02494      0.00000
AL      0.00000      0.10421      0.25000      0.00000      0.01884      0.00000
AL      0.00000      0.39579      0.25000      0.00000     -0.01884      0.00000
AL      0.00000     -0.01317      0.53575      0.00000     -0.02494     -0.01624
AL      0.23834      0.25000      0.48834     -0.00427      0.00000     -0.00427
AL      0.25862      0.00446      0.75000      0.01015      0.00630     -0.00000
AL      0.00000      0.25000      0.75000      0.00000      0.00000      0.00000
AL      0.00000      0.51317     -0.03575      0.00000      0.02494      0.01624
AL      0.25398      0.75000     -0.00398     -0.00148      0.00000      0.00148
AL      0.28575      0.51317      0.25000     -0.01624      0.02494     -0.00000
AL      0.00000      0.75000      0.25000      0.00000      0.00000      0.00000
AL      0.00000      0.51317      0.53575      0.00000      0.02494     -0.01624
AL      0.25398      0.75000      0.50398     -0.00148      0.00000     -0.00148
AL      0.25862      0.49554      0.75000      0.01015     -0.00630      0.00000
AL      0.00000      0.75000      0.75000      0.00000      0.00000      0.00000
AL      0.50000      0.00446     -0.00862      0.00000      0.00630     -0.01015
AL      0.76166      0.25000      0.01166      0.00427      0.00000      0.00427
AL      0.71425     -0.01317      0.25000      0.01624     -0.02494     -0.00000
AL      0.50000      0.25000      0.25000      0.00000      0.00000      0.00000
AL      0.50000      0.00446      0.50862     -0.00000      0.00630      0.01015
AL      0.76166      0.25000      0.48834      0.00427     -0.00000     -0.00427
AL      0.74138      0.00446      0.75000     -0.01015      0.00630      0.00000
AL      0.50000      0.25000      0.75000      0.00000      0.00000      0.00000
AL      0.50000      0.49554     -0.00862      0.00000     -0.00630     -0.01015
AL      0.74602      0.75000     -0.00398      0.00148      0.00000      0.00148
AL      0.71425      0.51317      0.25000      0.01624      0.02494      0.00000
AL      0.50000      0.75000      0.25000      0.00000      0.00000      0.00000
AL      0.50000      0.49554      0.50862      0.00000     -0.00630      0.01015
AL      0.74602      0.75000      0.50398      0.00148      0.00000     -0.00148
AL      0.74138      0.49554      0.75000     -0.01015     -0.00630     -0.00000
AL      0.50000      0.75000      0.75000      0.00000      0.00000      0.00000
