/* Converted from PWscf output file */ 
#L_UNITS ang 
#E_UNITS eV 
#S_UNITS GPA 
#F_UNITS EV/ANG 
#ALAT 	   8.21505     // a0 
#X 	   1.00000     0.00000     0.00000     // X 
#Y 	   0.00000     1.00988     0.00000     // Y 
#Z 	   0.00000     0.00000     1.00000     // Z 
#SX 	   0.42803     0.00000     0.00000     // SX 
#SY 	   0.00000     0.43299     0.00000     // SY 
#SZ 	   0.00000     0.00000     0.42803     // SZ 
#EPA 	  -3.28995     // Energy per Atom 
#RCUT 	6.5        // Rcut 
AL      0.00000     -0.01334     -0.03484     -0.00000      0.03614     -0.01824
AL      0.24304      0.25000      0.00696     -0.10445      0.00000      0.10445
AL      0.28484     -0.01334      0.25000      0.01824      0.03614     -0.00000
AL      0.00000      0.10361      0.25000      0.00000      0.25305      0.00000
AL      0.00000      0.39639      0.25000      0.00000     -0.25305      0.00000
AL      0.00000     -0.01334      0.53484      0.00000      0.03614      0.01824
AL      0.24304      0.25000      0.49304     -0.10445      0.00000     -0.10445
AL      0.25929      0.00188      0.75000      0.01885      0.04773      0.00000
AL      0.00000      0.25000      0.75000      0.00000      0.00000      0.00000
AL      0.00000      0.51334     -0.03484      0.00000     -0.03614     -0.01824
AL      0.25370      0.75000     -0.00370      0.01910      0.00000     -0.01910
AL      0.28484      0.51334      0.25000      0.01824     -0.03614     -0.00000
AL      0.00000      0.75000      0.25000      0.00000      0.00000      0.00000
AL      0.00000      0.51334      0.53484      0.00000     -0.03614      0.01824
AL      0.25370      0.75000      0.50370      0.01910     -0.00000      0.01910
AL      0.25929      0.49812      0.75000      0.01885     -0.04773      0.00000
AL      0.00000      0.75000      0.75000      0.00000      0.00000      0.00000
AL      0.50000      0.00188     -0.00929      0.00000      0.04773     -0.01885
AL      0.75696      0.25000      0.00696      0.10445      0.00000      0.10445
AL      0.71516     -0.01334      0.25000     -0.01824      0.03614     -0.00000
AL      0.50000      0.25000      0.25000      0.00000      0.00000      0.00000
AL      0.50000      0.00188      0.50929      0.00000      0.04773      0.01885
AL      0.75696      0.25000      0.49304      0.10445      0.00000     -0.10445
AL      0.74071      0.00188      0.75000     -0.01885      0.04773      0.00000
AL      0.50000      0.25000      0.75000      0.00000      0.00000      0.00000
AL      0.50000      0.49812     -0.00929     -0.00000     -0.04773     -0.01885
AL      0.74630      0.75000     -0.00370     -0.01910     -0.00000     -0.01910
AL      0.71516      0.51334      0.25000     -0.01824     -0.03614     -0.00000
AL      0.50000      0.75000      0.25000      0.00000      0.00000      0.00000
AL      0.50000      0.49812      0.50929      0.00000     -0.04773      0.01885
AL      0.74630      0.75000      0.50370     -0.01910      0.00000      0.01910
AL      0.74071      0.49812      0.75000     -0.01885     -0.04773      0.00000
AL      0.50000      0.75000      0.75000      0.00000      0.00000      0.00000
