/* Converted from PWscf output file */ 
#L_UNITS ang 
#E_UNITS eV 
#S_UNITS GPA 
#F_UNITS EV/ANG 
#ALAT 	   8.30187     // a0 
#X 	   1.00000    -0.00794    -0.00794     // X 
#Y 	  -0.00794     1.00000    -0.00794     // Y 
#Z 	  -0.00794    -0.00794     1.00000     // Z 
#SX 	  -0.23669     0.61630     0.61630     // SX 
#SY 	   0.61630    -0.23669     0.61630     // SY 
#SZ 	   0.61630     0.61630    -0.23669     // SZ 
#EPA 	  -3.26130     // Energy per Atom 
#RCUT 	6.5        // Rcut 
AL      0.08158      0.08158      0.08158      0.02159      0.02159      0.02159
AL     -0.08158     -0.08158     -0.08158     -0.02159     -0.02159     -0.02159
AL      0.28022      0.28022     -0.02413     -0.04940     -0.04940      0.17225
AL      0.28022     -0.02413      0.28022     -0.04940      0.17225     -0.04940
AL     -0.02413      0.28022      0.28022      0.17225     -0.04940     -0.04940
AL      0.00000      0.00000      0.50000      0.00000      0.00000     -0.00000
AL      0.25034      0.25034      0.49959     -0.00639     -0.00639     -0.02159
AL      0.24773      0.00000      0.75227     -0.08246     -0.00000      0.08246
AL      0.00000      0.24773      0.75227     -0.00000     -0.08246      0.08246
AL      0.00000      0.50000      0.00000     -0.00000     -0.00000     -0.00000
AL      0.24773      0.75227      0.00000     -0.08246      0.08246     -0.00000
AL      0.25034      0.49959      0.25034     -0.00639     -0.02159     -0.00639
AL      0.00000      0.75227      0.24773      0.00000      0.08246     -0.08246
AL      0.00000      0.50000      0.50000      0.00000      0.00000      0.00000
AL      0.25397      0.74603      0.50000      0.21621     -0.21621      0.00000
AL      0.25397      0.50000      0.74603      0.21621      0.00000     -0.21621
AL      0.02413      0.71978      0.71978     -0.17225      0.04940      0.04940
AL      0.50000      0.00000      0.00000     -0.00000     -0.00000     -0.00000
AL      0.75227      0.24773      0.00000      0.08246     -0.08246      0.00000
AL      0.75227      0.00000      0.24773      0.08246      0.00000     -0.08246
AL      0.49959      0.25034      0.25034     -0.02159     -0.00639     -0.00639
AL      0.50000      0.00000      0.50000      0.00000      0.00000      0.00000
AL      0.74603      0.25397      0.50000     -0.21621      0.21621     -0.00000
AL      0.71978      0.02413      0.71978      0.04940     -0.17225      0.04940
AL      0.50000      0.25397      0.74603     -0.00000      0.21621     -0.21621
AL      0.50000      0.50000      0.00000     -0.00000     -0.00000     -0.00000
AL      0.71978      0.71978      0.02413      0.04940      0.04940     -0.17225
AL      0.74603      0.50000      0.25397     -0.21621     -0.00000      0.21621
AL      0.50000      0.74603      0.25397     -0.00000     -0.21621      0.21621
AL      0.50000      0.50000      0.50000      0.00000     -0.00000     -0.00000
AL      0.74966      0.74966      0.50041      0.00639      0.00639      0.02159
AL      0.74966      0.50041      0.74966      0.00639      0.02159      0.00639
AL      0.50041      0.74966      0.74966      0.02159      0.00639      0.00639
