/* Converted from PWscf output file */ 
#L_UNITS ang 
#E_UNITS eV 
#S_UNITS GPA 
#F_UNITS EV/ANG 
#ALAT 	   8.29445     // a0 
#X 	   1.00000     0.02007     0.02007     // X 
#Y 	   0.02007     1.00000     0.02007     // Y 
#Z 	   0.02007     0.02007     1.00000     // Z 
#SX 	  -0.34257    -0.15677    -0.15677     // SX 
#SY 	  -0.15677    -0.34257    -0.15677     // SY 
#SZ 	  -0.15677    -0.15677    -0.34257     // SZ 
#EPA 	  -3.27151     // Energy per Atom 
#RCUT 	6.5        // Rcut 
AL      0.07856      0.07856      0.07856     -0.26489     -0.26489     -0.26489
AL     -0.07856     -0.07856     -0.07856      0.26489      0.26489      0.26489
AL      0.28152      0.28152     -0.00871      0.03949      0.03949      0.10704
AL      0.28152     -0.00871      0.28152      0.03949      0.10704      0.03949
AL     -0.00871      0.28152      0.28152      0.10704      0.03949      0.03949
AL      0.00000      0.00000      0.50000      0.00000     -0.00000     -0.00000
AL      0.24729      0.24729      0.50218      0.06369      0.06369      0.06597
AL      0.24508      0.00000      0.75492      0.00274     -0.00000     -0.00274
AL      0.00000      0.24508      0.75492      0.00000      0.00274     -0.00274
AL      0.00000      0.50000      0.00000      0.00000     -0.00000     -0.00000
AL      0.24508      0.75492      0.00000      0.00274     -0.00274      0.00000
AL      0.24729      0.50218      0.24729      0.06369      0.06597      0.06369
AL      0.00000      0.75492      0.24508     -0.00000     -0.00274      0.00274
AL      0.00000      0.50000      0.50000      0.00000     -0.00000     -0.00000
AL      0.25613      0.74387      0.50000     -0.04924      0.04924     -0.00000
AL      0.25613      0.50000      0.74387     -0.04924      0.00000      0.04924
AL      0.00871      0.71848      0.71848     -0.10704     -0.03949     -0.03949
AL      0.50000      0.00000      0.00000     -0.00000      0.00000     -0.00000
AL      0.75492      0.24508      0.00000     -0.00274      0.00274     -0.00000
AL      0.75492      0.00000      0.24508     -0.00274      0.00000      0.00274
AL      0.50218      0.24729      0.24729      0.06597      0.06369      0.06369
AL      0.50000      0.00000      0.50000     -0.00000      0.00000      0.00000
AL      0.74387      0.25613      0.50000      0.04924     -0.04924      0.00000
AL      0.71848      0.00871      0.71848     -0.03949     -0.10704     -0.03949
AL      0.50000      0.25613      0.74387     -0.00000     -0.04924      0.04924
AL      0.50000      0.50000      0.00000      0.00000      0.00000     -0.00000
AL      0.71848      0.71848      0.00871     -0.03949     -0.03949     -0.10704
AL      0.74387      0.50000      0.25613      0.04924     -0.00000     -0.04924
AL      0.50000      0.74387      0.25613      0.00000      0.04924     -0.04924
AL      0.50000      0.50000      0.50000     -0.00000      0.00000      0.00000
AL      0.75271      0.75271      0.49782     -0.06369     -0.06369     -0.06597
AL      0.75271      0.49782      0.75271     -0.06369     -0.06597     -0.06369
AL      0.49782      0.75271      0.75271     -0.06597     -0.06369     -0.06369
