/* Converted from PWscf output file */ 
#L_UNITS ang 
#E_UNITS eV 
#S_UNITS GPA 
#F_UNITS EV/ANG 
#ALAT 	   8.27514     // a0 
#X 	   1.00000     0.01031     0.01031     // X 
#Y 	   0.01031     1.00000     0.01031     // Y 
#Z 	   0.01031     0.01031     1.00000     // Z 
#SX 	   0.14584     0.15867     0.15867     // SX 
#SY 	   0.15867     0.14584     0.15867     // SY 
#SZ 	   0.15867     0.15867     0.14584     // SZ 
#EPA 	  -3.26934     // Energy per Atom 
#RCUT 	6.5        // Rcut 
AL      0.08041      0.08041      0.08041     -0.04987     -0.04987     -0.04987
AL     -0.08041     -0.08041     -0.08041      0.04987      0.04987      0.04987
AL      0.28053      0.28053     -0.01738      0.02724      0.02724      0.10889
AL      0.28053     -0.01738      0.28053      0.02724      0.10889      0.02724
AL     -0.01738      0.28053      0.28053      0.10889      0.02724      0.02724
AL      0.00000      0.00000      0.50000     -0.00000     -0.00000      0.00000
AL      0.24919      0.24919      0.49951     -0.04307     -0.04307      0.04863
AL      0.24493      0.00000      0.75507      0.02467     -0.00000     -0.02467
AL      0.00000      0.24493      0.75507      0.00000      0.02467     -0.02467
AL      0.00000      0.50000      0.00000      0.00000      0.00000     -0.00000
AL      0.24493      0.75507      0.00000      0.02467     -0.02467     -0.00000
AL      0.24919      0.49951      0.24919     -0.04307      0.04863     -0.04307
AL      0.00000      0.75507      0.24493     -0.00000     -0.02467      0.02467
AL      0.00000      0.50000      0.50000      0.00000     -0.00000      0.00000
AL      0.26014      0.73986      0.50000     -0.13211      0.13211      0.00000
AL      0.26014      0.50000      0.73986     -0.13211      0.00000      0.13211
AL      0.01738      0.71947      0.71947     -0.10889     -0.02724     -0.02724
AL      0.50000      0.00000      0.00000      0.00000     -0.00000     -0.00000
AL      0.75507      0.24493      0.00000     -0.02467      0.02467      0.00000
AL      0.75507      0.00000      0.24493     -0.02467      0.00000      0.02467
AL      0.49951      0.24919      0.24919      0.04863     -0.04307     -0.04307
AL      0.50000      0.00000      0.50000     -0.00000      0.00000      0.00000
AL      0.73986      0.26014      0.50000      0.13211     -0.13211     -0.00000
AL      0.71947      0.01738      0.71947     -0.02724     -0.10889     -0.02724
AL      0.50000      0.26014      0.73986     -0.00000     -0.13211      0.13211
AL      0.50000      0.50000      0.00000      0.00000      0.00000     -0.00000
AL      0.71947      0.71947      0.01738     -0.02724     -0.02724     -0.10889
AL      0.73986      0.50000      0.26014      0.13211     -0.00000     -0.13211
AL      0.50000      0.73986      0.26014      0.00000      0.13211     -0.13211
AL      0.50000      0.50000      0.50000      0.00000      0.00000      0.00000
AL      0.75081      0.75081      0.50049      0.04307      0.04307     -0.04863
AL      0.75081      0.50049      0.75081      0.04307     -0.04863      0.04307
AL      0.50049      0.75081      0.75081     -0.04863      0.04307      0.04307
