/* Converted from PWscf output file */ 
#L_UNITS ang 
#E_UNITS eV 
#S_UNITS GPA 
#F_UNITS EV/ANG 
#ALAT 	   8.20480     // a0 
#X 	   1.00000     0.00000     0.00000     // X 
#Y 	   0.00000     1.01349     0.04103     // Y 
#Z 	   0.00000     0.04103     1.01349     // Z 
#SX 	  -0.44261     0.00000     0.00000     // SX 
#SY 	   0.00000    -0.00394     0.64985     // SY 
#SZ 	   0.00000     0.64985    -0.00394     // SZ 
#EPA 	  -3.28011     // Energy per Atom 
#RCUT 	6.5        // Rcut 
AL      0.00000     -0.04514     -0.04514     -0.00000     -0.00948     -0.00948
AL      0.26557      0.25285     -0.00696      0.12533     -0.10895     -0.00754
AL      0.26557     -0.00696      0.25285      0.12533     -0.00754     -0.10895
AL      0.00000      0.15469      0.15469      0.00000     -0.49113     -0.49113
AL      0.00000      0.34531      0.34531      0.00000      0.49113      0.49113
AL      0.00000      0.00623      0.49377      0.00000      0.15357     -0.15357
AL      0.26557      0.24715      0.50696      0.12533      0.10895      0.00754
AL      0.25507     -0.00052      0.74586      0.08440     -0.04605     -0.04271
AL      0.00000      0.25000      0.75000      0.00000      0.00000      0.00000
AL      0.00000      0.49377      0.00623      0.00000     -0.15357      0.15357
AL      0.25507      0.74586     -0.00052      0.08440     -0.04271     -0.04605
AL      0.26557      0.50696      0.24715      0.12533      0.00754      0.10895
AL      0.00000      0.75000      0.25000      0.00000      0.00000      0.00000
AL      0.00000      0.54514      0.54514     -0.00000      0.00948      0.00948
AL      0.25507      0.75414      0.50052      0.08440      0.04271      0.04605
AL      0.25507      0.50052      0.75414      0.08440      0.04605      0.04271
AL      0.00000      0.75000      0.75000      0.00000      0.00000      0.00000
AL      0.50000     -0.00161     -0.00161     -0.00000     -0.07014     -0.07014
AL      0.73443      0.25285     -0.00696     -0.12533     -0.10895     -0.00754
AL      0.73443     -0.00696      0.25285     -0.12533     -0.00754     -0.10895
AL      0.50000      0.25000      0.25000      0.00000      0.00000      0.00000
AL      0.50000     -0.00095      0.50095      0.00000     -0.03423      0.03423
AL      0.73443      0.24715      0.50696     -0.12533      0.10895      0.00754
AL      0.74493     -0.00052      0.74586     -0.08440     -0.04605     -0.04271
AL      0.50000      0.25000      0.75000      0.00000      0.00000      0.00000
AL      0.50000      0.50095     -0.00095      0.00000      0.03423     -0.03423
AL      0.74493      0.74586     -0.00052     -0.08440     -0.04271     -0.04605
AL      0.73443      0.50696      0.24715     -0.12533      0.00754      0.10895
AL      0.50000      0.75000      0.25000     -0.00000      0.00000      0.00000
AL      0.50000      0.50161      0.50161     -0.00000      0.07014      0.07014
AL      0.74493      0.75414      0.50052     -0.08440      0.04271      0.04605
AL      0.74493      0.50052      0.75414     -0.08440      0.04605      0.04271
AL      0.50000      0.75000      0.75000      0.00000      0.00000      0.00000
