/* Converted from PWscf output file */ 
#L_UNITS ang 
#E_UNITS eV 
#S_UNITS GPA 
#F_UNITS EV/ANG 
#ALAT 	   8.27810     // a0 
#X 	   1.00000     0.00000     0.00000     // X 
#Y 	   0.00000     0.99387     0.00000     // Y 
#Z 	   0.00000     0.00000     1.00000     // Z 
#SX 	  -0.24311     0.00000     0.00000     // SX 
#SY 	   0.00000     1.14613     0.00000     // SY 
#SZ 	   0.00000     0.00000    -0.24311     // SZ 
#EPA 	  -3.26626     // Energy per Atom 
#RCUT 	6.5        // Rcut 
AL      0.00000     -0.01147     -0.02605      0.00000     -0.44794     -0.90873
AL      0.24881      0.25000      0.00119     -0.10103      0.00000      0.10103
AL      0.27605     -0.01147      0.25000      0.90873     -0.44794      0.00000
AL      0.00000      0.11229      0.25000      0.00000     -1.26352     -0.00000
AL      0.00000      0.38771      0.25000      0.00000      1.26352     -0.00000
AL      0.00000     -0.01147      0.52605      0.00000     -0.44794      0.90873
AL      0.24881      0.25000      0.49881     -0.10103     -0.00000     -0.10103
AL      0.25125      0.00007      0.75000      0.16287      0.01284      0.00000
AL      0.00000      0.25000      0.75000      0.00000      0.00000      0.00000
AL      0.00000      0.51147     -0.02605     -0.00000      0.44794     -0.90873
AL      0.25084      0.75000     -0.00084      0.07089      0.00000     -0.07089
AL      0.27605      0.51147      0.25000      0.90873      0.44794      0.00000
AL      0.00000      0.75000      0.25000      0.00000      0.00000      0.00000
AL      0.00000      0.51147      0.52605     -0.00000      0.44794      0.90873
AL      0.25084      0.75000      0.50084      0.07089      0.00000      0.07089
AL      0.25125      0.49993      0.75000      0.16287     -0.01284      0.00000
AL      0.00000      0.75000      0.75000      0.00000      0.00000      0.00000
AL      0.50000      0.00007     -0.00125      0.00000      0.01284     -0.16287
AL      0.75119      0.25000      0.00119      0.10103      0.00000      0.10103
AL      0.72395     -0.01147      0.25000     -0.90873     -0.44794     -0.00000
AL      0.50000      0.25000      0.25000      0.00000      0.00000      0.00000
AL      0.50000      0.00007      0.50125      0.00000      0.01284      0.16287
AL      0.75119      0.25000      0.49881      0.10103     -0.00000     -0.10103
AL      0.74875      0.00007      0.75000     -0.16287      0.01284     -0.00000
AL      0.50000      0.25000      0.75000      0.00000      0.00000      0.00000
AL      0.50000      0.49993     -0.00125      0.00000     -0.01284     -0.16287
AL      0.74916      0.75000     -0.00084     -0.07089     -0.00000     -0.07089
AL      0.72395      0.51147      0.25000     -0.90873      0.44794      0.00000
AL      0.50000      0.75000      0.25000      0.00000      0.00000      0.00000
AL      0.50000      0.49993      0.50125      0.00000     -0.01284      0.16287
AL      0.74916      0.75000      0.50084     -0.07089     -0.00000      0.07089
AL      0.74875      0.49993      0.75000     -0.16287     -0.01284      0.00000
AL      0.50000      0.75000      0.75000      0.00000      0.00000      0.00000
