/* Converted from PWscf output file */ 
#L_UNITS ang 
#E_UNITS eV 
#S_UNITS GPA 
#F_UNITS EV/ANG 
#ALAT 	   8.21739     // a0 
#X 	   1.00000     0.00000     0.00000     // X 
#Y 	   0.00000     1.01625     0.00000     // Y 
#Z 	   0.00000     0.00000     1.00000     // Z 
#SX 	  -0.09684     0.00000     0.00000     // SX 
#SY 	   0.00000    -0.16494     0.00000     // SY 
#SZ 	   0.00000     0.00000    -0.09684     // SZ 
#EPA 	  -3.29099     // Energy per Atom 
#RCUT 	6.5        // Rcut 
AL      0.00000     -0.01310     -0.03596      0.00000     -0.01748      0.02992
AL      0.23841      0.25000      0.01159     -0.00897      0.00000      0.00897
AL      0.28596     -0.01310      0.25000     -0.02992     -0.01748      0.00000
AL      0.00000      0.10417      0.25000      0.00000     -0.00740      0.00000
AL      0.00000      0.39583      0.25000      0.00000      0.00740      0.00000
AL      0.00000     -0.01310      0.53596      0.00000     -0.01748     -0.02992
AL      0.23841      0.25000      0.48841     -0.00897     -0.00000     -0.00897
AL      0.25866      0.00438      0.75000      0.00374      0.01061     -0.00000
AL      0.00000      0.25000      0.75000      0.00000      0.00000      0.00000
AL      0.00000      0.51310     -0.03596      0.00000      0.01748      0.02992
AL      0.25401      0.75000     -0.00401     -0.00506      0.00000      0.00506
AL      0.28596      0.51310      0.25000     -0.02992      0.01748      0.00000
AL      0.00000      0.75000      0.25000      0.00000      0.00000      0.00000
AL      0.00000      0.51310      0.53596      0.00000      0.01748     -0.02992
AL      0.25401      0.75000      0.50401     -0.00506      0.00000     -0.00506
AL      0.25866      0.49562      0.75000      0.00374     -0.01061      0.00000
AL      0.00000      0.75000      0.75000      0.00000      0.00000      0.00000
AL      0.50000      0.00438     -0.00866      0.00000      0.01061     -0.00374
AL      0.76159      0.25000      0.01159      0.00897      0.00000      0.00897
AL      0.71404     -0.01310      0.25000      0.02992     -0.01748      0.00000
AL      0.50000      0.25000      0.25000      0.00000      0.00000      0.00000
AL      0.50000      0.00438      0.50866      0.00000      0.01061      0.00374
AL      0.76159      0.25000      0.48841      0.00897     -0.00000     -0.00897
AL      0.74134      0.00438      0.75000     -0.00374      0.01061     -0.00000
AL      0.50000      0.25000      0.75000      0.00000      0.00000      0.00000
AL      0.50000      0.49562     -0.00866      0.00000     -0.01061     -0.00374
AL      0.74599      0.75000     -0.00401      0.00506     -0.00000      0.00506
AL      0.71404      0.51310      0.25000      0.02992      0.01748      0.00000
AL      0.50000      0.75000      0.25000      0.00000      0.00000      0.00000
AL      0.50000      0.49562      0.50866      0.00000     -0.01061      0.00374
AL      0.74599      0.75000      0.50401      0.00506     -0.00000     -0.00506
AL      0.74134      0.49562      0.75000     -0.00374     -0.01061     -0.00000
AL      0.50000      0.75000      0.75000      0.00000      0.00000      0.00000
