/* Converted from PWscf output file */ 
#L_UNITS ang 
#E_UNITS eV 
#S_UNITS GPA 
#F_UNITS EV/ANG 
#ALAT 	   8.16642     // a0 
#X 	   1.00000     0.00000     0.00000     // X 
#Y 	   0.00000     1.01831     0.05089     // Y 
#Z 	   0.00000     0.05089     1.01831     // Z 
#SX 	   0.26907     0.00000     0.00000     // SX 
#SY 	   0.00000     0.36401     0.00933     // SY 
#SZ 	   0.00000     0.00933     0.36401     // SZ 
#EPA 	  -3.28277     // Energy per Atom 
#RCUT 	6.5        // Rcut 
AL      0.00000     -0.04706     -0.04706      0.00000      0.24776      0.24776
AL      0.26781      0.25121     -0.00722      0.03331     -0.10499      0.04432
AL      0.26781     -0.00722      0.25121      0.03331      0.04432     -0.10499
AL      0.00000      0.15226      0.15226     -0.00000     -0.18228     -0.18228
AL      0.00000      0.34774      0.34774     -0.00000      0.18228      0.18228
AL      0.00000      0.00882      0.49118      0.00000      0.13528     -0.13528
AL      0.26781      0.24879      0.50722      0.03331      0.10499     -0.04432
AL      0.25639     -0.00127      0.74496      0.03025     -0.03567     -0.04182
AL      0.00000      0.25000      0.75000      0.00000      0.00000      0.00000
AL      0.00000      0.49118      0.00882      0.00000     -0.13528      0.13528
AL      0.25639      0.74496     -0.00127      0.03025     -0.04182     -0.03567
AL      0.26781      0.50722      0.24879      0.03331     -0.04432      0.10499
AL      0.00000      0.75000      0.25000      0.00000      0.00000      0.00000
AL      0.00000      0.54706      0.54706      0.00000     -0.24776     -0.24776
AL      0.25639      0.75504      0.50127      0.03025      0.04182      0.03567
AL      0.25639      0.50127      0.75504      0.03025      0.03567      0.04182
AL      0.00000      0.75000      0.75000      0.00000      0.00000      0.00000
AL      0.50000     -0.00296     -0.00296      0.00000     -0.08613     -0.08613
AL      0.73219      0.25121     -0.00722     -0.03331     -0.10499      0.04432
AL      0.73219     -0.00722      0.25121     -0.03331      0.04432     -0.10499
AL      0.50000      0.25000      0.25000      0.00000      0.00000      0.00000
AL      0.50000     -0.00129      0.50129      0.00000      0.01478     -0.01478
AL      0.73219      0.24879      0.50722     -0.03331      0.10499     -0.04432
AL      0.74361     -0.00127      0.74496     -0.03025     -0.03567     -0.04182
AL      0.50000      0.25000      0.75000      0.00000      0.00000      0.00000
AL      0.50000      0.50129     -0.00129      0.00000     -0.01478      0.01478
AL      0.74361      0.74496     -0.00127     -0.03025     -0.04182     -0.03567
AL      0.73219      0.50722      0.24879     -0.03331     -0.04432      0.10499
AL      0.50000      0.75000      0.25000      0.00000      0.00000      0.00000
AL      0.50000      0.50296      0.50296      0.00000      0.08613      0.08613
AL      0.74361      0.75504      0.50127     -0.03025      0.04182      0.03567
AL      0.74361      0.50127      0.75504     -0.03025      0.03567      0.04182
AL      0.50000      0.75000      0.75000      0.00000      0.00000      0.00000
