/* Converted from PWscf output file */ 
#L_UNITS ang 
#E_UNITS eV 
#S_UNITS GPA 
#F_UNITS EV/ANG 
#ALAT 	   8.09927     // a0 
#X 	   1.00000     0.00000     0.00000     // X 
#Y 	   0.00000     1.00680     0.00737     // Y 
#Z 	   0.00000     0.00737     1.00680     // Z 
#SX 	   3.60200     0.00000     0.00000     // SX 
#SY 	   0.00000    10.41575     9.39461     // SY 
#SZ 	   0.00000     9.39461    10.41575     // SZ 
#EPA 	  -2.93478     // Energy per Atom 
#RCUT 	6.5        // Rcut 
AL      0.00000     -0.03008     -0.03008      0.00000    -13.84374    -13.84374
AL      0.25287      0.25121     -0.00134      0.86812      0.37253     -0.40102
AL      0.25287     -0.00134      0.25121      0.86812     -0.40102      0.37253
AL      0.00000      0.13337      0.13337      0.00000     14.80414     14.80414
AL      0.00000      0.36663      0.36663      0.00000    -14.80414    -14.80414
AL      0.00000      0.00070      0.49930     -0.00000      0.21038     -0.21038
AL      0.25287      0.24879      0.50134      0.86812     -0.37253      0.40102
AL      0.25064      0.00003      0.74931      0.18775      0.00546     -0.20331
AL      0.00000      0.25000      0.75000      0.00000      0.00000      0.00000
AL      0.00000      0.49930      0.00070     -0.00000     -0.21038      0.21038
AL      0.25064      0.74931      0.00003      0.18775     -0.20331      0.00546
AL      0.25287      0.50134      0.24879      0.86812      0.40102     -0.37253
AL      0.00000      0.75000      0.25000      0.00000      0.00000      0.00000
AL      0.00000      0.53008      0.53008      0.00000     13.84374     13.84374
AL      0.25064      0.75069      0.49997      0.18775      0.20331     -0.00546
AL      0.25064      0.49997      0.75069      0.18775     -0.00546      0.20331
AL      0.00000      0.75000      0.75000      0.00000      0.00000      0.00000
AL      0.50000     -0.00006     -0.00006      0.00000     -0.01576     -0.01576
AL      0.74713      0.25121     -0.00134     -0.86812      0.37253     -0.40102
AL      0.74713     -0.00134      0.25121     -0.86812     -0.40102      0.37253
AL      0.50000      0.25000      0.25000      0.00000      0.00000      0.00000
AL      0.50000     -0.00001      0.50001      0.00000     -0.00795      0.00795
AL      0.74713      0.24879      0.50134     -0.86812     -0.37253      0.40102
AL      0.74936      0.00003      0.74931     -0.18775      0.00546     -0.20331
AL      0.50000      0.25000      0.75000     -0.00000      0.00000      0.00000
AL      0.50000      0.50001     -0.00001      0.00000      0.00795     -0.00795
AL      0.74936      0.74931      0.00003     -0.18775     -0.20331      0.00546
AL      0.74713      0.50134      0.24879     -0.86812      0.40102     -0.37253
AL      0.50000      0.75000      0.25000      0.00000      0.00000      0.00000
AL      0.50000      0.50006      0.50006      0.00000      0.01576      0.01576
AL      0.74936      0.75069      0.49997     -0.18775      0.20331     -0.00546
AL      0.74936      0.49997      0.75069     -0.18775     -0.00546      0.20331
AL      0.50000      0.75000      0.75000      0.00000      0.00000      0.00000
