/* Converted from PWscf output file */ 
#L_UNITS ang 
#E_UNITS eV 
#S_UNITS GPA 
#F_UNITS EV/ANG 
#ALAT 	   8.22289     // a0 
#X 	   1.00000     0.00000     0.00000     // X 
#Y 	   0.00000     1.01527     0.00000     // Y 
#Z 	   0.00000     0.00000     1.00000     // Z 
#SX 	  -0.19396     0.00000     0.00000     // SX 
#SY 	   0.00000    -0.17544     0.00000     // SY 
#SZ 	   0.00000     0.00000    -0.19396     // SZ 
#EPA 	  -3.29092     // Energy per Atom 
#RCUT 	6.5        // Rcut 
AL      0.00000     -0.01310     -0.03621      0.00000     -0.00784      0.03417
AL      0.23874      0.25000      0.01126     -0.02095     -0.00000      0.02095
AL      0.28621     -0.01310      0.25000     -0.03417     -0.00784      0.00000
AL      0.00000      0.10425      0.25000      0.00000     -0.05698     -0.00000
AL      0.00000      0.39575      0.25000      0.00000      0.05698     -0.00000
AL      0.00000     -0.01310      0.53621      0.00000     -0.00784     -0.03417
AL      0.23874      0.25000      0.48874     -0.02095      0.00000     -0.02095
AL      0.25884      0.00416      0.75000     -0.01909      0.01892     -0.00000
AL      0.00000      0.25000      0.75000      0.00000      0.00000      0.00000
AL      0.00000      0.51310     -0.03621      0.00000      0.00784      0.03417
AL      0.25406      0.75000     -0.00406     -0.00958      0.00000      0.00958
AL      0.28621      0.51310      0.25000     -0.03417      0.00784      0.00000
AL      0.00000      0.75000      0.25000      0.00000      0.00000      0.00000
AL      0.00000      0.51310      0.53621      0.00000      0.00784     -0.03417
AL      0.25406      0.75000      0.50406     -0.00958      0.00000     -0.00958
AL      0.25884      0.49584      0.75000     -0.01909     -0.01892      0.00000
AL      0.00000      0.75000      0.75000      0.00000      0.00000      0.00000
AL      0.50000      0.00416     -0.00884      0.00000      0.01892      0.01909
AL      0.76126      0.25000      0.01126      0.02095      0.00000      0.02095
AL      0.71379     -0.01310      0.25000      0.03417     -0.00784      0.00000
AL      0.50000      0.25000      0.25000      0.00000      0.00000      0.00000
AL      0.50000      0.00416      0.50884      0.00000      0.01892     -0.01909
AL      0.76126      0.25000      0.48874      0.02095     -0.00000     -0.02095
AL      0.74116      0.00416      0.75000      0.01909      0.01892      0.00000
AL      0.50000      0.25000      0.75000      0.00000      0.00000      0.00000
AL      0.50000      0.49584     -0.00884      0.00000     -0.01892      0.01909
AL      0.74594      0.75000     -0.00406      0.00958     -0.00000      0.00958
AL      0.71379      0.51310      0.25000      0.03417      0.00784      0.00000
AL      0.50000      0.75000      0.25000      0.00000      0.00000      0.00000
AL      0.50000      0.49584      0.50884      0.00000     -0.01892     -0.01909
AL      0.74594      0.75000      0.50406      0.00958      0.00000     -0.00958
AL      0.74116      0.49584      0.75000      0.01909     -0.01892     -0.00000
AL      0.50000      0.75000      0.75000      0.00000      0.00000      0.00000
