/* Converted from PWscf output file */ 
#L_UNITS ang 
#E_UNITS eV 
#S_UNITS GPA 
#F_UNITS EV/ANG 
#ALAT 	   8.25089     // a0 
#X 	   1.00000     0.02751     0.02751     // X 
#Y 	   0.02751     1.00000     0.02751     // Y 
#Z 	   0.02751     0.02751     1.00000     // Z 
#SX 	   0.64824     0.16057     0.16057     // SX 
#SY 	   0.16057     0.64824     0.16057     // SY 
#SZ 	   0.16057     0.16057     0.64824     // SZ 
#EPA 	  -3.27547     // Energy per Atom 
#RCUT 	6.5        // Rcut 
AL      0.07537      0.07537      0.07537      0.35149      0.35149      0.35149
AL     -0.07537     -0.07537     -0.07537     -0.35149     -0.35149     -0.35149
AL      0.28194      0.28194      0.01267     -0.00733     -0.00733      0.03916
AL      0.28194      0.01267      0.28194     -0.00733      0.03916     -0.00733
AL      0.01267      0.28194      0.28194      0.03916     -0.00733     -0.00733
AL      0.00000      0.00000      0.50000      0.00000      0.00000     -0.00000
AL      0.25478      0.25478      0.51239      0.11322      0.11322      0.04867
AL      0.24471      0.00000      0.75529     -0.03367      0.00000      0.03367
AL      0.00000      0.24471      0.75529     -0.00000     -0.03367      0.03367
AL      0.00000      0.50000      0.00000      0.00000     -0.00000     -0.00000
AL      0.24471      0.75529      0.00000     -0.03367      0.03367     -0.00000
AL      0.25478      0.51239      0.25478      0.11322      0.04867      0.11322
AL      0.00000      0.75529      0.24471      0.00000      0.03367     -0.03367
AL      0.00000      0.50000      0.50000     -0.00000     -0.00000     -0.00000
AL      0.24967      0.75033      0.50000      0.04402     -0.04402      0.00000
AL      0.24967      0.50000      0.75033      0.04402     -0.00000     -0.04402
AL     -0.01267      0.71806      0.71806     -0.03916      0.00733      0.00733
AL      0.50000      0.00000      0.00000      0.00000      0.00000     -0.00000
AL      0.75529      0.24471      0.00000      0.03367     -0.03367      0.00000
AL      0.75529      0.00000      0.24471      0.03367     -0.00000     -0.03367
AL      0.51239      0.25478      0.25478      0.04867      0.11322      0.11322
AL      0.50000      0.00000      0.50000     -0.00000     -0.00000      0.00000
AL      0.75033      0.24967      0.50000     -0.04402      0.04402     -0.00000
AL      0.71806     -0.01267      0.71806      0.00733     -0.03916      0.00733
AL      0.50000      0.24967      0.75033      0.00000      0.04402     -0.04402
AL      0.50000      0.50000      0.00000     -0.00000     -0.00000      0.00000
AL      0.71806      0.71806     -0.01267      0.00733      0.00733     -0.03916
AL      0.75033      0.50000      0.24967     -0.04402      0.00000      0.04402
AL      0.50000      0.75033      0.24967     -0.00000     -0.04402      0.04402
AL      0.50000      0.50000      0.50000      0.00000      0.00000      0.00000
AL      0.74522      0.74522      0.48761     -0.11322     -0.11322     -0.04867
AL      0.74522      0.48761      0.74522     -0.11322     -0.04867     -0.11322
AL      0.48761      0.74522      0.74522     -0.04867     -0.11322     -0.11322
