/* Converted from PWscf output file */ 
#L_UNITS ang 
#E_UNITS eV 
#S_UNITS GPA 
#F_UNITS EV/ANG 
#ALAT 	   8.21178     // a0 
#X 	   1.00000     0.00000     0.00000     // X 
#Y 	   0.00000     1.01565     0.00000     // Y 
#Z 	   0.00000     0.00000     1.00000     // Z 
#SX 	   0.07394     0.00000     0.00000     // SX 
#SY 	   0.00000     0.01750     0.00000     // SY 
#SZ 	   0.00000     0.00000     0.07394     // SZ 
#EPA 	  -3.29104     // Energy per Atom 
#RCUT 	6.5        // Rcut 
AL      0.00000     -0.01364     -0.03537      0.00000     -0.02253     -0.00015
AL      0.23813      0.25000      0.01187     -0.00266     -0.00000      0.00266
AL      0.28537     -0.01364      0.25000      0.00015     -0.02253     -0.00000
AL      0.00000      0.10441      0.25000      0.00000      0.00929     -0.00000
AL      0.00000      0.39559      0.25000      0.00000     -0.00929     -0.00000
AL      0.00000     -0.01364      0.53537     -0.00000     -0.02253      0.00015
AL      0.23813      0.25000      0.48813     -0.00266     -0.00000     -0.00266
AL      0.25863      0.00467      0.75000      0.00480      0.00268     -0.00000
AL      0.00000      0.25000      0.75000      0.00000      0.00000      0.00000
AL      0.00000      0.51364     -0.03537      0.00000      0.02253     -0.00015
AL      0.25395      0.75000     -0.00395      0.00472      0.00000     -0.00472
AL      0.28537      0.51364      0.25000      0.00015      0.02253     -0.00000
AL      0.00000      0.75000      0.25000      0.00000      0.00000      0.00000
AL      0.00000      0.51364      0.53537      0.00000      0.02253      0.00015
AL      0.25395      0.75000      0.50395      0.00472      0.00000      0.00472
AL      0.25863      0.49533      0.75000      0.00480     -0.00268     -0.00000
AL      0.00000      0.75000      0.75000      0.00000      0.00000      0.00000
AL      0.50000      0.00467     -0.00863      0.00000      0.00268     -0.00480
AL      0.76187      0.25000      0.01187      0.00266     -0.00000      0.00266
AL      0.71463     -0.01364      0.25000     -0.00015     -0.02253     -0.00000
AL      0.50000      0.25000      0.25000      0.00000      0.00000      0.00000
AL      0.50000      0.00467      0.50863      0.00000      0.00268      0.00480
AL      0.76187      0.25000      0.48813      0.00266     -0.00000     -0.00266
AL      0.74137      0.00467      0.75000     -0.00480      0.00268     -0.00000
AL      0.50000      0.25000      0.75000      0.00000      0.00000      0.00000
AL      0.50000      0.49533     -0.00863      0.00000     -0.00268     -0.00480
AL      0.74605      0.75000     -0.00395     -0.00472      0.00000     -0.00472
AL      0.71463      0.51364      0.25000     -0.00015      0.02253     -0.00000
AL      0.50000      0.75000      0.25000      0.00000      0.00000      0.00000
AL      0.50000      0.49533      0.50863      0.00000     -0.00268      0.00480
AL      0.74605      0.75000      0.50395     -0.00472      0.00000      0.00472
AL      0.74137      0.49533      0.75000     -0.00480     -0.00268     -0.00000
AL      0.50000      0.75000      0.75000      0.00000      0.00000      0.00000
