/* Converted from PWscf output file */ 
#L_UNITS ang 
#E_UNITS eV 
#S_UNITS GPA 
#F_UNITS EV/ANG 
#ALAT 	   8.26736     // a0 
#X 	   1.00000     0.02706     0.02706     // X 
#Y 	   0.02706     1.00000     0.02706     // Y 
#Z 	   0.02706     0.02706     1.00000     // Z 
#SX 	   0.27563     0.03383     0.03383     // SX 
#SY 	   0.03383     0.27563     0.03383     // SY 
#SZ 	   0.03383     0.03383     0.27563     // SZ 
#EPA 	  -3.27435     // Energy per Atom 
#RCUT 	6.5        // Rcut 
AL      0.07527      0.07527      0.07527      0.33791      0.33791      0.33791
AL     -0.07527     -0.07527     -0.07527     -0.33791     -0.33791     -0.33791
AL      0.28189      0.28189      0.00658     -0.05732     -0.05732      0.09731
AL      0.28189      0.00658      0.28189     -0.05732      0.09731     -0.05732
AL      0.00658      0.28189      0.28189      0.09731     -0.05732     -0.05732
AL      0.00000      0.00000      0.50000      0.00000      0.00000      0.00000
AL      0.25203      0.25203      0.50941      0.14210      0.14210      0.06001
AL      0.24512      0.00000      0.75488     -0.03376      0.00000      0.03376
AL      0.00000      0.24512      0.75488     -0.00000     -0.03376      0.03376
AL      0.00000      0.50000      0.00000      0.00000      0.00000     -0.00000
AL      0.24512      0.75488      0.00000     -0.03376      0.03376     -0.00000
AL      0.25203      0.50941      0.25203      0.14210      0.06001      0.14210
AL      0.00000      0.75488      0.24512      0.00000      0.03376     -0.03376
AL      0.00000      0.50000      0.50000      0.00000     -0.00000      0.00000
AL      0.25070      0.74930      0.50000      0.06390     -0.06390      0.00000
AL      0.25070      0.50000      0.74930      0.06390     -0.00000     -0.06390
AL     -0.00658      0.71811      0.71811     -0.09731      0.05732      0.05732
AL      0.50000      0.00000      0.00000      0.00000     -0.00000     -0.00000
AL      0.75488      0.24512      0.00000      0.03376     -0.03376      0.00000
AL      0.75488      0.00000      0.24512      0.03376     -0.00000     -0.03376
AL      0.50941      0.25203      0.25203      0.06001      0.14210      0.14210
AL      0.50000      0.00000      0.50000     -0.00000     -0.00000      0.00000
AL      0.74930      0.25070      0.50000     -0.06390      0.06390     -0.00000
AL      0.71811     -0.00658      0.71811      0.05732     -0.09731      0.05732
AL      0.50000      0.25070      0.74930      0.00000      0.06390     -0.06390
AL      0.50000      0.50000      0.00000     -0.00000     -0.00000      0.00000
AL      0.71811      0.71811     -0.00658      0.05732      0.05732     -0.09731
AL      0.74930      0.50000      0.25070     -0.06390      0.00000      0.06390
AL      0.50000      0.74930      0.25070     -0.00000     -0.06390      0.06390
AL      0.50000      0.50000      0.50000     -0.00000      0.00000      0.00000
AL      0.74797      0.74797      0.49059     -0.14210     -0.14210     -0.06001
AL      0.74797      0.49059      0.74797     -0.14210     -0.06001     -0.14210
AL      0.49059      0.74797      0.74797     -0.06001     -0.14210     -0.14210
