/* Converted from PWscf output file */ 
#L_UNITS ang 
#E_UNITS eV 
#S_UNITS GPA 
#F_UNITS EV/ANG 
#ALAT 	   8.11531     // a0 
#X 	   1.00000     0.00000     0.00000     // X 
#Y 	   0.00000     1.03081     0.05606     // Y 
#Z 	   0.00000     0.05606     1.03081     // Z 
#SX 	  -0.00496     0.00000     0.00000     // SX 
#SY 	   0.00000    -0.00306     0.00248     // SY 
#SZ 	   0.00000     0.00248    -0.00306     // SZ 
#EPA 	  -3.28619     // Energy per Atom 
#RCUT 	6.5        // Rcut 
AL      0.00000     -0.04484     -0.04484     -0.00000      0.00651      0.00651
AL      0.27109      0.24094     -0.00946      0.00002     -0.00448     -0.00371
AL      0.27109     -0.00946      0.24094      0.00002     -0.00371     -0.00448
AL      0.00000      0.15294      0.15294      0.00000     -0.01889     -0.01889
AL      0.00000      0.34706      0.34706      0.00000      0.01889      0.01889
AL      0.00000      0.01922      0.48078      0.00000     -0.00339      0.00339
AL      0.27109      0.25906      0.50946      0.00002      0.00448      0.00371
AL      0.25240     -0.00203      0.73688      0.00182     -0.00257      0.00778
AL      0.00000      0.25000      0.75000      0.00000      0.00000      0.00000
AL      0.00000      0.48078      0.01922      0.00000      0.00339     -0.00339
AL      0.25240      0.73688     -0.00203      0.00182      0.00778     -0.00257
AL      0.27109      0.50946      0.25906      0.00002      0.00371      0.00448
AL      0.00000      0.75000      0.25000      0.00000      0.00000      0.00000
AL      0.00000      0.54484      0.54484     -0.00000     -0.00651     -0.00651
AL      0.25240      0.76312      0.50204      0.00182     -0.00778      0.00257
AL      0.25240      0.50204      0.76312      0.00182      0.00257     -0.00778
AL      0.00000      0.75000      0.75000      0.00000      0.00000      0.00000
AL      0.50000     -0.01686     -0.01686      0.00000      0.00125      0.00125
AL      0.72891      0.24094     -0.00946     -0.00002     -0.00448     -0.00371
AL      0.72891     -0.00946      0.24094     -0.00002     -0.00371     -0.00448
AL      0.50000      0.25000      0.25000      0.00000      0.00000      0.00000
AL      0.50000      0.00308      0.49692      0.00000      0.01733     -0.01733
AL      0.72891      0.25906      0.50946     -0.00002      0.00448      0.00371
AL      0.74760     -0.00203      0.73688     -0.00182     -0.00257      0.00778
AL      0.50000      0.25000      0.75000      0.00000      0.00000      0.00000
AL      0.50000      0.49692      0.00308     -0.00000     -0.01733      0.01733
AL      0.74760      0.73688     -0.00203     -0.00182      0.00778     -0.00257
AL      0.72891      0.50946      0.25906     -0.00002      0.00371      0.00448
AL      0.50000      0.75000      0.25000      0.00000      0.00000      0.00000
AL      0.50000      0.51686      0.51686      0.00000     -0.00125     -0.00125
AL      0.74760      0.76312      0.50204     -0.00182     -0.00778      0.00257
AL      0.74760      0.50204      0.76312     -0.00182      0.00257     -0.00778
AL      0.50000      0.75000      0.75000      0.00000      0.00000      0.00000
