/* Converted from PWscf output file */ 
#L_UNITS ang 
#E_UNITS eV 
#S_UNITS GPA 
#F_UNITS EV/ANG 
#ALAT 	   8.30678     // a0 
#X 	   1.00000     0.00000     0.00000     // X 
#Y 	   0.00000     0.99742     0.00000     // Y 
#Z 	   0.00000     0.00000     1.00000     // Z 
#SX 	  -1.31617     0.00000     0.00000     // SX 
#SY 	   0.00000    -0.19688     0.00000     // SY 
#SZ 	   0.00000     0.00000    -1.31617     // SZ 
#EPA 	  -3.28042     // Energy per Atom 
#RCUT 	6.5        // Rcut 
AL      0.00000     -0.01392     -0.03149      0.00000     -0.15757     -0.35575
AL      0.24809      0.25000      0.00191     -0.11635      0.00000      0.11635
AL      0.28149     -0.01392      0.25000      0.35575     -0.15757      0.00000
AL      0.00000      0.10817      0.25000      0.00000     -1.05549      0.00000
AL      0.00000      0.39183      0.25000      0.00000      1.05549      0.00000
AL      0.00000     -0.01392      0.53149     -0.00000     -0.15757      0.35575
AL      0.24809      0.25000      0.49809     -0.11635     -0.00000     -0.11635
AL      0.25246      0.00018      0.75000      0.22050      0.02404      0.00000
AL      0.00000      0.25000      0.75000      0.00000      0.00000      0.00000
AL      0.00000      0.51392     -0.03149      0.00000      0.15757     -0.35575
AL      0.25134      0.75000     -0.00134      0.07847      0.00000     -0.07847
AL      0.28149      0.51392      0.25000      0.35575      0.15757      0.00000
AL      0.00000      0.75000      0.25000      0.00000      0.00000      0.00000
AL      0.00000      0.51392      0.53149     -0.00000      0.15757      0.35575
AL      0.25134      0.75000      0.50134      0.07847     -0.00000      0.07847
AL      0.25246      0.49982      0.75000      0.22050     -0.02404     -0.00000
AL      0.00000      0.75000      0.75000      0.00000      0.00000      0.00000
AL      0.50000      0.00018     -0.00246      0.00000      0.02404     -0.22050
AL      0.75191      0.25000      0.00191      0.11635     -0.00000      0.11635
AL      0.71851     -0.01392      0.25000     -0.35575     -0.15757      0.00000
AL      0.50000      0.25000      0.25000      0.00000      0.00000      0.00000
AL      0.50000      0.00018      0.50246      0.00000      0.02404      0.22050
AL      0.75191      0.25000      0.49809      0.11635     -0.00000     -0.11635
AL      0.74754      0.00018      0.75000     -0.22050      0.02404     -0.00000
AL      0.50000      0.25000      0.75000      0.00000      0.00000      0.00000
AL      0.50000      0.49982     -0.00246      0.00000     -0.02404     -0.22050
AL      0.74866      0.75000     -0.00134     -0.07847     -0.00000     -0.07847
AL      0.71851      0.51392      0.25000     -0.35575      0.15757      0.00000
AL      0.50000      0.75000      0.25000      0.00000      0.00000      0.00000
AL      0.50000      0.49982      0.50246      0.00000     -0.02404      0.22050
AL      0.74866      0.75000      0.50134     -0.07847      0.00000      0.07847
AL      0.74754      0.49982      0.75000     -0.22050     -0.02404      0.00000
AL      0.50000      0.75000      0.75000      0.00000      0.00000      0.00000
