/* Converted from PWscf output file */ 
#L_UNITS ang 
#E_UNITS eV 
#S_UNITS GPA 
#F_UNITS EV/ANG 
#ALAT 	   8.21340     // a0 
#X 	   1.00000     0.00000     0.00000     // X 
#Y 	   0.00000     1.01131     0.02494     // Y 
#Z 	   0.00000     0.02494     1.01131     // Z 
#SX 	  -0.21015     0.00000     0.00000     // SX 
#SY 	   0.00000     0.52049     2.09625     // SY 
#SZ 	   0.00000     2.09625     0.52049     // SZ 
#EPA 	  -3.24874     // Energy per Atom 
#RCUT 	6.5        // Rcut 
AL      0.00000     -0.03919     -0.03919      0.00000     -2.26940     -2.26940
AL      0.26033      0.25343     -0.00493      0.47705      0.08543     -0.22482
AL      0.26033     -0.00493      0.25343      0.47705     -0.22482      0.08543
AL      0.00000      0.15229      0.15229      0.00000      2.82309      2.82309
AL      0.00000      0.34771      0.34771      0.00000     -2.82309     -2.82309
AL      0.00000      0.00311      0.49689      0.00000      0.19486     -0.19486
AL      0.26033      0.24657      0.50493      0.47705     -0.08543      0.22482
AL      0.25282      0.00008      0.74734      0.16226     -0.00859     -0.12574
AL      0.00000      0.25000      0.75000      0.00000      0.00000      0.00000
AL      0.00000      0.49689      0.00311      0.00000     -0.19486      0.19486
AL      0.25282      0.74734      0.00008      0.16226     -0.12574     -0.00859
AL      0.26033      0.50493      0.24657      0.47705      0.22482     -0.08543
AL      0.00000      0.75000      0.25000      0.00000      0.00000      0.00000
AL      0.00000      0.53919      0.53919      0.00000      2.26940      2.26940
AL      0.25282      0.75266      0.49992      0.16226      0.12574      0.00859
AL      0.25282      0.49992      0.75266      0.16226      0.00859      0.12574
AL      0.00000      0.75000      0.75000      0.00000      0.00000      0.00000
AL      0.50000     -0.00049     -0.00049      0.00000     -0.04375     -0.04375
AL      0.73967      0.25343     -0.00493     -0.47705      0.08543     -0.22482
AL      0.73967     -0.00493      0.25343     -0.47705     -0.22482      0.08543
AL      0.50000      0.25000      0.25000      0.00000      0.00000      0.00000
AL      0.50000     -0.00024      0.50024     -0.00000     -0.03566      0.03566
AL      0.73967      0.24657      0.50493     -0.47705     -0.08543      0.22482
AL      0.74718      0.00008      0.74734     -0.16226     -0.00859     -0.12574
AL      0.50000      0.25000      0.75000      0.00000      0.00000      0.00000
AL      0.50000      0.50024     -0.00024     -0.00000      0.03566     -0.03566
AL      0.74718      0.74734      0.00008     -0.16226     -0.12574     -0.00859
AL      0.73967      0.50493      0.24657     -0.47705      0.22482     -0.08543
AL      0.50000      0.75000      0.25000     -0.00000      0.00000      0.00000
AL      0.50000      0.50049      0.50049      0.00000      0.04375      0.04375
AL      0.74718      0.75266      0.49992     -0.16226      0.12574      0.00859
AL      0.74718      0.49992      0.75266     -0.16226      0.00859      0.12574
AL      0.50000      0.75000      0.75000      0.00000      0.00000      0.00000
