/* Converted from PWscf output file */ 
#L_UNITS ang 
#E_UNITS eV 
#S_UNITS GPA 
#F_UNITS EV/ANG 
#ALAT 	   8.22555     // a0 
#X 	   1.00000     0.00000     0.00000     // X 
#Y 	   0.00000     1.01391     0.00000     // Y 
#Z 	   0.00000     0.00000     1.00000     // Z 
#SX 	  -0.19323     0.00000     0.00000     // SX 
#SY 	   0.00000    -0.08983     0.00000     // SY 
#SZ 	   0.00000     0.00000    -0.19323     // SZ 
#EPA 	  -3.29082     // Energy per Atom 
#RCUT 	6.5        // Rcut 
AL      0.00000     -0.01314     -0.03625     -0.00000     -0.00529      0.01855
AL      0.23957      0.25000      0.01043     -0.03518     -0.00000      0.03518
AL      0.28625     -0.01314      0.25000     -0.01855     -0.00529     -0.00000
AL      0.00000      0.10452      0.25000      0.00000     -0.08908      0.00000
AL      0.00000      0.39548      0.25000      0.00000      0.08908      0.00000
AL      0.00000     -0.01314      0.53625      0.00000     -0.00529     -0.01855
AL      0.23957      0.25000      0.48957     -0.03518      0.00000     -0.03518
AL      0.25921      0.00365      0.75000     -0.04885      0.02763      0.00000
AL      0.00000      0.25000      0.75000      0.00000      0.00000      0.00000
AL      0.00000      0.51314     -0.03625      0.00000      0.00529      0.01855
AL      0.25410      0.75000     -0.00410     -0.01297      0.00000      0.01297
AL      0.28625      0.51314      0.25000     -0.01855      0.00529      0.00000
AL      0.00000      0.75000      0.25000      0.00000      0.00000      0.00000
AL      0.00000      0.51314      0.53625      0.00000      0.00529     -0.01855
AL      0.25410      0.75000      0.50410     -0.01297     -0.00000     -0.01297
AL      0.25921      0.49635      0.75000     -0.04885     -0.02763     -0.00000
AL      0.00000      0.75000      0.75000      0.00000      0.00000      0.00000
AL      0.50000      0.00365     -0.00921      0.00000      0.02763      0.04885
AL      0.76043      0.25000      0.01043      0.03518      0.00000      0.03518
AL      0.71375     -0.01314      0.25000      0.01855     -0.00529      0.00000
AL      0.50000      0.25000      0.25000      0.00000      0.00000      0.00000
AL      0.50000      0.00365      0.50921      0.00000      0.02763     -0.04885
AL      0.76043      0.25000      0.48957      0.03518     -0.00000     -0.03518
AL      0.74079      0.00365      0.75000      0.04885      0.02763     -0.00000
AL      0.50000      0.25000      0.75000      0.00000      0.00000      0.00000
AL      0.50000      0.49635     -0.00921      0.00000     -0.02763      0.04885
AL      0.74590      0.75000     -0.00410      0.01297     -0.00000      0.01297
AL      0.71375      0.51314      0.25000      0.01855      0.00529     -0.00000
AL      0.50000      0.75000      0.25000      0.00000      0.00000      0.00000
AL      0.50000      0.49635      0.50921      0.00000     -0.02763     -0.04885
AL      0.74590      0.75000      0.50410      0.01297      0.00000     -0.01297
AL      0.74079      0.49635      0.75000      0.04885     -0.02763      0.00000
AL      0.50000      0.75000      0.75000      0.00000      0.00000      0.00000
