/* Converted from PWscf output file */ 
#L_UNITS ang 
#E_UNITS eV 
#S_UNITS GPA 
#F_UNITS EV/ANG 
#ALAT 	   8.11766     // a0 
#X 	   1.00000     0.00000     0.00000     // X 
#Y 	   0.00000     1.03063     0.05601     // Y 
#Z 	   0.00000     0.05601     1.03063     // Z 
#SX 	  -0.05104     0.00000     0.00000     // SX 
#SY 	   0.00000    -0.03602     0.00627     // SY 
#SZ 	   0.00000     0.00627    -0.03602     // SZ 
#EPA 	  -3.28616     // Energy per Atom 
#RCUT 	6.5        // Rcut 
AL      0.00000     -0.04484     -0.04484     -0.00000      0.01211      0.01211
AL      0.27109      0.24094     -0.00946     -0.00348     -0.00911     -0.00328
AL      0.27109     -0.00946      0.24094     -0.00348     -0.00328     -0.00911
AL      0.00000      0.15294      0.15294      0.00000     -0.02940     -0.02940
AL      0.00000      0.34706      0.34706      0.00000      0.02940      0.02940
AL      0.00000      0.01922      0.48078      0.00000     -0.00938      0.00938
AL      0.27109      0.25906      0.50946     -0.00348      0.00911      0.00328
AL      0.25240     -0.00203      0.73688      0.00322     -0.00192      0.00650
AL      0.00000      0.25000      0.75000      0.00000      0.00000      0.00000
AL      0.00000      0.48078      0.01922      0.00000      0.00938     -0.00938
AL      0.25240      0.73688     -0.00203      0.00322      0.00650     -0.00192
AL      0.27109      0.50946      0.25906     -0.00348      0.00328      0.00911
AL      0.00000      0.75000      0.25000      0.00000      0.00000      0.00000
AL      0.00000      0.54484      0.54484     -0.00000     -0.01211     -0.01211
AL      0.25240      0.76312      0.50203      0.00322     -0.00650      0.00192
AL      0.25240      0.50203      0.76312      0.00322      0.00192     -0.00650
AL      0.00000      0.75000      0.75000      0.00000      0.00000      0.00000
AL      0.50000     -0.01686     -0.01686      0.00000      0.00172      0.00172
AL      0.72891      0.24094     -0.00946      0.00348     -0.00911     -0.00328
AL      0.72891     -0.00946      0.24094      0.00348     -0.00328     -0.00911
AL      0.50000      0.25000      0.25000      0.00000      0.00000      0.00000
AL      0.50000      0.00308      0.49692      0.00000      0.01285     -0.01285
AL      0.72891      0.25906      0.50946      0.00348      0.00911      0.00328
AL      0.74760     -0.00203      0.73688     -0.00322     -0.00192      0.00650
AL      0.50000      0.25000      0.75000      0.00000      0.00000      0.00000
AL      0.50000      0.49692      0.00308      0.00000     -0.01285      0.01285
AL      0.74760      0.73688     -0.00203     -0.00322      0.00650     -0.00192
AL      0.72891      0.50946      0.25906      0.00348      0.00328      0.00911
AL      0.50000      0.75000      0.25000      0.00000      0.00000      0.00000
AL      0.50000      0.51686      0.51686      0.00000     -0.00172     -0.00172
AL      0.74760      0.76312      0.50203     -0.00322     -0.00650      0.00192
AL      0.74760      0.50203      0.76312     -0.00322      0.00192     -0.00650
AL      0.50000      0.75000      0.75000      0.00000      0.00000      0.00000
