/* Converted from PWscf output file */ 
#L_UNITS ang 
#E_UNITS eV 
#S_UNITS GPA 
#F_UNITS EV/ANG 
#ALAT 	   8.22103     // a0 
#X 	   1.00000     0.00000     0.00000     // X 
#Y 	   0.00000     1.01202     0.03671     // Y 
#Z 	   0.00000     0.03671     1.01202     // Z 
#SX 	  -0.74318     0.00000     0.00000     // SX 
#SY 	   0.00000    -0.22867     0.92693     // SY 
#SZ 	   0.00000     0.92693    -0.22867     // SZ 
#EPA 	  -3.27820     // Energy per Atom 
#RCUT 	6.5        // Rcut 
AL      0.00000     -0.04321     -0.04321     -0.00000     -0.24699     -0.24699
AL      0.26401      0.25338     -0.00648      0.18411     -0.08782     -0.04873
AL      0.26401     -0.00648      0.25338      0.18411     -0.04873     -0.08782
AL      0.00000      0.15548      0.15548      0.00000     -0.30186     -0.30186
AL      0.00000      0.34452      0.34452      0.00000      0.30186      0.30186
AL      0.00000      0.00503      0.49497      0.00000      0.15932     -0.15932
AL      0.26401      0.24662      0.50648      0.18411      0.08782      0.04873
AL      0.25429     -0.00022      0.74634      0.10260     -0.04167     -0.05149
AL      0.00000      0.25000      0.75000      0.00000      0.00000      0.00000
AL      0.00000      0.49497      0.00503      0.00000     -0.15932      0.15932
AL      0.25429      0.74634     -0.00022      0.10260     -0.05149     -0.04167
AL      0.26401      0.50648      0.24662      0.18411      0.04873      0.08782
AL      0.00000      0.75000      0.25000      0.00000      0.00000      0.00000
AL      0.00000      0.54321      0.54321     -0.00000      0.24699      0.24699
AL      0.25429      0.75366      0.50022      0.10260      0.05149      0.04167
AL      0.25429      0.50022      0.75366      0.10260      0.04167      0.05149
AL      0.00000      0.75000      0.75000      0.00000      0.00000      0.00000
AL      0.50000     -0.00111     -0.00111      0.00000     -0.06285     -0.06285
AL      0.73599      0.25338     -0.00648     -0.18411     -0.08782     -0.04873
AL      0.73599     -0.00648      0.25338     -0.18411     -0.04873     -0.08782
AL      0.50000      0.25000      0.25000      0.00000      0.00000      0.00000
AL      0.50000     -0.00067      0.50067      0.00000     -0.04484      0.04484
AL      0.73599      0.24662      0.50648     -0.18411      0.08782      0.04873
AL      0.74571     -0.00022      0.74634     -0.10260     -0.04167     -0.05149
AL      0.50000      0.25000      0.75000     -0.00000      0.00000      0.00000
AL      0.50000      0.50067     -0.00067      0.00000      0.04484     -0.04484
AL      0.74571      0.74634     -0.00022     -0.10260     -0.05149     -0.04167
AL      0.73599      0.50648      0.24662     -0.18411      0.04873      0.08782
AL      0.50000      0.75000      0.25000      0.00000      0.00000      0.00000
AL      0.50000      0.50111      0.50111      0.00000      0.06285      0.06285
AL      0.74571      0.75366      0.50022     -0.10260      0.05149      0.04167
AL      0.74571      0.50022      0.75366     -0.10260      0.04167      0.05149
AL      0.50000      0.75000      0.75000      0.00000      0.00000      0.00000
