/* Converted from PWscf output file */ 
#L_UNITS ang 
#E_UNITS eV 
#S_UNITS GPA 
#F_UNITS EV/ANG 
#ALAT 	   8.18500     // a0 
#X 	   1.00000     0.00000     0.00000     // X 
#Y 	   0.00000     1.01563     0.04587     // Y 
#Z 	   0.00000     0.04587     1.01563     // Z 
#SX 	  -0.05979     0.00000     0.00000     // SX 
#SY 	   0.00000     0.22648     0.32944     // SY 
#SZ 	   0.00000     0.32944     0.22648     // SZ 
#EPA 	  -3.28170     // Energy per Atom 
#RCUT 	6.5        // Rcut 
AL      0.00000     -0.04681     -0.04681      0.00000      0.15802      0.15802
AL      0.26715      0.25194     -0.00726      0.07553     -0.11566      0.02552
AL      0.26715     -0.00726      0.25194      0.07553      0.02552     -0.11566
AL      0.00000      0.15318      0.15318      0.00000     -0.41354     -0.41354
AL      0.00000      0.34682      0.34682      0.00000      0.41354      0.41354
AL      0.00000      0.00779      0.49221      0.00000      0.14722     -0.14722
AL      0.26715      0.24806      0.50726      0.07553      0.11566     -0.02552
AL      0.25596     -0.00097      0.74530      0.06199     -0.04501     -0.03979
AL      0.00000      0.25000      0.75000      0.00000      0.00000      0.00000
AL      0.00000      0.49221      0.00779      0.00000     -0.14722      0.14722
AL      0.25596      0.74530     -0.00097      0.06199     -0.03979     -0.04501
AL      0.26715      0.50726      0.24806      0.07553     -0.02552      0.11566
AL      0.00000      0.75000      0.25000      0.00000      0.00000      0.00000
AL      0.00000      0.54681      0.54681      0.00000     -0.15802     -0.15802
AL      0.25596      0.75470      0.50097      0.06199      0.03979      0.04501
AL      0.25596      0.50097      0.75470      0.06199      0.04501      0.03979
AL      0.00000      0.75000      0.75000      0.00000      0.00000      0.00000
AL      0.50000     -0.00236     -0.00236      0.00000     -0.07819     -0.07819
AL      0.73285      0.25194     -0.00726     -0.07553     -0.11566      0.02552
AL      0.73285     -0.00726      0.25194     -0.07553      0.02552     -0.11566
AL      0.50000      0.25000      0.25000      0.00000      0.00000      0.00000
AL      0.50000     -0.00122      0.50122     -0.00000     -0.01438      0.01438
AL      0.73285      0.24806      0.50726     -0.07553      0.11566     -0.02552
AL      0.74404     -0.00097      0.74530     -0.06199     -0.04501     -0.03979
AL      0.50000      0.25000      0.75000      0.00000      0.00000      0.00000
AL      0.50000      0.50122     -0.00122     -0.00000      0.01438     -0.01438
AL      0.74404      0.74530     -0.00097     -0.06199     -0.03979     -0.04501
AL      0.73285      0.50726      0.24806     -0.07553     -0.02552      0.11566
AL      0.50000      0.75000      0.25000      0.00000      0.00000      0.00000
AL      0.50000      0.50236      0.50236      0.00000      0.07819      0.07819
AL      0.74404      0.75470      0.50097     -0.06199      0.03979      0.04501
AL      0.74404      0.50097      0.75470     -0.06199      0.04501      0.03979
AL      0.50000      0.75000      0.75000      0.00000      0.00000      0.00000
