/* Converted from PWscf output file */ 
#L_UNITS ang 
#E_UNITS eV 
#S_UNITS GPA 
#F_UNITS EV/ANG 
#ALAT 	   8.14745     // a0 
#X 	   1.00000     0.00000     0.00000     // X 
#Y 	   0.00000     1.02201    -0.05337     // Y 
#Z 	   0.00000    -0.05337     1.02201     // Z 
#SX 	   0.29430     0.00000     0.00000     // SX 
#SY 	   0.00000     0.35978     0.06052     // SY 
#SZ 	   0.00000     0.06052     0.35978     // SZ 
#EPA 	  -3.28363     // Energy per Atom 
#RCUT 	6.5        // Rcut 
AL      0.00000      0.37500      0.12500      0.00000      0.00000      0.00000
AL      0.00000      0.00878      0.00637      0.00000      0.08571      0.05847
AL      0.27181      0.24583     -0.00417      0.02523      0.08719      0.08719
AL      0.26267     -0.00830      0.25234     -0.05113      0.01213      0.07650
AL      0.00000      0.18079      0.31921      0.00000     -0.10755      0.10755
AL      0.00000     -0.02183      0.52183     -0.00000      0.17785     -0.17785
AL      0.26267      0.24766      0.50830     -0.05113     -0.07650     -0.01213
AL      0.25531      0.00167      0.75167     -0.01385      0.02057      0.02057
AL      0.00000      0.25637      0.75878     -0.00000      0.05847      0.08571
AL      0.00000      0.56921     -0.06921      0.00000      0.10755     -0.10755
AL      0.26267      0.75830     -0.00234     -0.05113     -0.01213     -0.07650
AL      0.27181      0.50417      0.25417      0.02523     -0.08719     -0.08719
AL      0.00000      0.74122      0.24363      0.00000     -0.08571     -0.05847
AL      0.00000      0.49363      0.49122     -0.00000     -0.05847     -0.08571
AL      0.25531      0.74833      0.49833     -0.01385     -0.02057     -0.02057
AL      0.26267      0.50234      0.74170     -0.05113      0.07650      0.01213
AL      0.00000      0.77183      0.72817     -0.00000     -0.17785      0.17785
AL      0.50000     -0.00142     -0.00040      0.00000      0.03946      0.02812
AL      0.72819      0.24583     -0.00417     -0.02523      0.08719      0.08719
AL      0.73733     -0.00830      0.25234      0.05113      0.01213      0.07650
AL      0.50000      0.24658      0.25342      0.00000     -0.06272      0.06272
AL      0.50000     -0.00261      0.50261      0.00000     -0.05916      0.05916
AL      0.73733      0.24766      0.50830      0.05113     -0.07650     -0.01213
AL      0.74469      0.00167      0.75167      0.01385      0.02057      0.02057
AL      0.50000      0.24960      0.74858      0.00000      0.02812      0.03946
AL      0.50000      0.50342     -0.00342      0.00000      0.06272     -0.06272
AL      0.73733      0.75830     -0.00234      0.05113     -0.01213     -0.07650
AL      0.72819      0.50417      0.25417     -0.02523     -0.08719     -0.08719
AL      0.50000      0.75142      0.25040      0.00000     -0.03946     -0.02812
AL      0.50000      0.50040      0.50142      0.00000     -0.02812     -0.03946
AL      0.74469      0.74833      0.49833      0.01385     -0.02057     -0.02057
AL      0.73733      0.50234      0.74170      0.05113      0.07650      0.01213
AL      0.50000      0.75261      0.74739      0.00000      0.05916     -0.05916
