/* Converted from PWscf output file */ 
#L_UNITS ang 
#E_UNITS eV 
#S_UNITS GPA 
#F_UNITS EV/ANG 
#ALAT 	   8.10848     // a0 
#X 	   1.00000     0.00000     0.00000     // X 
#Y 	   0.00000     1.03249    -0.05699     // Y 
#Z 	   0.00000    -0.05699     1.03249     // Z 
#SX 	  -0.16684     0.00000     0.00000     // SX 
#SY 	   0.00000     0.04944    -0.04652     // SY 
#SZ 	   0.00000    -0.04652     0.04944     // SZ 
#EPA 	  -3.28727     // Energy per Atom 
#RCUT 	6.5        // Rcut 
AL      0.00000      0.37500      0.12500      0.00000      0.00000      0.00000
AL      0.00000      0.02123      0.01142      0.00000     -0.01639     -0.01336
AL      0.28157      0.25223      0.00223      0.03209      0.02441      0.02441
AL      0.25676     -0.01853      0.26040     -0.02406      0.01953      0.02211
AL      0.00000      0.17982      0.32018      0.00000     -0.02086      0.02086
AL      0.00000     -0.02158      0.52158     -0.00000     -0.02874      0.02874
AL      0.25676      0.23960      0.51853     -0.02406     -0.02211     -0.01953
AL      0.25082      0.00760      0.75760      0.04296     -0.03684     -0.03684
AL      0.00000      0.26142      0.77123      0.00000     -0.01336     -0.01639
AL      0.00000      0.57018     -0.07018      0.00000      0.02086     -0.02086
AL      0.25676      0.76853     -0.01040     -0.02406     -0.01953     -0.02211
AL      0.28157      0.49777      0.24777      0.03209     -0.02441     -0.02441
AL      0.00000      0.72877      0.23858      0.00000      0.01639      0.01336
AL      0.00000      0.48858      0.47877      0.00000      0.01336      0.01639
AL      0.25082      0.74240      0.49240      0.04296      0.03684      0.03684
AL      0.25676      0.51040      0.73147     -0.02406      0.02211      0.01953
AL      0.00000      0.77158      0.72842     -0.00000      0.02874     -0.02874
AL      0.50000      0.00055      0.00553     -0.00000     -0.02311      0.00892
AL      0.71843      0.25223      0.00223     -0.03209      0.02441      0.02441
AL      0.74324     -0.01853      0.26040      0.02406      0.01953      0.02211
AL      0.50000      0.22999      0.27001     -0.00000     -0.00614      0.00614
AL      0.50000     -0.01011      0.51011      0.00000      0.01600     -0.01600
AL      0.74324      0.23960      0.51853      0.02406     -0.02211     -0.01953
AL      0.74918      0.00760      0.75760     -0.04296     -0.03684     -0.03684
AL      0.50000      0.25553      0.75055      0.00000      0.00892     -0.02311
AL      0.50000      0.52001     -0.02001      0.00000      0.00614     -0.00614
AL      0.74324      0.76853     -0.01040      0.02406     -0.01953     -0.02211
AL      0.71843      0.49777      0.24777     -0.03209     -0.02441     -0.02441
AL      0.50000      0.74945      0.24447     -0.00000      0.02311     -0.00892
AL      0.50000      0.49447      0.49945      0.00000     -0.00892      0.02311
AL      0.74918      0.74240      0.49240     -0.04296      0.03684      0.03684
AL      0.74324      0.51040      0.73147      0.02406      0.02211      0.01953
AL      0.50000      0.76011      0.73989      0.00000     -0.01600      0.01600
