/* Converted from PWscf output file */ 
#L_UNITS ang 
#E_UNITS eV 
#S_UNITS GPA 
#F_UNITS EV/ANG 
#ALAT 	   8.07976     // a0 
#X 	   1.00000     0.00000     0.00000     // X 
#Y 	   0.00000     1.03873    -0.05878     // Y 
#Z 	   0.00000    -0.05878     1.03873     // Z 
#SX 	  -0.06898     0.00000     0.00000     // SX 
#SY 	   0.00000    -0.06898    -0.03485     // SY 
#SZ 	   0.00000    -0.03485    -0.06898     // SZ 
#EPA 	  -3.28748     // Energy per Atom 
#RCUT 	6.5        // Rcut 
AL      0.00000      0.37500      0.12500      0.00000      0.00000      0.00000
AL      0.00000      0.02148      0.01094     -0.00000      0.01263     -0.00410
AL      0.28392      0.25286      0.00286     -0.00056      0.00977      0.00977
AL      0.25539     -0.01944      0.26152     -0.01664      0.01209     -0.00854
AL      0.00000      0.17994      0.32006      0.00000      0.06156     -0.06156
AL      0.00000     -0.02196      0.52196      0.00000     -0.00185      0.00185
AL      0.25539      0.23848      0.51944     -0.01664      0.00854     -0.01209
AL      0.25233      0.00716      0.75716      0.02821     -0.00835     -0.00835
AL      0.00000      0.26094      0.77148      0.00000     -0.00410      0.01263
AL      0.00000      0.57006     -0.07006      0.00000     -0.06156      0.06156
AL      0.25539      0.76944     -0.01152     -0.01664     -0.01209      0.00854
AL      0.28392      0.49714      0.24714     -0.00056     -0.00977     -0.00977
AL      0.00000      0.72852      0.23906     -0.00000     -0.01263      0.00410
AL      0.00000      0.48906      0.47852      0.00000      0.00410     -0.01263
AL      0.25233      0.74284      0.49284      0.02821      0.00835      0.00835
AL      0.25539      0.51152      0.73056     -0.01664     -0.00854      0.01209
AL      0.00000      0.77196      0.72804      0.00000      0.00185     -0.00185
AL      0.50000     -0.00054      0.00653      0.00000     -0.01015      0.02493
AL      0.71608      0.25286      0.00286      0.00056      0.00977      0.00977
AL      0.74461     -0.01944      0.26152      0.01664      0.01209     -0.00854
AL      0.50000      0.22803      0.27197      0.00000      0.00451     -0.00451
AL      0.50000     -0.00973      0.50973      0.00000      0.00229     -0.00229
AL      0.74461      0.23848      0.51944      0.01664      0.00854     -0.01209
AL      0.74767      0.00716      0.75716     -0.02821     -0.00835     -0.00835
AL      0.50000      0.25653      0.74946      0.00000      0.02493     -0.01015
AL      0.50000      0.52197     -0.02197      0.00000     -0.00451      0.00451
AL      0.74461      0.76944     -0.01152      0.01664     -0.01209      0.00854
AL      0.71608      0.49714      0.24714      0.00056     -0.00977     -0.00977
AL      0.50000      0.75054      0.24347      0.00000      0.01015     -0.02493
AL      0.50000      0.49347      0.50054      0.00000     -0.02493      0.01015
AL      0.74767      0.74284      0.49284     -0.02821      0.00835      0.00835
AL      0.74461      0.51152      0.73056      0.01664     -0.00854      0.01209
AL      0.50000      0.75973      0.74027      0.00000     -0.00229      0.00229
