/* Converted from PWscf output file */ 
#L_UNITS ang 
#E_UNITS eV 
#S_UNITS GPA 
#F_UNITS EV/ANG 
#ALAT 	   8.06749     // a0 
#X 	   1.00000     0.00000     0.00000     // X 
#Y 	   0.00000     1.04081    -0.06039     // Y 
#Z 	   0.00000     0.06039     1.04081     // Z 
#SX 	  -0.01210     0.00000     0.00000     // SX 
#SY 	   0.00000    -0.01021     0.01940     // SY 
#SZ 	   0.00000     0.01940    -0.01021     // SZ 
#EPA 	  -3.28764     // Energy per Atom 
#RCUT 	6.5        // Rcut 
AL      0.00000      0.37248      0.08163      0.00000      0.00000      0.00000
AL      0.00000      0.02222      0.00766     -0.00000      0.00894     -0.00636
AL      0.28467      0.25111     -0.02643      0.00051     -0.00116     -0.00116
AL      0.25443     -0.01922      0.26342      0.00015      0.00175      0.00364
AL      0.00000      0.17957      0.29831      0.00000     -0.01606      0.01606
AL      0.00000     -0.02151      0.52416      0.00000     -0.00408      0.00408
AL      0.25443      0.23721      0.49173      0.00015     -0.00364     -0.00175
AL      0.25363      0.00700      0.75624     -0.00262     -0.00013     -0.00013
AL      0.00000      0.25850      0.74227      0.00000     -0.00636      0.00894
AL      0.00000      0.56540     -0.13505      0.00000      0.01606     -0.01606
AL      0.25443      0.76419     -0.10016      0.00015     -0.00175     -0.00364
AL      0.28467      0.49386      0.18970      0.00051      0.00116      0.00116
AL      0.00000      0.72275      0.15561     -0.00000     -0.00894      0.00636
AL      0.00000      0.48647      0.42099      0.00000      0.00636     -0.00894
AL      0.25363      0.73797      0.40703     -0.00262      0.00013      0.00013
AL      0.25443      0.50776      0.67153      0.00015      0.00364      0.00175
AL      0.00000      0.76648      0.63910      0.00000      0.00408     -0.00408
AL      0.50000     -0.00124      0.00806     -0.00000     -0.00608     -0.00146
AL      0.71533      0.25111     -0.02643     -0.00051     -0.00116     -0.00116
AL      0.74557     -0.01922      0.26342     -0.00015      0.00175      0.00364
AL      0.50000      0.22616      0.24598      0.00000     -0.00009      0.00009
AL      0.50000     -0.00933      0.51048      0.00000      0.00564     -0.00564
AL      0.74557      0.23721      0.49173     -0.00015     -0.00364     -0.00175
AL      0.74637      0.00700      0.75624      0.00262     -0.00013     -0.00013
AL      0.50000      0.25619      0.71892      0.00000     -0.00146     -0.00608
AL      0.50000      0.51881     -0.08272      0.00000      0.00009     -0.00009
AL      0.74557      0.76419     -0.10016     -0.00015     -0.00175     -0.00364
AL      0.71533      0.49386      0.18970     -0.00051      0.00116      0.00116
AL      0.50000      0.74621      0.15520     -0.00000      0.00608      0.00146
AL      0.50000      0.48878      0.44434      0.00000      0.00146      0.00608
AL      0.74637      0.73797      0.40703      0.00262      0.00013      0.00013
AL      0.74557      0.50776      0.67153     -0.00015      0.00364      0.00175
AL      0.50000      0.75430      0.65278      0.00000     -0.00564      0.00564
