/* Converted from PWscf output file */ 
#L_UNITS ang 
#E_UNITS eV 
#S_UNITS GPA 
#F_UNITS EV/ANG 
#ALAT 	   8.09890     // a0 
#X 	   1.00000     0.00000     0.00000     // X 
#Y 	   0.00000     1.00891    -0.00931     // Y 
#Z 	   0.00000    -0.00931     1.00891     // Z 
#SX 	   1.19775     0.00000     0.00000     // SX 
#SY 	   0.00000     9.14085    -9.03439     // SY 
#SZ 	   0.00000    -9.03439     9.14085     // SZ 
#EPA 	  -3.00170     // Energy per Atom 
#RCUT 	6.5        // Rcut 
AL      0.00000      0.37500      0.12500      0.00000      0.00000      0.00000
AL      0.00000      0.00024     -0.00012      0.00000      0.04863     -0.02676
AL      0.25340      0.24845     -0.00155      0.80347     -0.37181     -0.37181
AL      0.25093     -0.00089      0.24994      0.20242     -0.19250     -0.00803
AL      0.00000      0.20737      0.29263      0.00000    -12.77552     12.77552
AL      0.00000     -0.00150      0.50150      0.00000     -0.30050      0.30050
AL      0.25093      0.25006      0.50089      0.20242      0.00803      0.19250
AL      0.24991      0.00000      0.75000     -0.01939      0.00307      0.00307
AL      0.00000      0.24988      0.75024      0.00000     -0.02676      0.04863
AL      0.00000      0.54263     -0.04263      0.00000     12.77552    -12.77552
AL      0.25093      0.75089      0.00006      0.20242      0.19250      0.00803
AL      0.25340      0.50155      0.25155      0.80347      0.37181      0.37181
AL      0.00000      0.74976      0.25012      0.00000     -0.04863      0.02676
AL      0.00000      0.50012      0.49976      0.00000      0.02676     -0.04863
AL      0.24991      0.75000      0.50000     -0.01939     -0.00307     -0.00307
AL      0.25093      0.49994      0.74911      0.20242     -0.00803     -0.19250
AL      0.00000      0.75150      0.74850      0.00000      0.30050     -0.30050
AL      0.50000     -0.00009      0.00005     -0.00000     -0.01911      0.00706
AL      0.74660      0.24845     -0.00155     -0.80347     -0.37181     -0.37181
AL      0.74907     -0.00089      0.24994     -0.20242     -0.19250     -0.00803
AL      0.50000      0.24997      0.25003      0.00000     -0.00531      0.00531
AL      0.50000     -0.00001      0.50001     -0.00000     -0.00240      0.00240
AL      0.74907      0.25006      0.50089     -0.20242      0.00803      0.19250
AL      0.75009      0.00000      0.75000      0.01939      0.00307      0.00307
AL      0.50000      0.25005      0.74991     -0.00000      0.00706     -0.01911
AL      0.50000      0.50003     -0.00003      0.00000      0.00531     -0.00531
AL      0.74907      0.75089      0.00006     -0.20242      0.19250      0.00803
AL      0.74660      0.50155      0.25155     -0.80347      0.37181      0.37181
AL      0.50000      0.75009      0.24995      0.00000      0.01911     -0.00706
AL      0.50000      0.49995      0.50009      0.00000     -0.00706      0.01911
AL      0.75009      0.75000      0.50000      0.01939     -0.00307     -0.00307
AL      0.74907      0.49994      0.74911     -0.20242     -0.00803     -0.19250
AL      0.50000      0.75001      0.74999     -0.00000      0.00240     -0.00240
