/* Converted from PWscf output file */ 
#L_UNITS ang 
#E_UNITS eV 
#S_UNITS GPA 
#F_UNITS EV/ANG 
#ALAT 	   8.12108     // a0 
#X 	   1.00000     0.00000     0.00000     // X 
#Y 	   0.00000     1.01794    -0.02116     // Y 
#Z 	   0.00000    -0.02116     1.01794     // Z 
#SX 	   0.50241     0.00000     0.00000     // SX 
#SY 	   0.00000     3.25856    -4.02055     // SY 
#SZ 	   0.00000    -4.02055     3.25856     // SZ 
#EPA 	  -3.19824     // Energy per Atom 
#RCUT 	6.5        // Rcut 
AL      0.00000      0.37500      0.12500      0.00000      0.00000      0.00000
AL      0.00000      0.00077     -0.00006     -0.00000      0.10837      0.02348
AL      0.25699      0.24699     -0.00301      0.74370     -0.30340     -0.30340
AL      0.25245     -0.00219      0.24977      0.31444     -0.26263     -0.03732
AL      0.00000      0.19579      0.30421      0.00000     -4.43110      4.43110
AL      0.00000     -0.00526      0.50526      0.00000     -0.77497      0.77497
AL      0.25245      0.25023      0.50219      0.31444      0.03732      0.26263
AL      0.24990     -0.00005      0.74995      0.00015     -0.00837     -0.00837
AL      0.00000      0.24994      0.75077      0.00000      0.02348      0.10837
AL      0.00000      0.55421     -0.05421      0.00000      4.43110     -4.43110
AL      0.25245      0.75219      0.00023      0.31444      0.26263      0.03732
AL      0.25699      0.50301      0.25301      0.74370      0.30340      0.30340
AL      0.00000      0.74923      0.25006     -0.00000     -0.10837     -0.02348
AL      0.00000      0.50006      0.49923      0.00000     -0.02348     -0.10837
AL      0.24990      0.75005      0.50005      0.00015      0.00837      0.00837
AL      0.25245      0.49977      0.74781      0.31444     -0.03732     -0.26263
AL      0.00000      0.75526      0.74474      0.00000      0.77497     -0.77497
AL      0.50000     -0.00027      0.00010      0.00000     -0.03718      0.00624
AL      0.74301      0.24699     -0.00301     -0.74370     -0.30340     -0.30340
AL      0.74755     -0.00219      0.24977     -0.31444     -0.26263     -0.03732
AL      0.50000      0.24984      0.25016      0.00000     -0.02514      0.02514
AL      0.50000     -0.00005      0.50005     -0.00000     -0.00908      0.00908
AL      0.74755      0.25023      0.50219     -0.31444      0.03732      0.26263
AL      0.75010     -0.00005      0.74995     -0.00015     -0.00837     -0.00837
AL      0.50000      0.25010      0.74973     -0.00000      0.00624     -0.03718
AL      0.50000      0.50016     -0.00016      0.00000      0.02514     -0.02514
AL      0.74755      0.75219      0.00023     -0.31444      0.26263      0.03732
AL      0.74301      0.50301      0.25301     -0.74370      0.30340      0.30340
AL      0.50000      0.75027      0.24990      0.00000      0.03718     -0.00624
AL      0.50000      0.49990      0.50027      0.00000     -0.00624      0.03718
AL      0.75010      0.75005      0.50005     -0.00015      0.00837      0.00837
AL      0.74755      0.49977      0.74781     -0.31444     -0.03732     -0.26263
AL      0.50000      0.75005      0.74995     -0.00000      0.00908     -0.00908
