/* Converted from PWscf output file */ 
#L_UNITS ang 
#E_UNITS eV 
#S_UNITS GPA 
#F_UNITS EV/ANG 
#ALAT 	   8.16611     // a0 
#X 	   1.00000     0.00000     0.00000     // X 
#Y 	   0.00000     1.02013    -0.05278     // Y 
#Z 	   0.00000    -0.05278     1.02013     // Z 
#SX 	  -0.08561     0.00000     0.00000     // SX 
#SY 	   0.00000     0.15721    -0.07788     // SY 
#SZ 	   0.00000    -0.07788     0.15721     // SZ 
#EPA 	  -3.28442     // Energy per Atom 
#RCUT 	6.5        // Rcut 
AL      0.00000      0.37500      0.12500      0.00000      0.00000      0.00000
AL      0.00000      0.01154      0.00835     -0.00000      0.05006      0.00905
AL      0.27364      0.24760     -0.00240      0.00411      0.05174      0.05174
AL      0.26282     -0.00894      0.25417     -0.08151     -0.01869      0.03065
AL      0.00000      0.18015      0.31985      0.00000     -0.10688      0.10688
AL      0.00000     -0.02061      0.52061      0.00000     -0.04507      0.04507
AL      0.26282      0.24583      0.50894     -0.08151     -0.03065      0.01869
AL      0.25569      0.00240      0.75240     -0.09045      0.01265      0.01265
AL      0.00000      0.25835      0.76154      0.00000      0.00905      0.05006
AL      0.00000      0.56985     -0.06985      0.00000      0.10688     -0.10688
AL      0.26282      0.75894     -0.00417     -0.08151      0.01869     -0.03065
AL      0.27364      0.50240      0.25240      0.00411     -0.05174     -0.05174
AL      0.00000      0.73846      0.24165     -0.00000     -0.05006     -0.00905
AL      0.00000      0.49165      0.48846      0.00000     -0.00905     -0.05006
AL      0.25569      0.74760      0.49760     -0.09045     -0.01265     -0.01265
AL      0.26282      0.50417      0.74106     -0.08151      0.03065     -0.01869
AL      0.00000      0.77061      0.72939      0.00000      0.04507     -0.04507
AL      0.50000     -0.00083      0.00013      0.00000      0.03748      0.04713
AL      0.72636      0.24760     -0.00240     -0.00411      0.05174      0.05174
AL      0.73718     -0.00894      0.25417      0.08151     -0.01869      0.03065
AL      0.50000      0.24468      0.25532      0.00000     -0.06388      0.06388
AL      0.50000     -0.00425      0.50425      0.00000     -0.04507      0.04507
AL      0.73718      0.24583      0.50894      0.08151     -0.03065      0.01869
AL      0.74431      0.00240      0.75240      0.09045      0.01265      0.01265
AL      0.50000      0.25013      0.74917     -0.00000      0.04713      0.03748
AL      0.50000      0.50532     -0.00532      0.00000      0.06388     -0.06388
AL      0.73718      0.75894     -0.00417      0.08151      0.01869     -0.03065
AL      0.72636      0.50240      0.25240     -0.00411     -0.05174     -0.05174
AL      0.50000      0.75083      0.24987      0.00000     -0.03748     -0.04713
AL      0.50000      0.49987      0.50083     -0.00000     -0.04713     -0.03748
AL      0.74431      0.74760      0.49760      0.09045     -0.01265     -0.01265
AL      0.73718      0.50417      0.74106      0.08151      0.03065     -0.01869
AL      0.50000      0.75425      0.74575      0.00000      0.04507     -0.04507
