/* Converted from PWscf output file */ 
#L_UNITS ang 
#E_UNITS eV 
#S_UNITS GPA 
#F_UNITS EV/ANG 
#ALAT 	   8.11400     // a0 
#X 	   1.00000     0.00000     0.00000     // X 
#Y 	   0.00000     1.02968    -0.05651     // Y 
#Z 	   0.00000    -0.05651     1.02968     // Z 
#SX 	   0.09261     0.00000     0.00000     // SX 
#SY 	   0.00000     0.24690     0.00846     // SY 
#SZ 	   0.00000     0.00846     0.24690     // SZ 
#EPA 	  -3.28701     // Energy per Atom 
#RCUT 	6.5        // Rcut 
AL      0.00000      0.37500      0.12500      0.00000      0.00000      0.00000
AL      0.00000      0.02047      0.01134      0.00000     -0.03059     -0.02647
AL      0.27956      0.25205      0.00205      0.07094     -0.02536     -0.02536
AL      0.25726     -0.01711      0.25948     -0.00471     -0.02352      0.01907
AL      0.00000      0.18044      0.31956      0.00000     -0.05692      0.05692
AL      0.00000     -0.02151      0.52151      0.00000      0.04832     -0.04832
AL      0.25726      0.24052      0.51711     -0.00471     -0.01907      0.02352
AL      0.25042      0.00723      0.75723      0.05637     -0.01008     -0.01008
AL      0.00000      0.26134      0.77047     -0.00000     -0.02647     -0.03059
AL      0.00000      0.56956     -0.06956      0.00000      0.05692     -0.05692
AL      0.25726      0.76711     -0.00948     -0.00471      0.02352     -0.01907
AL      0.27956      0.49795      0.24795      0.07094      0.02536      0.02536
AL      0.00000      0.72953      0.23866      0.00000      0.03059      0.02647
AL      0.00000      0.48866      0.47953     -0.00000      0.02647      0.03059
AL      0.25042      0.74277      0.49277      0.05637      0.01008      0.01008
AL      0.25726      0.50948      0.73289     -0.00471      0.01907     -0.02352
AL      0.00000      0.77151      0.72849      0.00000     -0.04832      0.04832
AL      0.50000      0.00095      0.00501     -0.00000     -0.03268     -0.00810
AL      0.72044      0.25205      0.00205     -0.07094     -0.02536     -0.02536
AL      0.74274     -0.01711      0.25948      0.00471     -0.02352      0.01907
AL      0.50000      0.23191      0.26809     -0.00000     -0.02489      0.02489
AL      0.50000     -0.00992      0.50992      0.00000      0.03093     -0.03093
AL      0.74274      0.24052      0.51711      0.00471     -0.01907      0.02352
AL      0.74958      0.00723      0.75723     -0.05637     -0.01008     -0.01008
AL      0.50000      0.25501      0.75095      0.00000     -0.00810     -0.03268
AL      0.50000      0.51809     -0.01809     -0.00000      0.02489     -0.02489
AL      0.74274      0.76711     -0.00948      0.00471      0.02352     -0.01907
AL      0.72044      0.49795      0.24795     -0.07094      0.02536      0.02536
AL      0.50000      0.74905      0.24499     -0.00000      0.03268      0.00810
AL      0.50000      0.49499      0.49905      0.00000      0.00810      0.03268
AL      0.74958      0.74277      0.49277     -0.05637      0.01008      0.01008
AL      0.74274      0.50948      0.73289      0.00471      0.01907     -0.02352
AL      0.50000      0.75992      0.74008      0.00000     -0.03093      0.03093
