/* Converted from PWscf output file */ 
#L_UNITS ang 
#E_UNITS eV 
#S_UNITS GPA 
#F_UNITS EV/ANG 
#ALAT 	   8.14199     // a0 
#X 	   1.00000     0.00000     0.00000     // X 
#Y 	   0.00000     1.02876    -0.04748     // Y 
#Z 	   0.00000    -0.04748     1.02876     // Z 
#SX 	  -0.17427     0.00000     0.00000     // SX 
#SY 	   0.00000    -0.64357    -0.24369     // SY 
#SZ 	   0.00000    -0.24369    -0.64357     // SZ 
#EPA 	  -3.27850     // Energy per Atom 
#RCUT 	6.5        // Rcut 
AL      0.00000      0.37500      0.12500      0.00000      0.00000      0.00000
AL      0.00000      0.00380      0.00177      0.00000      0.17406      0.16013
AL      0.26726      0.24384     -0.00616      0.23613      0.00765      0.00765
AL      0.25850     -0.00658      0.24968      0.22744     -0.10980      0.04523
AL      0.00000      0.17833      0.32167      0.00000      0.21922     -0.21922
AL      0.00000     -0.02136      0.52136     -0.00000     -0.37710      0.37710
AL      0.25850      0.25032      0.50658      0.22744     -0.04523      0.10980
AL      0.25116      0.00015      0.75015      0.14764      0.04344      0.04344
AL      0.00000      0.25177      0.75380      0.00000      0.16013      0.17406
AL      0.00000      0.57167     -0.07167      0.00000     -0.21922      0.21922
AL      0.25850      0.75658      0.00032      0.22744      0.10980     -0.04523
AL      0.26726      0.50616      0.25616      0.23613     -0.00765     -0.00765
AL      0.00000      0.74620      0.24823      0.00000     -0.17406     -0.16013
AL      0.00000      0.49823      0.49620      0.00000     -0.16013     -0.17406
AL      0.25116      0.74985      0.49985      0.14764     -0.04344     -0.04344
AL      0.25850      0.49968      0.74342      0.22744      0.04523     -0.10980
AL      0.00000      0.77136      0.72864     -0.00000      0.37710     -0.37710
AL      0.50000     -0.00110     -0.00004      0.00000     -0.03551     -0.02355
AL      0.73274      0.24384     -0.00616     -0.23613      0.00765      0.00765
AL      0.74150     -0.00658      0.24968     -0.22744     -0.10980      0.04523
AL      0.50000      0.24889      0.25111      0.00000     -0.06041      0.06041
AL      0.50000     -0.00058      0.50058     -0.00000     -0.04585      0.04585
AL      0.74150      0.25032      0.50658     -0.22744     -0.04523      0.10980
AL      0.74884      0.00015      0.75015     -0.14764      0.04344      0.04344
AL      0.50000      0.24996      0.74890      0.00000     -0.02355     -0.03551
AL      0.50000      0.50111     -0.00111      0.00000      0.06041     -0.06041
AL      0.74150      0.75658      0.00032     -0.22744      0.10980     -0.04523
AL      0.73274      0.50616      0.25616     -0.23613     -0.00765     -0.00765
AL      0.50000      0.75110      0.25004      0.00000      0.03551      0.02355
AL      0.50000      0.50004      0.50110      0.00000      0.02355      0.03551
AL      0.74884      0.74985      0.49985     -0.14764     -0.04344     -0.04344
AL      0.74150      0.49968      0.74342     -0.22744      0.04523     -0.10980
AL      0.50000      0.75058      0.74942     -0.00000      0.04585     -0.04585
