/* Converted from PWscf output file */ 
#L_UNITS ang 
#E_UNITS eV 
#S_UNITS GPA 
#F_UNITS EV/ANG 
#ALAT 	   8.10327     // a0 
#X 	   1.00000     0.00000     0.00000     // X 
#Y 	   0.00000     1.03408    -0.05752     // Y 
#Z 	   0.00000    -0.05752     1.03408     // Z 
#SX 	  -0.20155     0.00000     0.00000     // SX 
#SY 	   0.00000    -0.02654    -0.04492     // SY 
#SZ 	   0.00000    -0.04492    -0.02654     // SZ 
#EPA 	  -3.28734     // Energy per Atom 
#RCUT 	6.5        // Rcut 
AL      0.00000      0.37500      0.12500      0.00000      0.00000      0.00000
AL      0.00000      0.02147      0.01138      0.00000     -0.00923     -0.00983
AL      0.28253      0.25245      0.00245      0.01753      0.02767      0.02767
AL      0.25638     -0.01900      0.26088     -0.02521      0.02199      0.01485
AL      0.00000      0.17957      0.32043      0.00000      0.01923     -0.01923
AL      0.00000     -0.02179      0.52179      0.00000     -0.03173      0.03173
AL      0.25638      0.23912      0.51900     -0.02521     -0.01485     -0.02199
AL      0.25120      0.00757      0.75757      0.03902     -0.03317     -0.03317
AL      0.00000      0.26138      0.77147      0.00000     -0.00983     -0.00923
AL      0.00000      0.57043     -0.07043      0.00000     -0.01923      0.01923
AL      0.25638      0.76900     -0.01088     -0.02521     -0.02199     -0.01485
AL      0.28253      0.49755      0.24755      0.01753     -0.02767     -0.02767
AL      0.00000      0.72853      0.23862      0.00000      0.00923      0.00983
AL      0.00000      0.48862      0.47853      0.00000      0.00983      0.00923
AL      0.25120      0.74243      0.49243      0.03902      0.03317      0.03317
AL      0.25638      0.51088      0.73100     -0.02521      0.01485      0.02199
AL      0.00000      0.77179      0.72821      0.00000      0.03173     -0.03173
AL      0.50000      0.00026      0.00584     -0.00000     -0.02051      0.01473
AL      0.71747      0.25245      0.00245     -0.01753      0.02767      0.02767
AL      0.74362     -0.01900      0.26088      0.02521      0.02199      0.01485
AL      0.50000      0.22916      0.27084     -0.00000     -0.00195      0.00195
AL      0.50000     -0.01010      0.51010      0.00000      0.01189     -0.01189
AL      0.74362      0.23912      0.51900      0.02521     -0.01485     -0.02199
AL      0.74880      0.00757      0.75757     -0.03902     -0.03317     -0.03317
AL      0.50000      0.25584      0.75026      0.00000      0.01473     -0.02051
AL      0.50000      0.52084     -0.02084     -0.00000      0.00195     -0.00195
AL      0.74362      0.76900     -0.01088      0.02521     -0.02199     -0.01485
AL      0.71747      0.49755      0.24755     -0.01753     -0.02767     -0.02767
AL      0.50000      0.74974      0.24416     -0.00000      0.02051     -0.01473
AL      0.50000      0.49416      0.49974      0.00000     -0.01473      0.02051
AL      0.74880      0.74243      0.49243     -0.03902      0.03317      0.03317
AL      0.74362      0.51088      0.73100      0.02521      0.01485      0.02199
AL      0.50000      0.76010      0.73990      0.00000     -0.01189      0.01189
