/* Converted from PWscf output file */ 
#L_UNITS ang 
#E_UNITS eV 
#S_UNITS GPA 
#F_UNITS EV/ANG 
#ALAT 	   8.06349     // a0 
#X 	   1.00000     0.00000     0.00000     // X 
#Y 	   0.00000     1.04105    -0.05924     // Y 
#Z 	   0.00000    -0.05924     1.04105     // Z 
#SX 	   0.08794     0.00000     0.00000     // SX 
#SY 	   0.00000     0.01517    -0.03690     // SY 
#SZ 	   0.00000    -0.03690     0.01517     // SZ 
#EPA 	  -3.28757     // Energy per Atom 
#RCUT 	6.5        // Rcut 
AL      0.00000      0.37500      0.12500      0.00000      0.00000      0.00000
AL      0.00000      0.02160      0.01046      0.00000      0.02346     -0.00650
AL      0.28409      0.25281      0.00281      0.00450     -0.00922     -0.00922
AL      0.25482     -0.01921      0.26126     -0.00558      0.00237     -0.01369
AL      0.00000      0.18084      0.31916      0.00000     -0.01040      0.01040
AL      0.00000     -0.02162      0.52162      0.00000      0.00501     -0.00501
AL      0.25482      0.23874      0.51921     -0.00558      0.01369     -0.00237
AL      0.25317      0.00696      0.75696      0.00800      0.00635      0.00635
AL      0.00000      0.26046      0.77160      0.00000     -0.00650      0.02346
AL      0.00000      0.56916     -0.06916      0.00000      0.01040     -0.01040
AL      0.25482      0.76921     -0.01126     -0.00558     -0.00237      0.01369
AL      0.28409      0.49719      0.24719      0.00450      0.00922      0.00922
AL      0.00000      0.72840      0.23954      0.00000     -0.02346      0.00650
AL      0.00000      0.48954      0.47840      0.00000      0.00650     -0.02346
AL      0.25317      0.74304      0.49304      0.00800     -0.00635     -0.00635
AL      0.25482      0.51126      0.73079     -0.00558     -0.01369      0.00237
AL      0.00000      0.77162      0.72838      0.00000     -0.00501      0.00501
AL      0.50000     -0.00099      0.00719      0.00000     -0.00068      0.02013
AL      0.71591      0.25281      0.00281     -0.00450     -0.00922     -0.00922
AL      0.74518     -0.01921      0.26126      0.00558      0.00237     -0.01369
AL      0.50000      0.22805      0.27195     -0.00000      0.00303     -0.00303
AL      0.50000     -0.00940      0.50940      0.00000     -0.00010      0.00010
AL      0.74518      0.23874      0.51921      0.00558      0.01369     -0.00237
AL      0.74683      0.00696      0.75696     -0.00800      0.00635      0.00635
AL      0.50000      0.25719      0.74901      0.00000      0.02013     -0.00068
AL      0.50000      0.52195     -0.02195     -0.00000     -0.00303      0.00303
AL      0.74518      0.76921     -0.01126      0.00558     -0.00237      0.01369
AL      0.71591      0.49719      0.24719     -0.00450      0.00922      0.00922
AL      0.50000      0.75099      0.24281      0.00000      0.00068     -0.02013
AL      0.50000      0.49281      0.50099      0.00000     -0.02013      0.00068
AL      0.74683      0.74304      0.49304     -0.00800     -0.00635     -0.00635
AL      0.74518      0.51126      0.73079      0.00558     -0.01369      0.00237
AL      0.50000      0.75940      0.74060      0.00000      0.00010     -0.00010
