/* Converted from PWscf output file */ 
#L_UNITS ang 
#E_UNITS eV 
#S_UNITS GPA 
#F_UNITS EV/ANG 
#ALAT 	   8.14297     // a0 
#X 	   1.00000     0.00000     0.00000     // X 
#Y 	   0.00000     1.02674    -0.03967     // Y 
#Z 	   0.00000    -0.03967     1.02674     // Z 
#SX 	  -0.25040     0.00000     0.00000     // SX 
#SY 	   0.00000    -0.27796    -0.95187     // SY 
#SZ 	   0.00000    -0.95187    -0.27796     // SZ 
#EPA 	  -3.27036     // Energy per Atom 
#RCUT 	6.5        // Rcut 
AL      0.00000      0.37500      0.12500      0.00000      0.00000      0.00000
AL      0.00000      0.00279      0.00098      0.00000      0.16844      0.12992
AL      0.26496      0.24428     -0.00572      0.39800     -0.09017     -0.09017
AL      0.25686     -0.00556      0.24952      0.29321     -0.18870      0.00108
AL      0.00000      0.18075      0.31925      0.00000     -0.23559      0.23559
AL      0.00000     -0.01766      0.51766     -0.00000     -0.78734      0.78734
AL      0.25686      0.25048      0.50556      0.29321     -0.00108      0.18870
AL      0.25049     -0.00002      0.74998      0.09097      0.01793      0.01793
AL      0.00000      0.25098      0.75279      0.00000      0.12992      0.16844
AL      0.00000      0.56925     -0.06925      0.00000      0.23559     -0.23559
AL      0.25686      0.75556      0.00048      0.29321      0.18870     -0.00108
AL      0.26496      0.50572      0.25572      0.39800      0.09017      0.09017
AL      0.00000      0.74721      0.24902      0.00000     -0.16844     -0.12992
AL      0.00000      0.49902      0.49721      0.00000     -0.12992     -0.16844
AL      0.25049      0.75002      0.50002      0.09097     -0.01793     -0.01793
AL      0.25686      0.49952      0.74444      0.29321      0.00108     -0.18870
AL      0.00000      0.76766      0.73234     -0.00000      0.78734     -0.78734
AL      0.50000     -0.00086      0.00005     -0.00000     -0.04383     -0.01725
AL      0.73504      0.24428     -0.00572     -0.39800     -0.09017     -0.09017
AL      0.74314     -0.00556      0.24952     -0.29321     -0.18870      0.00108
AL      0.50000      0.24924      0.25076     -0.00000     -0.05343      0.05343
AL      0.50000     -0.00034      0.50034     -0.00000     -0.03131      0.03131
AL      0.74314      0.25048      0.50556     -0.29321     -0.00108      0.18870
AL      0.74951     -0.00002      0.74998     -0.09097      0.01793      0.01793
AL      0.50000      0.25005      0.74914      0.00000     -0.01725     -0.04383
AL      0.50000      0.50076     -0.00076     -0.00000      0.05343     -0.05343
AL      0.74314      0.75556      0.00048     -0.29321      0.18870     -0.00108
AL      0.73504      0.50572      0.25572     -0.39800      0.09017      0.09017
AL      0.50000      0.75086      0.24995      0.00000      0.04383      0.01725
AL      0.50000      0.49995      0.50086      0.00000      0.01725      0.04383
AL      0.74951      0.75002      0.50002     -0.09097     -0.01793     -0.01793
AL      0.74314      0.49952      0.74444     -0.29321      0.00108     -0.18870
AL      0.50000      0.75034      0.74966      0.00000      0.03131     -0.03131
