/* Converted from PWscf output file */ 
#L_UNITS ang 
#E_UNITS eV 
#S_UNITS GPA 
#F_UNITS EV/ANG 
#ALAT 	   8.06750     // a0 
#X 	   1.00000     0.00000     0.00000     // X 
#Y 	   0.00000     1.04081    -0.06039     // Y 
#Z 	   0.00000    -0.06039     1.04081     // Z 
#SX 	  -0.01196     0.00000     0.00000     // SX 
#SY 	   0.00000    -0.01108     0.02027     // SY 
#SZ 	   0.00000     0.02027    -0.01108     // SZ 
#EPA 	  -3.28761     // Energy per Atom 
#RCUT 	6.5        // Rcut 
AL      0.00000      0.37500      0.12500      0.00000      0.00000      0.00000
AL      0.00000      0.02237      0.01024      0.00000      0.00895     -0.00634
AL      0.28467      0.25280      0.00280      0.00036     -0.00115     -0.00115
AL      0.25443     -0.01935      0.26119      0.00008      0.00180      0.00375
AL      0.00000      0.18078      0.31922      0.00000     -0.01607      0.01607
AL      0.00000     -0.02166      0.52166      0.00000     -0.00416      0.00416
AL      0.25443      0.23881      0.51935      0.00008     -0.00375     -0.00180
AL      0.25363      0.00705      0.75705     -0.00259     -0.00020     -0.00020
AL      0.00000      0.26024      0.77237      0.00000     -0.00634      0.00895
AL      0.00000      0.56922     -0.06922      0.00000      0.01607     -0.01607
AL      0.25443      0.76935     -0.01119      0.00008     -0.00180     -0.00375
AL      0.28467      0.49720      0.24720      0.00036      0.00115      0.00115
AL      0.00000      0.72763      0.23976      0.00000     -0.00895      0.00634
AL      0.00000      0.48976      0.47763      0.00000      0.00634     -0.00895
AL      0.25363      0.74295      0.49295     -0.00259      0.00020      0.00020
AL      0.25443      0.51119      0.73065      0.00008      0.00375      0.00180
AL      0.00000      0.77166      0.72834      0.00000      0.00416     -0.00416
AL      0.50000     -0.00125      0.00792     -0.00000     -0.00612     -0.00161
AL      0.71533      0.25280      0.00280     -0.00036     -0.00115     -0.00115
AL      0.74557     -0.01935      0.26119     -0.00008      0.00180      0.00375
AL      0.50000      0.22769      0.27231     -0.00000     -0.00012      0.00012
AL      0.50000     -0.00939      0.50939      0.00000      0.00563     -0.00563
AL      0.74557      0.23881      0.51935     -0.00008     -0.00375     -0.00180
AL      0.74637      0.00705      0.75705      0.00259     -0.00020     -0.00020
AL      0.50000      0.25792      0.74875     -0.00000     -0.00161     -0.00612
AL      0.50000      0.52231     -0.02231     -0.00000      0.00012     -0.00012
AL      0.74557      0.76935     -0.01119     -0.00008     -0.00180     -0.00375
AL      0.71533      0.49720      0.24720     -0.00036      0.00115      0.00115
AL      0.50000      0.75125      0.24208     -0.00000      0.00612      0.00161
AL      0.50000      0.49208      0.50125     -0.00000      0.00161      0.00612
AL      0.74637      0.74295      0.49295      0.00259      0.00020      0.00020
AL      0.74557      0.51119      0.73065     -0.00008      0.00375      0.00180
AL      0.50000      0.75939      0.74061      0.00000     -0.00563      0.00563
