/* Converted from PWscf output file */ 
#L_UNITS ang 
#E_UNITS eV 
#S_UNITS GPA 
#F_UNITS EV/ANG 
#ALAT 	   8.14049     // a0 
#X 	   1.00000     0.00000     0.00000     // X 
#Y 	   0.00000     1.02497    -0.05360     // Y 
#Z 	   0.00000    -0.05360     1.02497     // Z 
#SX 	   0.28569     0.00000     0.00000     // SX 
#SY 	   0.00000     0.06519     0.13548     // SY 
#SZ 	   0.00000     0.13548     0.06519     // SZ 
#EPA 	  -3.28280     // Energy per Atom 
#RCUT 	6.5        // Rcut 
AL      0.00000      0.37500      0.12500      0.00000      0.00000      0.00000
AL      0.00000      0.00791      0.00563      0.00000      0.12128      0.10826
AL      0.27128      0.24526     -0.00474      0.05706      0.09382      0.09382
AL      0.26236     -0.00816      0.25175      0.02537      0.00265      0.09079
AL      0.00000      0.18034      0.31966      0.00000      0.05953     -0.05953
AL      0.00000     -0.02256      0.52256     -0.00000      0.22428     -0.22428
AL      0.26236      0.24825      0.50816      0.02537     -0.09079     -0.00265
AL      0.25483      0.00141      0.75141      0.07380      0.03868      0.03868
AL      0.00000      0.25563      0.75791     -0.00000      0.10826      0.12128
AL      0.00000      0.56966     -0.06966      0.00000     -0.05953      0.05953
AL      0.26236      0.75816     -0.00175      0.02537     -0.00265     -0.09079
AL      0.27128      0.50474      0.25474      0.05706     -0.09382     -0.09382
AL      0.00000      0.74209      0.24437      0.00000     -0.12128     -0.10826
AL      0.00000      0.49437      0.49209     -0.00000     -0.10826     -0.12128
AL      0.25483      0.74859      0.49859      0.07380     -0.03868     -0.03868
AL      0.26236      0.50175      0.74184      0.02537      0.09079      0.00265
AL      0.00000      0.77256      0.72744     -0.00000     -0.22428      0.22428
AL      0.50000     -0.00151     -0.00043     -0.00000      0.01703      0.00528
AL      0.72872      0.24526     -0.00474     -0.05706      0.09382      0.09382
AL      0.73764     -0.00816      0.25175     -0.02537      0.00265      0.09079
AL      0.50000      0.24708      0.25292      0.00000     -0.06360      0.06360
AL      0.50000     -0.00216      0.50216      0.00000     -0.06124      0.06124
AL      0.73764      0.24825      0.50816     -0.02537     -0.09079     -0.00265
AL      0.74517      0.00141      0.75141     -0.07380      0.03868      0.03868
AL      0.50000      0.24957      0.74849      0.00000      0.00528      0.01703
AL      0.50000      0.50292     -0.00292      0.00000      0.06360     -0.06360
AL      0.73764      0.75816     -0.00175     -0.02537     -0.00265     -0.09079
AL      0.72872      0.50474      0.25474     -0.05706     -0.09382     -0.09382
AL      0.50000      0.75151      0.25043     -0.00000     -0.01703     -0.00528
AL      0.50000      0.50043      0.50151      0.00000     -0.00528     -0.01703
AL      0.74517      0.74859      0.49859     -0.07380     -0.03868     -0.03868
AL      0.73764      0.50175      0.74184     -0.02537      0.09079      0.00265
AL      0.50000      0.75216      0.74784      0.00000      0.06124     -0.06124
