/* Converted from PWscf output file */ 
#L_UNITS ang 
#E_UNITS eV 
#S_UNITS GPA 
#F_UNITS EV/ANG 
#ALAT 	   8.06813     // a0 
#X 	   1.00000     0.00000     0.00000     // X 
#Y 	   0.00000     1.04055    -0.05910     // Y 
#Z 	   0.00000    -0.05910     1.04055     // Z 
#SX 	   0.03894     0.00000     0.00000     // SX 
#SY 	   0.00000    -0.03165    -0.03675     // SY 
#SZ 	   0.00000    -0.03675    -0.03165     // SZ 
#EPA 	  -3.28753     // Energy per Atom 
#RCUT 	6.5        // Rcut 
AL      0.00000      0.37500      0.12500      0.00000      0.00000      0.00000
AL      0.00000      0.02138      0.01073     -0.00000      0.02222     -0.00387
AL      0.28400      0.25288      0.00288     -0.00062     -0.00281     -0.00281
AL      0.25514     -0.01935      0.26149     -0.01072      0.00558     -0.01679
AL      0.00000      0.18035      0.31965      0.00000      0.04167     -0.04167
AL      0.00000     -0.02184      0.52184      0.00000      0.00970     -0.00970
AL      0.25514      0.23851      0.51935     -0.01072      0.01679     -0.00558
AL      0.25268      0.00702      0.75702      0.01943      0.00347      0.00347
AL      0.00000      0.26073      0.77138      0.00000     -0.00387      0.02222
AL      0.00000      0.56965     -0.06965      0.00000     -0.04167      0.04167
AL      0.25514      0.76935     -0.01149     -0.01072     -0.00558      0.01679
AL      0.28400      0.49712      0.24712     -0.00062      0.00281      0.00281
AL      0.00000      0.72862      0.23927     -0.00000     -0.02222      0.00387
AL      0.00000      0.48927      0.47862      0.00000      0.00387     -0.02222
AL      0.25268      0.74298      0.49298      0.01943     -0.00347     -0.00347
AL      0.25514      0.51149      0.73065     -0.01072     -0.01679      0.00558
AL      0.00000      0.77184      0.72816      0.00000     -0.00970      0.00970
AL      0.50000     -0.00076      0.00672      0.00000     -0.00354      0.02650
AL      0.71600      0.25288      0.00288      0.00062     -0.00281     -0.00281
AL      0.74486     -0.01935      0.26149      0.01072      0.00558     -0.01679
AL      0.50000      0.22801      0.27199     -0.00000      0.00555     -0.00555
AL      0.50000     -0.00956      0.50956      0.00000     -0.00101      0.00101
AL      0.74486      0.23851      0.51935      0.01072      0.01679     -0.00558
AL      0.74732      0.00702      0.75702     -0.01943      0.00347      0.00347
AL      0.50000      0.25672      0.74924      0.00000      0.02650     -0.00354
AL      0.50000      0.52199     -0.02199     -0.00000     -0.00555      0.00555
AL      0.74486      0.76935     -0.01149      0.01072     -0.00558      0.01679
AL      0.71600      0.49712      0.24712      0.00062      0.00281      0.00281
AL      0.50000      0.75076      0.24328      0.00000      0.00354     -0.02650
AL      0.50000      0.49328      0.50076      0.00000     -0.02650      0.00354
AL      0.74732      0.74298      0.49298     -0.01943     -0.00347     -0.00347
AL      0.74486      0.51149      0.73065      0.01072     -0.01679      0.00558
AL      0.50000      0.75956      0.74044      0.00000      0.00101     -0.00101
