/* Converted from PWscf output file */ 
#L_UNITS ang 
#E_UNITS eV 
#S_UNITS GPA 
#F_UNITS EV/ANG 
#ALAT 	   8.06368     // a0 
#X 	   1.00000     0.00000     0.00000     // X 
#Y 	   0.00000     1.04110    -0.05917     // Y 
#Z 	   0.00000    -0.05917     1.04110     // Z 
#SX 	   0.08794     0.00000     0.00000     // SX 
#SY 	   0.00000     0.00190    -0.03952     // SY 
#SZ 	   0.00000    -0.03952     0.00190     // SZ 
#EPA 	  -3.28756     // Energy per Atom 
#RCUT 	6.5        // Rcut 
AL      0.00000      0.37500      0.12500      0.00000      0.00000      0.00000
AL      0.00000      0.02141      0.01060      0.00000      0.02485     -0.00515
AL      0.28399      0.25285      0.00285      0.00253     -0.00854     -0.00854
AL      0.25500     -0.01926      0.26138     -0.00731      0.00282     -0.01718
AL      0.00000      0.18062      0.31938      0.00000      0.01141     -0.01141
AL      0.00000     -0.02172      0.52172      0.00000      0.00955     -0.00955
AL      0.25500      0.23862      0.51926     -0.00731      0.01718     -0.00282
AL      0.25290      0.00697      0.75697      0.01262      0.00708      0.00708
AL      0.00000      0.26060      0.77141      0.00000     -0.00515      0.02485
AL      0.00000      0.56938     -0.06938      0.00000     -0.01141      0.01141
AL      0.25500      0.76926     -0.01138     -0.00731     -0.00282      0.01718
AL      0.28399      0.49715      0.24715      0.00253      0.00854      0.00854
AL      0.00000      0.72859      0.23940      0.00000     -0.02485      0.00515
AL      0.00000      0.48940      0.47859      0.00000      0.00515     -0.02485
AL      0.25290      0.74303      0.49303      0.01262     -0.00708     -0.00708
AL      0.25500      0.51138      0.73074     -0.00731     -0.01718      0.00282
AL      0.00000      0.77172      0.72828      0.00000     -0.00955      0.00955
AL      0.50000     -0.00087      0.00689      0.00000     -0.00066      0.02427
AL      0.71601      0.25285      0.00285     -0.00253     -0.00854     -0.00854
AL      0.74500     -0.01926      0.26138      0.00731      0.00282     -0.01718
AL      0.50000      0.22806      0.27194      0.00000      0.00457     -0.00457
AL      0.50000     -0.00947      0.50947     -0.00000     -0.00131      0.00131
AL      0.74500      0.23862      0.51926      0.00731      0.01718     -0.00282
AL      0.74710      0.00697      0.75697     -0.01262      0.00708      0.00708
AL      0.50000      0.25689      0.74913     -0.00000      0.02427     -0.00066
AL      0.50000      0.52194     -0.02194      0.00000     -0.00457      0.00457
AL      0.74500      0.76926     -0.01138      0.00731     -0.00282      0.01718
AL      0.71601      0.49715      0.24715     -0.00253      0.00854      0.00854
AL      0.50000      0.75087      0.24311      0.00000      0.00066     -0.02427
AL      0.50000      0.49311      0.50087     -0.00000     -0.02427      0.00066
AL      0.74710      0.74303      0.49303     -0.01262     -0.00708     -0.00708
AL      0.74500      0.51138      0.73074      0.00731     -0.01718      0.00282
AL      0.50000      0.75947      0.74053     -0.00000      0.00131     -0.00131
