/* Converted from PWscf output file */ 
#L_UNITS ang 
#E_UNITS eV 
#S_UNITS GPA 
#F_UNITS EV/ANG 
#ALAT 	   8.29571     // a0 
#X 	   1.00000     0.00000     0.00000     // X 
#Y 	   0.00000     1.00000     0.00000     // Y 
#Z 	   0.00000     0.00000     1.00000     // Z 
#SX 	  -0.75470     0.00000     0.00000     // SX 
#SY 	   0.00000    -0.75470     0.00000     // SY 
#SZ 	   0.00000     0.00000    -0.75470     // SZ 
#EPA 	  -3.28307     // Energy per Atom 
#RCUT 	6.5        // Rcut 
AL      0.25000      0.25000      0.25000      0.00000      0.00000      0.00000
AL     -0.00074     -0.00074     -0.00074      0.02550      0.02550      0.02550
AL      0.25000      0.25000     -0.05864     -0.00000      0.00000      0.01921
AL      0.25000     -0.05864      0.25000      0.00000      0.01921      0.00000
AL     -0.05864      0.25000      0.25000      0.01921      0.00000      0.00000
AL     -0.00074     -0.00074      0.50074      0.02550      0.02550     -0.02550
AL      0.25000      0.25000      0.55864      0.00000      0.00000     -0.01921
AL      0.25000     -0.00930      0.75000     -0.00000     -0.48308      0.00000
AL     -0.00930      0.25000      0.75000     -0.48308      0.00000      0.00000
AL     -0.00074      0.50074     -0.00074      0.02550     -0.02550      0.02550
AL      0.25000      0.75000     -0.00930      0.00000      0.00000     -0.48308
AL      0.25000      0.55864      0.25000     -0.00000     -0.01921      0.00000
AL     -0.00930      0.75000      0.25000     -0.48308      0.00000      0.00000
AL     -0.00074      0.50074      0.50074      0.02550     -0.02550     -0.02550
AL      0.25000      0.75000      0.50930      0.00000      0.00000      0.48308
AL      0.25000      0.50930      0.75000      0.00000      0.48308     -0.00000
AL     -0.00036      0.75000      0.75000     -0.08371      0.00000      0.00000
AL      0.50074     -0.00074     -0.00074     -0.02550      0.02550      0.02550
AL      0.75000      0.25000     -0.00930      0.00000      0.00000     -0.48308
AL      0.75000     -0.00930      0.25000      0.00000     -0.48308      0.00000
AL      0.55864      0.25000      0.25000     -0.01921     -0.00000     -0.00000
AL      0.50074     -0.00074      0.50074     -0.02550      0.02550     -0.02550
AL      0.75000      0.25000      0.50930     -0.00000      0.00000      0.48308
AL      0.75000     -0.00036      0.75000     -0.00000     -0.08371     -0.00000
AL      0.50930      0.25000      0.75000      0.48308      0.00000      0.00000
AL      0.50074      0.50074     -0.00074     -0.02550     -0.02550      0.02550
AL      0.75000      0.75000     -0.00036     -0.00000      0.00000     -0.08371
AL      0.75000      0.50930      0.25000      0.00000      0.48308      0.00000
AL      0.50930      0.75000      0.25000      0.48308     -0.00000      0.00000
AL      0.50074      0.50074      0.50074     -0.02550     -0.02550     -0.02550
AL      0.75000      0.75000      0.50036      0.00000      0.00000      0.08371
AL      0.75000      0.50036      0.75000      0.00000      0.08371     -0.00000
AL      0.50036      0.75000      0.75000      0.08371      0.00000      0.00000
