/* Converted from PWscf output file */ 
#L_UNITS ang 
#E_UNITS eV 
#S_UNITS GPA 
#F_UNITS EV/ANG 
#ALAT 	   8.25810     // a0 
#X 	   1.00000     0.00000     0.00000     // X 
#Y 	   0.00000     1.00000     0.00000     // Y 
#Z 	   0.00000     0.00000     1.00000     // Z 
#SX 	   0.07117     0.00000     0.00000     // SX 
#SY 	   0.00000     0.07117     0.00000     // SY 
#SZ 	   0.00000     0.00000     0.07117     // SZ 
#EPA 	  -3.29128     // Energy per Atom 
#RCUT 	6.5        // Rcut 
AL      0.25000      0.25000      0.25000      0.00000      0.00000      0.00000
AL      0.00070      0.00070      0.00070      0.03646      0.03646      0.03646
AL      0.25000      0.25000     -0.05810      0.00000      0.00000     -0.04966
AL      0.25000     -0.05810      0.25000     -0.00000     -0.04966     -0.00000
AL     -0.05810      0.25000      0.25000     -0.04966      0.00000      0.00000
AL      0.00070      0.00070      0.49930      0.03646      0.03646     -0.03646
AL      0.25000      0.25000      0.55810      0.00000      0.00000      0.04966
AL      0.25000     -0.01513      0.75000      0.00000      0.03551     -0.00000
AL     -0.01513      0.25000      0.75000      0.03551      0.00000      0.00000
AL      0.00070      0.49930      0.00070      0.03646     -0.03646      0.03646
AL      0.25000      0.75000     -0.01513      0.00000      0.00000      0.03551
AL      0.25000      0.55810      0.25000     -0.00000      0.04966     -0.00000
AL     -0.01513      0.75000      0.25000      0.03551     -0.00000     -0.00000
AL      0.00070      0.49930      0.49930      0.03646     -0.03646     -0.03646
AL      0.25000      0.75000      0.51513      0.00000      0.00000     -0.03551
AL      0.25000      0.51513      0.75000      0.00000     -0.03551     -0.00000
AL     -0.00461      0.75000      0.75000     -0.07983     -0.00000      0.00000
AL      0.49930      0.00070      0.00070     -0.03646      0.03646      0.03646
AL      0.75000      0.25000     -0.01513     -0.00000      0.00000      0.03551
AL      0.75000     -0.01513      0.25000     -0.00000      0.03551     -0.00000
AL      0.55810      0.25000      0.25000      0.04966      0.00000      0.00000
AL      0.49930      0.00070      0.49930     -0.03646      0.03646     -0.03646
AL      0.75000      0.25000      0.51513     -0.00000      0.00000     -0.03551
AL      0.75000     -0.00461      0.75000      0.00000     -0.07983      0.00000
AL      0.51513      0.25000      0.75000     -0.03551      0.00000      0.00000
AL      0.49930      0.49930      0.00070     -0.03646     -0.03646      0.03646
AL      0.75000      0.75000     -0.00461      0.00000      0.00000     -0.07983
AL      0.75000      0.51513      0.25000     -0.00000     -0.03551     -0.00000
AL      0.51513      0.75000      0.25000     -0.03551     -0.00000     -0.00000
AL      0.49930      0.49930      0.49930     -0.03646     -0.03646     -0.03646
AL      0.75000      0.75000      0.50461      0.00000      0.00000      0.07983
AL      0.75000      0.50461      0.75000      0.00000      0.07983      0.00000
AL      0.50461      0.75000      0.75000      0.07983     -0.00000      0.00000
