/* Converted from PWscf output file */ 
#L_UNITS ang 
#E_UNITS eV 
#S_UNITS GPA 
#F_UNITS EV/ANG 
#ALAT 	   8.26329     // a0 
#X 	   1.00000     0.00000     0.00000     // X 
#Y 	   0.00000     1.00000     0.00000     // Y 
#Z 	   0.00000     0.00000     1.00000     // Z 
#SX 	  -0.06854     0.00000     0.00000     // SX 
#SY 	   0.00000    -0.06854     0.00000     // SY 
#SZ 	   0.00000     0.00000    -0.06854     // SZ 
#EPA 	  -3.29153     // Energy per Atom 
#RCUT 	6.5        // Rcut 
AL      0.25000      0.25000      0.25000      0.00000      0.00000      0.00000
AL      0.00141      0.00141      0.00141      0.01820      0.01820      0.01820
AL      0.25000      0.25000     -0.05948      0.00000     -0.00000     -0.00541
AL      0.25000     -0.05948      0.25000     -0.00000     -0.00541     -0.00000
AL     -0.05948      0.25000      0.25000     -0.00541      0.00000      0.00000
AL      0.00141      0.00141      0.49859      0.01820      0.01820     -0.01820
AL      0.25000      0.25000      0.55948      0.00000     -0.00000      0.00541
AL      0.25000     -0.01528      0.75000      0.00000      0.00027      0.00000
AL     -0.01528      0.25000      0.75000      0.00027      0.00000      0.00000
AL      0.00141      0.49859      0.00141      0.01820     -0.01820      0.01820
AL      0.25000      0.75000     -0.01528      0.00000      0.00000      0.00027
AL      0.25000      0.55948      0.25000     -0.00000      0.00541     -0.00000
AL     -0.01528      0.75000      0.25000      0.00027     -0.00000      0.00000
AL      0.00141      0.49859      0.49859      0.01820     -0.01820     -0.01820
AL      0.25000      0.75000      0.51528      0.00000      0.00000     -0.00027
AL      0.25000      0.51528      0.75000      0.00000     -0.00027      0.00000
AL     -0.00551      0.75000      0.75000      0.03458      0.00000      0.00000
AL      0.49859      0.00141      0.00141     -0.01820      0.01820      0.01820
AL      0.75000      0.25000     -0.01528      0.00000     -0.00000      0.00027
AL      0.75000     -0.01528      0.25000      0.00000      0.00027     -0.00000
AL      0.55948      0.25000      0.25000      0.00541      0.00000      0.00000
AL      0.49859      0.00141      0.49859     -0.01820      0.01820     -0.01820
AL      0.75000      0.25000      0.51528      0.00000     -0.00000     -0.00027
AL      0.75000     -0.00551      0.75000      0.00000      0.03458      0.00000
AL      0.51528      0.25000      0.75000     -0.00027      0.00000      0.00000
AL      0.49859      0.49859      0.00141     -0.01820     -0.01820      0.01820
AL      0.75000      0.75000     -0.00551      0.00000      0.00000      0.03458
AL      0.75000      0.51528      0.25000      0.00000     -0.00027     -0.00000
AL      0.51528      0.75000      0.25000     -0.00027     -0.00000      0.00000
AL      0.49859      0.49859      0.49859     -0.01820     -0.01820     -0.01820
AL      0.75000      0.75000      0.50551      0.00000      0.00000     -0.03458
AL      0.75000      0.50551      0.75000      0.00000     -0.03458      0.00000
AL      0.50551      0.75000      0.75000     -0.03458      0.00000      0.00000
