/* Converted from PWscf output file */ 
#L_UNITS ang 
#E_UNITS eV 
#S_UNITS GPA 
#F_UNITS EV/ANG 
#ALAT 	   8.28099     // a0 
#X 	   1.00000     0.00000     0.00000     // X 
#Y 	   0.00000     1.00000     0.00000     // Y 
#Z 	   0.00000     0.00000     1.00000     // Z 
#SX 	  -0.40236     0.00000     0.00000     // SX 
#SY 	   0.00000    -0.40236     0.00000     // SY 
#SZ 	   0.00000     0.00000    -0.40236     // SZ 
#EPA 	  -3.28725     // Energy per Atom 
#RCUT 	6.5        // Rcut 
AL      0.25000      0.25000      0.25000      0.00000      0.00000      0.00000
AL     -0.00053     -0.00053     -0.00053      0.04837      0.04837      0.04837
AL      0.25000      0.25000     -0.06142      0.00000      0.00000      0.24797
AL      0.25000     -0.06142      0.25000      0.00000      0.24797      0.00000
AL     -0.06142      0.25000      0.25000      0.24797     -0.00000      0.00000
AL     -0.00053     -0.00053      0.50053      0.04837      0.04837     -0.04837
AL      0.25000      0.25000      0.56142      0.00000      0.00000     -0.24797
AL      0.25000     -0.01313      0.75000      0.00000     -0.36664     -0.00000
AL     -0.01313      0.25000      0.75000     -0.36664      0.00000      0.00000
AL     -0.00053      0.50053     -0.00053      0.04837     -0.04837      0.04837
AL      0.25000      0.75000     -0.01313     -0.00000      0.00000     -0.36664
AL      0.25000      0.56142      0.25000      0.00000     -0.24797      0.00000
AL     -0.01313      0.75000      0.25000     -0.36664      0.00000     -0.00000
AL     -0.00053      0.50053      0.50053      0.04837     -0.04837     -0.04837
AL      0.25000      0.75000      0.51313     -0.00000      0.00000      0.36664
AL      0.25000      0.51313      0.75000      0.00000      0.36664      0.00000
AL     -0.00120      0.75000      0.75000     -0.14109      0.00000     -0.00000
AL      0.50053     -0.00053     -0.00053     -0.04837      0.04837      0.04837
AL      0.75000      0.25000     -0.01313      0.00000      0.00000     -0.36664
AL      0.75000     -0.01313      0.25000      0.00000     -0.36664     -0.00000
AL      0.56142      0.25000      0.25000     -0.24797      0.00000      0.00000
AL      0.50053     -0.00053      0.50053     -0.04837      0.04837     -0.04837
AL      0.75000      0.25000      0.51313      0.00000      0.00000      0.36664
AL      0.75000     -0.00120      0.75000      0.00000     -0.14109      0.00000
AL      0.51313      0.25000      0.75000      0.36664      0.00000      0.00000
AL      0.50053      0.50053     -0.00053     -0.04837     -0.04837      0.04837
AL      0.75000      0.75000     -0.00120      0.00000      0.00000     -0.14109
AL      0.75000      0.51313      0.25000      0.00000      0.36664     -0.00000
AL      0.51313      0.75000      0.25000      0.36664     -0.00000      0.00000
AL      0.50053      0.50053      0.50053     -0.04837     -0.04837     -0.04837
AL      0.75000      0.75000      0.50120      0.00000      0.00000      0.14109
AL      0.75000      0.50120      0.75000      0.00000      0.14109      0.00000
AL      0.50120      0.75000      0.75000      0.14109      0.00000     -0.00000
