/* Converted from PWscf output file */ 
#L_UNITS ang 
#E_UNITS eV 
#S_UNITS GPA 
#F_UNITS EV/ANG 
#ALAT 	   8.21715     // a0 
#X 	   1.00000     0.00000     0.00000     // X 
#Y 	   0.00000     1.00000     0.00000     // Y 
#Z 	   0.00000     0.00000     1.00000     // Z 
#SX 	  11.87776     0.00000     0.00000     // SX 
#SY 	   0.00000    11.87776     0.00000     // SY 
#SZ 	   0.00000     0.00000    11.87776     // SZ 
#EPA 	  -2.74954     // Energy per Atom 
#RCUT 	6.5        // Rcut 
AL      0.12500      0.12500      0.12500      0.00000      0.00000      0.00000
AL     -0.01887     -0.01887     -0.01887     -9.90808     -9.90808     -9.90808
AL      0.26887      0.26887     -0.01887      9.90808      9.90808     -9.90808
AL      0.26887     -0.01887      0.26887      9.90808     -9.90808      9.90808
AL     -0.01887      0.26887      0.26887     -9.90808      9.90808      9.90808
AL     -0.00011     -0.00011      0.50011     -0.05990     -0.05990      0.05880
AL      0.25011      0.25011      0.50011      0.05990      0.05990      0.05880
AL      0.25011     -0.00011      0.74989      0.05990     -0.05990     -0.05880
AL     -0.00011      0.25011      0.74989     -0.05990      0.05990     -0.05880
AL     -0.00011      0.50011     -0.00011     -0.05990      0.05880     -0.05990
AL      0.25011      0.74989     -0.00011      0.05990     -0.05880     -0.05990
AL      0.25011      0.50011      0.25011      0.05990      0.05880      0.05990
AL     -0.00011      0.74989      0.25011     -0.05990     -0.05880      0.05990
AL      0.00002      0.49995      0.49995      0.00930     -0.02771     -0.02771
AL      0.24998      0.75005      0.49995     -0.00930      0.02771     -0.02771
AL      0.24998      0.49995      0.75005     -0.00930     -0.02771      0.02771
AL      0.00002      0.75005      0.75005      0.00930      0.02771      0.02771
AL      0.50011     -0.00011     -0.00011      0.05880     -0.05990     -0.05990
AL      0.74989      0.25011     -0.00011     -0.05880      0.05990     -0.05990
AL      0.74989     -0.00011      0.25011     -0.05880     -0.05990      0.05990
AL      0.50011      0.25011      0.25011      0.05880      0.05990      0.05990
AL      0.49995      0.00002      0.49995     -0.02771      0.00930     -0.02771
AL      0.75005      0.24998      0.49995      0.02771     -0.00930     -0.02771
AL      0.75005      0.00002      0.75005      0.02771      0.00930      0.02771
AL      0.49995      0.24998      0.75005     -0.02771     -0.00930      0.02771
AL      0.49995      0.49995      0.00002     -0.02771     -0.02771      0.00930
AL      0.75005      0.75005      0.00002      0.02771      0.02771      0.00930
AL      0.75005      0.49995      0.24998      0.02771     -0.02771     -0.00930
AL      0.49995      0.75005      0.24998     -0.02771      0.02771     -0.00930
AL      0.50002      0.50002      0.50002      0.01117      0.01117      0.01117
AL      0.74998      0.74998      0.50002     -0.01117     -0.01117      0.01117
AL      0.74998      0.50002      0.74998     -0.01117      0.01117     -0.01117
AL      0.50002      0.74998      0.74998      0.01117     -0.01117     -0.01117
