/* Converted from PWscf output file */ 
#L_UNITS ang 
#E_UNITS eV 
#S_UNITS GPA 
#F_UNITS EV/ANG 
#ALAT 	   8.28184     // a0 
#X 	   1.00000     0.00000     0.00000     // X 
#Y 	   0.00000     1.00000     0.00000     // Y 
#Z 	   0.00000     0.00000     1.00000     // Z 
#SX 	   0.00219     0.00000     0.00000     // SX 
#SY 	   0.00000     0.00219     0.00000     // SY 
#SZ 	   0.00000     0.00000     0.00219     // SZ 
#EPA 	  -3.26726     // Energy per Atom 
#RCUT 	6.5        // Rcut 
AL      0.12500      0.12500      0.12500      0.00000      0.00000      0.00000
AL     -0.04357     -0.04357     -0.04357      0.00938      0.00938      0.00938
AL      0.29357      0.29357     -0.04357     -0.00938     -0.00938      0.00938
AL      0.29357     -0.04357      0.29357     -0.00938      0.00938     -0.00938
AL     -0.04357      0.29357      0.29357      0.00938     -0.00938     -0.00938
AL      0.00182      0.00182      0.49619      0.00613      0.00613     -0.00596
AL      0.24818      0.24818      0.49619     -0.00613     -0.00613     -0.00596
AL      0.24818      0.00182      0.75381     -0.00613      0.00613      0.00596
AL      0.00182      0.24818      0.75381      0.00613     -0.00613      0.00596
AL      0.00182      0.49619      0.00182      0.00613     -0.00596      0.00613
AL      0.24818      0.75381      0.00182     -0.00613      0.00596      0.00613
AL      0.24818      0.49619      0.24818     -0.00613     -0.00596     -0.00613
AL      0.00182      0.75381      0.24818      0.00613      0.00596     -0.00613
AL     -0.00132      0.51112      0.51112      0.01422      0.00042      0.00042
AL      0.25132      0.73888      0.51112     -0.01422     -0.00042      0.00042
AL      0.25132      0.51112      0.73888     -0.01422      0.00042     -0.00042
AL     -0.00132      0.73888      0.73888      0.01422     -0.00042     -0.00042
AL      0.49619      0.00182      0.00182     -0.00596      0.00613      0.00613
AL      0.75381      0.24818      0.00182      0.00596     -0.00613      0.00613
AL      0.75381      0.00182      0.24818      0.00596      0.00613     -0.00613
AL      0.49619      0.24818      0.24818     -0.00596     -0.00613     -0.00613
AL      0.51112     -0.00132      0.51112      0.00042      0.01422      0.00042
AL      0.73888      0.25132      0.51112     -0.00042     -0.01422      0.00042
AL      0.73888     -0.00132      0.73888     -0.00042      0.01422     -0.00042
AL      0.51112      0.25132      0.73888      0.00042     -0.01422     -0.00042
AL      0.51112      0.51112     -0.00132      0.00042      0.00042      0.01422
AL      0.73888      0.73888     -0.00132     -0.00042     -0.00042      0.01422
AL      0.73888      0.51112      0.25132     -0.00042      0.00042     -0.01422
AL      0.51112      0.73888      0.25132      0.00042     -0.00042     -0.01422
AL      0.49965      0.49965      0.49965     -0.00966     -0.00966     -0.00966
AL      0.75035      0.75035      0.49965      0.00966      0.00966     -0.00966
AL      0.75035      0.49965      0.75035      0.00966     -0.00966      0.00966
AL      0.49965      0.75035      0.75035     -0.00966      0.00966      0.00966
