/* Converted from PWscf output file */ 
#L_UNITS ang 
#E_UNITS eV 
#S_UNITS GPA 
#F_UNITS EV/ANG 
#ALAT 	   8.28782     // a0 
#X 	   1.00000     0.00000     0.00000     // X 
#Y 	   0.00000     1.00000     0.00000     // Y 
#Z 	   0.00000     0.00000     1.00000     // Z 
#SX 	  -0.10661     0.00000     0.00000     // SX 
#SY 	   0.00000    -0.10661     0.00000     // SY 
#SZ 	   0.00000     0.00000    -0.10661     // SZ 
#EPA 	  -3.26663     // Energy per Atom 
#RCUT 	6.5        // Rcut 
AL      0.12500      0.12500      0.12500      0.00000      0.00000      0.00000
AL     -0.04317     -0.04317     -0.04317      0.03711      0.03711      0.03711
AL      0.29317      0.29317     -0.04317     -0.03711     -0.03711      0.03711
AL      0.29317     -0.04317      0.29317     -0.03711      0.03711     -0.03711
AL     -0.04317      0.29317      0.29317      0.03711     -0.03711     -0.03711
AL      0.00082      0.00082      0.49777      0.03481      0.03481     -0.05641
AL      0.24918      0.24918      0.49777     -0.03481     -0.03481     -0.05641
AL      0.24918      0.00082      0.75223     -0.03481      0.03481      0.05641
AL      0.00082      0.24918      0.75223      0.03481     -0.03481      0.05641
AL      0.00082      0.49777      0.00082      0.03481     -0.05641      0.03481
AL      0.24918      0.75223      0.00082     -0.03481      0.05641      0.03481
AL      0.24918      0.49777      0.24918     -0.03481     -0.05641     -0.03481
AL      0.00082      0.75223      0.24918      0.03481      0.05641     -0.03481
AL      0.00053      0.51101      0.51101     -0.09112     -0.01628     -0.01628
AL      0.24947      0.73899      0.51101      0.09112      0.01628     -0.01628
AL      0.24947      0.51101      0.73899      0.09112     -0.01628      0.01628
AL      0.00053      0.73899      0.73899     -0.09112      0.01628      0.01628
AL      0.49777      0.00082      0.00082     -0.05641      0.03481      0.03481
AL      0.75223      0.24918      0.00082      0.05641     -0.03481      0.03481
AL      0.75223      0.00082      0.24918      0.05641      0.03481     -0.03481
AL      0.49777      0.24918      0.24918     -0.05641     -0.03481     -0.03481
AL      0.51101      0.00053      0.51101     -0.01628     -0.09112     -0.01628
AL      0.73899      0.24947      0.51101      0.01628      0.09112     -0.01628
AL      0.73899      0.00053      0.73899      0.01628     -0.09112      0.01628
AL      0.51101      0.24947      0.73899     -0.01628      0.09112      0.01628
AL      0.51101      0.51101      0.00053     -0.01628     -0.01628     -0.09112
AL      0.73899      0.73899      0.00053      0.01628      0.01628     -0.09112
AL      0.73899      0.51101      0.24947      0.01628     -0.01628      0.09112
AL      0.51101      0.73899      0.24947     -0.01628      0.01628      0.09112
AL      0.50016      0.50016      0.50016     -0.01213     -0.01213     -0.01213
AL      0.74984      0.74984      0.50016      0.01213      0.01213     -0.01213
AL      0.74984      0.50016      0.74984      0.01213     -0.01213      0.01213
AL      0.50016      0.74984      0.74984     -0.01213      0.01213      0.01213
