/* Converted from PWscf output file */ 
#L_UNITS ang 
#E_UNITS eV 
#S_UNITS GPA 
#F_UNITS EV/ANG 
#ALAT 	   8.27771     // a0 
#X 	   1.00000     0.00000     0.00000     // X 
#Y 	   0.00000     1.00000     0.00000     // Y 
#Z 	   0.00000     0.00000     1.00000     // Z 
#SX 	   0.10325     0.00000     0.00000     // SX 
#SY 	   0.00000     0.10325     0.00000     // SY 
#SZ 	   0.00000     0.00000     0.10325     // SZ 
#EPA 	  -3.26724     // Energy per Atom 
#RCUT 	6.5        // Rcut 
AL      0.12500      0.12500      0.12500      0.00000      0.00000      0.00000
AL     -0.04348     -0.04348     -0.04348     -0.01691     -0.01691     -0.01691
AL      0.29348      0.29348     -0.04348      0.01691      0.01691     -0.01691
AL      0.29348     -0.04348      0.29348      0.01691     -0.01691      0.01691
AL     -0.04348      0.29348      0.29348     -0.01691      0.01691      0.01691
AL      0.00176      0.00176      0.49626      0.00888      0.00888     -0.00947
AL      0.24824      0.24824      0.49626     -0.00888     -0.00888     -0.00947
AL      0.24824      0.00176      0.75374     -0.00888      0.00888      0.00947
AL      0.00176      0.24824      0.75374      0.00888     -0.00888      0.00947
AL      0.00176      0.49626      0.00176      0.00888     -0.00947      0.00888
AL      0.24824      0.75374      0.00176     -0.00888      0.00947      0.00888
AL      0.24824      0.49626      0.24824     -0.00888     -0.00947     -0.00888
AL      0.00176      0.75374      0.24824      0.00888      0.00947     -0.00888
AL     -0.00138      0.51109      0.51109      0.01448     -0.00014     -0.00014
AL      0.25138      0.73891      0.51109     -0.01448      0.00014     -0.00014
AL      0.25138      0.51109      0.73891     -0.01448     -0.00014      0.00014
AL     -0.00138      0.73891      0.73891      0.01448      0.00014      0.00014
AL      0.49626      0.00176      0.00176     -0.00947      0.00888      0.00888
AL      0.75374      0.24824      0.00176      0.00947     -0.00888      0.00888
AL      0.75374      0.00176      0.24824      0.00947      0.00888     -0.00888
AL      0.49626      0.24824      0.24824     -0.00947     -0.00888     -0.00888
AL      0.51109     -0.00138      0.51109     -0.00014      0.01448     -0.00014
AL      0.73891      0.25138      0.51109      0.00014     -0.01448     -0.00014
AL      0.73891     -0.00138      0.73891      0.00014      0.01448      0.00014
AL      0.51109      0.25138      0.73891     -0.00014     -0.01448      0.00014
AL      0.51109      0.51109     -0.00138     -0.00014     -0.00014      0.01448
AL      0.73891      0.73891     -0.00138      0.00014      0.00014      0.01448
AL      0.73891      0.51109      0.25138      0.00014     -0.00014     -0.01448
AL      0.51109      0.73891      0.25138     -0.00014      0.00014     -0.01448
AL      0.49972      0.49972      0.49972     -0.01347     -0.01347     -0.01347
AL      0.75028      0.75028      0.49972      0.01347      0.01347     -0.01347
AL      0.75028      0.49972      0.75028      0.01347     -0.01347      0.01347
AL      0.49972      0.75028      0.75028     -0.01347      0.01347      0.01347
