/* Converted from PWscf output file */ 
#L_UNITS ang 
#E_UNITS eV 
#S_UNITS GPA 
#F_UNITS EV/ANG 
#ALAT 	   8.30416     // a0 
#X 	   1.00000     0.00000     0.00000     // X 
#Y 	   0.00000     1.00000     0.00000     // Y 
#Z 	   0.00000     0.00000     1.00000     // Z 
#SX 	  -0.47630     0.00000     0.00000     // SX 
#SY 	   0.00000    -0.47630     0.00000     // SY 
#SZ 	   0.00000     0.00000    -0.47630     // SZ 
#EPA 	  -3.26472     // Energy per Atom 
#RCUT 	6.5        // Rcut 
AL      0.12500      0.12500      0.12500      0.00000      0.00000      0.00000
AL     -0.04468     -0.04468     -0.04468      0.24091      0.24091      0.24091
AL      0.29468      0.29468     -0.04468     -0.24091     -0.24091      0.24091
AL      0.29468     -0.04468      0.29468     -0.24091      0.24091     -0.24091
AL     -0.04468      0.29468      0.29468      0.24091     -0.24091     -0.24091
AL      0.00043      0.00043      0.49839      0.04492      0.04492     -0.07652
AL      0.24957      0.24957      0.49839     -0.04492     -0.04492     -0.07652
AL      0.24957      0.00043      0.75161     -0.04492      0.04492      0.07652
AL      0.00043      0.24957      0.75161      0.04492     -0.04492      0.07652
AL      0.00043      0.49839      0.00043      0.04492     -0.07652      0.04492
AL      0.24957      0.75161      0.00043     -0.04492      0.07652      0.04492
AL      0.24957      0.49839      0.24957     -0.04492     -0.07652     -0.04492
AL      0.00043      0.75161      0.24957      0.04492      0.07652     -0.04492
AL      0.00135      0.51062      0.51062     -0.04541      0.19918      0.19918
AL      0.24865      0.73938      0.51062      0.04541     -0.19918      0.19918
AL      0.24865      0.51062      0.73938      0.04541      0.19918     -0.19918
AL      0.00135      0.73938      0.73938     -0.04541     -0.19918     -0.19918
AL      0.49839      0.00043      0.00043     -0.07652      0.04492      0.04492
AL      0.75161      0.24957      0.00043      0.07652     -0.04492      0.04492
AL      0.75161      0.00043      0.24957      0.07652      0.04492     -0.04492
AL      0.49839      0.24957      0.24957     -0.07652     -0.04492     -0.04492
AL      0.51062      0.00135      0.51062      0.19918     -0.04541      0.19918
AL      0.73938      0.24865      0.51062     -0.19918      0.04541      0.19918
AL      0.73938      0.00135      0.73938     -0.19918     -0.04541     -0.19918
AL      0.51062      0.24865      0.73938      0.19918      0.04541     -0.19918
AL      0.51062      0.51062      0.00135      0.19918      0.19918     -0.04541
AL      0.73938      0.73938      0.00135     -0.19918     -0.19918     -0.04541
AL      0.73938      0.51062      0.24865     -0.19918      0.19918      0.04541
AL      0.51062      0.73938      0.24865      0.19918     -0.19918      0.04541
AL      0.50026      0.50026      0.50026     -0.00300     -0.00300     -0.00300
AL      0.74974      0.74974      0.50026      0.00300      0.00300     -0.00300
AL      0.74974      0.50026      0.74974      0.00300     -0.00300      0.00300
AL      0.50026      0.74974      0.74974     -0.00300      0.00300      0.00300
