/* Converted from PWscf output file */ 
#L_UNITS ang 
#E_UNITS eV 
#S_UNITS GPA 
#F_UNITS EV/ANG 
#ALAT 	   8.28225     // a0 
#X 	   1.00000     0.00000     0.00000     // X 
#Y 	   0.00000     1.00000     0.00000     // Y 
#Z 	   0.00000     0.00000     1.00000     // Z 
#SX 	   0.01283     0.00000     0.00000     // SX 
#SY 	   0.00000     0.01283     0.00000     // SY 
#SZ 	   0.00000     0.00000     0.01283     // SZ 
#EPA 	  -3.26684     // Energy per Atom 
#RCUT 	6.5        // Rcut 
AL      0.12500      0.12500      0.12500      0.00000      0.00000      0.00000
AL     -0.04293     -0.04293     -0.04293     -0.03673     -0.03673     -0.03673
AL      0.29293      0.29293     -0.04293      0.03673      0.03673     -0.03673
AL      0.29293     -0.04293      0.29293      0.03673     -0.03673      0.03673
AL     -0.04293      0.29293      0.29293     -0.03673      0.03673      0.03673
AL      0.00103      0.00103      0.49742      0.02882      0.02882     -0.04666
AL      0.24897      0.24897      0.49742     -0.02882     -0.02882     -0.04666
AL      0.24897      0.00103      0.75258     -0.02882      0.02882      0.04666
AL      0.00103      0.24897      0.75258      0.02882     -0.02882      0.04666
AL      0.00103      0.49742      0.00103      0.02882     -0.04666      0.02882
AL      0.24897      0.75258      0.00103     -0.02882      0.04666      0.02882
AL      0.24897      0.49742      0.24897     -0.02882     -0.04666     -0.02882
AL      0.00103      0.75258      0.24897      0.02882      0.04666     -0.02882
AL      0.00001      0.51096      0.51096     -0.07456     -0.02641     -0.02641
AL      0.24999      0.73904      0.51096      0.07456      0.02641     -0.02641
AL      0.24999      0.51096      0.73904      0.07456     -0.02641      0.02641
AL      0.00001      0.73904      0.73904     -0.07456      0.02641      0.02641
AL      0.49742      0.00103      0.00103     -0.04666      0.02882      0.02882
AL      0.75258      0.24897      0.00103      0.04666     -0.02882      0.02882
AL      0.75258      0.00103      0.24897      0.04666      0.02882     -0.02882
AL      0.49742      0.24897      0.24897     -0.04666     -0.02882     -0.02882
AL      0.51096      0.00001      0.51096     -0.02641     -0.07456     -0.02641
AL      0.73904      0.24999      0.51096      0.02641      0.07456     -0.02641
AL      0.73904      0.00001      0.73904      0.02641     -0.07456      0.02641
AL      0.51096      0.24999      0.73904     -0.02641      0.07456      0.02641
AL      0.51096      0.51096      0.00001     -0.02641     -0.02641     -0.07456
AL      0.73904      0.73904      0.00001      0.02641      0.02641     -0.07456
AL      0.73904      0.51096      0.24999      0.02641     -0.02641      0.07456
AL      0.51096      0.73904      0.24999     -0.02641      0.02641      0.07456
AL      0.50008      0.50008      0.50008     -0.01336     -0.01336     -0.01336
AL      0.74992      0.74992      0.50008      0.01336      0.01336     -0.01336
AL      0.74992      0.50008      0.74992      0.01336     -0.01336      0.01336
AL      0.50008      0.74992      0.74992     -0.01336      0.01336      0.01336
