/* Converted from PWscf output file */ 
#L_UNITS ang 
#E_UNITS eV 
#S_UNITS GPA 
#F_UNITS EV/ANG 
#ALAT 	   8.27900     // a0 
#X 	   1.00000     0.00000     0.00000     // X 
#Y 	   0.00000     1.00000     0.00000     // Y 
#Z 	   0.00000     0.00000     1.00000     // Z 
#SX 	   0.08196     0.00000     0.00000     // SX 
#SY 	   0.00000     0.08196     0.00000     // SY 
#SZ 	   0.00000     0.00000     0.08196     // SZ 
#EPA 	  -3.26698     // Energy per Atom 
#RCUT 	6.5        // Rcut 
AL      0.12500      0.12500      0.12500      0.00000      0.00000      0.00000
AL     -0.04298     -0.04298     -0.04298     -0.06112     -0.06112     -0.06112
AL      0.29298      0.29298     -0.04298      0.06112      0.06112     -0.06112
AL      0.29298     -0.04298      0.29298      0.06112     -0.06112      0.06112
AL     -0.04298      0.29298      0.29298     -0.06112      0.06112      0.06112
AL      0.00138      0.00138      0.49685      0.02314      0.02314     -0.03621
AL      0.24862      0.24862      0.49685     -0.02314     -0.02314     -0.03621
AL      0.24862      0.00138      0.75315     -0.02314      0.02314      0.03621
AL      0.00138      0.24862      0.75315      0.02314     -0.02314      0.03621
AL      0.00138      0.49685      0.00138      0.02314     -0.03621      0.02314
AL      0.24862      0.75315      0.00138     -0.02314      0.03621      0.02314
AL      0.24862      0.49685      0.24862     -0.02314     -0.03621     -0.02314
AL      0.00138      0.75315      0.24862      0.02314      0.03621     -0.02314
AL     -0.00078      0.51097      0.51097     -0.05033     -0.02185     -0.02185
AL      0.25078      0.73903      0.51097      0.05033      0.02185     -0.02185
AL      0.25078      0.51097      0.73903      0.05033     -0.02185      0.02185
AL     -0.00078      0.73903      0.73903     -0.05033      0.02185      0.02185
AL      0.49685      0.00138      0.00138     -0.03621      0.02314      0.02314
AL      0.75315      0.24862      0.00138      0.03621     -0.02314      0.02314
AL      0.75315      0.00138      0.24862      0.03621      0.02314     -0.02314
AL      0.49685      0.24862      0.24862     -0.03621     -0.02314     -0.02314
AL      0.51097     -0.00078      0.51097     -0.02185     -0.05033     -0.02185
AL      0.73903      0.25078      0.51097      0.02185      0.05033     -0.02185
AL      0.73903     -0.00078      0.73903      0.02185     -0.05033      0.02185
AL      0.51097      0.25078      0.73903     -0.02185      0.05033      0.02185
AL      0.51097      0.51097     -0.00078     -0.02185     -0.02185     -0.05033
AL      0.73903      0.73903     -0.00078      0.02185      0.02185     -0.05033
AL      0.73903      0.51097      0.25078      0.02185     -0.02185      0.05033
AL      0.51097      0.73903      0.25078     -0.02185      0.02185      0.05033
AL      0.49993      0.49993      0.49993     -0.01427     -0.01427     -0.01427
AL      0.75007      0.75007      0.49993      0.01427      0.01427     -0.01427
AL      0.75007      0.49993      0.75007      0.01427     -0.01427      0.01427
AL      0.49993      0.75007      0.75007     -0.01427      0.01427      0.01427
