/* Converted from PWscf output file */ 
#L_UNITS ang 
#E_UNITS eV 
#S_UNITS GPA 
#F_UNITS EV/ANG 
#ALAT 	   8.26961     // a0 
#X 	   1.00000     0.00000     0.00000     // X 
#Y 	   0.00000     1.00000     0.00000     // Y 
#Z 	   0.00000     0.00000     1.00000     // Z 
#SX 	   0.85197     0.00000     0.00000     // SX 
#SY 	   0.00000     0.85197     0.00000     // SY 
#SZ 	   0.00000     0.00000     0.85197     // SZ 
#EPA 	  -3.22655     // Energy per Atom 
#RCUT 	6.5        // Rcut 
AL      0.12500      0.12500      0.12500      0.00000      0.00000      0.00000
AL     -0.03728     -0.03728     -0.03728     -1.36387     -1.36387     -1.36387
AL      0.28728      0.28728     -0.03728      1.36387      1.36387     -1.36387
AL      0.28728     -0.03728      0.28728      1.36387     -1.36387      1.36387
AL     -0.03728      0.28728      0.28728     -1.36387      1.36387      1.36387
AL     -0.00015     -0.00015      0.49975      0.00926      0.00926     -0.05575
AL      0.25015      0.25015      0.49975     -0.00926     -0.00926     -0.05575
AL      0.25015     -0.00015      0.75025     -0.00926      0.00926      0.05575
AL     -0.00015      0.25015      0.75025      0.00926     -0.00926      0.05575
AL     -0.00015      0.49975     -0.00015      0.00926     -0.05575      0.00926
AL      0.25015      0.75025     -0.00015     -0.00926      0.05575      0.00926
AL      0.25015      0.49975      0.25015     -0.00926     -0.05575     -0.00926
AL     -0.00015      0.75025      0.25015      0.00926      0.05575     -0.00926
AL      0.00063      0.50310      0.50310      0.07770      0.43485      0.43485
AL      0.24937      0.74690      0.50310     -0.07770     -0.43485      0.43485
AL      0.24937      0.50310      0.74690     -0.07770      0.43485     -0.43485
AL      0.00063      0.74690      0.74690      0.07770     -0.43485     -0.43485
AL      0.49975     -0.00015     -0.00015     -0.05575      0.00926      0.00926
AL      0.75025      0.25015     -0.00015      0.05575     -0.00926      0.00926
AL      0.75025     -0.00015      0.25015      0.05575      0.00926     -0.00926
AL      0.49975      0.25015      0.25015     -0.05575     -0.00926     -0.00926
AL      0.50310      0.00063      0.50310      0.43485      0.07770      0.43485
AL      0.74690      0.24937      0.50310     -0.43485     -0.07770      0.43485
AL      0.74690      0.00063      0.74690     -0.43485      0.07770     -0.43485
AL      0.50310      0.24937      0.74690      0.43485     -0.07770     -0.43485
AL      0.50310      0.50310      0.00063      0.43485      0.43485      0.07770
AL      0.74690      0.74690      0.00063     -0.43485     -0.43485      0.07770
AL      0.74690      0.50310      0.24937     -0.43485      0.43485     -0.07770
AL      0.50310      0.74690      0.24937      0.43485     -0.43485     -0.07770
AL      0.50012      0.50012      0.50012      0.01230      0.01230      0.01230
AL      0.74988      0.74988      0.50012     -0.01230     -0.01230      0.01230
AL      0.74988      0.50012      0.74988     -0.01230      0.01230     -0.01230
AL      0.50012      0.74988      0.74988      0.01230     -0.01230     -0.01230
