/* Converted from PWscf output file */ 
#L_UNITS ang 
#E_UNITS eV 
#S_UNITS GPA 
#F_UNITS EV/ANG 
#ALAT 	  16.07026     // a0 
#X 	   1.00000     0.00000     0.00000     // X 
#Y 	   0.00000     1.00000     0.00000     // Y 
#Z 	   0.00000     0.00000     1.00000     // Z 
#SX 	   0.48943     0.00000     0.00000     // SX 
#SY 	   0.00000     0.48943     0.00000     // SY 
#SZ 	   0.00000     0.00000     0.48943     // SZ 
#EPA 	  -3.34798     // Energy per Atom 
#RCUT 	6.5        // Rcut 
AL      0.12339      0.12339      0.00000     -0.06426     -0.06426     -0.00000
AL      0.12339      0.00000      0.12339     -0.06426      0.00000     -0.06426
AL      0.00000      0.12339      0.12339      0.00000     -0.06426     -0.06426
AL      0.00000      0.00000      0.25000      0.00000      0.00000      0.00000
AL      0.12512      0.12512      0.25000     -0.01729     -0.01729      0.00000
AL      0.12339      0.00000      0.37661     -0.06426      0.00000      0.06426
AL      0.00000      0.12339      0.37661     -0.00000     -0.06426      0.06426
AL      0.00000      0.25000      0.00000      0.00000      0.00000      0.00000
AL      0.12339      0.37661      0.00000     -0.06426      0.06426      0.00000
AL      0.12512      0.25000      0.12512     -0.01729      0.00000     -0.01729
AL      0.00000      0.37661      0.12339      0.00000      0.06426     -0.06426
AL      0.00000      0.25000      0.25000      0.00000      0.00000      0.00000
AL      0.12512      0.37488      0.25000     -0.01729      0.01729      0.00000
AL      0.12512      0.25000      0.37488     -0.01729      0.00000      0.01729
AL      0.00000      0.37661      0.37661      0.00000      0.06426      0.06426
AL      0.25000      0.00000      0.00000      0.00000      0.00000      0.00000
AL      0.37661      0.12339      0.00000      0.06426     -0.06426     -0.00000
AL      0.37661      0.00000      0.12339      0.06426      0.00000     -0.06426
AL      0.25000      0.12512      0.12512      0.00000     -0.01729     -0.01729
AL      0.25000      0.00000      0.25000      0.00000      0.00000      0.00000
AL      0.37488      0.12512      0.25000      0.01729     -0.01729      0.00000
AL      0.37661      0.00000      0.37661      0.06426     -0.00000      0.06426
AL      0.25000      0.12512      0.37488      0.00000     -0.01729      0.01729
AL      0.25000      0.25000      0.00000      0.00000      0.00000      0.00000
AL      0.37661      0.37661      0.00000      0.06426      0.06426      0.00000
AL      0.37488      0.25000      0.12512      0.01729      0.00000     -0.01729
AL      0.25000      0.37488      0.12512      0.00000      0.01729     -0.01729
AL      0.25000      0.25000      0.25000      0.00000      0.00000      0.00000
AL      0.37488      0.37488      0.25000      0.01729      0.01729      0.00000
AL      0.37488      0.25000      0.37488      0.01729      0.00000      0.01729
AL      0.25000      0.37488      0.37488      0.00000      0.01729      0.01729
AL      0.12339      0.12339      0.50000     -0.06426     -0.06426     -0.00000
AL      0.12339      0.00000      0.62339     -0.06426      0.00000     -0.06426
AL      0.00000      0.12339      0.62339      0.00000     -0.06426     -0.06426
AL      0.00000      0.00000      0.75000      0.00000      0.00000      0.00000
AL      0.12512      0.12512      0.75000     -0.01729     -0.01729      0.00000
AL      0.12339      0.00000      0.87661     -0.06426      0.00000      0.06426
AL      0.00000      0.12339      0.87661     -0.00000     -0.06426      0.06426
AL      0.00000      0.25000      0.50000      0.00000      0.00000      0.00000
AL      0.12339      0.37661      0.50000     -0.06426      0.06426      0.00000
AL      0.12512      0.25000      0.62512     -0.01729      0.00000     -0.01729
AL      0.00000      0.37661      0.62339      0.00000      0.06426     -0.06426
AL      0.00000      0.25000      0.75000      0.00000      0.00000      0.00000
AL      0.12512      0.37488      0.75000     -0.01729      0.01729      0.00000
AL      0.12512      0.25000      0.87488     -0.01729      0.00000      0.01729
AL      0.00000      0.37661      0.87661      0.00000      0.06426      0.06426
AL      0.25000      0.00000      0.50000      0.00000      0.00000      0.00000
AL      0.37661      0.12339      0.50000      0.06426     -0.06426     -0.00000
AL      0.37661      0.00000      0.62339      0.06426      0.00000     -0.06426
AL      0.25000      0.12512      0.62512      0.00000     -0.01729     -0.01729
AL      0.25000      0.00000      0.75000      0.00000      0.00000      0.00000
AL      0.37488      0.12512      0.75000      0.01729     -0.01729      0.00000
AL      0.37661      0.00000      0.87661      0.06426     -0.00000      0.06426
AL      0.25000      0.12512      0.87488      0.00000     -0.01729      0.01729
AL      0.25000      0.25000      0.50000      0.00000      0.00000      0.00000
AL      0.37661      0.37661      0.50000      0.06426      0.06426      0.00000
AL      0.37488      0.25000      0.62512      0.01729      0.00000     -0.01729
AL      0.25000      0.37488      0.62512      0.00000      0.01729     -0.01729
AL      0.25000      0.25000      0.75000      0.00000      0.00000      0.00000
AL      0.37488      0.37488      0.75000      0.01729      0.01729      0.00000
AL      0.37488      0.25000      0.87488      0.01729      0.00000      0.01729
AL      0.25000      0.37488      0.87488      0.00000      0.01729      0.01729
AL      0.12339      0.62339      0.00000     -0.06426     -0.06426     -0.00000
AL      0.12339      0.50000      0.12339     -0.06426      0.00000     -0.06426
AL      0.00000      0.62339      0.12339      0.00000     -0.06426     -0.06426
AL      0.00000      0.50000      0.25000      0.00000      0.00000      0.00000
AL      0.12512      0.62512      0.25000     -0.01729     -0.01729      0.00000
AL      0.12339      0.50000      0.37661     -0.06426      0.00000      0.06426
AL      0.00000      0.62339      0.37661     -0.00000     -0.06426      0.06426
AL      0.00000      0.75000      0.00000      0.00000      0.00000      0.00000
AL      0.12339      0.87661      0.00000     -0.06426      0.06426      0.00000
AL      0.12512      0.75000      0.12512     -0.01729      0.00000     -0.01729
AL      0.00000      0.87661      0.12339      0.00000      0.06426     -0.06426
AL      0.00000      0.75000      0.25000      0.00000      0.00000      0.00000
AL      0.12512      0.87488      0.25000     -0.01729      0.01729      0.00000
AL      0.12512      0.75000      0.37488     -0.01729      0.00000      0.01729
AL      0.00000      0.87661      0.37661      0.00000      0.06426      0.06426
AL      0.25000      0.50000      0.00000      0.00000      0.00000      0.00000
AL      0.37661      0.62339      0.00000      0.06426     -0.06426     -0.00000
AL      0.37661      0.50000      0.12339      0.06426      0.00000     -0.06426
AL      0.25000      0.62512      0.12512      0.00000     -0.01729     -0.01729
AL      0.25000      0.50000      0.25000      0.00000      0.00000      0.00000
AL      0.37488      0.62512      0.25000      0.01729     -0.01729      0.00000
AL      0.37661      0.50000      0.37661      0.06426     -0.00000      0.06426
AL      0.25000      0.62512      0.37488      0.00000     -0.01729      0.01729
AL      0.25000      0.75000      0.00000      0.00000      0.00000      0.00000
AL      0.37661      0.87661      0.00000      0.06426      0.06426      0.00000
AL      0.37488      0.75000      0.12512      0.01729      0.00000     -0.01729
AL      0.25000      0.87488      0.12512      0.00000      0.01729     -0.01729
AL      0.25000      0.75000      0.25000      0.00000      0.00000      0.00000
AL      0.37488      0.87488      0.25000      0.01729      0.01729      0.00000
AL      0.37488      0.75000      0.37488      0.01729      0.00000      0.01729
AL      0.25000      0.87488      0.37488      0.00000      0.01729      0.01729
AL      0.12339      0.62339      0.50000     -0.06426     -0.06426     -0.00000
AL      0.12339      0.50000      0.62339     -0.06426      0.00000     -0.06426
AL      0.00000      0.62339      0.62339      0.00000     -0.06426     -0.06426
AL      0.00000      0.50000      0.75000      0.00000      0.00000      0.00000
AL      0.12512      0.62512      0.75000     -0.01729     -0.01729      0.00000
AL      0.12339      0.50000      0.87661     -0.06426      0.00000      0.06426
AL      0.00000      0.62339      0.87661     -0.00000     -0.06426      0.06426
AL      0.00000      0.75000      0.50000      0.00000      0.00000      0.00000
AL      0.12339      0.87661      0.50000     -0.06426      0.06426      0.00000
AL      0.12512      0.75000      0.62512     -0.01729      0.00000     -0.01729
AL      0.00000      0.87661      0.62339      0.00000      0.06426     -0.06426
AL      0.00000      0.75000      0.75000      0.00000      0.00000      0.00000
AL      0.12512      0.87488      0.75000     -0.01729      0.01729      0.00000
AL      0.12512      0.75000      0.87488     -0.01729      0.00000      0.01729
AL      0.00000      0.87661      0.87661      0.00000      0.06426      0.06426
AL      0.25000      0.50000      0.50000      0.00000      0.00000      0.00000
AL      0.37661      0.62339      0.50000      0.06426     -0.06426     -0.00000
AL      0.37661      0.50000      0.62339      0.06426      0.00000     -0.06426
AL      0.25000      0.62512      0.62512      0.00000     -0.01729     -0.01729
AL      0.25000      0.50000      0.75000      0.00000      0.00000      0.00000
AL      0.37488      0.62512      0.75000      0.01729     -0.01729      0.00000
AL      0.37661      0.50000      0.87661      0.06426     -0.00000      0.06426
AL      0.25000      0.62512      0.87488      0.00000     -0.01729      0.01729
AL      0.25000      0.75000      0.50000      0.00000      0.00000      0.00000
AL      0.37661      0.87661      0.50000      0.06426      0.06426      0.00000
AL      0.37488      0.75000      0.62512      0.01729      0.00000     -0.01729
AL      0.25000      0.87488      0.62512      0.00000      0.01729     -0.01729
AL      0.25000      0.75000      0.75000      0.00000      0.00000      0.00000
AL      0.37488      0.87488      0.75000      0.01729      0.01729      0.00000
AL      0.37488      0.75000      0.87488      0.01729      0.00000      0.01729
AL      0.25000      0.87488      0.87488      0.00000      0.01729      0.01729
AL      0.62339      0.12339      0.00000     -0.06426     -0.06426     -0.00000
AL      0.62339      0.00000      0.12339     -0.06426      0.00000     -0.06426
AL      0.50000      0.12339      0.12339      0.00000     -0.06426     -0.06426
AL      0.50000      0.00000      0.25000      0.00000      0.00000      0.00000
AL      0.62512      0.12512      0.25000     -0.01729     -0.01729      0.00000
AL      0.62339      0.00000      0.37661     -0.06426      0.00000      0.06426
AL      0.50000      0.12339      0.37661     -0.00000     -0.06426      0.06426
AL      0.50000      0.25000      0.00000      0.00000      0.00000      0.00000
AL      0.62339      0.37661      0.00000     -0.06426      0.06426      0.00000
AL      0.62512      0.25000      0.12512     -0.01729      0.00000     -0.01729
AL      0.50000      0.37661      0.12339      0.00000      0.06426     -0.06426
AL      0.50000      0.25000      0.25000      0.00000      0.00000      0.00000
AL      0.62512      0.37488      0.25000     -0.01729      0.01729      0.00000
AL      0.62512      0.25000      0.37488     -0.01729      0.00000      0.01729
AL      0.50000      0.37661      0.37661      0.00000      0.06426      0.06426
AL      0.75000      0.00000      0.00000      0.00000      0.00000      0.00000
AL      0.87661      0.12339      0.00000      0.06426     -0.06426     -0.00000
AL      0.87661      0.00000      0.12339      0.06426      0.00000     -0.06426
AL      0.75000      0.12512      0.12512      0.00000     -0.01729     -0.01729
AL      0.75000      0.00000      0.25000      0.00000      0.00000      0.00000
AL      0.87488      0.12512      0.25000      0.01729     -0.01729      0.00000
AL      0.87661      0.00000      0.37661      0.06426     -0.00000      0.06426
AL      0.75000      0.12512      0.37488      0.00000     -0.01729      0.01729
AL      0.75000      0.25000      0.00000      0.00000      0.00000      0.00000
AL      0.87661      0.37661      0.00000      0.06426      0.06426      0.00000
AL      0.87488      0.25000      0.12512      0.01729      0.00000     -0.01729
AL      0.75000      0.37488      0.12512      0.00000      0.01729     -0.01729
AL      0.75000      0.25000      0.25000      0.00000      0.00000      0.00000
AL      0.87488      0.37488      0.25000      0.01729      0.01729      0.00000
AL      0.87488      0.25000      0.37488      0.01729      0.00000      0.01729
AL      0.75000      0.37488      0.37488      0.00000      0.01729      0.01729
AL      0.62339      0.12339      0.50000     -0.06426     -0.06426     -0.00000
AL      0.62339      0.00000      0.62339     -0.06426      0.00000     -0.06426
AL      0.50000      0.12339      0.62339      0.00000     -0.06426     -0.06426
AL      0.50000      0.00000      0.75000      0.00000      0.00000      0.00000
AL      0.62512      0.12512      0.75000     -0.01729     -0.01729      0.00000
AL      0.62339      0.00000      0.87661     -0.06426      0.00000      0.06426
AL      0.50000      0.12339      0.87661     -0.00000     -0.06426      0.06426
AL      0.50000      0.25000      0.50000      0.00000      0.00000      0.00000
AL      0.62339      0.37661      0.50000     -0.06426      0.06426      0.00000
AL      0.62512      0.25000      0.62512     -0.01729      0.00000     -0.01729
AL      0.50000      0.37661      0.62339      0.00000      0.06426     -0.06426
AL      0.50000      0.25000      0.75000      0.00000      0.00000      0.00000
AL      0.62512      0.37488      0.75000     -0.01729      0.01729      0.00000
AL      0.62512      0.25000      0.87488     -0.01729      0.00000      0.01729
AL      0.50000      0.37661      0.87661      0.00000      0.06426      0.06426
AL      0.75000      0.00000      0.50000      0.00000      0.00000      0.00000
AL      0.87661      0.12339      0.50000      0.06426     -0.06426     -0.00000
AL      0.87661      0.00000      0.62339      0.06426      0.00000     -0.06426
AL      0.75000      0.12512      0.62512      0.00000     -0.01729     -0.01729
AL      0.75000      0.00000      0.75000      0.00000      0.00000      0.00000
AL      0.87488      0.12512      0.75000      0.01729     -0.01729      0.00000
AL      0.87661      0.00000      0.87661      0.06426     -0.00000      0.06426
AL      0.75000      0.12512      0.87488      0.00000     -0.01729      0.01729
AL      0.75000      0.25000      0.50000      0.00000      0.00000      0.00000
AL      0.87661      0.37661      0.50000      0.06426      0.06426      0.00000
AL      0.87488      0.25000      0.62512      0.01729      0.00000     -0.01729
AL      0.75000      0.37488      0.62512      0.00000      0.01729     -0.01729
AL      0.75000      0.25000      0.75000      0.00000      0.00000      0.00000
AL      0.87488      0.37488      0.75000      0.01729      0.01729      0.00000
AL      0.87488      0.25000      0.87488      0.01729      0.00000      0.01729
AL      0.75000      0.37488      0.87488      0.00000      0.01729      0.01729
AL      0.62339      0.62339      0.00000     -0.06426     -0.06426     -0.00000
AL      0.62339      0.50000      0.12339     -0.06426      0.00000     -0.06426
AL      0.50000      0.62339      0.12339      0.00000     -0.06426     -0.06426
AL      0.50000      0.50000      0.25000      0.00000      0.00000      0.00000
AL      0.62512      0.62512      0.25000     -0.01729     -0.01729      0.00000
AL      0.62339      0.50000      0.37661     -0.06426      0.00000      0.06426
AL      0.50000      0.62339      0.37661     -0.00000     -0.06426      0.06426
AL      0.50000      0.75000      0.00000      0.00000      0.00000      0.00000
AL      0.62339      0.87661      0.00000     -0.06426      0.06426      0.00000
AL      0.62512      0.75000      0.12512     -0.01729      0.00000     -0.01729
AL      0.50000      0.87661      0.12339      0.00000      0.06426     -0.06426
AL      0.50000      0.75000      0.25000      0.00000      0.00000      0.00000
AL      0.62512      0.87488      0.25000     -0.01729      0.01729      0.00000
AL      0.62512      0.75000      0.37488     -0.01729      0.00000      0.01729
AL      0.50000      0.87661      0.37661      0.00000      0.06426      0.06426
AL      0.75000      0.50000      0.00000      0.00000      0.00000      0.00000
AL      0.87661      0.62339      0.00000      0.06426     -0.06426     -0.00000
AL      0.87661      0.50000      0.12339      0.06426      0.00000     -0.06426
AL      0.75000      0.62512      0.12512      0.00000     -0.01729     -0.01729
AL      0.75000      0.50000      0.25000      0.00000      0.00000      0.00000
AL      0.87488      0.62512      0.25000      0.01729     -0.01729      0.00000
AL      0.87661      0.50000      0.37661      0.06426     -0.00000      0.06426
AL      0.75000      0.62512      0.37488      0.00000     -0.01729      0.01729
AL      0.75000      0.75000      0.00000      0.00000      0.00000      0.00000
AL      0.87661      0.87661      0.00000      0.06426      0.06426      0.00000
AL      0.87488      0.75000      0.12512      0.01729      0.00000     -0.01729
AL      0.75000      0.87488      0.12512      0.00000      0.01729     -0.01729
AL      0.75000      0.75000      0.25000      0.00000      0.00000      0.00000
AL      0.87488      0.87488      0.25000      0.01729      0.01729      0.00000
AL      0.87488      0.75000      0.37488      0.01729      0.00000      0.01729
AL      0.75000      0.87488      0.37488      0.00000      0.01729      0.01729
AL      0.62339      0.62339      0.50000     -0.06426     -0.06426     -0.00000
AL      0.62339      0.50000      0.62339     -0.06426      0.00000     -0.06426
AL      0.50000      0.62339      0.62339      0.00000     -0.06426     -0.06426
AL      0.50000      0.50000      0.75000      0.00000      0.00000      0.00000
AL      0.62512      0.62512      0.75000     -0.01729     -0.01729      0.00000
AL      0.62339      0.50000      0.87661     -0.06426      0.00000      0.06426
AL      0.50000      0.62339      0.87661     -0.00000     -0.06426      0.06426
AL      0.50000      0.75000      0.50000      0.00000      0.00000      0.00000
AL      0.62339      0.87661      0.50000     -0.06426      0.06426      0.00000
AL      0.62512      0.75000      0.62512     -0.01729      0.00000     -0.01729
AL      0.50000      0.87661      0.62339      0.00000      0.06426     -0.06426
AL      0.50000      0.75000      0.75000      0.00000      0.00000      0.00000
AL      0.62512      0.87488      0.75000     -0.01729      0.01729      0.00000
AL      0.62512      0.75000      0.87488     -0.01729      0.00000      0.01729
AL      0.50000      0.87661      0.87661      0.00000      0.06426      0.06426
AL      0.75000      0.50000      0.50000      0.00000      0.00000      0.00000
AL      0.87661      0.62339      0.50000      0.06426     -0.06426     -0.00000
AL      0.87661      0.50000      0.62339      0.06426      0.00000     -0.06426
AL      0.75000      0.62512      0.62512      0.00000     -0.01729     -0.01729
AL      0.75000      0.50000      0.75000      0.00000      0.00000      0.00000
AL      0.87488      0.62512      0.75000      0.01729     -0.01729      0.00000
AL      0.87661      0.50000      0.87661      0.06426     -0.00000      0.06426
AL      0.75000      0.62512      0.87488      0.00000     -0.01729      0.01729
AL      0.75000      0.75000      0.50000      0.00000      0.00000      0.00000
AL      0.87661      0.87661      0.50000      0.06426      0.06426      0.00000
AL      0.87488      0.75000      0.62512      0.01729      0.00000     -0.01729
AL      0.75000      0.87488      0.62512      0.00000      0.01729     -0.01729
AL      0.75000      0.75000      0.75000      0.00000      0.00000      0.00000
AL      0.87488      0.87488      0.75000      0.01729      0.01729      0.00000
AL      0.87488      0.75000      0.87488      0.01729      0.00000      0.01729
AL      0.75000      0.87488      0.87488      0.00000      0.01729      0.01729
