/* Converted from PWscf output file */ 
#L_UNITS ang 
#E_UNITS eV 
#S_UNITS GPA 
#F_UNITS EV/ANG 
#ALAT 	  16.08528     // a0 
#X 	   1.00000     0.00000     0.00000     // X 
#Y 	   0.00000     1.00000     0.00000     // Y 
#Z 	   0.00000     0.00000     1.00000     // Z 
#SX 	   0.24865     0.00000     0.00000     // SX 
#SY 	   0.00000     0.24865     0.00000     // SY 
#SZ 	   0.00000     0.00000     0.24865     // SZ 
#EPA 	  -3.34835     // Energy per Atom 
#RCUT 	6.5        // Rcut 
AL      0.12288      0.12288      0.00000     -0.02285     -0.02285      0.00000
AL      0.12288      0.00000      0.12288     -0.02285     -0.00000     -0.02285
AL      0.00000      0.12288      0.12288      0.00000     -0.02285     -0.02285
AL      0.00000      0.00000      0.25000      0.00000      0.00000      0.00000
AL      0.12501      0.12501      0.25000     -0.02026     -0.02026     -0.00000
AL      0.12288      0.00000      0.37712     -0.02285     -0.00000      0.02285
AL      0.00000      0.12288      0.37712     -0.00000     -0.02285      0.02285
AL      0.00000      0.25000      0.00000      0.00000      0.00000      0.00000
AL      0.12288      0.37712      0.00000     -0.02285      0.02285      0.00000
AL      0.12501      0.25000      0.12501     -0.02026      0.00000     -0.02026
AL      0.00000      0.37712      0.12288      0.00000      0.02285     -0.02285
AL      0.00000      0.25000      0.25000      0.00000      0.00000      0.00000
AL      0.12501      0.37499      0.25000     -0.02026      0.02026      0.00000
AL      0.12501      0.25000      0.37499     -0.02026      0.00000      0.02026
AL      0.00000      0.37712      0.37712      0.00000      0.02285      0.02285
AL      0.25000      0.00000      0.00000      0.00000      0.00000      0.00000
AL      0.37712      0.12288      0.00000      0.02285     -0.02285     -0.00000
AL      0.37712      0.00000      0.12288      0.02285      0.00000     -0.02285
AL      0.25000      0.12501      0.12501      0.00000     -0.02026     -0.02026
AL      0.25000      0.00000      0.25000      0.00000      0.00000      0.00000
AL      0.37499      0.12501      0.25000      0.02026     -0.02026      0.00000
AL      0.37712      0.00000      0.37712      0.02285     -0.00000      0.02285
AL      0.25000      0.12501      0.37499      0.00000     -0.02026      0.02026
AL      0.25000      0.25000      0.00000      0.00000      0.00000      0.00000
AL      0.37712      0.37712      0.00000      0.02285      0.02285     -0.00000
AL      0.37499      0.25000      0.12501      0.02026     -0.00000     -0.02026
AL      0.25000      0.37499      0.12501     -0.00000      0.02026     -0.02026
AL      0.25000      0.25000      0.25000      0.00000      0.00000      0.00000
AL      0.37499      0.37499      0.25000      0.02026      0.02026      0.00000
AL      0.37499      0.25000      0.37499      0.02026     -0.00000      0.02026
AL      0.25000      0.37499      0.37499     -0.00000      0.02026      0.02026
AL      0.12288      0.12288      0.50000     -0.02285     -0.02285      0.00000
AL      0.12288      0.00000      0.62288     -0.02285     -0.00000     -0.02285
AL      0.00000      0.12288      0.62288      0.00000     -0.02285     -0.02285
AL      0.00000      0.00000      0.75000      0.00000      0.00000      0.00000
AL      0.12501      0.12501      0.75000     -0.02026     -0.02026     -0.00000
AL      0.12288      0.00000      0.87712     -0.02285     -0.00000      0.02285
AL      0.00000      0.12288      0.87712     -0.00000     -0.02285      0.02285
AL      0.00000      0.25000      0.50000      0.00000      0.00000      0.00000
AL      0.12288      0.37712      0.50000     -0.02285      0.02285      0.00000
AL      0.12501      0.25000      0.62501     -0.02026      0.00000     -0.02026
AL      0.00000      0.37712      0.62288      0.00000      0.02285     -0.02285
AL      0.00000      0.25000      0.75000      0.00000      0.00000      0.00000
AL      0.12501      0.37499      0.75000     -0.02026      0.02026      0.00000
AL      0.12501      0.25000      0.87499     -0.02026      0.00000      0.02026
AL      0.00000      0.37712      0.87712      0.00000      0.02285      0.02285
AL      0.25000      0.00000      0.50000      0.00000      0.00000      0.00000
AL      0.37712      0.12288      0.50000      0.02285     -0.02285     -0.00000
AL      0.37712      0.00000      0.62288      0.02285      0.00000     -0.02285
AL      0.25000      0.12501      0.62501      0.00000     -0.02026     -0.02026
AL      0.25000      0.00000      0.75000      0.00000      0.00000      0.00000
AL      0.37499      0.12501      0.75000      0.02026     -0.02026      0.00000
AL      0.37712      0.00000      0.87712      0.02285     -0.00000      0.02285
AL      0.25000      0.12501      0.87499      0.00000     -0.02026      0.02026
AL      0.25000      0.25000      0.50000      0.00000      0.00000      0.00000
AL      0.37712      0.37712      0.50000      0.02285      0.02285     -0.00000
AL      0.37499      0.25000      0.62501      0.02026     -0.00000     -0.02026
AL      0.25000      0.37499      0.62501     -0.00000      0.02026     -0.02026
AL      0.25000      0.25000      0.75000      0.00000      0.00000      0.00000
AL      0.37499      0.37499      0.75000      0.02026      0.02026      0.00000
AL      0.37499      0.25000      0.87499      0.02026     -0.00000      0.02026
AL      0.25000      0.37499      0.87499     -0.00000      0.02026      0.02026
AL      0.12288      0.62288      0.00000     -0.02285     -0.02285      0.00000
AL      0.12288      0.50000      0.12288     -0.02285     -0.00000     -0.02285
AL      0.00000      0.62288      0.12288      0.00000     -0.02285     -0.02285
AL      0.00000      0.50000      0.25000      0.00000      0.00000      0.00000
AL      0.12501      0.62501      0.25000     -0.02026     -0.02026     -0.00000
AL      0.12288      0.50000      0.37712     -0.02285     -0.00000      0.02285
AL      0.00000      0.62288      0.37712     -0.00000     -0.02285      0.02285
AL      0.00000      0.75000      0.00000      0.00000      0.00000      0.00000
AL      0.12288      0.87712      0.00000     -0.02285      0.02285      0.00000
AL      0.12501      0.75000      0.12501     -0.02026      0.00000     -0.02026
AL      0.00000      0.87712      0.12288      0.00000      0.02285     -0.02285
AL      0.00000      0.75000      0.25000      0.00000      0.00000      0.00000
AL      0.12501      0.87499      0.25000     -0.02026      0.02026      0.00000
AL      0.12501      0.75000      0.37499     -0.02026      0.00000      0.02026
AL      0.00000      0.87712      0.37712      0.00000      0.02285      0.02285
AL      0.25000      0.50000      0.00000      0.00000      0.00000      0.00000
AL      0.37712      0.62288      0.00000      0.02285     -0.02285     -0.00000
AL      0.37712      0.50000      0.12288      0.02285      0.00000     -0.02285
AL      0.25000      0.62501      0.12501      0.00000     -0.02026     -0.02026
AL      0.25000      0.50000      0.25000      0.00000      0.00000      0.00000
AL      0.37499      0.62501      0.25000      0.02026     -0.02026      0.00000
AL      0.37712      0.50000      0.37712      0.02285     -0.00000      0.02285
AL      0.25000      0.62501      0.37499      0.00000     -0.02026      0.02026
AL      0.25000      0.75000      0.00000      0.00000      0.00000      0.00000
AL      0.37712      0.87712      0.00000      0.02285      0.02285     -0.00000
AL      0.37499      0.75000      0.12501      0.02026     -0.00000     -0.02026
AL      0.25000      0.87499      0.12501     -0.00000      0.02026     -0.02026
AL      0.25000      0.75000      0.25000      0.00000      0.00000      0.00000
AL      0.37499      0.87499      0.25000      0.02026      0.02026      0.00000
AL      0.37499      0.75000      0.37499      0.02026     -0.00000      0.02026
AL      0.25000      0.87499      0.37499     -0.00000      0.02026      0.02026
AL      0.12288      0.62288      0.50000     -0.02285     -0.02285      0.00000
AL      0.12288      0.50000      0.62288     -0.02285     -0.00000     -0.02285
AL      0.00000      0.62288      0.62288      0.00000     -0.02285     -0.02285
AL      0.00000      0.50000      0.75000      0.00000      0.00000      0.00000
AL      0.12501      0.62501      0.75000     -0.02026     -0.02026     -0.00000
AL      0.12288      0.50000      0.87712     -0.02285     -0.00000      0.02285
AL      0.00000      0.62288      0.87712     -0.00000     -0.02285      0.02285
AL      0.00000      0.75000      0.50000      0.00000      0.00000      0.00000
AL      0.12288      0.87712      0.50000     -0.02285      0.02285      0.00000
AL      0.12501      0.75000      0.62501     -0.02026      0.00000     -0.02026
AL      0.00000      0.87712      0.62288      0.00000      0.02285     -0.02285
AL      0.00000      0.75000      0.75000      0.00000      0.00000      0.00000
AL      0.12501      0.87499      0.75000     -0.02026      0.02026      0.00000
AL      0.12501      0.75000      0.87499     -0.02026      0.00000      0.02026
AL      0.00000      0.87712      0.87712      0.00000      0.02285      0.02285
AL      0.25000      0.50000      0.50000      0.00000      0.00000      0.00000
AL      0.37712      0.62288      0.50000      0.02285     -0.02285     -0.00000
AL      0.37712      0.50000      0.62288      0.02285      0.00000     -0.02285
AL      0.25000      0.62501      0.62501      0.00000     -0.02026     -0.02026
AL      0.25000      0.50000      0.75000      0.00000      0.00000      0.00000
AL      0.37499      0.62501      0.75000      0.02026     -0.02026      0.00000
AL      0.37712      0.50000      0.87712      0.02285     -0.00000      0.02285
AL      0.25000      0.62501      0.87499      0.00000     -0.02026      0.02026
AL      0.25000      0.75000      0.50000      0.00000      0.00000      0.00000
AL      0.37712      0.87712      0.50000      0.02285      0.02285     -0.00000
AL      0.37499      0.75000      0.62501      0.02026     -0.00000     -0.02026
AL      0.25000      0.87499      0.62501     -0.00000      0.02026     -0.02026
AL      0.25000      0.75000      0.75000      0.00000      0.00000      0.00000
AL      0.37499      0.87499      0.75000      0.02026      0.02026      0.00000
AL      0.37499      0.75000      0.87499      0.02026     -0.00000      0.02026
AL      0.25000      0.87499      0.87499     -0.00000      0.02026      0.02026
AL      0.62288      0.12288      0.00000     -0.02285     -0.02285      0.00000
AL      0.62288      0.00000      0.12288     -0.02285     -0.00000     -0.02285
AL      0.50000      0.12288      0.12288      0.00000     -0.02285     -0.02285
AL      0.50000      0.00000      0.25000      0.00000      0.00000      0.00000
AL      0.62501      0.12501      0.25000     -0.02026     -0.02026     -0.00000
AL      0.62288      0.00000      0.37712     -0.02285     -0.00000      0.02285
AL      0.50000      0.12288      0.37712     -0.00000     -0.02285      0.02285
AL      0.50000      0.25000      0.00000      0.00000      0.00000      0.00000
AL      0.62288      0.37712      0.00000     -0.02285      0.02285      0.00000
AL      0.62501      0.25000      0.12501     -0.02026      0.00000     -0.02026
AL      0.50000      0.37712      0.12288      0.00000      0.02285     -0.02285
AL      0.50000      0.25000      0.25000      0.00000      0.00000      0.00000
AL      0.62501      0.37499      0.25000     -0.02026      0.02026      0.00000
AL      0.62501      0.25000      0.37499     -0.02026      0.00000      0.02026
AL      0.50000      0.37712      0.37712      0.00000      0.02285      0.02285
AL      0.75000      0.00000      0.00000      0.00000      0.00000      0.00000
AL      0.87712      0.12288      0.00000      0.02285     -0.02285     -0.00000
AL      0.87712      0.00000      0.12288      0.02285      0.00000     -0.02285
AL      0.75000      0.12501      0.12501      0.00000     -0.02026     -0.02026
AL      0.75000      0.00000      0.25000      0.00000      0.00000      0.00000
AL      0.87499      0.12501      0.25000      0.02026     -0.02026      0.00000
AL      0.87712      0.00000      0.37712      0.02285     -0.00000      0.02285
AL      0.75000      0.12501      0.37499      0.00000     -0.02026      0.02026
AL      0.75000      0.25000      0.00000      0.00000      0.00000      0.00000
AL      0.87712      0.37712      0.00000      0.02285      0.02285     -0.00000
AL      0.87499      0.25000      0.12501      0.02026     -0.00000     -0.02026
AL      0.75000      0.37499      0.12501     -0.00000      0.02026     -0.02026
AL      0.75000      0.25000      0.25000      0.00000      0.00000      0.00000
AL      0.87499      0.37499      0.25000      0.02026      0.02026      0.00000
AL      0.87499      0.25000      0.37499      0.02026     -0.00000      0.02026
AL      0.75000      0.37499      0.37499     -0.00000      0.02026      0.02026
AL      0.62288      0.12288      0.50000     -0.02285     -0.02285      0.00000
AL      0.62288      0.00000      0.62288     -0.02285     -0.00000     -0.02285
AL      0.50000      0.12288      0.62288      0.00000     -0.02285     -0.02285
AL      0.50000      0.00000      0.75000      0.00000      0.00000      0.00000
AL      0.62501      0.12501      0.75000     -0.02026     -0.02026     -0.00000
AL      0.62288      0.00000      0.87712     -0.02285     -0.00000      0.02285
AL      0.50000      0.12288      0.87712     -0.00000     -0.02285      0.02285
AL      0.50000      0.25000      0.50000      0.00000      0.00000      0.00000
AL      0.62288      0.37712      0.50000     -0.02285      0.02285      0.00000
AL      0.62501      0.25000      0.62501     -0.02026      0.00000     -0.02026
AL      0.50000      0.37712      0.62288      0.00000      0.02285     -0.02285
AL      0.50000      0.25000      0.75000      0.00000      0.00000      0.00000
AL      0.62501      0.37499      0.75000     -0.02026      0.02026      0.00000
AL      0.62501      0.25000      0.87499     -0.02026      0.00000      0.02026
AL      0.50000      0.37712      0.87712      0.00000      0.02285      0.02285
AL      0.75000      0.00000      0.50000      0.00000      0.00000      0.00000
AL      0.87712      0.12288      0.50000      0.02285     -0.02285     -0.00000
AL      0.87712      0.00000      0.62288      0.02285      0.00000     -0.02285
AL      0.75000      0.12501      0.62501      0.00000     -0.02026     -0.02026
AL      0.75000      0.00000      0.75000      0.00000      0.00000      0.00000
AL      0.87499      0.12501      0.75000      0.02026     -0.02026      0.00000
AL      0.87712      0.00000      0.87712      0.02285     -0.00000      0.02285
AL      0.75000      0.12501      0.87499      0.00000     -0.02026      0.02026
AL      0.75000      0.25000      0.50000      0.00000      0.00000      0.00000
AL      0.87712      0.37712      0.50000      0.02285      0.02285     -0.00000
AL      0.87499      0.25000      0.62501      0.02026     -0.00000     -0.02026
AL      0.75000      0.37499      0.62501     -0.00000      0.02026     -0.02026
AL      0.75000      0.25000      0.75000      0.00000      0.00000      0.00000
AL      0.87499      0.37499      0.75000      0.02026      0.02026      0.00000
AL      0.87499      0.25000      0.87499      0.02026     -0.00000      0.02026
AL      0.75000      0.37499      0.87499     -0.00000      0.02026      0.02026
AL      0.62288      0.62288      0.00000     -0.02285     -0.02285      0.00000
AL      0.62288      0.50000      0.12288     -0.02285     -0.00000     -0.02285
AL      0.50000      0.62288      0.12288      0.00000     -0.02285     -0.02285
AL      0.50000      0.50000      0.25000      0.00000      0.00000      0.00000
AL      0.62501      0.62501      0.25000     -0.02026     -0.02026     -0.00000
AL      0.62288      0.50000      0.37712     -0.02285     -0.00000      0.02285
AL      0.50000      0.62288      0.37712     -0.00000     -0.02285      0.02285
AL      0.50000      0.75000      0.00000      0.00000      0.00000      0.00000
AL      0.62288      0.87712      0.00000     -0.02285      0.02285      0.00000
AL      0.62501      0.75000      0.12501     -0.02026      0.00000     -0.02026
AL      0.50000      0.87712      0.12288      0.00000      0.02285     -0.02285
AL      0.50000      0.75000      0.25000      0.00000      0.00000      0.00000
AL      0.62501      0.87499      0.25000     -0.02026      0.02026      0.00000
AL      0.62501      0.75000      0.37499     -0.02026      0.00000      0.02026
AL      0.50000      0.87712      0.37712      0.00000      0.02285      0.02285
AL      0.75000      0.50000      0.00000      0.00000      0.00000      0.00000
AL      0.87712      0.62288      0.00000      0.02285     -0.02285     -0.00000
AL      0.87712      0.50000      0.12288      0.02285      0.00000     -0.02285
AL      0.75000      0.62501      0.12501      0.00000     -0.02026     -0.02026
AL      0.75000      0.50000      0.25000      0.00000      0.00000      0.00000
AL      0.87499      0.62501      0.25000      0.02026     -0.02026      0.00000
AL      0.87712      0.50000      0.37712      0.02285     -0.00000      0.02285
AL      0.75000      0.62501      0.37499      0.00000     -0.02026      0.02026
AL      0.75000      0.75000      0.00000      0.00000      0.00000      0.00000
AL      0.87712      0.87712      0.00000      0.02285      0.02285     -0.00000
AL      0.87499      0.75000      0.12501      0.02026     -0.00000     -0.02026
AL      0.75000      0.87499      0.12501     -0.00000      0.02026     -0.02026
AL      0.75000      0.75000      0.25000      0.00000      0.00000      0.00000
AL      0.87499      0.87499      0.25000      0.02026      0.02026      0.00000
AL      0.87499      0.75000      0.37499      0.02026     -0.00000      0.02026
AL      0.75000      0.87499      0.37499     -0.00000      0.02026      0.02026
AL      0.62288      0.62288      0.50000     -0.02285     -0.02285      0.00000
AL      0.62288      0.50000      0.62288     -0.02285     -0.00000     -0.02285
AL      0.50000      0.62288      0.62288      0.00000     -0.02285     -0.02285
AL      0.50000      0.50000      0.75000      0.00000      0.00000      0.00000
AL      0.62501      0.62501      0.75000     -0.02026     -0.02026     -0.00000
AL      0.62288      0.50000      0.87712     -0.02285     -0.00000      0.02285
AL      0.50000      0.62288      0.87712     -0.00000     -0.02285      0.02285
AL      0.50000      0.75000      0.50000      0.00000      0.00000      0.00000
AL      0.62288      0.87712      0.50000     -0.02285      0.02285      0.00000
AL      0.62501      0.75000      0.62501     -0.02026      0.00000     -0.02026
AL      0.50000      0.87712      0.62288      0.00000      0.02285     -0.02285
AL      0.50000      0.75000      0.75000      0.00000      0.00000      0.00000
AL      0.62501      0.87499      0.75000     -0.02026      0.02026      0.00000
AL      0.62501      0.75000      0.87499     -0.02026      0.00000      0.02026
AL      0.50000      0.87712      0.87712      0.00000      0.02285      0.02285
AL      0.75000      0.50000      0.50000      0.00000      0.00000      0.00000
AL      0.87712      0.62288      0.50000      0.02285     -0.02285     -0.00000
AL      0.87712      0.50000      0.62288      0.02285      0.00000     -0.02285
AL      0.75000      0.62501      0.62501      0.00000     -0.02026     -0.02026
AL      0.75000      0.50000      0.75000      0.00000      0.00000      0.00000
AL      0.87499      0.62501      0.75000      0.02026     -0.02026      0.00000
AL      0.87712      0.50000      0.87712      0.02285     -0.00000      0.02285
AL      0.75000      0.62501      0.87499      0.00000     -0.02026      0.02026
AL      0.75000      0.75000      0.50000      0.00000      0.00000      0.00000
AL      0.87712      0.87712      0.50000      0.02285      0.02285     -0.00000
AL      0.87499      0.75000      0.62501      0.02026     -0.00000     -0.02026
AL      0.75000      0.87499      0.62501     -0.00000      0.02026     -0.02026
AL      0.75000      0.75000      0.75000      0.00000      0.00000      0.00000
AL      0.87499      0.87499      0.75000      0.02026      0.02026      0.00000
AL      0.87499      0.75000      0.87499      0.02026     -0.00000      0.02026
AL      0.75000      0.87499      0.87499     -0.00000      0.02026      0.02026
