/* Converted from PWscf output file */ 
#L_UNITS ang 
#E_UNITS eV 
#S_UNITS GPA 
#F_UNITS EV/ANG 
#ALAT 	  16.07332     // a0 
#X 	   1.00000     0.00000     0.00000     // X 
#Y 	   0.00000     1.00000     0.00000     // Y 
#Z 	   0.00000     0.00000     1.00000     // Z 
#SX 	   0.43270     0.00000     0.00000     // SX 
#SY 	   0.00000     0.43270     0.00000     // SY 
#SZ 	   0.00000     0.00000     0.43270     // SZ 
#EPA 	  -3.34816     // Energy per Atom 
#RCUT 	6.5        // Rcut 
AL      0.12315      0.12315      0.00000     -0.04476     -0.04476      0.00000
AL      0.12315      0.00000      0.12315     -0.04476      0.00000     -0.04476
AL      0.00000      0.12315      0.12315      0.00000     -0.04476     -0.04476
AL      0.00000      0.00000      0.25000      0.00000      0.00000      0.00000
AL      0.12509      0.12509      0.25000     -0.02021     -0.02021     -0.00000
AL      0.12315      0.00000      0.37685     -0.04476      0.00000      0.04476
AL      0.00000      0.12315      0.37685      0.00000     -0.04476      0.04476
AL      0.00000      0.25000      0.00000      0.00000      0.00000      0.00000
AL      0.12315      0.37685      0.00000     -0.04476      0.04476      0.00000
AL      0.12509      0.25000      0.12509     -0.02021     -0.00000     -0.02021
AL      0.00000      0.37685      0.12315     -0.00000      0.04476     -0.04476
AL      0.00000      0.25000      0.25000      0.00000      0.00000      0.00000
AL      0.12509      0.37491      0.25000     -0.02021      0.02021      0.00000
AL      0.12509      0.25000      0.37491     -0.02021      0.00000      0.02021
AL      0.00000      0.37685      0.37685      0.00000      0.04476      0.04476
AL      0.25000      0.00000      0.00000      0.00000      0.00000      0.00000
AL      0.37685      0.12315      0.00000      0.04476     -0.04476      0.00000
AL      0.37685      0.00000      0.12315      0.04476      0.00000     -0.04476
AL      0.25000      0.12509      0.12509     -0.00000     -0.02021     -0.02021
AL      0.25000      0.00000      0.25000      0.00000      0.00000      0.00000
AL      0.37491      0.12509      0.25000      0.02021     -0.02021     -0.00000
AL      0.37685      0.00000      0.37685      0.04476      0.00000      0.04476
AL      0.25000      0.12509      0.37491     -0.00000     -0.02021      0.02021
AL      0.25000      0.25000      0.00000      0.00000      0.00000      0.00000
AL      0.37685      0.37685      0.00000      0.04476      0.04476      0.00000
AL      0.37491      0.25000      0.12509      0.02021      0.00000     -0.02021
AL      0.25000      0.37491      0.12509      0.00000      0.02021     -0.02021
AL      0.25000      0.25000      0.25000      0.00000      0.00000      0.00000
AL      0.37491      0.37491      0.25000      0.02021      0.02021     -0.00000
AL      0.37491      0.25000      0.37491      0.02021      0.00000      0.02021
AL      0.25000      0.37491      0.37491     -0.00000      0.02021      0.02021
AL      0.12315      0.12315      0.50000     -0.04476     -0.04476      0.00000
AL      0.12315      0.00000      0.62315     -0.04476      0.00000     -0.04476
AL      0.00000      0.12315      0.62315      0.00000     -0.04476     -0.04476
AL      0.00000      0.00000      0.75000      0.00000      0.00000      0.00000
AL      0.12509      0.12509      0.75000     -0.02021     -0.02021     -0.00000
AL      0.12315      0.00000      0.87685     -0.04476      0.00000      0.04476
AL      0.00000      0.12315      0.87685      0.00000     -0.04476      0.04476
AL      0.00000      0.25000      0.50000      0.00000      0.00000      0.00000
AL      0.12315      0.37685      0.50000     -0.04476      0.04476      0.00000
AL      0.12509      0.25000      0.62509     -0.02021     -0.00000     -0.02021
AL      0.00000      0.37685      0.62315     -0.00000      0.04476     -0.04476
AL      0.00000      0.25000      0.75000      0.00000      0.00000      0.00000
AL      0.12509      0.37491      0.75000     -0.02021      0.02021      0.00000
AL      0.12509      0.25000      0.87491     -0.02021      0.00000      0.02021
AL      0.00000      0.37685      0.87685      0.00000      0.04476      0.04476
AL      0.25000      0.00000      0.50000      0.00000      0.00000      0.00000
AL      0.37685      0.12315      0.50000      0.04476     -0.04476      0.00000
AL      0.37685      0.00000      0.62315      0.04476      0.00000     -0.04476
AL      0.25000      0.12509      0.62509     -0.00000     -0.02021     -0.02021
AL      0.25000      0.00000      0.75000      0.00000      0.00000      0.00000
AL      0.37491      0.12509      0.75000      0.02021     -0.02021     -0.00000
AL      0.37685      0.00000      0.87685      0.04476      0.00000      0.04476
AL      0.25000      0.12509      0.87491     -0.00000     -0.02021      0.02021
AL      0.25000      0.25000      0.50000      0.00000      0.00000      0.00000
AL      0.37685      0.37685      0.50000      0.04476      0.04476      0.00000
AL      0.37491      0.25000      0.62509      0.02021      0.00000     -0.02021
AL      0.25000      0.37491      0.62509      0.00000      0.02021     -0.02021
AL      0.25000      0.25000      0.75000      0.00000      0.00000      0.00000
AL      0.37491      0.37491      0.75000      0.02021      0.02021     -0.00000
AL      0.37491      0.25000      0.87491      0.02021      0.00000      0.02021
AL      0.25000      0.37491      0.87491     -0.00000      0.02021      0.02021
AL      0.12315      0.62315      0.00000     -0.04476     -0.04476      0.00000
AL      0.12315      0.50000      0.12315     -0.04476      0.00000     -0.04476
AL      0.00000      0.62315      0.12315      0.00000     -0.04476     -0.04476
AL      0.00000      0.50000      0.25000      0.00000      0.00000      0.00000
AL      0.12509      0.62509      0.25000     -0.02021     -0.02021     -0.00000
AL      0.12315      0.50000      0.37685     -0.04476      0.00000      0.04476
AL      0.00000      0.62315      0.37685      0.00000     -0.04476      0.04476
AL      0.00000      0.75000      0.00000      0.00000      0.00000      0.00000
AL      0.12315      0.87685      0.00000     -0.04476      0.04476      0.00000
AL      0.12509      0.75000      0.12509     -0.02021     -0.00000     -0.02021
AL      0.00000      0.87685      0.12315     -0.00000      0.04476     -0.04476
AL      0.00000      0.75000      0.25000      0.00000      0.00000      0.00000
AL      0.12509      0.87491      0.25000     -0.02021      0.02021      0.00000
AL      0.12509      0.75000      0.37491     -0.02021      0.00000      0.02021
AL      0.00000      0.87685      0.37685      0.00000      0.04476      0.04476
AL      0.25000      0.50000      0.00000      0.00000      0.00000      0.00000
AL      0.37685      0.62315      0.00000      0.04476     -0.04476      0.00000
AL      0.37685      0.50000      0.12315      0.04476      0.00000     -0.04476
AL      0.25000      0.62509      0.12509     -0.00000     -0.02021     -0.02021
AL      0.25000      0.50000      0.25000      0.00000      0.00000      0.00000
AL      0.37491      0.62509      0.25000      0.02021     -0.02021     -0.00000
AL      0.37685      0.50000      0.37685      0.04476      0.00000      0.04476
AL      0.25000      0.62509      0.37491     -0.00000     -0.02021      0.02021
AL      0.25000      0.75000      0.00000      0.00000      0.00000      0.00000
AL      0.37685      0.87685      0.00000      0.04476      0.04476      0.00000
AL      0.37491      0.75000      0.12509      0.02021      0.00000     -0.02021
AL      0.25000      0.87491      0.12509      0.00000      0.02021     -0.02021
AL      0.25000      0.75000      0.25000      0.00000      0.00000      0.00000
AL      0.37491      0.87491      0.25000      0.02021      0.02021     -0.00000
AL      0.37491      0.75000      0.37491      0.02021      0.00000      0.02021
AL      0.25000      0.87491      0.37491     -0.00000      0.02021      0.02021
AL      0.12315      0.62315      0.50000     -0.04476     -0.04476      0.00000
AL      0.12315      0.50000      0.62315     -0.04476      0.00000     -0.04476
AL      0.00000      0.62315      0.62315      0.00000     -0.04476     -0.04476
AL      0.00000      0.50000      0.75000      0.00000      0.00000      0.00000
AL      0.12509      0.62509      0.75000     -0.02021     -0.02021     -0.00000
AL      0.12315      0.50000      0.87685     -0.04476      0.00000      0.04476
AL      0.00000      0.62315      0.87685      0.00000     -0.04476      0.04476
AL      0.00000      0.75000      0.50000      0.00000      0.00000      0.00000
AL      0.12315      0.87685      0.50000     -0.04476      0.04476      0.00000
AL      0.12509      0.75000      0.62509     -0.02021     -0.00000     -0.02021
AL      0.00000      0.87685      0.62315     -0.00000      0.04476     -0.04476
AL      0.00000      0.75000      0.75000      0.00000      0.00000      0.00000
AL      0.12509      0.87491      0.75000     -0.02021      0.02021      0.00000
AL      0.12509      0.75000      0.87491     -0.02021      0.00000      0.02021
AL      0.00000      0.87685      0.87685      0.00000      0.04476      0.04476
AL      0.25000      0.50000      0.50000      0.00000      0.00000      0.00000
AL      0.37685      0.62315      0.50000      0.04476     -0.04476      0.00000
AL      0.37685      0.50000      0.62315      0.04476      0.00000     -0.04476
AL      0.25000      0.62509      0.62509     -0.00000     -0.02021     -0.02021
AL      0.25000      0.50000      0.75000      0.00000      0.00000      0.00000
AL      0.37491      0.62509      0.75000      0.02021     -0.02021     -0.00000
AL      0.37685      0.50000      0.87685      0.04476      0.00000      0.04476
AL      0.25000      0.62509      0.87491     -0.00000     -0.02021      0.02021
AL      0.25000      0.75000      0.50000      0.00000      0.00000      0.00000
AL      0.37685      0.87685      0.50000      0.04476      0.04476      0.00000
AL      0.37491      0.75000      0.62509      0.02021      0.00000     -0.02021
AL      0.25000      0.87491      0.62509      0.00000      0.02021     -0.02021
AL      0.25000      0.75000      0.75000      0.00000      0.00000      0.00000
AL      0.37491      0.87491      0.75000      0.02021      0.02021     -0.00000
AL      0.37491      0.75000      0.87491      0.02021      0.00000      0.02021
AL      0.25000      0.87491      0.87491     -0.00000      0.02021      0.02021
AL      0.62315      0.12315      0.00000     -0.04476     -0.04476      0.00000
AL      0.62315      0.00000      0.12315     -0.04476      0.00000     -0.04476
AL      0.50000      0.12315      0.12315      0.00000     -0.04476     -0.04476
AL      0.50000      0.00000      0.25000      0.00000      0.00000      0.00000
AL      0.62509      0.12509      0.25000     -0.02021     -0.02021     -0.00000
AL      0.62315      0.00000      0.37685     -0.04476      0.00000      0.04476
AL      0.50000      0.12315      0.37685      0.00000     -0.04476      0.04476
AL      0.50000      0.25000      0.00000      0.00000      0.00000      0.00000
AL      0.62315      0.37685      0.00000     -0.04476      0.04476      0.00000
AL      0.62509      0.25000      0.12509     -0.02021     -0.00000     -0.02021
AL      0.50000      0.37685      0.12315     -0.00000      0.04476     -0.04476
AL      0.50000      0.25000      0.25000      0.00000      0.00000      0.00000
AL      0.62509      0.37491      0.25000     -0.02021      0.02021      0.00000
AL      0.62509      0.25000      0.37491     -0.02021      0.00000      0.02021
AL      0.50000      0.37685      0.37685      0.00000      0.04476      0.04476
AL      0.75000      0.00000      0.00000      0.00000      0.00000      0.00000
AL      0.87685      0.12315      0.00000      0.04476     -0.04476      0.00000
AL      0.87685      0.00000      0.12315      0.04476      0.00000     -0.04476
AL      0.75000      0.12509      0.12509     -0.00000     -0.02021     -0.02021
AL      0.75000      0.00000      0.25000      0.00000      0.00000      0.00000
AL      0.87491      0.12509      0.25000      0.02021     -0.02021     -0.00000
AL      0.87685      0.00000      0.37685      0.04476      0.00000      0.04476
AL      0.75000      0.12509      0.37491     -0.00000     -0.02021      0.02021
AL      0.75000      0.25000      0.00000      0.00000      0.00000      0.00000
AL      0.87685      0.37685      0.00000      0.04476      0.04476      0.00000
AL      0.87491      0.25000      0.12509      0.02021      0.00000     -0.02021
AL      0.75000      0.37491      0.12509      0.00000      0.02021     -0.02021
AL      0.75000      0.25000      0.25000      0.00000      0.00000      0.00000
AL      0.87491      0.37491      0.25000      0.02021      0.02021     -0.00000
AL      0.87491      0.25000      0.37491      0.02021      0.00000      0.02021
AL      0.75000      0.37491      0.37491     -0.00000      0.02021      0.02021
AL      0.62315      0.12315      0.50000     -0.04476     -0.04476      0.00000
AL      0.62315      0.00000      0.62315     -0.04476      0.00000     -0.04476
AL      0.50000      0.12315      0.62315      0.00000     -0.04476     -0.04476
AL      0.50000      0.00000      0.75000      0.00000      0.00000      0.00000
AL      0.62509      0.12509      0.75000     -0.02021     -0.02021     -0.00000
AL      0.62315      0.00000      0.87685     -0.04476      0.00000      0.04476
AL      0.50000      0.12315      0.87685      0.00000     -0.04476      0.04476
AL      0.50000      0.25000      0.50000      0.00000      0.00000      0.00000
AL      0.62315      0.37685      0.50000     -0.04476      0.04476      0.00000
AL      0.62509      0.25000      0.62509     -0.02021     -0.00000     -0.02021
AL      0.50000      0.37685      0.62315     -0.00000      0.04476     -0.04476
AL      0.50000      0.25000      0.75000      0.00000      0.00000      0.00000
AL      0.62509      0.37491      0.75000     -0.02021      0.02021      0.00000
AL      0.62509      0.25000      0.87491     -0.02021      0.00000      0.02021
AL      0.50000      0.37685      0.87685      0.00000      0.04476      0.04476
AL      0.75000      0.00000      0.50000      0.00000      0.00000      0.00000
AL      0.87685      0.12315      0.50000      0.04476     -0.04476      0.00000
AL      0.87685      0.00000      0.62315      0.04476      0.00000     -0.04476
AL      0.75000      0.12509      0.62509     -0.00000     -0.02021     -0.02021
AL      0.75000      0.00000      0.75000      0.00000      0.00000      0.00000
AL      0.87491      0.12509      0.75000      0.02021     -0.02021     -0.00000
AL      0.87685      0.00000      0.87685      0.04476      0.00000      0.04476
AL      0.75000      0.12509      0.87491     -0.00000     -0.02021      0.02021
AL      0.75000      0.25000      0.50000      0.00000      0.00000      0.00000
AL      0.87685      0.37685      0.50000      0.04476      0.04476      0.00000
AL      0.87491      0.25000      0.62509      0.02021      0.00000     -0.02021
AL      0.75000      0.37491      0.62509      0.00000      0.02021     -0.02021
AL      0.75000      0.25000      0.75000      0.00000      0.00000      0.00000
AL      0.87491      0.37491      0.75000      0.02021      0.02021     -0.00000
AL      0.87491      0.25000      0.87491      0.02021      0.00000      0.02021
AL      0.75000      0.37491      0.87491     -0.00000      0.02021      0.02021
AL      0.62315      0.62315      0.00000     -0.04476     -0.04476      0.00000
AL      0.62315      0.50000      0.12315     -0.04476      0.00000     -0.04476
AL      0.50000      0.62315      0.12315      0.00000     -0.04476     -0.04476
AL      0.50000      0.50000      0.25000      0.00000      0.00000      0.00000
AL      0.62509      0.62509      0.25000     -0.02021     -0.02021     -0.00000
AL      0.62315      0.50000      0.37685     -0.04476      0.00000      0.04476
AL      0.50000      0.62315      0.37685      0.00000     -0.04476      0.04476
AL      0.50000      0.75000      0.00000      0.00000      0.00000      0.00000
AL      0.62315      0.87685      0.00000     -0.04476      0.04476      0.00000
AL      0.62509      0.75000      0.12509     -0.02021     -0.00000     -0.02021
AL      0.50000      0.87685      0.12315     -0.00000      0.04476     -0.04476
AL      0.50000      0.75000      0.25000      0.00000      0.00000      0.00000
AL      0.62509      0.87491      0.25000     -0.02021      0.02021      0.00000
AL      0.62509      0.75000      0.37491     -0.02021      0.00000      0.02021
AL      0.50000      0.87685      0.37685      0.00000      0.04476      0.04476
AL      0.75000      0.50000      0.00000      0.00000      0.00000      0.00000
AL      0.87685      0.62315      0.00000      0.04476     -0.04476      0.00000
AL      0.87685      0.50000      0.12315      0.04476      0.00000     -0.04476
AL      0.75000      0.62509      0.12509     -0.00000     -0.02021     -0.02021
AL      0.75000      0.50000      0.25000      0.00000      0.00000      0.00000
AL      0.87491      0.62509      0.25000      0.02021     -0.02021     -0.00000
AL      0.87685      0.50000      0.37685      0.04476      0.00000      0.04476
AL      0.75000      0.62509      0.37491     -0.00000     -0.02021      0.02021
AL      0.75000      0.75000      0.00000      0.00000      0.00000      0.00000
AL      0.87685      0.87685      0.00000      0.04476      0.04476      0.00000
AL      0.87491      0.75000      0.12509      0.02021      0.00000     -0.02021
AL      0.75000      0.87491      0.12509      0.00000      0.02021     -0.02021
AL      0.75000      0.75000      0.25000      0.00000      0.00000      0.00000
AL      0.87491      0.87491      0.25000      0.02021      0.02021     -0.00000
AL      0.87491      0.75000      0.37491      0.02021      0.00000      0.02021
AL      0.75000      0.87491      0.37491     -0.00000      0.02021      0.02021
AL      0.62315      0.62315      0.50000     -0.04476     -0.04476      0.00000
AL      0.62315      0.50000      0.62315     -0.04476      0.00000     -0.04476
AL      0.50000      0.62315      0.62315      0.00000     -0.04476     -0.04476
AL      0.50000      0.50000      0.75000      0.00000      0.00000      0.00000
AL      0.62509      0.62509      0.75000     -0.02021     -0.02021     -0.00000
AL      0.62315      0.50000      0.87685     -0.04476      0.00000      0.04476
AL      0.50000      0.62315      0.87685      0.00000     -0.04476      0.04476
AL      0.50000      0.75000      0.50000      0.00000      0.00000      0.00000
AL      0.62315      0.87685      0.50000     -0.04476      0.04476      0.00000
AL      0.62509      0.75000      0.62509     -0.02021     -0.00000     -0.02021
AL      0.50000      0.87685      0.62315     -0.00000      0.04476     -0.04476
AL      0.50000      0.75000      0.75000      0.00000      0.00000      0.00000
AL      0.62509      0.87491      0.75000     -0.02021      0.02021      0.00000
AL      0.62509      0.75000      0.87491     -0.02021      0.00000      0.02021
AL      0.50000      0.87685      0.87685      0.00000      0.04476      0.04476
AL      0.75000      0.50000      0.50000      0.00000      0.00000      0.00000
AL      0.87685      0.62315      0.50000      0.04476     -0.04476      0.00000
AL      0.87685      0.50000      0.62315      0.04476      0.00000     -0.04476
AL      0.75000      0.62509      0.62509     -0.00000     -0.02021     -0.02021
AL      0.75000      0.50000      0.75000      0.00000      0.00000      0.00000
AL      0.87491      0.62509      0.75000      0.02021     -0.02021     -0.00000
AL      0.87685      0.50000      0.87685      0.04476      0.00000      0.04476
AL      0.75000      0.62509      0.87491     -0.00000     -0.02021      0.02021
AL      0.75000      0.75000      0.50000      0.00000      0.00000      0.00000
AL      0.87685      0.87685      0.50000      0.04476      0.04476      0.00000
AL      0.87491      0.75000      0.62509      0.02021      0.00000     -0.02021
AL      0.75000      0.87491      0.62509      0.00000      0.02021     -0.02021
AL      0.75000      0.75000      0.75000      0.00000      0.00000      0.00000
AL      0.87491      0.87491      0.75000      0.02021      0.02021     -0.00000
AL      0.87491      0.75000      0.87491      0.02021      0.00000      0.02021
AL      0.75000      0.87491      0.87491     -0.00000      0.02021      0.02021
