/* Converted from PWscf output file */ 
#L_UNITS ang 
#E_UNITS eV 
#S_UNITS GPA 
#F_UNITS EV/ANG 
#ALAT 	  16.15944     // a0 
#X 	   1.00000     0.00000     0.00000     // X 
#Y 	   0.00000     1.00000     0.00000     // Y 
#Z 	   0.00000     0.00000     1.00000     // Z 
#SX 	  -0.65903     0.00000     0.00000     // SX 
#SY 	   0.00000    -0.65903     0.00000     // SY 
#SZ 	   0.00000     0.00000    -0.65903     // SZ 
#EPA 	  -3.34618     // Energy per Atom 
#RCUT 	6.5        // Rcut 
AL      0.12435      0.12435      0.00000     -0.15374     -0.15374      0.00000
AL      0.12435      0.00000      0.12435     -0.15374      0.00000     -0.15374
AL      0.00000      0.12435      0.12435      0.00000     -0.15374     -0.15374
AL      0.00000      0.00000      0.25000      0.00000      0.00000      0.00000
AL      0.12508      0.12508      0.25000      0.01744      0.01744      0.00000
AL      0.12435      0.00000      0.37565     -0.15374     -0.00000      0.15374
AL      0.00000      0.12435      0.37565      0.00000     -0.15374      0.15374
AL      0.00000      0.25000      0.00000      0.00000      0.00000      0.00000
AL      0.12435      0.37565      0.00000     -0.15374      0.15374     -0.00000
AL      0.12508      0.25000      0.12508      0.01744      0.00000      0.01744
AL      0.00000      0.37565      0.12435      0.00000      0.15374     -0.15374
AL      0.00000      0.25000      0.25000      0.00000      0.00000      0.00000
AL      0.12508      0.37492      0.25000      0.01744     -0.01744      0.00000
AL      0.12508      0.25000      0.37492      0.01744      0.00000     -0.01744
AL      0.00000      0.37565      0.37565      0.00000      0.15374      0.15374
AL      0.25000      0.00000      0.00000      0.00000      0.00000      0.00000
AL      0.37565      0.12435      0.00000      0.15374     -0.15374     -0.00000
AL      0.37565      0.00000      0.12435      0.15374      0.00000     -0.15374
AL      0.25000      0.12508      0.12508      0.00000      0.01744      0.01744
AL      0.25000      0.00000      0.25000      0.00000      0.00000      0.00000
AL      0.37492      0.12508      0.25000     -0.01744      0.01744      0.00000
AL      0.37565      0.00000      0.37565      0.15374      0.00000      0.15374
AL      0.25000      0.12508      0.37492      0.00000      0.01744     -0.01744
AL      0.25000      0.25000      0.00000      0.00000      0.00000      0.00000
AL      0.37565      0.37565      0.00000      0.15374      0.15374      0.00000
AL      0.37492      0.25000      0.12508     -0.01744      0.00000      0.01744
AL      0.25000      0.37492      0.12508     -0.00000     -0.01744      0.01744
AL      0.25000      0.25000      0.25000      0.00000      0.00000      0.00000
AL      0.37492      0.37492      0.25000     -0.01744     -0.01744      0.00000
AL      0.37492      0.25000      0.37492     -0.01744      0.00000     -0.01744
AL      0.25000      0.37492      0.37492     -0.00000     -0.01744     -0.01744
AL      0.12435      0.12435      0.50000     -0.15374     -0.15374      0.00000
AL      0.12435      0.00000      0.62435     -0.15374      0.00000     -0.15374
AL      0.00000      0.12435      0.62435      0.00000     -0.15374     -0.15374
AL      0.00000      0.00000      0.75000      0.00000      0.00000      0.00000
AL      0.12508      0.12508      0.75000      0.01744      0.01744      0.00000
AL      0.12435      0.00000      0.87565     -0.15374     -0.00000      0.15374
AL      0.00000      0.12435      0.87565      0.00000     -0.15374      0.15374
AL      0.00000      0.25000      0.50000      0.00000      0.00000      0.00000
AL      0.12435      0.37565      0.50000     -0.15374      0.15374     -0.00000
AL      0.12508      0.25000      0.62508      0.01744      0.00000      0.01744
AL      0.00000      0.37565      0.62435      0.00000      0.15374     -0.15374
AL      0.00000      0.25000      0.75000      0.00000      0.00000      0.00000
AL      0.12508      0.37492      0.75000      0.01744     -0.01744      0.00000
AL      0.12508      0.25000      0.87492      0.01744      0.00000     -0.01744
AL      0.00000      0.37565      0.87565      0.00000      0.15374      0.15374
AL      0.25000      0.00000      0.50000      0.00000      0.00000      0.00000
AL      0.37565      0.12435      0.50000      0.15374     -0.15374     -0.00000
AL      0.37565      0.00000      0.62435      0.15374      0.00000     -0.15374
AL      0.25000      0.12508      0.62508      0.00000      0.01744      0.01744
AL      0.25000      0.00000      0.75000      0.00000      0.00000      0.00000
AL      0.37492      0.12508      0.75000     -0.01744      0.01744      0.00000
AL      0.37565      0.00000      0.87565      0.15374      0.00000      0.15374
AL      0.25000      0.12508      0.87492      0.00000      0.01744     -0.01744
AL      0.25000      0.25000      0.50000      0.00000      0.00000      0.00000
AL      0.37565      0.37565      0.50000      0.15374      0.15374      0.00000
AL      0.37492      0.25000      0.62508     -0.01744      0.00000      0.01744
AL      0.25000      0.37492      0.62508     -0.00000     -0.01744      0.01744
AL      0.25000      0.25000      0.75000      0.00000      0.00000      0.00000
AL      0.37492      0.37492      0.75000     -0.01744     -0.01744      0.00000
AL      0.37492      0.25000      0.87492     -0.01744      0.00000     -0.01744
AL      0.25000      0.37492      0.87492     -0.00000     -0.01744     -0.01744
AL      0.12435      0.62435      0.00000     -0.15374     -0.15374      0.00000
AL      0.12435      0.50000      0.12435     -0.15374      0.00000     -0.15374
AL      0.00000      0.62435      0.12435      0.00000     -0.15374     -0.15374
AL      0.00000      0.50000      0.25000      0.00000      0.00000      0.00000
AL      0.12508      0.62508      0.25000      0.01744      0.01744      0.00000
AL      0.12435      0.50000      0.37565     -0.15374     -0.00000      0.15374
AL      0.00000      0.62435      0.37565      0.00000     -0.15374      0.15374
AL      0.00000      0.75000      0.00000      0.00000      0.00000      0.00000
AL      0.12435      0.87565      0.00000     -0.15374      0.15374     -0.00000
AL      0.12508      0.75000      0.12508      0.01744      0.00000      0.01744
AL      0.00000      0.87565      0.12435      0.00000      0.15374     -0.15374
AL      0.00000      0.75000      0.25000      0.00000      0.00000      0.00000
AL      0.12508      0.87492      0.25000      0.01744     -0.01744      0.00000
AL      0.12508      0.75000      0.37492      0.01744      0.00000     -0.01744
AL      0.00000      0.87565      0.37565      0.00000      0.15374      0.15374
AL      0.25000      0.50000      0.00000      0.00000      0.00000      0.00000
AL      0.37565      0.62435      0.00000      0.15374     -0.15374     -0.00000
AL      0.37565      0.50000      0.12435      0.15374      0.00000     -0.15374
AL      0.25000      0.62508      0.12508      0.00000      0.01744      0.01744
AL      0.25000      0.50000      0.25000      0.00000      0.00000      0.00000
AL      0.37492      0.62508      0.25000     -0.01744      0.01744      0.00000
AL      0.37565      0.50000      0.37565      0.15374      0.00000      0.15374
AL      0.25000      0.62508      0.37492      0.00000      0.01744     -0.01744
AL      0.25000      0.75000      0.00000      0.00000      0.00000      0.00000
AL      0.37565      0.87565      0.00000      0.15374      0.15374      0.00000
AL      0.37492      0.75000      0.12508     -0.01744      0.00000      0.01744
AL      0.25000      0.87492      0.12508     -0.00000     -0.01744      0.01744
AL      0.25000      0.75000      0.25000      0.00000      0.00000      0.00000
AL      0.37492      0.87492      0.25000     -0.01744     -0.01744      0.00000
AL      0.37492      0.75000      0.37492     -0.01744      0.00000     -0.01744
AL      0.25000      0.87492      0.37492     -0.00000     -0.01744     -0.01744
AL      0.12435      0.62435      0.50000     -0.15374     -0.15374      0.00000
AL      0.12435      0.50000      0.62435     -0.15374      0.00000     -0.15374
AL      0.00000      0.62435      0.62435      0.00000     -0.15374     -0.15374
AL      0.00000      0.50000      0.75000      0.00000      0.00000      0.00000
AL      0.12508      0.62508      0.75000      0.01744      0.01744      0.00000
AL      0.12435      0.50000      0.87565     -0.15374     -0.00000      0.15374
AL      0.00000      0.62435      0.87565      0.00000     -0.15374      0.15374
AL      0.00000      0.75000      0.50000      0.00000      0.00000      0.00000
AL      0.12435      0.87565      0.50000     -0.15374      0.15374     -0.00000
AL      0.12508      0.75000      0.62508      0.01744      0.00000      0.01744
AL      0.00000      0.87565      0.62435      0.00000      0.15374     -0.15374
AL      0.00000      0.75000      0.75000      0.00000      0.00000      0.00000
AL      0.12508      0.87492      0.75000      0.01744     -0.01744      0.00000
AL      0.12508      0.75000      0.87492      0.01744      0.00000     -0.01744
AL      0.00000      0.87565      0.87565      0.00000      0.15374      0.15374
AL      0.25000      0.50000      0.50000      0.00000      0.00000      0.00000
AL      0.37565      0.62435      0.50000      0.15374     -0.15374     -0.00000
AL      0.37565      0.50000      0.62435      0.15374      0.00000     -0.15374
AL      0.25000      0.62508      0.62508      0.00000      0.01744      0.01744
AL      0.25000      0.50000      0.75000      0.00000      0.00000      0.00000
AL      0.37492      0.62508      0.75000     -0.01744      0.01744      0.00000
AL      0.37565      0.50000      0.87565      0.15374      0.00000      0.15374
AL      0.25000      0.62508      0.87492      0.00000      0.01744     -0.01744
AL      0.25000      0.75000      0.50000      0.00000      0.00000      0.00000
AL      0.37565      0.87565      0.50000      0.15374      0.15374      0.00000
AL      0.37492      0.75000      0.62508     -0.01744      0.00000      0.01744
AL      0.25000      0.87492      0.62508     -0.00000     -0.01744      0.01744
AL      0.25000      0.75000      0.75000      0.00000      0.00000      0.00000
AL      0.37492      0.87492      0.75000     -0.01744     -0.01744      0.00000
AL      0.37492      0.75000      0.87492     -0.01744      0.00000     -0.01744
AL      0.25000      0.87492      0.87492     -0.00000     -0.01744     -0.01744
AL      0.62435      0.12435      0.00000     -0.15374     -0.15374      0.00000
AL      0.62435      0.00000      0.12435     -0.15374      0.00000     -0.15374
AL      0.50000      0.12435      0.12435      0.00000     -0.15374     -0.15374
AL      0.50000      0.00000      0.25000      0.00000      0.00000      0.00000
AL      0.62508      0.12508      0.25000      0.01744      0.01744      0.00000
AL      0.62435      0.00000      0.37565     -0.15374     -0.00000      0.15374
AL      0.50000      0.12435      0.37565      0.00000     -0.15374      0.15374
AL      0.50000      0.25000      0.00000      0.00000      0.00000      0.00000
AL      0.62435      0.37565      0.00000     -0.15374      0.15374     -0.00000
AL      0.62508      0.25000      0.12508      0.01744      0.00000      0.01744
AL      0.50000      0.37565      0.12435      0.00000      0.15374     -0.15374
AL      0.50000      0.25000      0.25000      0.00000      0.00000      0.00000
AL      0.62508      0.37492      0.25000      0.01744     -0.01744      0.00000
AL      0.62508      0.25000      0.37492      0.01744      0.00000     -0.01744
AL      0.50000      0.37565      0.37565      0.00000      0.15374      0.15374
AL      0.75000      0.00000      0.00000      0.00000      0.00000      0.00000
AL      0.87565      0.12435      0.00000      0.15374     -0.15374     -0.00000
AL      0.87565      0.00000      0.12435      0.15374      0.00000     -0.15374
AL      0.75000      0.12508      0.12508      0.00000      0.01744      0.01744
AL      0.75000      0.00000      0.25000      0.00000      0.00000      0.00000
AL      0.87492      0.12508      0.25000     -0.01744      0.01744      0.00000
AL      0.87565      0.00000      0.37565      0.15374      0.00000      0.15374
AL      0.75000      0.12508      0.37492      0.00000      0.01744     -0.01744
AL      0.75000      0.25000      0.00000      0.00000      0.00000      0.00000
AL      0.87565      0.37565      0.00000      0.15374      0.15374      0.00000
AL      0.87492      0.25000      0.12508     -0.01744      0.00000      0.01744
AL      0.75000      0.37492      0.12508     -0.00000     -0.01744      0.01744
AL      0.75000      0.25000      0.25000      0.00000      0.00000      0.00000
AL      0.87492      0.37492      0.25000     -0.01744     -0.01744      0.00000
AL      0.87492      0.25000      0.37492     -0.01744      0.00000     -0.01744
AL      0.75000      0.37492      0.37492     -0.00000     -0.01744     -0.01744
AL      0.62435      0.12435      0.50000     -0.15374     -0.15374      0.00000
AL      0.62435      0.00000      0.62435     -0.15374      0.00000     -0.15374
AL      0.50000      0.12435      0.62435      0.00000     -0.15374     -0.15374
AL      0.50000      0.00000      0.75000      0.00000      0.00000      0.00000
AL      0.62508      0.12508      0.75000      0.01744      0.01744      0.00000
AL      0.62435      0.00000      0.87565     -0.15374     -0.00000      0.15374
AL      0.50000      0.12435      0.87565      0.00000     -0.15374      0.15374
AL      0.50000      0.25000      0.50000      0.00000      0.00000      0.00000
AL      0.62435      0.37565      0.50000     -0.15374      0.15374     -0.00000
AL      0.62508      0.25000      0.62508      0.01744      0.00000      0.01744
AL      0.50000      0.37565      0.62435      0.00000      0.15374     -0.15374
AL      0.50000      0.25000      0.75000      0.00000      0.00000      0.00000
AL      0.62508      0.37492      0.75000      0.01744     -0.01744      0.00000
AL      0.62508      0.25000      0.87492      0.01744      0.00000     -0.01744
AL      0.50000      0.37565      0.87565      0.00000      0.15374      0.15374
AL      0.75000      0.00000      0.50000      0.00000      0.00000      0.00000
AL      0.87565      0.12435      0.50000      0.15374     -0.15374     -0.00000
AL      0.87565      0.00000      0.62435      0.15374      0.00000     -0.15374
AL      0.75000      0.12508      0.62508      0.00000      0.01744      0.01744
AL      0.75000      0.00000      0.75000      0.00000      0.00000      0.00000
AL      0.87492      0.12508      0.75000     -0.01744      0.01744      0.00000
AL      0.87565      0.00000      0.87565      0.15374      0.00000      0.15374
AL      0.75000      0.12508      0.87492      0.00000      0.01744     -0.01744
AL      0.75000      0.25000      0.50000      0.00000      0.00000      0.00000
AL      0.87565      0.37565      0.50000      0.15374      0.15374      0.00000
AL      0.87492      0.25000      0.62508     -0.01744      0.00000      0.01744
AL      0.75000      0.37492      0.62508     -0.00000     -0.01744      0.01744
AL      0.75000      0.25000      0.75000      0.00000      0.00000      0.00000
AL      0.87492      0.37492      0.75000     -0.01744     -0.01744      0.00000
AL      0.87492      0.25000      0.87492     -0.01744      0.00000     -0.01744
AL      0.75000      0.37492      0.87492     -0.00000     -0.01744     -0.01744
AL      0.62435      0.62435      0.00000     -0.15374     -0.15374      0.00000
AL      0.62435      0.50000      0.12435     -0.15374      0.00000     -0.15374
AL      0.50000      0.62435      0.12435      0.00000     -0.15374     -0.15374
AL      0.50000      0.50000      0.25000      0.00000      0.00000      0.00000
AL      0.62508      0.62508      0.25000      0.01744      0.01744      0.00000
AL      0.62435      0.50000      0.37565     -0.15374     -0.00000      0.15374
AL      0.50000      0.62435      0.37565      0.00000     -0.15374      0.15374
AL      0.50000      0.75000      0.00000      0.00000      0.00000      0.00000
AL      0.62435      0.87565      0.00000     -0.15374      0.15374     -0.00000
AL      0.62508      0.75000      0.12508      0.01744      0.00000      0.01744
AL      0.50000      0.87565      0.12435      0.00000      0.15374     -0.15374
AL      0.50000      0.75000      0.25000      0.00000      0.00000      0.00000
AL      0.62508      0.87492      0.25000      0.01744     -0.01744      0.00000
AL      0.62508      0.75000      0.37492      0.01744      0.00000     -0.01744
AL      0.50000      0.87565      0.37565      0.00000      0.15374      0.15374
AL      0.75000      0.50000      0.00000      0.00000      0.00000      0.00000
AL      0.87565      0.62435      0.00000      0.15374     -0.15374     -0.00000
AL      0.87565      0.50000      0.12435      0.15374      0.00000     -0.15374
AL      0.75000      0.62508      0.12508      0.00000      0.01744      0.01744
AL      0.75000      0.50000      0.25000      0.00000      0.00000      0.00000
AL      0.87492      0.62508      0.25000     -0.01744      0.01744      0.00000
AL      0.87565      0.50000      0.37565      0.15374      0.00000      0.15374
AL      0.75000      0.62508      0.37492      0.00000      0.01744     -0.01744
AL      0.75000      0.75000      0.00000      0.00000      0.00000      0.00000
AL      0.87565      0.87565      0.00000      0.15374      0.15374      0.00000
AL      0.87492      0.75000      0.12508     -0.01744      0.00000      0.01744
AL      0.75000      0.87492      0.12508     -0.00000     -0.01744      0.01744
AL      0.75000      0.75000      0.25000      0.00000      0.00000      0.00000
AL      0.87492      0.87492      0.25000     -0.01744     -0.01744      0.00000
AL      0.87492      0.75000      0.37492     -0.01744      0.00000     -0.01744
AL      0.75000      0.87492      0.37492     -0.00000     -0.01744     -0.01744
AL      0.62435      0.62435      0.50000     -0.15374     -0.15374      0.00000
AL      0.62435      0.50000      0.62435     -0.15374      0.00000     -0.15374
AL      0.50000      0.62435      0.62435      0.00000     -0.15374     -0.15374
AL      0.50000      0.50000      0.75000      0.00000      0.00000      0.00000
AL      0.62508      0.62508      0.75000      0.01744      0.01744      0.00000
AL      0.62435      0.50000      0.87565     -0.15374     -0.00000      0.15374
AL      0.50000      0.62435      0.87565      0.00000     -0.15374      0.15374
AL      0.50000      0.75000      0.50000      0.00000      0.00000      0.00000
AL      0.62435      0.87565      0.50000     -0.15374      0.15374     -0.00000
AL      0.62508      0.75000      0.62508      0.01744      0.00000      0.01744
AL      0.50000      0.87565      0.62435      0.00000      0.15374     -0.15374
AL      0.50000      0.75000      0.75000      0.00000      0.00000      0.00000
AL      0.62508      0.87492      0.75000      0.01744     -0.01744      0.00000
AL      0.62508      0.75000      0.87492      0.01744      0.00000     -0.01744
AL      0.50000      0.87565      0.87565      0.00000      0.15374      0.15374
AL      0.75000      0.50000      0.50000      0.00000      0.00000      0.00000
AL      0.87565      0.62435      0.50000      0.15374     -0.15374     -0.00000
AL      0.87565      0.50000      0.62435      0.15374      0.00000     -0.15374
AL      0.75000      0.62508      0.62508      0.00000      0.01744      0.01744
AL      0.75000      0.50000      0.75000      0.00000      0.00000      0.00000
AL      0.87492      0.62508      0.75000     -0.01744      0.01744      0.00000
AL      0.87565      0.50000      0.87565      0.15374      0.00000      0.15374
AL      0.75000      0.62508      0.87492      0.00000      0.01744     -0.01744
AL      0.75000      0.75000      0.50000      0.00000      0.00000      0.00000
AL      0.87565      0.87565      0.50000      0.15374      0.15374      0.00000
AL      0.87492      0.75000      0.62508     -0.01744      0.00000      0.01744
AL      0.75000      0.87492      0.62508     -0.00000     -0.01744      0.01744
AL      0.75000      0.75000      0.75000      0.00000      0.00000      0.00000
AL      0.87492      0.87492      0.75000     -0.01744     -0.01744      0.00000
AL      0.87492      0.75000      0.87492     -0.01744      0.00000     -0.01744
AL      0.75000      0.87492      0.87492     -0.00000     -0.01744     -0.01744
