/* Converted from PWscf output file */ 
#L_UNITS ang 
#E_UNITS eV 
#S_UNITS GPA 
#F_UNITS EV/ANG 
#ALAT 	   8.09323     // a0 
#X 	   1.00000     0.00000     0.00000     // X 
#Y 	   0.00000     0.99778     0.00000     // Y 
#Z 	   0.00000     0.00000     0.99778     // Z 
#SX 	  -0.24223     0.00000     0.00000     // SX 
#SY 	   0.00000    -0.12615     0.00000     // SY 
#SZ 	   0.00000     0.00000    -0.12615     // SZ 
#EPA 	  -3.36997     // Energy per Atom 
#RCUT 	6.5        // Rcut 
AL      0.00000      0.00000      0.00000      0.00000      0.00000     -0.00000
AL      0.25000      0.25000      0.00000     -0.00012      0.00009     -0.00000
AL      0.25000      0.00000      0.25000     -0.00012      0.00000      0.00009
AL      0.00000      0.25000      0.25000      0.00000      0.00020      0.00020
AL      0.00000      0.00000      0.50000      0.00000      0.00000      0.00000
AL      0.25000      0.25000      0.50000     -0.00023      0.00014      0.00000
AL      0.25000      0.00000      0.75000     -0.00012     -0.00000     -0.00009
AL      0.00000      0.25000      0.75000      0.00000      0.00020     -0.00020
AL      0.00000      0.50000      0.00000      0.00000      0.00000     -0.00000
AL      0.25000      0.75000      0.00000     -0.00012     -0.00009      0.00000
AL      0.25000      0.50000      0.25000     -0.00023      0.00000      0.00014
AL      0.00000      0.75000      0.25000     -0.00000     -0.00020      0.00020
AL      0.00000      0.50000      0.50000      0.00000      0.00000      0.00000
AL      0.25000      0.75000      0.50000     -0.00023     -0.00014     -0.00000
AL      0.25000      0.50000      0.75000     -0.00023      0.00000     -0.00014
AL      0.00000      0.75000      0.75000      0.00000     -0.00020     -0.00020
AL      0.50000      0.00000      0.00000      0.00000      0.00000      0.00000
AL      0.75000      0.25000      0.00000      0.00012      0.00009      0.00000
AL      0.75000      0.00000      0.25000      0.00012      0.00000      0.00009
AL      0.50000      0.25000      0.25000      0.00000      0.00008      0.00008
AL      0.50000      0.00000      0.50000      0.00000      0.00000      0.00000
AL      0.75000      0.25000      0.50000      0.00023      0.00014      0.00000
AL      0.75000      0.00000      0.75000      0.00012      0.00000     -0.00009
AL      0.50000      0.25000      0.75000     -0.00000      0.00008     -0.00008
AL      0.50000      0.50000      0.00000      0.00000      0.00000      0.00000
AL      0.75000      0.75000      0.00000      0.00012     -0.00009      0.00000
AL      0.75000      0.50000      0.25000      0.00023      0.00000      0.00014
AL      0.50000      0.75000      0.25000     -0.00000     -0.00008      0.00008
AL      0.50000      0.50000      0.50000      0.00000      0.00000      0.00000
AL      0.75000      0.75000      0.50000      0.00023     -0.00014      0.00000
AL      0.75000      0.50000      0.75000      0.00023     -0.00000     -0.00014
AL      0.50000      0.75000      0.75000      0.00000     -0.00008     -0.00008
