/* Converted from PWscf output file */ 
#L_UNITS ang 
#E_UNITS eV 
#S_UNITS GPA 
#F_UNITS EV/ANG 
#ALAT 	   8.10670     // a0 
#X 	   1.00000     0.00000     0.00000     // X 
#Y 	   0.00000     0.99613     0.00000     // Y 
#Z 	   0.00000     0.00000     0.99613     // Z 
#SX 	  -0.42540     0.00000     0.00000     // SX 
#SY 	   0.00000    -0.22357     0.00000     // SY 
#SZ 	   0.00000     0.00000    -0.22357     // SZ 
#EPA 	  -3.36991     // Energy per Atom 
#RCUT 	6.5        // Rcut 
AL      0.00000      0.00000      0.00000      0.00000      0.00000      0.00000
AL      0.25000      0.25000      0.00000     -0.00000     -0.00005      0.00000
AL      0.25000      0.00000      0.25000     -0.00000      0.00000     -0.00005
AL      0.00000      0.25000      0.25000      0.00000      0.00012      0.00012
AL      0.00000      0.00000      0.50000      0.00000      0.00000      0.00000
AL      0.25000      0.25000      0.50000     -0.00015      0.00011      0.00000
AL      0.25000      0.00000      0.75000     -0.00000     -0.00000      0.00005
AL      0.00000      0.25000      0.75000      0.00000      0.00012     -0.00012
AL      0.00000      0.50000      0.00000      0.00000      0.00000      0.00000
AL      0.25000      0.75000      0.00000     -0.00000      0.00005      0.00000
AL      0.25000      0.50000      0.25000     -0.00015      0.00000      0.00011
AL      0.00000      0.75000      0.25000      0.00000     -0.00012      0.00012
AL      0.00000      0.50000      0.50000      0.00000      0.00000      0.00000
AL      0.25000      0.75000      0.50000     -0.00015     -0.00011      0.00000
AL      0.25000      0.50000      0.75000     -0.00015     -0.00000     -0.00011
AL      0.00000      0.75000      0.75000      0.00000     -0.00012     -0.00012
AL      0.50000      0.00000      0.00000      0.00000      0.00000      0.00000
AL      0.75000      0.25000      0.00000      0.00000     -0.00005      0.00000
AL      0.75000      0.00000      0.25000      0.00000      0.00000     -0.00005
AL      0.50000      0.25000      0.25000      0.00000     -0.00003     -0.00003
AL      0.50000      0.00000      0.50000      0.00000      0.00000      0.00000
AL      0.75000      0.25000      0.50000      0.00015      0.00011      0.00000
AL      0.75000      0.00000      0.75000      0.00000     -0.00000      0.00005
AL      0.50000      0.25000      0.75000      0.00000     -0.00003      0.00003
AL      0.50000      0.50000      0.00000      0.00000      0.00000      0.00000
AL      0.75000      0.75000      0.00000      0.00000      0.00005      0.00000
AL      0.75000      0.50000      0.25000      0.00015     -0.00000      0.00011
AL      0.50000      0.75000      0.25000      0.00000      0.00003     -0.00003
AL      0.50000      0.50000      0.50000      0.00000      0.00000      0.00000
AL      0.75000      0.75000      0.50000      0.00015     -0.00011      0.00000
AL      0.75000      0.50000      0.75000      0.00015      0.00000     -0.00011
AL      0.50000      0.75000      0.75000      0.00000      0.00003      0.00003
