/* Converted from PWscf output file */ 
#L_UNITS ang 
#E_UNITS eV 
#S_UNITS GPA 
#F_UNITS EV/ANG 
#ALAT 	   8.07529     // a0 
#X 	   1.00000     0.00000     0.00000     // X 
#Y 	   0.00000     1.00111     0.00000     // Y 
#Z 	   0.00000     0.00000     1.00000     // Z 
#SX 	  -0.05921     0.00000     0.00000     // SX 
#SY 	   0.00000    -0.11725     0.00000     // SY 
#SZ 	   0.00000     0.00000    -0.05921     // SZ 
#EPA 	  -3.36999     // Energy per Atom 
#RCUT 	6.5        // Rcut 
AL      0.00000      0.00000      0.00000      0.00000     -0.00000      0.00000
AL      0.25000      0.25000      0.00000     -0.00000     -0.00026     -0.00000
AL      0.25000      0.00000      0.25000      0.00014      0.00000      0.00014
AL      0.00000      0.25000      0.25000      0.00000     -0.00026     -0.00000
AL      0.00000      0.00000      0.50000      0.00000     -0.00000      0.00000
AL      0.25000      0.25000      0.50000      0.00023     -0.00035     -0.00000
AL      0.25000      0.00000      0.75000      0.00014      0.00000     -0.00014
AL      0.00000      0.25000      0.75000      0.00000     -0.00026      0.00000
AL      0.00000      0.50000      0.00000      0.00000      0.00000      0.00000
AL      0.25000      0.75000      0.00000     -0.00000      0.00026     -0.00000
AL      0.25000      0.50000      0.25000      0.00002      0.00000      0.00002
AL      0.00000      0.75000      0.25000      0.00000      0.00026     -0.00000
AL      0.00000      0.50000      0.50000      0.00000      0.00000      0.00000
AL      0.25000      0.75000      0.50000      0.00023      0.00035     -0.00000
AL      0.25000      0.50000      0.75000      0.00002      0.00000     -0.00002
AL      0.00000      0.75000      0.75000     -0.00000      0.00026      0.00000
AL      0.50000      0.00000      0.00000      0.00000      0.00000      0.00000
AL      0.75000      0.25000      0.00000      0.00000     -0.00026     -0.00000
AL      0.75000      0.00000      0.25000     -0.00014      0.00000      0.00014
AL      0.50000      0.25000      0.25000      0.00000     -0.00035      0.00023
AL      0.50000      0.00000      0.50000      0.00000     -0.00000      0.00000
AL      0.75000      0.25000      0.50000     -0.00023     -0.00035      0.00000
AL      0.75000      0.00000      0.75000     -0.00014     -0.00000     -0.00014
AL      0.50000      0.25000      0.75000      0.00000     -0.00035     -0.00023
AL      0.50000      0.50000      0.00000      0.00000      0.00000      0.00000
AL      0.75000      0.75000      0.00000      0.00000      0.00026     -0.00000
AL      0.75000      0.50000      0.25000     -0.00002      0.00000      0.00002
AL      0.50000      0.75000      0.25000     -0.00000      0.00035      0.00023
AL      0.50000      0.50000      0.50000      0.00000      0.00000      0.00000
AL      0.75000      0.75000      0.50000     -0.00023      0.00035     -0.00000
AL      0.75000      0.50000      0.75000     -0.00002     -0.00000     -0.00002
AL      0.50000      0.75000      0.75000      0.00000      0.00035     -0.00023
