/* Converted from PWscf output file */ 
#L_UNITS ang 
#E_UNITS eV 
#S_UNITS GPA 
#F_UNITS EV/ANG 
#ALAT 	   8.07530     // a0 
#X 	   1.00000     0.00000     0.00000     // X 
#Y 	   0.00000     1.00000     0.00167     // Y 
#Z 	   0.00000     0.00167     1.00000     // Z 
#SX 	   0.00525     0.00000     0.00000     // SX 
#SY 	   0.00000     0.00613    -0.11317     // SY 
#SZ 	   0.00000    -0.11317     0.00613     // SZ 
#EPA 	  -3.36997     // Energy per Atom 
#RCUT 	6.5        // Rcut 
AL      0.00000      0.00000      0.00000      0.00000      0.00000      0.00000
AL      0.25000      0.25000     -0.00000      0.00024     -0.00011      0.00007
AL      0.25000     -0.00000      0.25000      0.00024      0.00007     -0.00011
AL      0.00000      0.25000      0.25000      0.00000     -0.00023     -0.00023
AL      0.00000     -0.00000      0.50000      0.00000      0.00000      0.00000
AL      0.25000      0.25000      0.50000      0.00030     -0.00024     -0.00009
AL      0.25000     -0.00000      0.75000      0.00024     -0.00007      0.00011
AL      0.00000      0.25000      0.75000      0.00000     -0.00017      0.00017
AL      0.00000      0.50000     -0.00000      0.00000      0.00000      0.00000
AL      0.25000      0.75000     -0.00000      0.00024      0.00011     -0.00007
AL      0.25000      0.50000      0.25000      0.00030     -0.00009     -0.00024
AL      0.00000      0.75000      0.25000      0.00000      0.00017     -0.00017
AL      0.00000      0.50000      0.50000      0.00000      0.00000      0.00000
AL      0.25000      0.75000      0.50000      0.00030      0.00024      0.00009
AL      0.25000      0.50000      0.75000      0.00030      0.00009      0.00024
AL      0.00000      0.75000      0.75000      0.00000      0.00023      0.00023
AL      0.50000      0.00000      0.00000      0.00000      0.00000      0.00000
AL      0.75000      0.25000     -0.00000     -0.00024     -0.00011      0.00007
AL      0.75000     -0.00000      0.25000     -0.00024      0.00007     -0.00011
AL      0.50000      0.25000      0.25000      0.00000     -0.00012     -0.00012
AL      0.50000     -0.00000      0.50000      0.00000      0.00000      0.00000
AL      0.75000      0.25000      0.50000     -0.00030     -0.00024     -0.00009
AL      0.75000     -0.00000      0.75000     -0.00024     -0.00007      0.00011
AL      0.50000      0.25000      0.75000      0.00000     -0.00017      0.00017
AL      0.50000      0.50000     -0.00000     -0.00000      0.00000      0.00000
AL      0.75000      0.75000     -0.00000     -0.00024      0.00011     -0.00007
AL      0.75000      0.50000      0.25000     -0.00030     -0.00009     -0.00024
AL      0.50000      0.75000      0.25000      0.00000      0.00017     -0.00017
AL      0.50000      0.50000      0.50000      0.00000      0.00000      0.00000
AL      0.75000      0.75000      0.50000     -0.00030      0.00024      0.00009
AL      0.75000      0.50000      0.75000     -0.00030      0.00009      0.00024
AL      0.50000      0.75000      0.75000      0.00000      0.00012      0.00012
