/* Converted from PWscf output file */ 
#L_UNITS ang 
#E_UNITS eV 
#S_UNITS GPA 
#F_UNITS EV/ANG 
#ALAT 	   8.07533     // a0 
#X 	   1.00000     0.00000     0.00389     // X 
#Y 	   0.00000     1.00000     0.00000     // Y 
#Z 	   0.00389     0.00000     1.00000     // Z 
#SX 	   0.01429     0.00000    -0.26440     // SX 
#SY 	   0.00000     0.00773     0.00000     // SY 
#SZ 	  -0.26440     0.00000     0.01429     // SZ 
#EPA 	  -3.36989     // Energy per Atom 
#RCUT 	6.5        // Rcut 
AL      0.00000      0.00000      0.00000      0.00000      0.00000      0.00000
AL      0.25000      0.25000     -0.00000     -0.00010      0.00012     -0.00006
AL      0.25000      0.00000      0.25000     -0.00004      0.00000     -0.00004
AL     -0.00000      0.25000      0.25000     -0.00006      0.00012     -0.00010
AL     -0.00000      0.00000      0.50000      0.00000      0.00000      0.00000
AL      0.25000      0.25000      0.50000     -0.00000      0.00003      0.00013
AL      0.25000      0.00000      0.75000      0.00003      0.00000     -0.00003
AL     -0.00000      0.25000      0.75000      0.00006      0.00012      0.00010
AL      0.00000      0.50000      0.00000      0.00000      0.00000      0.00000
AL      0.25000      0.75000     -0.00000     -0.00010     -0.00012     -0.00006
AL      0.25000      0.50000      0.25000     -0.00015      0.00000     -0.00015
AL     -0.00000      0.75000      0.25000     -0.00006     -0.00012     -0.00010
AL     -0.00000      0.50000      0.50000      0.00000      0.00000      0.00000
AL      0.25000      0.75000      0.50000     -0.00000     -0.00003      0.00013
AL      0.25000      0.50000      0.75000     -0.00009      0.00000      0.00009
AL     -0.00000      0.75000      0.75000      0.00006     -0.00012      0.00010
AL      0.50000      0.00000      0.00000      0.00000      0.00000      0.00000
AL      0.75000      0.25000     -0.00000      0.00010      0.00012      0.00006
AL      0.75000      0.00000      0.25000     -0.00003      0.00000      0.00003
AL      0.50000      0.25000      0.25000      0.00013      0.00003     -0.00000
AL      0.50000      0.00000      0.50000      0.00000      0.00000      0.00000
AL      0.75000      0.25000      0.50000      0.00000      0.00003     -0.00013
AL      0.75000      0.00000      0.75000      0.00004      0.00000      0.00004
AL      0.50000      0.25000      0.75000     -0.00013      0.00003      0.00000
AL      0.50000      0.50000      0.00000      0.00000      0.00000      0.00000
AL      0.75000      0.75000     -0.00000      0.00010     -0.00012      0.00006
AL      0.75000      0.50000      0.25000      0.00009      0.00000     -0.00009
AL      0.50000      0.75000      0.25000      0.00013     -0.00003     -0.00000
AL      0.50000      0.50000      0.50000      0.00000      0.00000      0.00000
AL      0.75000      0.75000      0.50000      0.00000     -0.00003     -0.00013
AL      0.75000      0.50000      0.75000      0.00015      0.00000      0.00015
AL      0.50000      0.75000      0.75000     -0.00013     -0.00003      0.00000
