/* Converted from PWscf output file */ 
#L_UNITS ang 
#E_UNITS eV 
#S_UNITS GPA 
#F_UNITS EV/ANG 
#ALAT 	   8.07532     // a0 
#X 	   1.00000     0.00333     0.00000     // X 
#Y 	   0.00333     1.00000     0.00000     // Y 
#Z 	   0.00000     0.00000     1.00000     // Z 
#SX 	   0.01269    -0.22663     0.00000     // SX 
#SY 	  -0.22663     0.01269     0.00000     // SY 
#SZ 	   0.00000     0.00000     0.00788     // SZ 
#EPA 	  -3.36992     // Energy per Atom 
#RCUT 	6.5        // Rcut 
AL      0.00000      0.00000      0.00000      0.00000      0.00000      0.00000
AL      0.25000      0.25000      0.00000      0.00046      0.00046      0.00000
AL      0.25000      0.00000      0.25000      0.00012     -0.00035     -0.00001
AL      0.00000      0.25000      0.25000     -0.00035      0.00012     -0.00001
AL      0.00000      0.00000      0.50000      0.00000      0.00000      0.00000
AL      0.25000      0.25000      0.50000      0.00006      0.00006      0.00000
AL      0.25000      0.00000      0.75000      0.00012     -0.00035      0.00001
AL      0.00000      0.25000      0.75000     -0.00035      0.00012      0.00001
AL      0.00000      0.50000      0.00000      0.00000      0.00000      0.00000
AL      0.25000      0.75000      0.00000      0.00037     -0.00037     -0.00000
AL      0.25000      0.50000      0.25000      0.00045      0.00030     -0.00031
AL      0.00000      0.75000      0.25000      0.00035     -0.00012     -0.00001
AL      0.00000      0.50000      0.50000      0.00000      0.00000      0.00000
AL      0.25000      0.75000      0.50000      0.00013     -0.00013      0.00000
AL      0.25000      0.50000      0.75000      0.00045      0.00030      0.00031
AL      0.00000      0.75000      0.75000      0.00035     -0.00012      0.00001
AL      0.50000      0.00000      0.00000      0.00000      0.00000      0.00000
AL      0.75000      0.25000      0.00000     -0.00037      0.00037     -0.00000
AL      0.75000      0.00000      0.25000     -0.00012      0.00035     -0.00001
AL      0.50000      0.25000      0.25000      0.00030      0.00045     -0.00031
AL      0.50000      0.00000      0.50000      0.00000      0.00000      0.00000
AL      0.75000      0.25000      0.50000     -0.00013      0.00013      0.00000
AL      0.75000      0.00000      0.75000     -0.00012      0.00035      0.00001
AL      0.50000      0.25000      0.75000      0.00030      0.00045      0.00031
AL      0.50000      0.50000      0.00000      0.00000      0.00000      0.00000
AL      0.75000      0.75000      0.00000     -0.00046     -0.00046      0.00000
AL      0.75000      0.50000      0.25000     -0.00045     -0.00030     -0.00031
AL      0.50000      0.75000      0.25000     -0.00030     -0.00045     -0.00031
AL      0.50000      0.50000      0.50000      0.00000      0.00000      0.00000
AL      0.75000      0.75000      0.50000     -0.00006     -0.00006      0.00000
AL      0.75000      0.50000      0.75000     -0.00045     -0.00030      0.00031
AL      0.50000      0.75000      0.75000     -0.00030     -0.00045      0.00031
