/* Converted from PWscf output file */ 
#L_UNITS ang 
#E_UNITS eV 
#S_UNITS GPA 
#F_UNITS EV/ANG 
#ALAT 	   8.07532     // a0 
#X 	   1.00000     0.00278     0.00000     // X 
#Y 	   0.00278     1.00000     0.00000     // Y 
#Z 	   0.00000     0.00000     1.00000     // Z 
#SX 	   0.01065    -0.18871     0.00000     // SX 
#SY 	  -0.18871     0.01065     0.00000     // SY 
#SZ 	   0.00000     0.00000     0.00744     // SZ 
#EPA 	  -3.36994     // Energy per Atom 
#RCUT 	6.5        // Rcut 
AL      0.00000      0.00000      0.00000      0.00000      0.00000      0.00000
AL      0.25000      0.25000      0.00000      0.00030      0.00030      0.00000
AL      0.25000     -0.00000      0.25000      0.00012     -0.00015     -0.00006
AL     -0.00000      0.25000      0.25000     -0.00015      0.00012     -0.00006
AL      0.00000      0.00000      0.50000      0.00000      0.00000      0.00000
AL      0.25000      0.25000      0.50000      0.00006      0.00006      0.00000
AL      0.25000     -0.00000      0.75000      0.00012     -0.00015      0.00006
AL     -0.00000      0.25000      0.75000     -0.00015      0.00012      0.00006
AL     -0.00000      0.50000      0.00000      0.00000      0.00000      0.00000
AL      0.25000      0.75000      0.00000      0.00020     -0.00020     -0.00000
AL      0.25000      0.50000      0.25000      0.00024      0.00009     -0.00021
AL     -0.00000      0.75000      0.25000      0.00015     -0.00012     -0.00006
AL     -0.00000      0.50000      0.50000      0.00000      0.00000      0.00000
AL      0.25000      0.75000      0.50000      0.00010     -0.00010      0.00000
AL      0.25000      0.50000      0.75000      0.00024      0.00009      0.00021
AL     -0.00000      0.75000      0.75000      0.00015     -0.00012      0.00006
AL      0.50000     -0.00000      0.00000      0.00000      0.00000      0.00000
AL      0.75000      0.25000      0.00000     -0.00020      0.00020     -0.00000
AL      0.75000     -0.00000      0.25000     -0.00012      0.00015     -0.00006
AL      0.50000      0.25000      0.25000      0.00009      0.00024     -0.00021
AL      0.50000     -0.00000      0.50000      0.00000      0.00000      0.00000
AL      0.75000      0.25000      0.50000     -0.00010      0.00010      0.00000
AL      0.75000     -0.00000      0.75000     -0.00012      0.00015      0.00006
AL      0.50000      0.25000      0.75000      0.00009      0.00024      0.00021
AL      0.50000      0.50000      0.00000      0.00000      0.00000      0.00000
AL      0.75000      0.75000      0.00000     -0.00030     -0.00030      0.00000
AL      0.75000      0.50000      0.25000     -0.00024     -0.00009     -0.00021
AL      0.50000      0.75000      0.25000     -0.00009     -0.00024     -0.00021
AL      0.50000      0.50000      0.50000      0.00000      0.00000      0.00000
AL      0.75000      0.75000      0.50000     -0.00006     -0.00006      0.00000
AL      0.75000      0.50000      0.75000     -0.00024     -0.00009      0.00021
AL      0.50000      0.75000      0.75000     -0.00009     -0.00024      0.00021
