/* Converted from PWscf output file */ 
#L_UNITS ang 
#E_UNITS eV 
#S_UNITS GPA 
#F_UNITS EV/ANG 
#ALAT 	   8.07535     // a0 
#X 	   1.00000     0.00444     0.00000     // X 
#Y 	   0.00444     1.00000     0.00000     // Y 
#Z 	   0.00000     0.00000     1.00000     // Z 
#SX 	   0.01633    -0.30246     0.00000     // SX 
#SY 	  -0.30246     0.01633     0.00000     // SY 
#SZ 	   0.00000     0.00000     0.00758     // SZ 
#EPA 	  -3.36986     // Energy per Atom 
#RCUT 	6.5        // Rcut 
AL      0.00000      0.00000      0.00000      0.00000      0.00000      0.00000
AL      0.25000      0.25000      0.00000      0.00026      0.00026      0.00000
AL      0.25000      0.00000      0.25000      0.00011     -0.00012     -0.00005
AL      0.00000      0.25000      0.25000     -0.00012      0.00011     -0.00005
AL      0.00000      0.00000      0.50000      0.00000      0.00000      0.00000
AL      0.25000      0.25000      0.50000      0.00005      0.00005      0.00000
AL      0.25000      0.00000      0.75000      0.00011     -0.00012      0.00005
AL      0.00000      0.25000      0.75000     -0.00012      0.00011      0.00005
AL      0.00000      0.50000      0.00000      0.00000      0.00000      0.00000
AL      0.25000      0.75000      0.00000      0.00017     -0.00017      0.00000
AL      0.25000      0.50000      0.25000      0.00020      0.00005     -0.00018
AL      0.00000      0.75000      0.25000      0.00012     -0.00011     -0.00005
AL      0.00000      0.50000      0.50000      0.00000      0.00000      0.00000
AL      0.25000      0.75000      0.50000      0.00009     -0.00009      0.00000
AL      0.25000      0.50000      0.75000      0.00020      0.00005      0.00018
AL      0.00000      0.75000      0.75000      0.00012     -0.00011      0.00005
AL      0.50000      0.00000      0.00000      0.00000      0.00000      0.00000
AL      0.75000      0.25000      0.00000     -0.00017      0.00017      0.00000
AL      0.75000      0.00000      0.25000     -0.00011      0.00012     -0.00005
AL      0.50000      0.25000      0.25000      0.00005      0.00020     -0.00018
AL      0.50000      0.00000      0.50000      0.00000      0.00000      0.00000
AL      0.75000      0.25000      0.50000     -0.00009      0.00009      0.00000
AL      0.75000      0.00000      0.75000     -0.00011      0.00012      0.00005
AL      0.50000      0.25000      0.75000      0.00005      0.00020      0.00018
AL      0.50000      0.50000      0.00000      0.00000      0.00000      0.00000
AL      0.75000      0.75000      0.00000     -0.00026     -0.00026      0.00000
AL      0.75000      0.50000      0.25000     -0.00020     -0.00005     -0.00018
AL      0.50000      0.75000      0.25000     -0.00005     -0.00020     -0.00018
AL      0.50000      0.50000      0.50000      0.00000      0.00000      0.00000
AL      0.75000      0.75000      0.50000     -0.00005     -0.00005      0.00000
AL      0.75000      0.50000      0.75000     -0.00020     -0.00005      0.00018
AL      0.50000      0.75000      0.75000     -0.00005     -0.00020      0.00018
