/* Converted from PWscf output file */ 
#L_UNITS ang 
#E_UNITS eV 
#S_UNITS GPA 
#F_UNITS EV/ANG 
#ALAT 	   8.07529     // a0 
#X 	   1.00000     0.00056     0.00000     // X 
#Y 	   0.00056     1.00000     0.00000     // Y 
#Z 	   0.00000     0.00000     1.00000     // Z 
#SX 	   0.00729    -0.03777     0.00000     // SX 
#SY 	  -0.03777     0.00729     0.00000     // SY 
#SZ 	   0.00000     0.00000     0.00729     // SZ 
#EPA 	  -3.36999     // Energy per Atom 
#RCUT 	6.5        // Rcut 
AL      0.00000      0.00000      0.00000      0.00000      0.00000      0.00000
AL      0.25000      0.25000      0.00000      0.00034      0.00034      0.00000
AL      0.25000     -0.00000      0.25000      0.00011     -0.00023     -0.00004
AL     -0.00000      0.25000      0.25000     -0.00023      0.00011     -0.00004
AL      0.00000      0.00000      0.50000      0.00000      0.00000      0.00000
AL      0.25000      0.25000      0.50000      0.00004      0.00004      0.00000
AL      0.25000     -0.00000      0.75000      0.00011     -0.00023      0.00004
AL     -0.00000      0.25000      0.75000     -0.00023      0.00011      0.00004
AL     -0.00000      0.50000      0.00000      0.00000      0.00000      0.00000
AL      0.25000      0.75000      0.00000      0.00025     -0.00025      0.00000
AL      0.25000      0.50000      0.25000      0.00029      0.00017     -0.00025
AL     -0.00000      0.75000      0.25000      0.00023     -0.00011     -0.00004
AL     -0.00000      0.50000      0.50000      0.00000      0.00000      0.00000
AL      0.25000      0.75000      0.50000      0.00009     -0.00009      0.00000
AL      0.25000      0.50000      0.75000      0.00029      0.00017      0.00025
AL     -0.00000      0.75000      0.75000      0.00023     -0.00011      0.00004
AL      0.50000     -0.00000      0.00000      0.00000      0.00000      0.00000
AL      0.75000      0.25000      0.00000     -0.00025      0.00025      0.00000
AL      0.75000     -0.00000      0.25000     -0.00011      0.00023     -0.00004
AL      0.50000      0.25000      0.25000      0.00017      0.00029     -0.00025
AL      0.50000     -0.00000      0.50000      0.00000      0.00000      0.00000
AL      0.75000      0.25000      0.50000     -0.00009      0.00009      0.00000
AL      0.75000     -0.00000      0.75000     -0.00011      0.00023      0.00004
AL      0.50000      0.25000      0.75000      0.00017      0.00029      0.00025
AL      0.50000      0.50000      0.00000      0.00000      0.00000      0.00000
AL      0.75000      0.75000      0.00000     -0.00034     -0.00034      0.00000
AL      0.75000      0.50000      0.25000     -0.00029     -0.00017     -0.00025
AL      0.50000      0.75000      0.25000     -0.00017     -0.00029     -0.00025
AL      0.50000      0.50000      0.50000      0.00000      0.00000      0.00000
AL      0.75000      0.75000      0.50000     -0.00004     -0.00004      0.00000
AL      0.75000      0.50000      0.75000     -0.00029     -0.00017      0.00025
AL      0.50000      0.75000      0.75000     -0.00017     -0.00029      0.00025
