/* Converted from PWscf output file */ 
#L_UNITS ang 
#E_UNITS eV 
#S_UNITS GPA 
#F_UNITS EV/ANG 
#ALAT 	   8.07341     // a0 
#X 	   1.00000     0.00312     0.00000     // X 
#Y 	   0.00312     1.00000     0.00000     // Y 
#Z 	   0.00000     0.00000     1.00000     // Z 
#SX 	   0.02304    -0.21219     0.00000     // SX 
#SY 	  -0.21219     0.02304     0.00000     // SY 
#SZ 	   0.00000     0.00000     0.02406     // SZ 
#EPA 	  -3.37139     // Energy per Atom 
#RCUT 	6.5        // Rcut 
AL      0.00000      0.00000      0.00000      0.00000      0.00000      0.00000
AL      0.25000      0.25000      0.00000      0.00000      0.00000      0.00000
AL      0.25000     -0.00000      0.25000      0.00000      0.00000      0.00000
AL     -0.00000      0.25000      0.25000      0.00000      0.00000      0.00000
AL      0.00000      0.00000      0.50000      0.00000      0.00000      0.00000
AL      0.25000      0.25000      0.50000      0.00000      0.00000      0.00000
AL      0.25000     -0.00000      0.75000      0.00000      0.00000      0.00000
AL     -0.00000      0.25000      0.75000      0.00000      0.00000      0.00000
AL      0.00000      0.50000      0.00000      0.00000      0.00000      0.00000
AL      0.25000      0.75000      0.00000      0.00000      0.00000      0.00000
AL      0.25000      0.50000      0.25000      0.00000      0.00000      0.00000
AL     -0.00000      0.75000      0.25000      0.00000      0.00000      0.00000
AL      0.00000      0.50000      0.50000      0.00000      0.00000      0.00000
AL      0.25000      0.75000      0.50000      0.00000      0.00000      0.00000
AL      0.25000      0.50000      0.75000      0.00000      0.00000      0.00000
AL     -0.00000      0.75000      0.75000      0.00000      0.00000      0.00000
AL      0.50000      0.00000      0.00000      0.00000      0.00000      0.00000
AL      0.75000      0.25000      0.00000      0.00000      0.00000      0.00000
AL      0.75000     -0.00000      0.25000      0.00000      0.00000      0.00000
AL      0.50000      0.25000      0.25000      0.00000      0.00000      0.00000
AL      0.50000      0.00000      0.50000      0.00000      0.00000      0.00000
AL      0.75000      0.25000      0.50000      0.00000      0.00000      0.00000
AL      0.75000     -0.00000      0.75000      0.00000      0.00000      0.00000
AL      0.50000      0.25000      0.75000      0.00000      0.00000      0.00000
AL      0.50000      0.50000      0.00000      0.00000      0.00000      0.00000
AL      0.75000      0.75000      0.00000      0.00000      0.00000      0.00000
AL      0.75000      0.50000      0.25000      0.00000      0.00000      0.00000
AL      0.50000      0.75000      0.25000      0.00000      0.00000      0.00000
AL      0.50000      0.50000      0.50000      0.00000      0.00000      0.00000
AL      0.75000      0.75000      0.50000      0.00000      0.00000      0.00000
AL      0.75000      0.50000      0.75000      0.00000      0.00000      0.00000
AL      0.50000      0.75000      0.75000      0.00000      0.00000      0.00000
