/* Converted from PWscf output file */ 
#L_UNITS ang 
#E_UNITS eV 
#S_UNITS GPA 
#F_UNITS EV/ANG 
#ALAT 	   8.10224     // a0 
#X 	   1.00000     0.00000     0.00000     // X 
#Y 	   0.00000     0.99336     0.00000     // Y 
#Z 	   0.00000     0.00000     0.99668     // Z 
#SX 	  -0.16611     0.00000     0.00000     // SX 
#SY 	   0.00000     0.18755     0.00000     // SY 
#SZ 	   0.00000     0.00000     0.01138     // SZ 
#EPA 	  -3.36993     // Energy per Atom 
#RCUT 	6.5        // Rcut 
AL      0.00000      0.00000      0.00000      0.00000      0.00000      0.00000
AL      0.25000      0.25000      0.00000     -0.00025      0.00071      0.00000
AL      0.25000      0.00000      0.25000     -0.00026     -0.00000      0.00002
AL      0.00000      0.25000      0.25000     -0.00000      0.00062     -0.00016
AL      0.00000      0.00000      0.50000      0.00000      0.00000      0.00000
AL      0.25000      0.25000      0.50000     -0.00026      0.00051      0.00000
AL      0.25000      0.00000      0.75000     -0.00026      0.00000     -0.00002
AL      0.00000      0.25000      0.75000      0.00000      0.00062      0.00016
AL      0.00000      0.50000      0.00000      0.00000      0.00000      0.00000
AL      0.25000      0.75000      0.00000     -0.00025     -0.00071      0.00000
AL      0.25000      0.50000      0.25000     -0.00030     -0.00000     -0.00026
AL      0.00000      0.75000      0.25000      0.00000     -0.00062     -0.00016
AL      0.00000      0.50000      0.50000      0.00000      0.00000      0.00000
AL      0.25000      0.75000      0.50000     -0.00026     -0.00051      0.00000
AL      0.25000      0.50000      0.75000     -0.00030      0.00000      0.00026
AL      0.00000      0.75000      0.75000     -0.00000     -0.00062      0.00016
AL      0.50000      0.00000      0.00000      0.00000      0.00000      0.00000
AL      0.75000      0.25000      0.00000      0.00025      0.00071      0.00000
AL      0.75000      0.00000      0.25000      0.00026      0.00000      0.00002
AL      0.50000      0.25000      0.25000     -0.00000      0.00059     -0.00008
AL      0.50000      0.00000      0.50000      0.00000      0.00000      0.00000
AL      0.75000      0.25000      0.50000      0.00026      0.00051      0.00000
AL      0.75000      0.00000      0.75000      0.00026      0.00000     -0.00002
AL      0.50000      0.25000      0.75000      0.00000      0.00059      0.00008
AL      0.50000      0.50000      0.00000      0.00000      0.00000      0.00000
AL      0.75000      0.75000      0.00000      0.00025     -0.00071      0.00000
AL      0.75000      0.50000      0.25000      0.00030      0.00000     -0.00026
AL      0.50000      0.75000      0.25000      0.00000     -0.00059     -0.00008
AL      0.50000      0.50000      0.50000      0.00000      0.00000      0.00000
AL      0.75000      0.75000      0.50000      0.00026     -0.00051      0.00000
AL      0.75000      0.50000      0.75000      0.00030      0.00000      0.00026
AL      0.50000      0.75000      0.75000      0.00000     -0.00059      0.00008
