/* Converted from PWscf output file */ 
#L_UNITS ang 
#E_UNITS eV 
#S_UNITS GPA 
#F_UNITS EV/ANG 
#ALAT 	   8.08876     // a0 
#X 	   1.00000     0.00000     0.00000     // X 
#Y 	   0.00000     0.99667     0.00000     // Y 
#Z 	   0.00000     0.00000     0.99834     // Z 
#SX 	  -0.07948     0.00000     0.00000     // SX 
#SY 	   0.00000     0.09684     0.00000     // SY 
#SZ 	   0.00000     0.00000     0.00904     // SZ 
#EPA 	  -3.36998     // Energy per Atom 
#RCUT 	6.5        // Rcut 
AL      0.00000      0.00000      0.00000      0.00000      0.00000      0.00000
AL      0.25000      0.25000      0.00000     -0.00023      0.00066      0.00000
AL      0.25000      0.00000      0.25000     -0.00023      0.00000      0.00001
AL      0.00000      0.25000      0.25000     -0.00000      0.00062     -0.00015
AL      0.00000      0.00000      0.50000      0.00000      0.00000      0.00000
AL      0.25000      0.25000      0.50000     -0.00024      0.00050      0.00000
AL      0.25000      0.00000      0.75000     -0.00023      0.00000     -0.00001
AL      0.00000      0.25000      0.75000      0.00000      0.00062      0.00015
AL      0.00000      0.50000      0.00000      0.00000      0.00000      0.00000
AL      0.25000      0.75000      0.00000     -0.00023     -0.00066      0.00000
AL      0.25000      0.50000      0.25000     -0.00031      0.00000     -0.00023
AL      0.00000      0.75000      0.25000      0.00000     -0.00062     -0.00015
AL      0.00000      0.50000      0.50000      0.00000      0.00000      0.00000
AL      0.25000      0.75000      0.50000     -0.00024     -0.00050      0.00000
AL      0.25000      0.50000      0.75000     -0.00031     -0.00000      0.00023
AL      0.00000      0.75000      0.75000     -0.00000     -0.00062      0.00015
AL      0.50000      0.00000      0.00000      0.00000      0.00000      0.00000
AL      0.75000      0.25000      0.00000      0.00023      0.00066      0.00000
AL      0.75000      0.00000      0.25000      0.00023     -0.00000      0.00001
AL      0.50000      0.25000      0.25000      0.00000      0.00053     -0.00007
AL      0.50000      0.00000      0.50000      0.00000      0.00000      0.00000
AL      0.75000      0.25000      0.50000      0.00024      0.00050      0.00000
AL      0.75000      0.00000      0.75000      0.00023     -0.00000     -0.00001
AL      0.50000      0.25000      0.75000      0.00000      0.00053      0.00007
AL      0.50000      0.50000      0.00000      0.00000      0.00000      0.00000
AL      0.75000      0.75000      0.00000      0.00023     -0.00066      0.00000
AL      0.75000      0.50000      0.25000      0.00031     -0.00000     -0.00023
AL      0.50000      0.75000      0.25000      0.00000     -0.00053     -0.00007
AL      0.50000      0.50000      0.50000      0.00000      0.00000      0.00000
AL      0.75000      0.75000      0.50000      0.00024     -0.00050      0.00000
AL      0.75000      0.50000      0.75000      0.00031      0.00000      0.00023
AL      0.50000      0.75000      0.75000      0.00000     -0.00053      0.00007
