/* Converted from PWscf output file */ 
#L_UNITS ang 
#E_UNITS eV 
#S_UNITS GPA 
#F_UNITS EV/ANG 
#ALAT 	   8.09774     // a0 
#X 	   1.00000     0.00000     0.00000     // X 
#Y 	   0.00000     0.99446     0.00000     // Y 
#Z 	   0.00000     0.00000     0.99723     // Z 
#SX 	  -0.13738     0.00000     0.00000     // SX 
#SY 	   0.00000     0.15721     0.00000     // SY 
#SZ 	   0.00000     0.00000     0.01050     // SZ 
#EPA 	  -3.36995     // Energy per Atom 
#RCUT 	6.5        // Rcut 
AL      0.00000      0.00000      0.00000      0.00000      0.00000      0.00000
AL      0.25000      0.25000      0.00000     -0.00030      0.00085      0.00000
AL      0.25000      0.00000      0.25000     -0.00033      0.00000      0.00004
AL      0.00000      0.25000      0.25000      0.00000      0.00071     -0.00016
AL      0.00000      0.00000      0.50000      0.00000      0.00000      0.00000
AL      0.25000      0.25000      0.50000     -0.00034      0.00058      0.00000
AL      0.25000      0.00000      0.75000     -0.00033     -0.00000     -0.00004
AL      0.00000      0.25000      0.75000     -0.00000      0.00071      0.00016
AL      0.00000      0.50000      0.00000      0.00000      0.00000      0.00000
AL      0.25000      0.75000      0.00000     -0.00030     -0.00085      0.00000
AL      0.25000      0.50000      0.25000     -0.00035      0.00000     -0.00030
AL      0.00000      0.75000      0.25000     -0.00000     -0.00071     -0.00016
AL      0.00000      0.50000      0.50000      0.00000      0.00000      0.00000
AL      0.25000      0.75000      0.50000     -0.00034     -0.00058      0.00000
AL      0.25000      0.50000      0.75000     -0.00035      0.00000      0.00030
AL      0.00000      0.75000      0.75000      0.00000     -0.00071      0.00016
AL      0.50000      0.00000      0.00000      0.00000      0.00000      0.00000
AL      0.75000      0.25000      0.00000      0.00030      0.00085      0.00000
AL      0.75000      0.00000      0.25000      0.00033     -0.00000      0.00004
AL      0.50000      0.25000      0.25000     -0.00000      0.00072     -0.00010
AL      0.50000      0.00000      0.50000      0.00000      0.00000      0.00000
AL      0.75000      0.25000      0.50000      0.00034      0.00058      0.00000
AL      0.75000      0.00000      0.75000      0.00033      0.00000     -0.00004
AL      0.50000      0.25000      0.75000     -0.00000      0.00072      0.00010
AL      0.50000      0.50000      0.00000      0.00000      0.00000      0.00000
AL      0.75000      0.75000      0.00000      0.00030     -0.00085      0.00000
AL      0.75000      0.50000      0.25000      0.00035     -0.00000     -0.00030
AL      0.50000      0.75000      0.25000      0.00000     -0.00072     -0.00010
AL      0.50000      0.50000      0.50000      0.00000      0.00000      0.00000
AL      0.75000      0.75000      0.50000      0.00034     -0.00058      0.00000
AL      0.75000      0.50000      0.75000      0.00035      0.00000      0.00030
AL      0.50000      0.75000      0.75000      0.00000     -0.00072      0.00010
