/* Converted from PWscf output file */ 
#L_UNITS ang 
#E_UNITS eV 
#S_UNITS GPA 
#F_UNITS EV/ANG 
#ALAT 	   8.10224     // a0 
#X 	   1.00000     0.00000     0.00000     // X 
#Y 	   0.00000     0.99668     0.00000     // Y 
#Z 	   0.00000     0.00000     0.99336     // Z 
#SX 	  -0.16582     0.00000     0.00000     // SX 
#SY 	   0.00000     0.01167     0.00000     // SY 
#SZ 	   0.00000     0.00000     0.18784     // SZ 
#EPA 	  -3.36993     // Energy per Atom 
#RCUT 	6.5        // Rcut 
AL      0.00000      0.00000      0.00000      0.00000      0.00000      0.00000
AL      0.25000      0.25000      0.00000     -0.00038      0.00110      0.00000
AL      0.25000      0.00000      0.25000     -0.00049      0.00000      0.00003
AL      0.00000      0.25000      0.25000      0.00000      0.00087     -0.00016
AL      0.00000      0.00000      0.50000      0.00000      0.00000      0.00000
AL      0.25000      0.25000      0.50000     -0.00050      0.00078      0.00000
AL      0.25000      0.00000      0.75000     -0.00049      0.00000     -0.00003
AL      0.00000      0.25000      0.75000     -0.00000      0.00087      0.00016
AL      0.00000      0.50000      0.00000      0.00000      0.00000      0.00000
AL      0.25000      0.75000      0.00000     -0.00038     -0.00110      0.00000
AL      0.25000      0.50000      0.25000     -0.00037      0.00000     -0.00037
AL      0.00000      0.75000      0.25000     -0.00000     -0.00087     -0.00016
AL      0.00000      0.50000      0.50000      0.00000      0.00000      0.00000
AL      0.25000      0.75000      0.50000     -0.00050     -0.00078      0.00000
AL      0.25000      0.50000      0.75000     -0.00037      0.00000      0.00037
AL      0.00000      0.75000      0.75000      0.00000     -0.00087      0.00016
AL      0.50000      0.00000      0.00000      0.00000      0.00000      0.00000
AL      0.75000      0.25000      0.00000      0.00038      0.00110      0.00000
AL      0.75000      0.00000      0.25000      0.00049      0.00000      0.00003
AL      0.50000      0.25000      0.25000      0.00000      0.00103     -0.00019
AL      0.50000      0.00000      0.50000      0.00000      0.00000      0.00000
AL      0.75000      0.25000      0.50000      0.00050      0.00078      0.00000
AL      0.75000      0.00000      0.75000      0.00049      0.00000     -0.00003
AL      0.50000      0.25000      0.75000     -0.00000      0.00103      0.00019
AL      0.50000      0.50000      0.00000      0.00000      0.00000      0.00000
AL      0.75000      0.75000      0.00000      0.00038     -0.00110      0.00000
AL      0.75000      0.50000      0.25000      0.00037      0.00000     -0.00037
AL      0.50000      0.75000      0.25000     -0.00000     -0.00103     -0.00019
AL      0.50000      0.50000      0.50000      0.00000      0.00000      0.00000
AL      0.75000      0.75000      0.50000      0.00050     -0.00078      0.00000
AL      0.75000      0.50000      0.75000      0.00037      0.00000      0.00037
AL      0.50000      0.75000      0.75000      0.00000     -0.00103      0.00019
