/* Converted from PWscf output file */ 
#L_UNITS ang 
#E_UNITS eV 
#S_UNITS GPA 
#F_UNITS EV/ANG 
#ALAT 	   8.07978     // a0 
#X 	   1.00000     0.00000     0.00000     // X 
#Y 	   0.00000     0.99944     0.00000     // Y 
#Z 	   0.00000     0.00000     0.99889     // Z 
#SX 	  -0.02188     0.00000     0.00000     // SX 
#SY 	   0.00000     0.00758     0.00000     // SY 
#SZ 	   0.00000     0.00000     0.03617     // SZ 
#EPA 	  -3.36999     // Energy per Atom 
#RCUT 	6.5        // Rcut 
AL      0.00000      0.00000      0.00000      0.00000      0.00000      0.00000
AL      0.25000      0.25000      0.00000     -0.00032      0.00095      0.00000
AL      0.25000      0.00000      0.25000     -0.00055      0.00000      0.00008
AL      0.00000      0.25000      0.25000      0.00000      0.00069     -0.00016
AL      0.00000      0.00000      0.50000      0.00000      0.00000      0.00000
AL      0.25000      0.25000      0.50000     -0.00045      0.00050      0.00000
AL      0.25000      0.00000      0.75000     -0.00055     -0.00000     -0.00008
AL      0.00000      0.25000      0.75000      0.00000      0.00069      0.00016
AL      0.00000      0.50000      0.00000      0.00000      0.00000      0.00000
AL      0.25000      0.75000      0.00000     -0.00032     -0.00095      0.00000
AL      0.25000      0.50000      0.25000     -0.00030     -0.00000     -0.00036
AL      0.00000      0.75000      0.25000      0.00000     -0.00069     -0.00016
AL      0.00000      0.50000      0.50000      0.00000      0.00000      0.00000
AL      0.25000      0.75000      0.50000     -0.00045     -0.00050      0.00000
AL      0.25000      0.50000      0.75000     -0.00030      0.00000      0.00036
AL      0.00000      0.75000      0.75000      0.00000     -0.00069      0.00016
AL      0.50000      0.00000      0.00000      0.00000      0.00000      0.00000
AL      0.75000      0.25000      0.00000      0.00032      0.00095      0.00000
AL      0.75000      0.00000      0.25000      0.00055     -0.00000      0.00008
AL      0.50000      0.25000      0.25000      0.00000      0.00088     -0.00023
AL      0.50000      0.00000      0.50000      0.00000      0.00000      0.00000
AL      0.75000      0.25000      0.50000      0.00045      0.00050      0.00000
AL      0.75000      0.00000      0.75000      0.00055      0.00000     -0.00008
AL      0.50000      0.25000      0.75000      0.00000      0.00088      0.00023
AL      0.50000      0.50000      0.00000      0.00000      0.00000      0.00000
AL      0.75000      0.75000      0.00000      0.00032     -0.00095      0.00000
AL      0.75000      0.50000      0.25000      0.00030      0.00000     -0.00036
AL      0.50000      0.75000      0.25000      0.00000     -0.00088     -0.00023
AL      0.50000      0.50000      0.50000      0.00000      0.00000      0.00000
AL      0.75000      0.75000      0.50000      0.00045     -0.00050      0.00000
AL      0.75000      0.50000      0.75000      0.00030      0.00000      0.00036
AL      0.50000      0.75000      0.75000      0.00000     -0.00088      0.00023
