/* Converted from PWscf output file */ 
#L_UNITS ang 
#E_UNITS eV 
#S_UNITS GPA 
#F_UNITS EV/ANG 
#ALAT 	   8.10674     // a0 
#X 	   1.00000     0.00000     0.00000     // X 
#Y 	   0.00000     0.99613     0.00000     // Y 
#Z 	   0.00000     0.00000     0.99225     // Z 
#SX 	  -0.19455     0.00000     0.00000     // SX 
#SY 	   0.00000     0.01269     0.00000     // SY 
#SZ 	   0.00000     0.00000     0.21832     // SZ 
#EPA 	  -3.36991     // Energy per Atom 
#RCUT 	6.5        // Rcut 
AL      0.00000      0.00000      0.00000      0.00000      0.00000      0.00000
AL      0.25000      0.25000      0.00000     -0.00035      0.00105      0.00000
AL      0.25000      0.00000      0.25000     -0.00046     -0.00000      0.00005
AL      0.00000      0.25000      0.25000      0.00000      0.00078     -0.00017
AL      0.00000      0.00000      0.50000      0.00000      0.00000      0.00000
AL      0.25000      0.25000      0.50000     -0.00045      0.00069     -0.00000
AL      0.25000      0.00000      0.75000     -0.00046      0.00000     -0.00005
AL      0.00000      0.25000      0.75000      0.00000      0.00078      0.00017
AL      0.00000      0.50000      0.00000      0.00000      0.00000      0.00000
AL      0.25000      0.75000      0.00000     -0.00035     -0.00105      0.00000
AL      0.25000      0.50000      0.25000     -0.00033     -0.00000     -0.00039
AL      0.00000      0.75000      0.25000      0.00000     -0.00078     -0.00017
AL      0.00000      0.50000      0.50000      0.00000      0.00000      0.00000
AL      0.25000      0.75000      0.50000     -0.00045     -0.00069      0.00000
AL      0.25000      0.50000      0.75000     -0.00033      0.00000      0.00039
AL      0.00000      0.75000      0.75000      0.00000     -0.00078      0.00017
AL      0.50000      0.00000      0.00000      0.00000      0.00000      0.00000
AL      0.75000      0.25000      0.00000      0.00035      0.00105      0.00000
AL      0.75000      0.00000      0.25000      0.00046      0.00000      0.00005
AL      0.50000      0.25000      0.25000     -0.00000      0.00096     -0.00018
AL      0.50000      0.00000      0.50000      0.00000      0.00000      0.00000
AL      0.75000      0.25000      0.50000      0.00045      0.00069      0.00000
AL      0.75000      0.00000      0.75000      0.00046     -0.00000     -0.00005
AL      0.50000      0.25000      0.75000      0.00000      0.00096      0.00018
AL      0.50000      0.50000      0.00000      0.00000      0.00000      0.00000
AL      0.75000      0.75000      0.00000      0.00035     -0.00105      0.00000
AL      0.75000      0.50000      0.25000      0.00033      0.00000     -0.00039
AL      0.50000      0.75000      0.25000      0.00000     -0.00096     -0.00018
AL      0.50000      0.50000      0.50000      0.00000      0.00000      0.00000
AL      0.75000      0.75000      0.50000      0.00045     -0.00069     -0.00000
AL      0.75000      0.50000      0.75000      0.00033     -0.00000      0.00039
AL      0.50000      0.75000      0.75000      0.00000     -0.00096      0.00018
