/* Converted from PWscf output file */ 
#L_UNITS ang 
#E_UNITS eV 
#S_UNITS GPA 
#F_UNITS EV/ANG 
#ALAT 	   8.07532     // a0 
#X 	   1.00000     0.00000     0.00000     // X 
#Y 	   0.00000     1.00333     0.00000     // Y 
#Z 	   0.00000     0.00000     0.99667     // Z 
#SX 	   0.01152     0.00000     0.00000     // SX 
#SY 	   0.00000    -0.16596     0.00000     // SY 
#SZ 	   0.00000     0.00000     0.18769     // SZ 
#EPA 	  -3.36993     // Energy per Atom 
#RCUT 	6.5        // Rcut 
AL      0.00000      0.00000      0.00000      0.00000      0.00000      0.00000
AL      0.25000      0.25000      0.00000     -0.00034      0.00094      0.00000
AL      0.25000      0.00000      0.25000     -0.00041     -0.00000      0.00003
AL      0.00000      0.25000      0.25000      0.00000      0.00075     -0.00016
AL      0.00000      0.00000      0.50000      0.00000      0.00000      0.00000
AL      0.25000      0.25000      0.50000     -0.00041      0.00065      0.00000
AL      0.25000      0.00000      0.75000     -0.00041      0.00000     -0.00003
AL      0.00000      0.25000      0.75000     -0.00000      0.00075      0.00016
AL      0.00000      0.50000      0.00000      0.00000      0.00000      0.00000
AL      0.25000      0.75000      0.00000     -0.00034     -0.00094     -0.00000
AL      0.25000      0.50000      0.25000     -0.00035      0.00000     -0.00034
AL      0.00000      0.75000      0.25000      0.00000     -0.00075     -0.00016
AL      0.00000      0.50000      0.50000      0.00000      0.00000      0.00000
AL      0.25000      0.75000      0.50000     -0.00041     -0.00065      0.00000
AL      0.25000      0.50000      0.75000     -0.00035     -0.00000      0.00034
AL      0.00000      0.75000      0.75000      0.00000     -0.00075      0.00016
AL      0.50000      0.00000      0.00000      0.00000      0.00000      0.00000
AL      0.75000      0.25000      0.00000      0.00034      0.00094     -0.00000
AL      0.75000      0.00000      0.25000      0.00041      0.00000      0.00003
AL      0.50000      0.25000      0.25000      0.00000      0.00084     -0.00014
AL      0.50000      0.00000      0.50000      0.00000      0.00000      0.00000
AL      0.75000      0.25000      0.50000      0.00041      0.00065      0.00000
AL      0.75000      0.00000      0.75000      0.00041      0.00000     -0.00003
AL      0.50000      0.25000      0.75000     -0.00000      0.00084      0.00014
AL      0.50000      0.50000      0.00000      0.00000      0.00000      0.00000
AL      0.75000      0.75000      0.00000      0.00034     -0.00094      0.00000
AL      0.75000      0.50000      0.25000      0.00035     -0.00000     -0.00034
AL      0.50000      0.75000      0.25000      0.00000     -0.00084     -0.00014
AL      0.50000      0.50000      0.50000      0.00000      0.00000      0.00000
AL      0.75000      0.75000      0.50000      0.00041     -0.00065      0.00000
AL      0.75000      0.50000      0.75000      0.00035      0.00000      0.00034
AL      0.50000      0.75000      0.75000      0.00000     -0.00084      0.00014
