/* Converted from PWscf output file */ 
#L_UNITS ang 
#E_UNITS eV 
#S_UNITS GPA 
#F_UNITS EV/ANG 
#ALAT 	   8.07533     // a0 
#X 	   1.00000     0.00000     0.00000     // X 
#Y 	   0.00000     1.00389     0.00000     // Y 
#Z 	   0.00000     0.00000     0.99611     // Z 
#SX 	   0.01240     0.00000     0.00000     // SX 
#SY 	   0.00000    -0.19484     0.00000     // SY 
#SZ 	   0.00000     0.00000     0.21788     // SZ 
#EPA 	  -3.36991     // Energy per Atom 
#RCUT 	6.5        // Rcut 
AL      0.00000      0.00000      0.00000      0.00000      0.00000      0.00000
AL      0.25000      0.25000      0.00000     -0.00025      0.00065      0.00000
AL      0.25000      0.00000      0.25000     -0.00023      0.00000      0.00002
AL      0.00000      0.25000      0.25000      0.00000      0.00059     -0.00015
AL      0.00000      0.00000      0.50000      0.00000      0.00000      0.00000
AL      0.25000      0.25000      0.50000     -0.00025      0.00047      0.00000
AL      0.25000      0.00000      0.75000     -0.00023      0.00000     -0.00002
AL      0.00000      0.25000      0.75000      0.00000      0.00059      0.00015
AL      0.00000      0.50000      0.00000      0.00000      0.00000      0.00000
AL      0.25000      0.75000      0.00000     -0.00025     -0.00065      0.00000
AL      0.25000      0.50000      0.25000     -0.00030      0.00000     -0.00024
AL      0.00000      0.75000      0.25000      0.00000     -0.00059     -0.00015
AL      0.00000      0.50000      0.50000      0.00000      0.00000      0.00000
AL      0.25000      0.75000      0.50000     -0.00025     -0.00047      0.00000
AL      0.25000      0.50000      0.75000     -0.00030      0.00000      0.00024
AL      0.00000      0.75000      0.75000      0.00000     -0.00059      0.00015
AL      0.50000      0.00000      0.00000      0.00000      0.00000      0.00000
AL      0.75000      0.25000      0.00000      0.00025      0.00065      0.00000
AL      0.75000      0.00000      0.25000      0.00023      0.00000      0.00002
AL      0.50000      0.25000      0.25000      0.00000      0.00052     -0.00006
AL      0.50000      0.00000      0.50000      0.00000      0.00000      0.00000
AL      0.75000      0.25000      0.50000      0.00025      0.00047      0.00000
AL      0.75000      0.00000      0.75000      0.00023      0.00000     -0.00002
AL      0.50000      0.25000      0.75000      0.00000      0.00052      0.00006
AL      0.50000      0.50000      0.00000      0.00000      0.00000      0.00000
AL      0.75000      0.75000      0.00000      0.00025     -0.00065      0.00000
AL      0.75000      0.50000      0.25000      0.00030      0.00000     -0.00024
AL      0.50000      0.75000      0.25000      0.00000     -0.00052     -0.00006
AL      0.50000      0.50000      0.50000      0.00000      0.00000      0.00000
AL      0.75000      0.75000      0.50000      0.00025     -0.00047      0.00000
AL      0.75000      0.50000      0.75000      0.00030      0.00000      0.00024
AL      0.50000      0.75000      0.75000      0.00000     -0.00052      0.00006
