/* Converted from PWscf output file */ 
#L_UNITS ang 
#E_UNITS eV 
#S_UNITS GPA 
#F_UNITS EV/ANG 
#ALAT 	   8.07535     // a0 
#X 	   1.00000     0.00000     0.00000     // X 
#Y 	   0.00000     1.00444     0.00000     // Y 
#Z 	   0.00000     0.00000     0.99556     // Z 
#SX 	   0.01371     0.00000     0.00000     // SX 
#SY 	   0.00000    -0.22327     0.00000     // SY 
#SZ 	   0.00000     0.00000     0.24836     // SZ 
#EPA 	  -3.36989     // Energy per Atom 
#RCUT 	6.5        // Rcut 
AL      0.00000      0.00000      0.00000      0.00000      0.00000      0.00000
AL      0.25000      0.25000      0.00000     -0.00026      0.00071      0.00000
AL      0.25000      0.00000      0.25000     -0.00025      0.00000     -0.00000
AL      0.00000      0.25000      0.25000      0.00000      0.00064     -0.00016
AL      0.00000      0.00000      0.50000      0.00000      0.00000      0.00000
AL      0.25000      0.25000      0.50000     -0.00028      0.00053      0.00000
AL      0.25000      0.00000      0.75000     -0.00025      0.00000      0.00000
AL      0.00000      0.25000      0.75000      0.00000      0.00064      0.00016
AL      0.00000      0.50000      0.00000      0.00000      0.00000      0.00000
AL      0.25000      0.75000      0.00000     -0.00026     -0.00071     -0.00000
AL      0.25000      0.50000      0.25000     -0.00031     -0.00000     -0.00026
AL      0.00000      0.75000      0.25000      0.00000     -0.00064     -0.00016
AL      0.00000      0.50000      0.50000      0.00000      0.00000      0.00000
AL      0.25000      0.75000      0.50000     -0.00028     -0.00053      0.00000
AL      0.25000      0.50000      0.75000     -0.00031      0.00000      0.00026
AL      0.00000      0.75000      0.75000      0.00000     -0.00064      0.00016
AL      0.50000      0.00000      0.00000      0.00000      0.00000      0.00000
AL      0.75000      0.25000      0.00000      0.00026      0.00071     -0.00000
AL      0.75000      0.00000      0.25000      0.00025      0.00000     -0.00000
AL      0.50000      0.25000      0.25000     -0.00000      0.00059     -0.00008
AL      0.50000      0.00000      0.50000      0.00000      0.00000      0.00000
AL      0.75000      0.25000      0.50000      0.00028      0.00053      0.00000
AL      0.75000      0.00000      0.75000      0.00025      0.00000      0.00000
AL      0.50000      0.25000      0.75000      0.00000      0.00059      0.00008
AL      0.50000      0.50000      0.00000      0.00000      0.00000      0.00000
AL      0.75000      0.75000      0.00000      0.00026     -0.00071      0.00000
AL      0.75000      0.50000      0.25000      0.00031      0.00000     -0.00026
AL      0.50000      0.75000      0.25000      0.00000     -0.00059     -0.00008
AL      0.50000      0.50000      0.50000      0.00000      0.00000      0.00000
AL      0.75000      0.75000      0.50000      0.00028     -0.00053      0.00000
AL      0.75000      0.50000      0.75000      0.00031     -0.00000      0.00026
AL      0.50000      0.75000      0.75000     -0.00000     -0.00059      0.00008
